{
  "time":"2018-05-06 12:03:54",
  "message":"MyCompany\\MyPluginName\\Setup::parseRouteAfter( \\core\\base\\Event $event )",
  "level":4
}, 
{
  "time":"2018-05-06 12:03:54",
  "message":"MyCompany\\MyPluginName\\Setup::handleRouteBefore( \\core\\base\\Event $event )",
  "level":4
}, 
{
  "time":"2018-05-06 12:03:54",
  "message":"MyCompany\\MyPluginName\\Setup::handleRouteAfter( \\core\\base\\Event $event )",
  "level":4
}, 
{
  "time":"2018-05-06 12:03:54",
  "message":"MyCompany\\MyPluginName\\Setup::handleRouteBefore( \\core\\base\\Event $event )",
  "level":4
}, 
{
  "time":"2018-05-06 12:03:54",
  "message":"MyCompany\\MyPluginName\\Setup::handleRouteAfter( \\core\\base\\Event $event )",
  "level":4
}, 
{
  "time":"2018-05-06 12:03:54",
  "message":"MyCompany\\MyPluginName\\Setup::parseRouteBefore( \\core\\base\\Event $event )",
  "level":4
}, 
{
  "time":"2018-05-06 12:03:54",
  "message":"MyCompany\\MyPluginName\\Setup::parseRouteAfter( \\core\\base\\Event $event )",
  "level":4
}, 
{
  "time":"2018-05-06 12:03:54",
  "message":"MyCompany\\MyPluginName\\Setup::handleRouteBefore( \\core\\base\\Event $event )",
  "level":4
}, 
{
  "time":"2018-05-06 12:03:54",
  "message":"MyCompany\\MyPluginName\\Setup::handleRouteAfter( \\core\\base\\Event $event )",
  "level":4
}, 
{
  "time":"2018-05-06 12:03:54",
  "message":"MyCompany\\MyPluginName\\Setup::handleRouteBefore( \\core\\base\\Event $event )",
  "level":4
}, 
{
  "time":"2018-05-06 12:03:54",
  "message":"MyCompany\\MyPluginName\\Setup::handleRouteAfter( \\core\\base\\Event $event )",
  "level":4
}, 
{
  "time":"2018-05-06 12:03:55",
  "message":"MyCompany\\MyPluginName\\Setup::parseRouteBefore( \\core\\base\\Event $event )",
  "level":4
}, 
{
  "time":"2018-05-06 12:03:55",
  "message":"MyCompany\\MyPluginName\\Setup::parseRouteAfter( \\core\\base\\Event $event )",
  "level":4
}, 
{
  "time":"2018-05-06 12:03:55",
  "message":"MyCompany\\MyPluginName\\Setup::handleRouteBefore( \\core\\base\\Event $event )",
  "level":4
}, 
{
  "time":"2018-05-06 12:03:55",
  "message":"MyCompany\\MyPluginName\\Setup::handleRouteAfter( \\core\\base\\Event $event )",
  "level":4
}, 
{
  "time":"2018-05-06 12:03:55",
  "message":"MyCompany\\MyPluginName\\Setup::handleRouteBefore( \\core\\base\\Event $event )",
  "level":4
}, 
{
  "time":"2018-05-06 12:03:55",
  "message":"MyCompany\\MyPluginName\\Setup::handleRouteAfter( \\core\\base\\Event $event )",
  "level":4
}, 
{
  "time":"2018-05-06 12:03:55",
  "message":"MyCompany\\MyPluginName\\Setup::parseRouteBefore( \\core\\base\\Event $event )",
  "level":4
}, 
{
  "time":"2018-05-06 12:03:55",
  "message":"MyCompany\\MyPluginName\\Setup::parseRouteAfter( \\core\\base\\Event $event )",
  "level":4
}, 
{
  "time":"2018-05-06 12:03:55",
  "message":"MyCompany\\MyPluginName\\Setup::handleRouteBefore( \\core\\base\\Event $event )",
  "level":4
}, 
{
  "time":"2018-05-06 12:03:55",
  "message":"MyCompany\\MyPluginName\\Setup::handleRouteAfter( \\core\\base\\Event $event )",
  "level":4
}, 
{
  "time":"2018-05-06 12:03:55",
  "message":"MyCompany\\MyPluginName\\Setup::handleRouteBefore( \\core\\base\\Event $event )",
  "level":4
}, 
{
  "time":"2018-05-06 12:03:55",
  "message":"MyCompany\\MyPluginName\\Setup::handleRouteAfter( \\core\\base\\Event $event )",
  "level":4
}, 
{
  "time":"2018-05-06 12:03:59",
  "message":"MyCompany\\MyPluginName\\Setup::parseRouteBefore( \\core\\base\\Event $event )",
  "level":4
}, 
{
  "time":"2018-05-06 12:03:59",
  "message":"MyCompany\\MyPluginName\\Setup::parseRouteAfter( \\core\\base\\Event $event )",
  "level":4
}, 
{
  "time":"2018-05-06 12:03:59",
  "message":"MyCompany\\MyPluginName\\Setup::handleRouteBefore( \\core\\base\\Event $event )",
  "level":4
}, 
{
  "time":"2018-05-06 12:03:59",
  "message":"MyCompany\\MyPluginName\\Setup::handleRouteAfter( \\core\\base\\Event $event )",
  "level":4
}, 
{
  "time":"2018-05-06 12:03:59",
  "message":"MyCompany\\MyPluginName\\Setup::handleRouteBefore( \\core\\base\\Event $event )",
  "level":4
}, 
{
  "time":"2018-05-06 12:03:59",
  "message":"MyCompany\\MyPluginName\\Setup::handleRouteAfter( \\core\\base\\Event $event )",
  "level":4
}, 
{
  "time":"2018-05-06 12:03:59",
  "message":"MyCompany\\MyPluginName\\Setup::parseRouteBefore( \\core\\base\\Event $event )",
  "level":4
}, 
{
  "time":"2018-05-06 12:03:59",
  "message":"MyCompany\\MyPluginName\\Setup::parseRouteAfter( \\core\\base\\Event $event )",
  "level":4
}, 
{
  "time":"2018-05-06 12:03:59",
  "message":"MyCompany\\MyPluginName\\Setup::handleRouteBefore( \\core\\base\\Event $event )",
  "level":4
}, 
{
  "time":"2018-05-06 12:03:59",
  "message":"MyCompany\\MyPluginName\\Setup::handleRouteAfter( \\core\\base\\Event $event )",
  "level":4
}, 
{
  "time":"2018-05-06 12:03:59",
  "message":"MyCompany\\MyPluginName\\Setup::handleRouteBefore( \\core\\base\\Event $event )",
  "level":4
}, 
{
  "time":"2018-05-06 12:03:59",
  "message":"MyCompany\\MyPluginName\\Setup::handleRouteAfter( \\core\\base\\Event $event )",
  "level":4
}, 
{
  "time":"2018-05-06 12:03:59",
  "message":"MyCompany\\MyPluginName\\Setup::parseRouteBefore( \\core\\base\\Event $event )",
  "level":4
}, 
{
  "time":"2018-05-06 12:03:59",
  "message":"MyCompany\\MyPluginName\\Setup::parseRouteAfter( \\core\\base\\Event $event )",
  "level":4
}, 
{
  "time":"2018-05-06 12:03:59",
  "message":"MyCompany\\MyPluginName\\Setup::handleRouteBefore( \\core\\base\\Event $event )",
  "level":4
}, 
{
  "time":"2018-05-06 12:03:59",
  "message":"MyCompany\\MyPluginName\\Setup::handleRouteAfter( \\core\\base\\Event $event )",
  "level":4
}, 
{
  "time":"2018-05-06 12:03:59",
  "message":"MyCompany\\MyPluginName\\Setup::handleRouteBefore( \\core\\base\\Event $event )",
  "level":4
}, 
{
  "time":"2018-05-06 12:03:59",
  "message":"MyCompany\\MyPluginName\\Setup::handleRouteAfter( \\core\\base\\Event $event )",
  "level":4
}, 
{
  "time":"2018-05-06 12:03:59",
  "message":"MyCompany\\MyPluginName\\Setup::parseRouteBefore( \\core\\base\\Event $event )",
  "level":4
}, 
{
  "time":"2018-05-06 12:03:59",
  "message":"MyCompany\\MyPluginName\\Setup::parseRouteAfter( \\core\\base\\Event $event )",
  "level":4
}, 
{
  "time":"2018-05-06 12:03:59",
  "message":"MyCompany\\MyPluginName\\Setup::handleRouteBefore( \\core\\base\\Event $event )",
  "level":4
}, 
{
  "time":"2018-05-06 12:03:59",
  "message":"MyCompany\\MyPluginName\\Setup::handleRouteAfter( \\core\\base\\Event $event )",
  "level":4
}, 
{
  "time":"2018-05-06 12:03:59",
  "message":"MyCompany\\MyPluginName\\Setup::handleRouteBefore( \\core\\base\\Event $event )",
  "level":4
}, 
{
  "time":"2018-05-06 12:03:59",
  "message":"MyCompany\\MyPluginName\\Setup::handleRouteAfter( \\core\\base\\Event $event )",
  "level":4
}, 
{
  "time":"2018-05-06 12:04:06",
  "message":"MyCompany\\MyPluginName\\Setup::parseRouteBefore( \\core\\base\\Event $event )",
  "level":4
}, 
{
  "time":"2018-05-06 12:04:06",
  "message":"MyCompany\\MyPluginName\\Setup::parseRouteAfter( \\core\\base\\Event $event )",
  "level":4
}, 
{
  "time":"2018-05-06 12:04:06",
  "message":"MyCompany\\MyPluginName\\Setup::handleRouteBefore( \\core\\base\\Event $event )",
  "level":4
}, 
{
  "time":"2018-05-06 12:04:06",
  "message":"MyCompany\\MyPluginName\\Setup::handleRouteAfter( \\core\\base\\Event $event )",
  "level":4
}, 
{
  "time":"2018-05-06 12:04:06",
  "message":"MyCompany\\MyPluginName\\Setup::handleRouteBefore( \\core\\base\\Event $event )",
  "level":4
}, 
{
  "time":"2018-05-06 12:04:06",
  "message":"MyCompany\\MyPluginName\\Setup::handleRouteAfter( \\core\\base\\Event $event )",
  "level":4
}, 
{
  "time":"2018-05-06 12:04:06",
  "message":"MyCompany\\MyPluginName\\Setup::parseRouteBefore( \\core\\base\\Event $event )",
  "level":4
}, 
{
  "time":"2018-05-06 12:04:06",
  "message":"MyCompany\\MyPluginName\\Setup::parseRouteAfter( \\core\\base\\Event $event )",
  "level":4
}, 
{
  "time":"2018-05-06 12:04:06",
  "message":"MyCompany\\MyPluginName\\Setup::handleRouteBefore( \\core\\base\\Event $event )",
  "level":4
}, 
{
  "time":"2018-05-06 12:04:06",
  "message":"MyCompany\\MyPluginName\\Setup::handleRouteAfter( \\core\\base\\Event $event )",
  "level":4
}, 
{
  "time":"2018-05-06 12:04:06",
  "message":"MyCompany\\MyPluginName\\Setup::handleRouteBefore( \\core\\base\\Event $event )",
  "level":4
}, 
{
  "time":"2018-05-06 12:04:06",
  "message":"MyCompany\\MyPluginName\\Setup::handleRouteAfter( \\core\\base\\Event $event )",
  "level":4
}, 
{
  "time":"2018-05-06 12:04:54",
  "message":"MyCompany\\MyPluginName\\Setup::parseRouteBefore( \\core\\base\\Event $event )",
  "level":4
}, 
{
  "time":"2018-05-06 12:04:54",
  "message":"MyCompany\\MyPluginName\\Setup::parseRouteAfter( \\core\\base\\Event $event )",
  "level":4
}, 
{
  "time":"2018-05-06 12:04:54",
  "message":"MyCompany\\MyPluginName\\Setup::handleRouteBefore( \\core\\base\\Event $event )",
  "level":4
}, 
{
  "time":"2018-05-06 12:04:54",
  "message":"MyCompany\\MyPluginName\\Setup::handleRouteAfter( \\core\\base\\Event $event )",
  "level":4
}, 
{
  "time":"2018-05-06 12:04:54",
  "message":"MyCompany\\MyPluginName\\Setup::parseRouteBefore( \\core\\base\\Event $event )",
  "level":4
}, 
{
  "time":"2018-05-06 12:04:54",
  "message":"MyCompany\\MyPluginName\\Setup::parseRouteAfter( \\core\\base\\Event $event )",
  "level":4
}, 
{
  "time":"2018-05-06 12:04:54",
  "message":"MyCompany\\MyPluginName\\Setup::handleRouteBefore( \\core\\base\\Event $event )",
  "level":4
}, 
{
  "time":"2018-05-06 12:04:54",
  "message":"MyCompany\\MyPluginName\\Setup::handleRouteAfter( \\core\\base\\Event $event )",
  "level":4
}, 
{
  "time":"2018-05-06 12:04:57",
  "message":"MyCompany\\MyPluginName\\Setup::parseRouteBefore( \\core\\base\\Event $event )",
  "level":4
}, 
{
  "time":"2018-05-06 12:04:57",
  "message":"MyCompany\\MyPluginName\\Setup::parseRouteAfter( \\core\\base\\Event $event )",
  "level":4
}, 
{
  "time":"2018-05-06 12:04:57",
  "message":"MyCompany\\MyPluginName\\Setup::handleRouteBefore( \\core\\base\\Event $event )",
  "level":4
}, 
{
  "time":"2018-05-06 12:04:57",
  "message":"MyCompany\\MyPluginName\\Setup::handleRouteAfter( \\core\\base\\Event $event )",
  "level":4
}, 
{
  "time":"2018-05-06 12:04:57",
  "message":"MyCompany\\MyPluginName\\Setup::parseRouteBefore( \\core\\base\\Event $event )",
  "level":4
}, 
{
  "time":"2018-05-06 12:04:57",
  "message":"MyCompany\\MyPluginName\\Setup::parseRouteAfter( \\core\\base\\Event $event )",
  "level":4
}, 
{
  "time":"2018-05-06 12:04:57",
  "message":"MyCompany\\MyPluginName\\Setup::handleRouteBefore( \\core\\base\\Event $event )",
  "level":4
}, 
{
  "time":"2018-05-06 12:04:57",
  "message":"MyCompany\\MyPluginName\\Setup::handleRouteAfter( \\core\\base\\Event $event )",
  "level":4
}, 
{
  "time":"2018-05-06 12:04:59",
  "message":"MyCompany\\MyPluginName\\Setup::parseRouteBefore( \\core\\base\\Event $event )",
  "level":4
}, 
{
  "time":"2018-05-06 12:04:59",
  "message":"MyCompany\\MyPluginName\\Setup::parseRouteAfter( \\core\\base\\Event $event )",
  "level":4
}, 
{
  "time":"2018-05-06 12:04:59",
  "message":"MyCompany\\MyPluginName\\Setup::handleRouteBefore( \\core\\base\\Event $event )",
  "level":4
}, 
{
  "time":"2018-05-06 12:04:59",
  "message":"MyCompany\\MyPluginName\\Setup::handleRouteAfter( \\core\\base\\Event $event )",
  "level":4
}, 
{
  "time":"2018-05-06 12:04:59",
  "message":"MyCompany\\MyPluginName\\Setup::parseRouteBefore( \\core\\base\\Event $event )",
  "level":4
}, 
{
  "time":"2018-05-06 12:04:59",
  "message":"MyCompany\\MyPluginName\\Setup::parseRouteAfter( \\core\\base\\Event $event )",
  "level":4
}, 
{
  "time":"2018-05-06 12:04:59",
  "message":"MyCompany\\MyPluginName\\Setup::handleRouteBefore( \\core\\base\\Event $event )",
  "level":4
}, 
{
  "time":"2018-05-06 12:04:59",
  "message":"MyCompany\\MyPluginName\\Setup::handleRouteAfter( \\core\\base\\Event $event )",
  "level":4
}, 
{
  "time":"2018-05-06 12:05:00",
  "message":"MyCompany\\MyPluginName\\Setup::parseRouteBefore( \\core\\base\\Event $event )",
  "level":4
}, 
{
  "time":"2018-05-06 12:05:00",
  "message":"MyCompany\\MyPluginName\\Setup::parseRouteAfter( \\core\\base\\Event $event )",
  "level":4
}, 
{
  "time":"2018-05-06 12:05:00",
  "message":"MyCompany\\MyPluginName\\Setup::handleRouteBefore( \\core\\base\\Event $event )",
  "level":4
}, 
{
  "time":"2018-05-06 12:05:00",
  "message":"MyCompany\\MyPluginName\\Setup::handleRouteAfter( \\core\\base\\Event $event )",
  "level":4
}, 
{
  "time":"2018-05-06 12:05:00",
  "message":"MyCompany\\MyPluginName\\Setup::parseRouteBefore( \\core\\base\\Event $event )",
  "level":4
}, 
{
  "time":"2018-05-06 12:05:00",
  "message":"MyCompany\\MyPluginName\\Setup::parseRouteAfter( \\core\\base\\Event $event )",
  "level":4
}, 
{
  "time":"2018-05-06 12:05:00",
  "message":"MyCompany\\MyPluginName\\Setup::handleRouteBefore( \\core\\base\\Event $event )",
  "level":4
}, 
{
  "time":"2018-05-06 12:05:00",
  "message":"MyCompany\\MyPluginName\\Setup::handleRouteAfter( \\core\\base\\Event $event )",
  "level":4
}, 
{
  "time":"2018-05-06 12:05:11",
  "message":"MyCompany\\MyPluginName\\Setup::parseRouteBefore( \\core\\base\\Event $event )",
  "level":4
}, 
{
  "time":"2018-05-06 12:05:11",
  "message":"MyCompany\\MyPluginName\\Setup::parseRouteAfter( \\core\\base\\Event $event )",
  "level":4
}, 
{
  "time":"2018-05-06 12:05:11",
  "message":"MyCompany\\MyPluginName\\Setup::handleRouteBefore( \\core\\base\\Event $event )",
  "level":4
}, 
{
  "time":"2018-05-06 12:05:11",
  "message":"MyCompany\\MyPluginName\\Setup::handleRouteAfter( \\core\\base\\Event $event )",
  "level":4
}, 
{
  "time":"2018-05-06 12:05:12",
  "message":"MyCompany\\MyPluginName\\Setup::parseRouteBefore( \\core\\base\\Event $event )",
  "level":4
}, 
{
  "time":"2018-05-06 12:05:12",
  "message":"MyCompany\\MyPluginName\\Setup::parseRouteAfter( \\core\\base\\Event $event )",
  "level":4
}, 
{
  "time":"2018-05-06 12:05:12",
  "message":"MyCompany\\MyPluginName\\Setup::handleRouteBefore( \\core\\base\\Event $event )",
  "level":4
}, 
{
  "time":"2018-05-06 12:05:12",
  "message":"MyCompany\\MyPluginName\\Setup::handleRouteAfter( \\core\\base\\Event $event )",
  "level":4
}, 
{
  "time":"2018-05-06 12:05:14",
  "message":"MyCompany\\MyPluginName\\Setup::parseRouteBefore( \\core\\base\\Event $event )",
  "level":4
}, 
{
  "time":"2018-05-06 12:05:14",
  "message":"MyCompany\\MyPluginName\\Setup::parseRouteAfter( \\core\\base\\Event $event )",
  "level":4
}, 
{
  "time":"2018-05-06 12:05:14",
  "message":"MyCompany\\MyPluginName\\Setup::handleRouteBefore( \\core\\base\\Event $event )",
  "level":4
}, 
{
  "time":"2018-05-06 12:05:14",
  "message":"MyCompany\\MyPluginName\\Setup::handleRouteAfter( \\core\\base\\Event $event )",
  "level":4
}, 
{
  "time":"2018-05-06 12:05:14",
  "message":"MyCompany\\MyPluginName\\Setup::parseRouteBefore( \\core\\base\\Event $event )",
  "level":4
}, 
{
  "time":"2018-05-06 12:05:14",
  "message":"MyCompany\\MyPluginName\\Setup::parseRouteAfter( \\core\\base\\Event $event )",
  "level":4
}, 
{
  "time":"2018-05-06 12:05:14",
  "message":"MyCompany\\MyPluginName\\Setup::handleRouteBefore( \\core\\base\\Event $event )",
  "level":4
}, 
{
  "time":"2018-05-06 12:05:14",
  "message":"MyCompany\\MyPluginName\\Setup::handleRouteAfter( \\core\\base\\Event $event )",
  "level":4
}, 
{
  "time":"2018-05-06 12:05:15",
  "message":"MyCompany\\MyPluginName\\Setup::parseRouteBefore( \\core\\base\\Event $event )",
  "level":4
}, 
{
  "time":"2018-05-06 12:05:15",
  "message":"MyCompany\\MyPluginName\\Setup::parseRouteAfter( \\core\\base\\Event $event )",
  "level":4
}, 
{
  "time":"2018-05-06 12:05:15",
  "message":"MyCompany\\MyPluginName\\Setup::handleRouteBefore( \\core\\base\\Event $event )",
  "level":4
}, 
{
  "time":"2018-05-06 12:05:15",
  "message":"MyCompany\\MyPluginName\\Setup::handleRouteAfter( \\core\\base\\Event $event )",
  "level":4
}, 
{
  "time":"2018-05-06 12:05:15",
  "message":"MyCompany\\MyPluginName\\Setup::parseRouteBefore( \\core\\base\\Event $event )",
  "level":4
}, 
{
  "time":"2018-05-06 12:05:15",
  "message":"MyCompany\\MyPluginName\\Setup::parseRouteAfter( \\core\\base\\Event $event )",
  "level":4
}, 
{
  "time":"2018-05-06 12:05:15",
  "message":"MyCompany\\MyPluginName\\Setup::handleRouteBefore( \\core\\base\\Event $event )",
  "level":4
}, 
{
  "time":"2018-05-06 12:05:15",
  "message":"MyCompany\\MyPluginName\\Setup::handleRouteAfter( \\core\\base\\Event $event )",
  "level":4
}, 
{
  "time":"2018-05-06 12:05:16",
  "message":"MyCompany\\MyPluginName\\Setup::parseRouteBefore( \\core\\base\\Event $event )",
  "level":4
}, 
{
  "time":"2018-05-06 12:05:16",
  "message":"MyCompany\\MyPluginName\\Setup::parseRouteAfter( \\core\\base\\Event $event )",
  "level":4
}, 
{
  "time":"2018-05-06 12:05:16",
  "message":"MyCompany\\MyPluginName\\Setup::handleRouteBefore( \\core\\base\\Event $event )",
  "level":4
}, 
{
  "time":"2018-05-06 12:05:16",
  "message":"MyCompany\\MyPluginName\\Setup::handleRouteAfter( \\core\\base\\Event $event )",
  "level":4
}, 
{
  "time":"2018-05-06 12:05:16",
  "message":"MyCompany\\MyPluginName\\Setup::parseRouteBefore( \\core\\base\\Event $event )",
  "level":4
}, 
{
  "time":"2018-05-06 12:05:16",
  "message":"MyCompany\\MyPluginName\\Setup::parseRouteAfter( \\core\\base\\Event $event )",
  "level":4
}, 
{
  "time":"2018-05-06 12:05:16",
  "message":"MyCompany\\MyPluginName\\Setup::handleRouteBefore( \\core\\base\\Event $event )",
  "level":4
}, 
{
  "time":"2018-05-06 12:05:16",
  "message":"MyCompany\\MyPluginName\\Setup::handleRouteAfter( \\core\\base\\Event $event )",
  "level":4
}, 
{
  "time":"2018-05-06 12:05:32",
  "message":"MyCompany\\MyPluginName\\Setup::parseRouteBefore( \\core\\base\\Event $event )",
  "level":4
}, 
{
  "time":"2018-05-06 12:05:32",
  "message":"MyCompany\\MyPluginName\\Setup::parseRouteAfter( \\core\\base\\Event $event )",
  "level":4
}, 
{
  "time":"2018-05-06 12:05:33",
  "message":"MyCompany\\MyPluginName\\Setup::parseRouteBefore( \\core\\base\\Event $event )",
  "level":4
}, 
{
  "time":"2018-05-06 12:05:33",
  "message":"MyCompany\\MyPluginName\\Setup::parseRouteAfter( \\core\\base\\Event $event )",
  "level":4
}, 
{
  "time":"2018-05-06 12:05:39",
  "message":"MyCompany\\MyPluginName\\Setup::parseRouteBefore( \\core\\base\\Event $event )",
  "level":4
}, 
{
  "time":"2018-05-06 12:05:39",
  "message":"MyCompany\\MyPluginName\\Setup::handleRouteBefore( \\core\\base\\Event $event )",
  "level":4
}, 
{
  "time":"2018-05-06 12:05:39",
  "message":"MyCompany\\MyPluginName\\Setup::handleRouteAfter( \\core\\base\\Event $event )",
  "level":4
}, 
{
  "time":"2018-05-06 12:05:39",
  "message":"MyCompany\\MyPluginName\\Setup::parseRouteBefore( \\core\\base\\Event $event )",
  "level":4
}, 
{
  "time":"2018-05-06 12:05:39",
  "message":"MyCompany\\MyPluginName\\Setup::parseRouteAfter( \\core\\base\\Event $event )",
  "level":4
}, 
{
  "time":"2018-05-06 12:05:39",
  "message":"MyCompany\\MyPluginName\\Setup::handleRouteBefore( \\core\\base\\Event $event )",
  "level":4
}, 
{
  "time":"2018-05-06 12:05:39",
  "message":"MyCompany\\MyPluginName\\Setup::handleRouteAfter( \\core\\base\\Event $event )",
  "level":4
}, 
{
  "time":"2018-05-06 12:05:42",
  "message":"MyCompany\\MyPluginName\\Setup::parseRouteBefore( \\core\\base\\Event $event )",
  "level":4
}, 
{
  "time":"2018-05-06 12:05:42",
  "message":"MyCompany\\MyPluginName\\Setup::handleRouteBefore( \\core\\base\\Event $event )",
  "level":4
}, 
{
  "time":"2018-05-06 12:05:42",
  "message":"MyCompany\\MyPluginName\\Setup::handleRouteAfter( \\core\\base\\Event $event )",
  "level":4
}, 
{
  "time":"2018-05-06 12:05:42",
  "message":"MyCompany\\MyPluginName\\Setup::parseRouteBefore( \\core\\base\\Event $event )",
  "level":4
}, 
{
  "time":"2018-05-06 12:05:42",
  "message":"MyCompany\\MyPluginName\\Setup::parseRouteAfter( \\core\\base\\Event $event )",
  "level":4
}, 
{
  "time":"2018-05-06 12:05:42",
  "message":"MyCompany\\MyPluginName\\Setup::handleRouteBefore( \\core\\base\\Event $event )",
  "level":4
}, 
{
  "time":"2018-05-06 12:05:42",
  "message":"MyCompany\\MyPluginName\\Setup::handleRouteAfter( \\core\\base\\Event $event )",
  "level":4
}, 
{
  "time":"2018-05-06 12:05:43",
  "message":"MyCompany\\MyPluginName\\Setup::parseRouteBefore( \\core\\base\\Event $event )",
  "level":4
}, 
{
  "time":"2018-05-06 12:05:43",
  "message":"MyCompany\\MyPluginName\\Setup::handleRouteBefore( \\core\\base\\Event $event )",
  "level":4
}, 
{
  "time":"2018-05-06 12:05:43",
  "message":"MyCompany\\MyPluginName\\Setup::handleRouteAfter( \\core\\base\\Event $event )",
  "level":4
}, 
{
  "time":"2018-05-06 12:05:43",
  "message":"MyCompany\\MyPluginName\\Setup::parseRouteBefore( \\core\\base\\Event $event )",
  "level":4
}, 
{
  "time":"2018-05-06 12:05:43",
  "message":"MyCompany\\MyPluginName\\Setup::parseRouteAfter( \\core\\base\\Event $event )",
  "level":4
}, 
{
  "time":"2018-05-06 12:05:43",
  "message":"MyCompany\\MyPluginName\\Setup::handleRouteBefore( \\core\\base\\Event $event )",
  "level":4
}, 
{
  "time":"2018-05-06 12:05:43",
  "message":"MyCompany\\MyPluginName\\Setup::handleRouteAfter( \\core\\base\\Event $event )",
  "level":4
}, 
{
  "time":"2018-05-06 12:05:45",
  "message":"MyCompany\\MyPluginName\\Setup::parseRouteBefore( \\core\\base\\Event $event )",
  "level":4
}, 
{
  "time":"2018-05-06 12:05:45",
  "message":"MyCompany\\MyPluginName\\Setup::handleRouteBefore( \\core\\base\\Event $event )",
  "level":4
}, 
{
  "time":"2018-05-06 12:05:45",
  "message":"MyCompany\\MyPluginName\\Setup::handleRouteAfter( \\core\\base\\Event $event )",
  "level":4
}, 
{
  "time":"2018-05-06 12:05:45",
  "message":"MyCompany\\MyPluginName\\Setup::parseRouteBefore( \\core\\base\\Event $event )",
  "level":4
}, 
{
  "time":"2018-05-06 12:05:45",
  "message":"MyCompany\\MyPluginName\\Setup::parseRouteAfter( \\core\\base\\Event $event )",
  "level":4
}, 
{
  "time":"2018-05-06 12:05:45",
  "message":"MyCompany\\MyPluginName\\Setup::handleRouteBefore( \\core\\base\\Event $event )",
  "level":4
}, 
{
  "time":"2018-05-06 12:05:45",
  "message":"MyCompany\\MyPluginName\\Setup::handleRouteAfter( \\core\\base\\Event $event )",
  "level":4
}, 
{
  "time":"2018-05-06 12:05:47",
  "message":"MyCompany\\MyPluginName\\Setup::parseRouteBefore( \\core\\base\\Event $event )",
  "level":4
}, 
{
  "time":"2018-05-06 12:05:47",
  "message":"MyCompany\\MyPluginName\\Setup::parseRouteAfter( \\core\\base\\Event $event )",
  "level":4
}, 
{
  "time":"2018-05-06 12:05:47",
  "message":"MyCompany\\MyPluginName\\Setup::handleRouteBefore( \\core\\base\\Event $event )",
  "level":4
}, 
{
  "time":"2018-05-06 12:05:47",
  "message":"MyCompany\\MyPluginName\\Setup::handleRouteAfter( \\core\\base\\Event $event )",
  "level":4
}, 
{
  "time":"2018-05-06 12:05:47",
  "message":"MyCompany\\MyPluginName\\Setup::parseRouteBefore( \\core\\base\\Event $event )",
  "level":4
}, 
{
  "time":"2018-05-06 12:05:47",
  "message":"MyCompany\\MyPluginName\\Setup::parseRouteAfter( \\core\\base\\Event $event )",
  "level":4
}, 
{
  "time":"2018-05-06 12:05:47",
  "message":"MyCompany\\MyPluginName\\Setup::handleRouteBefore( \\core\\base\\Event $event )",
  "level":4
}, 
{
  "time":"2018-05-06 12:05:47",
  "message":"MyCompany\\MyPluginName\\Setup::handleRouteAfter( \\core\\base\\Event $event )",
  "level":4
}, 
{
  "time":"2018-05-06 12:05:48",
  "message":"MyCompany\\MyPluginName\\Setup::parseRouteBefore( \\core\\base\\Event $event )",
  "level":4
}, 
{
  "time":"2018-05-06 12:05:48",
  "message":"MyCompany\\MyPluginName\\Setup::handleRouteBefore( \\core\\base\\Event $event )",
  "level":4
}, 
{
  "time":"2018-05-06 12:05:48",
  "message":"MyCompany\\MyPluginName\\Setup::handleRouteAfter( \\core\\base\\Event $event )",
  "level":4
}, 
{
  "time":"2018-05-06 12:05:48",
  "message":"MyCompany\\MyPluginName\\Setup::parseRouteBefore( \\core\\base\\Event $event )",
  "level":4
}, 
{
  "time":"2018-05-06 12:05:48",
  "message":"MyCompany\\MyPluginName\\Setup::parseRouteAfter( \\core\\base\\Event $event )",
  "level":4
}, 
{
  "time":"2018-05-06 12:05:48",
  "message":"MyCompany\\MyPluginName\\Setup::handleRouteBefore( \\core\\base\\Event $event )",
  "level":4
}, 
{
  "time":"2018-05-06 12:05:48",
  "message":"MyCompany\\MyPluginName\\Setup::handleRouteAfter( \\core\\base\\Event $event )",
  "level":4
}, 
{
  "time":"2018-05-06 12:05:57",
  "message":"MyCompany\\MyPluginName\\Setup::parseRouteBefore( \\core\\base\\Event $event )",
  "level":4
}, 
{
  "time":"2018-05-06 12:05:57",
  "message":"MyCompany\\MyPluginName\\Setup::parseRouteAfter( \\core\\base\\Event $event )",
  "level":4
}, 
{
  "time":"2018-05-06 12:05:57",
  "message":"MyCompany\\MyPluginName\\Setup::handleRouteBefore( \\core\\base\\Event $event )",
  "level":4
}, 
{
  "time":"2018-05-06 12:05:57",
  "message":"MyCompany\\MyPluginName\\Setup::handleRouteAfter( \\core\\base\\Event $event )",
  "level":4
}, 
{
  "time":"2018-05-06 12:06:06",
  "message":"MyCompany\\MyPluginName\\Setup::parseRouteBefore( \\core\\base\\Event $event )",
  "level":4
}, 
{
  "time":"2018-05-06 12:06:06",
  "message":"MyCompany\\MyPluginName\\Setup::parseRouteAfter( \\core\\base\\Event $event )",
  "level":4
}, 
{
  "time":"2018-05-06 12:06:06",
  "message":"MyCompany\\MyPluginName\\Setup::handleRouteBefore( \\core\\base\\Event $event )",
  "level":4
}, 
{
  "time":"2018-05-06 12:06:06",
  "message":"MyCompany\\MyPluginName\\Setup::handleRouteAfter( \\core\\base\\Event $event )",
  "level":4
}, 
{
  "time":"2018-05-06 12:06:06",
  "message":"MyCompany\\MyPluginName\\Setup::parseRouteBefore( \\core\\base\\Event $event )",
  "level":4
}, 
{
  "time":"2018-05-06 12:06:06",
  "message":"MyCompany\\MyPluginName\\Setup::parseRouteAfter( \\core\\base\\Event $event )",
  "level":4
}, 
{
  "time":"2018-05-06 12:06:06",
  "message":"MyCompany\\MyPluginName\\Setup::handleRouteBefore( \\core\\base\\Event $event )",
  "level":4
}, 
{
  "time":"2018-05-06 12:06:06",
  "message":"MyCompany\\MyPluginName\\Setup::handleRouteAfter( \\core\\base\\Event $event )",
  "level":4
}, 
{
  "time":"2018-05-06 12:06:07",
  "message":"MyCompany\\MyPluginName\\Setup::parseRouteBefore( \\core\\base\\Event $event )",
  "level":4
}, 
{
  "time":"2018-05-06 12:06:07",
  "message":"MyCompany\\MyPluginName\\Setup::handleRouteBefore( \\core\\base\\Event $event )",
  "level":4
}, 
{
  "time":"2018-05-06 12:06:07",
  "message":"MyCompany\\MyPluginName\\Setup::handleRouteAfter( \\core\\base\\Event $event )",
  "level":4
}, 
{
  "time":"2018-05-06 12:06:07",
  "message":"MyCompany\\MyPluginName\\Setup::parseRouteBefore( \\core\\base\\Event $event )",
  "level":4
}, 
{
  "time":"2018-05-06 12:06:07",
  "message":"MyCompany\\MyPluginName\\Setup::parseRouteAfter( \\core\\base\\Event $event )",
  "level":4
}, 
{
  "time":"2018-05-06 12:06:07",
  "message":"MyCompany\\MyPluginName\\Setup::handleRouteBefore( \\core\\base\\Event $event )",
  "level":4
}, 
{
  "time":"2018-05-06 12:06:07",
  "message":"MyCompany\\MyPluginName\\Setup::handleRouteAfter( \\core\\base\\Event $event )",
  "level":4
}, 
{
  "time":"2018-05-06 12:06:15",
  "message":"MyCompany\\MyPluginName\\Setup::parseRouteBefore( \\core\\base\\Event $event )",
  "level":4
}, 
{
  "time":"2018-05-06 12:06:15",
  "message":"MyCompany\\MyPluginName\\Setup::parseRouteAfter( \\core\\base\\Event $event )",
  "level":4
}, 
{
  "time":"2018-05-06 12:06:15",
  "message":"MyCompany\\MyPluginName\\Setup::handleRouteBefore( \\core\\base\\Event $event )",
  "level":4
}, 
{
  "time":"2018-05-06 12:06:15",
  "message":"MyCompany\\MyPluginName\\Setup::handleRouteAfter( \\core\\base\\Event $event )",
  "level":4
}, 
{
  "time":"2018-05-06 12:06:15",
  "message":"MyCompany\\MyPluginName\\Setup::parseRouteBefore( \\core\\base\\Event $event )",
  "level":4
}, 
{
  "time":"2018-05-06 12:06:15",
  "message":"MyCompany\\MyPluginName\\Setup::parseRouteAfter( \\core\\base\\Event $event )",
  "level":4
}, 
{
  "time":"2018-05-06 12:06:15",
  "message":"MyCompany\\MyPluginName\\Setup::handleRouteBefore( \\core\\base\\Event $event )",
  "level":4
}, 
{
  "time":"2018-05-06 12:06:15",
  "message":"MyCompany\\MyPluginName\\Setup::handleRouteAfter( \\core\\base\\Event $event )",
  "level":4
}, 
{
  "time":"2018-05-06 12:06:28",
  "message":"MyCompany\\MyPluginName\\Setup::parseRouteBefore( \\core\\base\\Event $event )",
  "level":4
}, 
{
  "time":"2018-05-06 12:06:28",
  "message":"MyCompany\\MyPluginName\\Setup::parseRouteAfter( \\core\\base\\Event $event )",
  "level":4
}, 
{
  "time":"2018-05-06 12:06:28",
  "message":"MyCompany\\MyPluginName\\Setup::parseRouteBefore( \\core\\base\\Event $event )",
  "level":4
}, 
{
  "time":"2018-05-06 12:06:28",
  "message":"MyCompany\\MyPluginName\\Setup::parseRouteAfter( \\core\\base\\Event $event )",
  "level":4
}, 
{
  "time":"2018-05-06 12:07:06",
  "message":"MyCompany\\MyPluginName\\Setup::parseRouteBefore( \\core\\base\\Event $event )",
  "level":4
}, 
{
  "time":"2018-05-06 12:07:06",
  "message":"MyCompany\\MyPluginName\\Setup::handleRouteBefore( \\core\\base\\Event $event )",
  "level":4
}, 
{
  "time":"2018-05-06 12:07:06",
  "message":"MyCompany\\MyPluginName\\Setup::handleRouteAfter( \\core\\base\\Event $event )",
  "level":4
}, 
{
  "time":"2018-05-06 12:07:06",
  "message":"MyCompany\\MyPluginName\\Setup::parseRouteAfter( \\core\\base\\Event $event )",
  "level":4
}, 
{
  "time":"2018-05-06 12:07:06",
  "message":"MyCompany\\MyPluginName\\Setup::parseRouteBefore( \\core\\base\\Event $event )",
  "level":4
}, 
{
  "time":"2018-05-06 12:07:06",
  "message":"MyCompany\\MyPluginName\\Setup::handleRouteBefore( \\core\\base\\Event $event )",
  "level":4
}, 
{
  "time":"2018-05-06 12:07:06",
  "message":"MyCompany\\MyPluginName\\Setup::handleRouteAfter( \\core\\base\\Event $event )",
  "level":4
}, 
{
  "time":"2018-05-06 12:07:06",
  "message":"MyCompany\\MyPluginName\\Setup::parseRouteAfter( \\core\\base\\Event $event )",
  "level":4
}, 
{
  "time":"2018-05-06 12:07:19",
  "message":"MyCompany\\MyPluginName\\Setup::parseRouteBefore( \\core\\base\\Event $event )",
  "level":4
}, 
{
  "time":"2018-05-06 12:07:19",
  "message":"MyCompany\\MyPluginName\\Setup::parseRouteAfter( \\core\\base\\Event $event )",
  "level":4
}, 
{
  "time":"2018-05-06 12:07:19",
  "message":"MyCompany\\MyPluginName\\Setup::handleRouteBefore( \\core\\base\\Event $event )",
  "level":4
}, 
{
  "time":"2018-05-06 12:07:19",
  "message":"MyCompany\\MyPluginName\\Setup::handleRouteAfter( \\core\\base\\Event $event )",
  "level":4
}, 
{
  "time":"2018-05-06 12:07:19",
  "message":"MyCompany\\MyPluginName\\Setup::handleRouteBefore( \\core\\base\\Event $event )",
  "level":4
}, 
{
  "time":"2018-05-06 12:07:19",
  "message":"MyCompany\\MyPluginName\\Setup::handleRouteAfter( \\core\\base\\Event $event )",
  "level":4
}, 
{
  "time":"2018-05-06 12:07:19",
  "message":"MyCompany\\MyPluginName\\Setup::parseRouteBefore( \\core\\base\\Event $event )",
  "level":4
}, 
{
  "time":"2018-05-06 12:07:19",
  "message":"MyCompany\\MyPluginName\\Setup::parseRouteAfter( \\core\\base\\Event $event )",
  "level":4
}, 
{
  "time":"2018-05-06 12:07:19",
  "message":"MyCompany\\MyPluginName\\Setup::handleRouteBefore( \\core\\base\\Event $event )",
  "level":4
}, 
{
  "time":"2018-05-06 12:07:19",
  "message":"MyCompany\\MyPluginName\\Setup::handleRouteAfter( \\core\\base\\Event $event )",
  "level":4
}, 
{
  "time":"2018-05-06 12:07:19",
  "message":"MyCompany\\MyPluginName\\Setup::handleRouteBefore( \\core\\base\\Event $event )",
  "level":4
}, 
{
  "time":"2018-05-06 12:07:19",
  "message":"MyCompany\\MyPluginName\\Setup::handleRouteAfter( \\core\\base\\Event $event )",
  "level":4
}, 
{
  "time":"2018-05-06 12:07:42",
  "message":"MyCompany\\MyPluginName\\Setup::parseRouteBefore( \\core\\base\\Event $event )",
  "level":4
}, 
{
  "time":"2018-05-06 12:07:42",
  "message":"MyCompany\\MyPluginName\\Setup::parseRouteAfter( \\core\\base\\Event $event )",
  "level":4
}, 
{
  "time":"2018-05-06 12:07:42",
  "message":"MyCompany\\MyPluginName\\Setup::handleRouteBefore( \\core\\base\\Event $event )",
  "level":4
}, 
{
  "time":"2018-05-06 12:07:42",
  "message":"MyCompany\\MyPluginName\\Setup::handleRouteAfter( \\core\\base\\Event $event )",
  "level":4
}, 
{
  "time":"2018-05-06 12:07:42",
  "message":"MyCompany\\MyPluginName\\Setup::handleRouteBefore( \\core\\base\\Event $event )",
  "level":4
}, 
{
  "time":"2018-05-06 12:07:42",
  "message":"MyCompany\\MyPluginName\\Setup::handleRouteAfter( \\core\\base\\Event $event )",
  "level":4
}, 
{
  "time":"2018-05-06 12:07:42",
  "message":"MyCompany\\MyPluginName\\Setup::parseRouteBefore( \\core\\base\\Event $event )",
  "level":4
}, 
{
  "time":"2018-05-06 12:07:42",
  "message":"MyCompany\\MyPluginName\\Setup::parseRouteAfter( \\core\\base\\Event $event )",
  "level":4
}, 
{
  "time":"2018-05-06 12:07:42",
  "message":"MyCompany\\MyPluginName\\Setup::handleRouteBefore( \\core\\base\\Event $event )",
  "level":4
}, 
{
  "time":"2018-05-06 12:07:42",
  "message":"MyCompany\\MyPluginName\\Setup::handleRouteAfter( \\core\\base\\Event $event )",
  "level":4
}, 
{
  "time":"2018-05-06 12:07:42",
  "message":"MyCompany\\MyPluginName\\Setup::handleRouteBefore( \\core\\base\\Event $event )",
  "level":4
}, 
{
  "time":"2018-05-06 12:07:42",
  "message":"MyCompany\\MyPluginName\\Setup::handleRouteAfter( \\core\\base\\Event $event )",
  "level":4
}, 
{
  "time":"2018-05-06 12:07:55",
  "message":"MyCompany\\MyPluginName\\Setup::parseRouteBefore( \\core\\base\\Event $event )",
  "level":4
}, 
{
  "time":"2018-05-06 12:07:55",
  "message":"MyCompany\\MyPluginName\\Setup::parseRouteAfter( \\core\\base\\Event $event )",
  "level":4
}, 
{
  "time":"2018-05-06 12:07:55",
  "message":"MyCompany\\MyPluginName\\Setup::handleRouteBefore( \\core\\base\\Event $event )",
  "level":4
}, 
{
  "time":"2018-05-06 12:07:55",
  "message":"MyCompany\\MyPluginName\\Setup::handleRouteAfter( \\core\\base\\Event $event )",
  "level":4
}, 
{
  "time":"2018-05-06 12:07:55",
  "message":"MyCompany\\MyPluginName\\Setup::handleRouteBefore( \\core\\base\\Event $event )",
  "level":4
}, 
{
  "time":"2018-05-06 12:07:55",
  "message":"MyCompany\\MyPluginName\\Setup::handleRouteAfter( \\core\\base\\Event $event )",
  "level":4
}, 
{
  "time":"2018-05-06 12:07:55",
  "message":"MyCompany\\MyPluginName\\Setup::parseRouteBefore( \\core\\base\\Event $event )",
  "level":4
}, 
{
  "time":"2018-05-06 12:07:55",
  "message":"MyCompany\\MyPluginName\\Setup::parseRouteAfter( \\core\\base\\Event $event )",
  "level":4
}, 
{
  "time":"2018-05-06 12:07:55",
  "message":"MyCompany\\MyPluginName\\Setup::handleRouteBefore( \\core\\base\\Event $event )",
  "level":4
}, 
{
  "time":"2018-05-06 12:07:55",
  "message":"MyCompany\\MyPluginName\\Setup::handleRouteAfter( \\core\\base\\Event $event )",
  "level":4
}, 
{
  "time":"2018-05-06 12:07:55",
  "message":"MyCompany\\MyPluginName\\Setup::handleRouteBefore( \\core\\base\\Event $event )",
  "level":4
}, 
{
  "time":"2018-05-06 12:07:55",
  "message":"MyCompany\\MyPluginName\\Setup::handleRouteAfter( \\core\\base\\Event $event )",
  "level":4
}, 
{
  "time":"2018-05-06 12:08:16",
  "message":"MyCompany\\MyPluginName\\Setup::parseRouteBefore( \\core\\base\\Event $event )",
  "level":4
}, 
{
  "time":"2018-05-06 12:08:16",
  "message":"MyCompany\\MyPluginName\\Setup::parseRouteAfter( \\core\\base\\Event $event )",
  "level":4
}, 
{
  "time":"2018-05-06 12:08:16",
  "message":"MyCompany\\MyPluginName\\Setup::handleRouteBefore( \\core\\base\\Event $event )",
  "level":4
}, 
{
  "time":"2018-05-06 12:08:16",
  "message":"MyCompany\\MyPluginName\\Setup::handleRouteAfter( \\core\\base\\Event $event )",
  "level":4
}, 
{
  "time":"2018-05-06 12:08:16",
  "message":"MyCompany\\MyPluginName\\Setup::parseRouteBefore( \\core\\base\\Event $event )",
  "level":4
}, 
{
  "time":"2018-05-06 12:08:16",
  "message":"MyCompany\\MyPluginName\\Setup::parseRouteAfter( \\core\\base\\Event $event )",
  "level":4
}, 
{
  "time":"2018-05-06 12:08:16",
  "message":"MyCompany\\MyPluginName\\Setup::handleRouteBefore( \\core\\base\\Event $event )",
  "level":4
}, 
{
  "time":"2018-05-06 12:08:16",
  "message":"MyCompany\\MyPluginName\\Setup::handleRouteAfter( \\core\\base\\Event $event )",
  "level":4
}, 
{
  "time":"2018-05-06 12:08:37",
  "message":"MyCompany\\MyPluginName\\Setup::parseRouteBefore( \\core\\base\\Event $event )",
  "level":4
}, 
{
  "time":"2018-05-06 12:08:37",
  "message":"MyCompany\\MyPluginName\\Setup::parseRouteAfter( \\core\\base\\Event $event )",
  "level":4
}, 
{
  "time":"2018-05-06 12:08:37",
  "message":"MyCompany\\MyPluginName\\Setup::handleRouteBefore( \\core\\base\\Event $event )",
  "level":4
}, 
{
  "time":"2018-05-06 12:08:37",
  "message":"MyCompany\\MyPluginName\\Setup::handleRouteAfter( \\core\\base\\Event $event )",
  "level":4
}, 
{
  "time":"2018-05-06 12:08:37",
  "message":"MyCompany\\MyPluginName\\Setup::parseRouteBefore( \\core\\base\\Event $event )",
  "level":4
}, 
{
  "time":"2018-05-06 12:08:37",
  "message":"MyCompany\\MyPluginName\\Setup::parseRouteAfter( \\core\\base\\Event $event )",
  "level":4
}, 
{
  "time":"2018-05-06 12:08:37",
  "message":"MyCompany\\MyPluginName\\Setup::handleRouteBefore( \\core\\base\\Event $event )",
  "level":4
}, 
{
  "time":"2018-05-06 12:08:37",
  "message":"MyCompany\\MyPluginName\\Setup::handleRouteAfter( \\core\\base\\Event $event )",
  "level":4
}, 
{
  "time":"2018-05-06 12:08:46",
  "message":"MyCompany\\MyPluginName\\Setup::parseRouteBefore( \\core\\base\\Event $event )",
  "level":4
}, 
{
  "time":"2018-05-06 12:08:46",
  "message":"MyCompany\\MyPluginName\\Setup::parseRouteAfter( \\core\\base\\Event $event )",
  "level":4
}, 
{
  "time":"2018-05-06 12:08:46",
  "message":"MyCompany\\MyPluginName\\Setup::handleRouteBefore( \\core\\base\\Event $event )",
  "level":4
}, 
{
  "time":"2018-05-06 12:08:46",
  "message":"MyCompany\\MyPluginName\\Setup::handleRouteAfter( \\core\\base\\Event $event )",
  "level":4
}, 
{
  "time":"2018-05-06 12:08:46",
  "message":"MyCompany\\MyPluginName\\Setup::handleRouteBefore( \\core\\base\\Event $event )",
  "level":4
}, 
{
  "time":"2018-05-06 12:08:46",
  "message":"MyCompany\\MyPluginName\\Setup::handleRouteAfter( \\core\\base\\Event $event )",
  "level":4
}, 
{
  "time":"2018-05-06 12:08:46",
  "message":"MyCompany\\MyPluginName\\Setup::parseRouteBefore( \\core\\base\\Event $event )",
  "level":4
}, 
{
  "time":"2018-05-06 12:08:46",
  "message":"MyCompany\\MyPluginName\\Setup::parseRouteAfter( \\core\\base\\Event $event )",
  "level":4
}, 
{
  "time":"2018-05-06 12:08:46",
  "message":"MyCompany\\MyPluginName\\Setup::handleRouteBefore( \\core\\base\\Event $event )",
  "level":4
}, 
{
  "time":"2018-05-06 12:08:46",
  "message":"MyCompany\\MyPluginName\\Setup::handleRouteAfter( \\core\\base\\Event $event )",
  "level":4
}, 
{
  "time":"2018-05-06 12:08:46",
  "message":"MyCompany\\MyPluginName\\Setup::handleRouteBefore( \\core\\base\\Event $event )",
  "level":4
}, 
{
  "time":"2018-05-06 12:08:46",
  "message":"MyCompany\\MyPluginName\\Setup::handleRouteAfter( \\core\\base\\Event $event )",
  "level":4
}, 
{
  "time":"2018-05-06 12:08:57",
  "message":"MyCompany\\MyPluginName\\Setup::parseRouteBefore( \\core\\base\\Event $event )",
  "level":4
}, 
{
  "time":"2018-05-06 12:08:57",
  "message":"MyCompany\\MyPluginName\\Setup::parseRouteAfter( \\core\\base\\Event $event )",
  "level":4
}, 
{
  "time":"2018-05-06 12:08:57",
  "message":"MyCompany\\MyPluginName\\Setup::handleRouteBefore( \\core\\base\\Event $event )",
  "level":4
}, 
{
  "time":"2018-05-06 12:08:57",
  "message":"MyCompany\\MyPluginName\\Setup::handleRouteAfter( \\core\\base\\Event $event )",
  "level":4
}, 
{
  "time":"2018-05-06 12:08:57",
  "message":"MyCompany\\MyPluginName\\Setup::handleRouteBefore( \\core\\base\\Event $event )",
  "level":4
}, 
{
  "time":"2018-05-06 12:08:57",
  "message":"MyCompany\\MyPluginName\\Setup::handleRouteAfter( \\core\\base\\Event $event )",
  "level":4
}, 
{
  "time":"2018-05-06 12:08:57",
  "message":"MyCompany\\MyPluginName\\Setup::parseRouteBefore( \\core\\base\\Event $event )",
  "level":4
}, 
{
  "time":"2018-05-06 12:08:57",
  "message":"MyCompany\\MyPluginName\\Setup::parseRouteAfter( \\core\\base\\Event $event )",
  "level":4
}, 
{
  "time":"2018-05-06 12:08:57",
  "message":"MyCompany\\MyPluginName\\Setup::handleRouteBefore( \\core\\base\\Event $event )",
  "level":4
}, 
{
  "time":"2018-05-06 12:08:57",
  "message":"MyCompany\\MyPluginName\\Setup::handleRouteAfter( \\core\\base\\Event $event )",
  "level":4
}, 
{
  "time":"2018-05-06 12:08:57",
  "message":"MyCompany\\MyPluginName\\Setup::handleRouteBefore( \\core\\base\\Event $event )",
  "level":4
}, 
{
  "time":"2018-05-06 12:08:57",
  "message":"MyCompany\\MyPluginName\\Setup::handleRouteAfter( \\core\\base\\Event $event )",
  "level":4
}, 
{
  "time":"2018-05-06 12:09:05",
  "message":"MyCompany\\MyPluginName\\Setup::parseRouteBefore( \\core\\base\\Event $event )",
  "level":4
}, 
{
  "time":"2018-05-06 12:09:05",
  "message":"MyCompany\\MyPluginName\\Setup::parseRouteAfter( \\core\\base\\Event $event )",
  "level":4
}, 
{
  "time":"2018-05-06 12:09:05",
  "message":"MyCompany\\MyPluginName\\Setup::handleRouteBefore( \\core\\base\\Event $event )",
  "level":4
}, 
{
  "time":"2018-05-06 12:09:05",
  "message":"MyCompany\\MyPluginName\\Setup::handleRouteAfter( \\core\\base\\Event $event )",
  "level":4
}, 
{
  "time":"2018-05-06 12:09:05",
  "message":"MyCompany\\MyPluginName\\Setup::handleRouteBefore( \\core\\base\\Event $event )",
  "level":4
}, 
{
  "time":"2018-05-06 12:09:05",
  "message":"MyCompany\\MyPluginName\\Setup::handleRouteAfter( \\core\\base\\Event $event )",
  "level":4
}, 
{
  "time":"2018-05-06 12:09:05",
  "message":"MyCompany\\MyPluginName\\Setup::parseRouteBefore( \\core\\base\\Event $event )",
  "level":4
}, 
{
  "time":"2018-05-06 12:09:05",
  "message":"MyCompany\\MyPluginName\\Setup::parseRouteAfter( \\core\\base\\Event $event )",
  "level":4
}, 
{
  "time":"2018-05-06 12:09:05",
  "message":"MyCompany\\MyPluginName\\Setup::handleRouteBefore( \\core\\base\\Event $event )",
  "level":4
}, 
{
  "time":"2018-05-06 12:09:05",
  "message":"MyCompany\\MyPluginName\\Setup::handleRouteAfter( \\core\\base\\Event $event )",
  "level":4
}, 
{
  "time":"2018-05-06 12:09:05",
  "message":"MyCompany\\MyPluginName\\Setup::handleRouteBefore( \\core\\base\\Event $event )",
  "level":4
}, 
{
  "time":"2018-05-06 12:09:05",
  "message":"MyCompany\\MyPluginName\\Setup::handleRouteAfter( \\core\\base\\Event $event )",
  "level":4
}, 
{
  "time":"2018-05-06 12:09:11",
  "message":"MyCompany\\MyPluginName\\Setup::parseRouteBefore( \\core\\base\\Event $event )",
  "level":4
}, 
{
  "time":"2018-05-06 12:09:11",
  "message":"MyCompany\\MyPluginName\\Setup::parseRouteAfter( \\core\\base\\Event $event )",
  "level":4
}, 
{
  "time":"2018-05-06 12:09:12",
  "message":"MyCompany\\MyPluginName\\Setup::handleRouteBefore( \\core\\base\\Event $event )",
  "level":4
}, 
{
  "time":"2018-05-06 12:09:12",
  "message":"MyCompany\\MyPluginName\\Setup::handleRouteAfter( \\core\\base\\Event $event )",
  "level":4
}, 
{
  "time":"2018-05-06 12:09:12",
  "message":"MyCompany\\MyPluginName\\Setup::handleRouteBefore( \\core\\base\\Event $event )",
  "level":4
}, 
{
  "time":"2018-05-06 12:09:12",
  "message":"MyCompany\\MyPluginName\\Setup::handleRouteAfter( \\core\\base\\Event $event )",
  "level":4
}, 
{
  "time":"2018-05-06 12:09:12",
  "message":"MyCompany\\MyPluginName\\Setup::parseRouteBefore( \\core\\base\\Event $event )",
  "level":4
}, 
{
  "time":"2018-05-06 12:09:12",
  "message":"MyCompany\\MyPluginName\\Setup::parseRouteAfter( \\core\\base\\Event $event )",
  "level":4
}, 
{
  "time":"2018-05-06 12:09:12",
  "message":"MyCompany\\MyPluginName\\Setup::handleRouteBefore( \\core\\base\\Event $event )",
  "level":4
}, 
{
  "time":"2018-05-06 12:09:12",
  "message":"MyCompany\\MyPluginName\\Setup::handleRouteAfter( \\core\\base\\Event $event )",
  "level":4
}, 
{
  "time":"2018-05-06 12:09:12",
  "message":"MyCompany\\MyPluginName\\Setup::handleRouteBefore( \\core\\base\\Event $event )",
  "level":4
}, 
{
  "time":"2018-05-06 12:09:12",
  "message":"MyCompany\\MyPluginName\\Setup::handleRouteAfter( \\core\\base\\Event $event )",
  "level":4
}, 
{
  "time":"2018-05-06 12:09:25",
  "message":"MyCompany\\MyPluginName\\Setup::parseRouteBefore( \\core\\base\\Event $event )",
  "level":4
}, 
{
  "time":"2018-05-06 12:09:25",
  "message":"MyCompany\\MyPluginName\\Setup::parseRouteAfter( \\core\\base\\Event $event )",
  "level":4
}, 
{
  "time":"2018-05-06 12:09:25",
  "message":"MyCompany\\MyPluginName\\Setup::handleRouteBefore( \\core\\base\\Event $event )",
  "level":4
}, 
{
  "time":"2018-05-06 12:09:25",
  "message":"MyCompany\\MyPluginName\\Setup::handleRouteAfter( \\core\\base\\Event $event )",
  "level":4
}, 
{
  "time":"2018-05-06 12:09:25",
  "message":"MyCompany\\MyPluginName\\Setup::handleRouteBefore( \\core\\base\\Event $event )",
  "level":4
}, 
{
  "time":"2018-05-06 12:09:25",
  "message":"MyCompany\\MyPluginName\\Setup::handleRouteAfter( \\core\\base\\Event $event )",
  "level":4
}, 
{
  "time":"2018-05-06 12:09:25",
  "message":"MyCompany\\MyPluginName\\Setup::parseRouteBefore( \\core\\base\\Event $event )",
  "level":4
}, 
{
  "time":"2018-05-06 12:09:25",
  "message":"MyCompany\\MyPluginName\\Setup::parseRouteAfter( \\core\\base\\Event $event )",
  "level":4
}, 
{
  "time":"2018-05-06 12:09:25",
  "message":"MyCompany\\MyPluginName\\Setup::handleRouteBefore( \\core\\base\\Event $event )",
  "level":4
}, 
{
  "time":"2018-05-06 12:09:25",
  "message":"MyCompany\\MyPluginName\\Setup::handleRouteAfter( \\core\\base\\Event $event )",
  "level":4
}, 
{
  "time":"2018-05-06 12:09:25",
  "message":"MyCompany\\MyPluginName\\Setup::handleRouteBefore( \\core\\base\\Event $event )",
  "level":4
}, 
{
  "time":"2018-05-06 12:09:25",
  "message":"MyCompany\\MyPluginName\\Setup::handleRouteAfter( \\core\\base\\Event $event )",
  "level":4
}, 
{
  "time":"2018-05-06 12:09:29",
  "message":"MyCompany\\MyPluginName\\Setup::parseRouteBefore( \\core\\base\\Event $event )",
  "level":4
}, 
{
  "time":"2018-05-06 12:09:29",
  "message":"MyCompany\\MyPluginName\\Setup::parseRouteAfter( \\core\\base\\Event $event )",
  "level":4
}, 
{
  "time":"2018-05-06 12:09:29",
  "message":"MyCompany\\MyPluginName\\Setup::handleRouteBefore( \\core\\base\\Event $event )",
  "level":4
}, 
{
  "time":"2018-05-06 12:09:29",
  "message":"MyCompany\\MyPluginName\\Setup::handleRouteAfter( \\core\\base\\Event $event )",
  "level":4
}, 
{
  "time":"2018-05-06 12:09:29",
  "message":"MyCompany\\MyPluginName\\Setup::handleRouteBefore( \\core\\base\\Event $event )",
  "level":4
}, 
{
  "time":"2018-05-06 12:09:30",
  "message":"MyCompany\\MyPluginName\\Setup::handleRouteAfter( \\core\\base\\Event $event )",
  "level":4
}, 
{
  "time":"2018-05-06 12:09:30",
  "message":"MyCompany\\MyPluginName\\Setup::parseRouteBefore( \\core\\base\\Event $event )",
  "level":4
}, 
{
  "time":"2018-05-06 12:09:30",
  "message":"MyCompany\\MyPluginName\\Setup::parseRouteAfter( \\core\\base\\Event $event )",
  "level":4
}, 
{
  "time":"2018-05-06 12:09:30",
  "message":"MyCompany\\MyPluginName\\Setup::handleRouteBefore( \\core\\base\\Event $event )",
  "level":4
}, 
{
  "time":"2018-05-06 12:09:30",
  "message":"MyCompany\\MyPluginName\\Setup::handleRouteAfter( \\core\\base\\Event $event )",
  "level":4
}, 
{
  "time":"2018-05-06 12:09:30",
  "message":"MyCompany\\MyPluginName\\Setup::handleRouteBefore( \\core\\base\\Event $event )",
  "level":4
}, 
{
  "time":"2018-05-06 12:09:30",
  "message":"MyCompany\\MyPluginName\\Setup::handleRouteAfter( \\core\\base\\Event $event )",
  "level":4
}, 
{
  "time":"2018-05-06 12:09:39",
  "message":"MyCompany\\MyPluginName\\Setup::parseRouteBefore( \\core\\base\\Event $event )",
  "level":4
}, 
{
  "time":"2018-05-06 12:09:39",
  "message":"MyCompany\\MyPluginName\\Setup::parseRouteAfter( \\core\\base\\Event $event )",
  "level":4
}, 
{
  "time":"2018-05-06 12:09:39",
  "message":"MyCompany\\MyPluginName\\Setup::handleRouteBefore( \\core\\base\\Event $event )",
  "level":4
}, 
{
  "time":"2018-05-06 12:09:39",
  "message":"MyCompany\\MyPluginName\\Setup::handleRouteAfter( \\core\\base\\Event $event )",
  "level":4
}, 
{
  "time":"2018-05-06 12:09:39",
  "message":"MyCompany\\MyPluginName\\Setup::handleRouteBefore( \\core\\base\\Event $event )",
  "level":4
}, 
{
  "time":"2018-05-06 12:09:39",
  "message":"MyCompany\\MyPluginName\\Setup::handleRouteAfter( \\core\\base\\Event $event )",
  "level":4
}, 
{
  "time":"2018-05-06 12:09:39",
  "message":"MyCompany\\MyPluginName\\Setup::parseRouteBefore( \\core\\base\\Event $event )",
  "level":4
}, 
{
  "time":"2018-05-06 12:09:39",
  "message":"MyCompany\\MyPluginName\\Setup::parseRouteAfter( \\core\\base\\Event $event )",
  "level":4
}, 
{
  "time":"2018-05-06 12:09:39",
  "message":"MyCompany\\MyPluginName\\Setup::handleRouteBefore( \\core\\base\\Event $event )",
  "level":4
}, 
{
  "time":"2018-05-06 12:09:39",
  "message":"MyCompany\\MyPluginName\\Setup::handleRouteAfter( \\core\\base\\Event $event )",
  "level":4
}, 
{
  "time":"2018-05-06 12:09:39",
  "message":"MyCompany\\MyPluginName\\Setup::handleRouteBefore( \\core\\base\\Event $event )",
  "level":4
}, 
{
  "time":"2018-05-06 12:09:39",
  "message":"MyCompany\\MyPluginName\\Setup::handleRouteAfter( \\core\\base\\Event $event )",
  "level":4
}, 
{
  "time":"2018-05-06 12:09:46",
  "message":"MyCompany\\MyPluginName\\Setup::parseRouteBefore( \\core\\base\\Event $event )",
  "level":4
}, 
{
  "time":"2018-05-06 12:09:46",
  "message":"MyCompany\\MyPluginName\\Setup::parseRouteAfter( \\core\\base\\Event $event )",
  "level":4
}, 
{
  "time":"2018-05-06 12:09:46",
  "message":"MyCompany\\MyPluginName\\Setup::handleRouteBefore( \\core\\base\\Event $event )",
  "level":4
}, 
{
  "time":"2018-05-06 12:09:46",
  "message":"MyCompany\\MyPluginName\\Setup::handleRouteAfter( \\core\\base\\Event $event )",
  "level":4
}, 
{
  "time":"2018-05-06 12:09:46",
  "message":"MyCompany\\MyPluginName\\Setup::handleRouteBefore( \\core\\base\\Event $event )",
  "level":4
}, 
{
  "time":"2018-05-06 12:09:46",
  "message":"MyCompany\\MyPluginName\\Setup::handleRouteAfter( \\core\\base\\Event $event )",
  "level":4
}, 
{
  "time":"2018-05-06 12:09:46",
  "message":"MyCompany\\MyPluginName\\Setup::parseRouteBefore( \\core\\base\\Event $event )",
  "level":4
}, 
{
  "time":"2018-05-06 12:09:46",
  "message":"MyCompany\\MyPluginName\\Setup::parseRouteAfter( \\core\\base\\Event $event )",
  "level":4
}, 
{
  "time":"2018-05-06 12:09:46",
  "message":"MyCompany\\MyPluginName\\Setup::handleRouteBefore( \\core\\base\\Event $event )",
  "level":4
}, 
{
  "time":"2018-05-06 12:09:46",
  "message":"MyCompany\\MyPluginName\\Setup::handleRouteAfter( \\core\\base\\Event $event )",
  "level":4
}, 
{
  "time":"2018-05-06 12:09:46",
  "message":"MyCompany\\MyPluginName\\Setup::handleRouteBefore( \\core\\base\\Event $event )",
  "level":4
}, 
{
  "time":"2018-05-06 12:09:46",
  "message":"MyCompany\\MyPluginName\\Setup::handleRouteAfter( \\core\\base\\Event $event )",
  "level":4
}, 
{
  "time":"2018-05-06 12:09:51",
  "message":"MyCompany\\MyPluginName\\Setup::parseRouteBefore( \\core\\base\\Event $event )",
  "level":4
}, 
{
  "time":"2018-05-06 12:09:51",
  "message":"MyCompany\\MyPluginName\\Setup::parseRouteAfter( \\core\\base\\Event $event )",
  "level":4
}, 
{
  "time":"2018-05-06 12:09:51",
  "message":"MyCompany\\MyPluginName\\Setup::handleRouteBefore( \\core\\base\\Event $event )",
  "level":4
}, 
{
  "time":"2018-05-06 12:09:51",
  "message":"MyCompany\\MyPluginName\\Setup::handleRouteAfter( \\core\\base\\Event $event )",
  "level":4
}, 
{
  "time":"2018-05-06 12:09:52",
  "message":"MyCompany\\MyPluginName\\Setup::parseRouteBefore( \\core\\base\\Event $event )",
  "level":4
}, 
{
  "time":"2018-05-06 12:09:52",
  "message":"MyCompany\\MyPluginName\\Setup::parseRouteAfter( \\core\\base\\Event $event )",
  "level":4
}, 
{
  "time":"2018-05-06 12:09:52",
  "message":"MyCompany\\MyPluginName\\Setup::handleRouteBefore( \\core\\base\\Event $event )",
  "level":4
}, 
{
  "time":"2018-05-06 12:09:52",
  "message":"MyCompany\\MyPluginName\\Setup::handleRouteAfter( \\core\\base\\Event $event )",
  "level":4
}, 
{
  "time":"2018-05-06 12:09:57",
  "message":"MyCompany\\MyPluginName\\Setup::parseRouteBefore( \\core\\base\\Event $event )",
  "level":4
}, 
{
  "time":"2018-05-06 12:09:57",
  "message":"MyCompany\\MyPluginName\\Setup::parseRouteAfter( \\core\\base\\Event $event )",
  "level":4
}, 
{
  "time":"2018-05-06 12:09:57",
  "message":"MyCompany\\MyPluginName\\Setup::handleRouteBefore( \\core\\base\\Event $event )",
  "level":4
}, 
{
  "time":"2018-05-06 12:09:57",
  "message":"MyCompany\\MyPluginName\\Setup::handleRouteAfter( \\core\\base\\Event $event )",
  "level":4
}, 
{
  "time":"2018-05-06 12:09:57",
  "message":"MyCompany\\MyPluginName\\Setup::handleRouteBefore( \\core\\base\\Event $event )",
  "level":4
}, 
{
  "time":"2018-05-06 12:09:57",
  "message":"MyCompany\\MyPluginName\\Setup::handleRouteAfter( \\core\\base\\Event $event )",
  "level":4
}, 
{
  "time":"2018-05-06 12:09:57",
  "message":"MyCompany\\MyPluginName\\Setup::parseRouteBefore( \\core\\base\\Event $event )",
  "level":4
}, 
{
  "time":"2018-05-06 12:09:57",
  "message":"MyCompany\\MyPluginName\\Setup::parseRouteAfter( \\core\\base\\Event $event )",
  "level":4
}, 
{
  "time":"2018-05-06 12:09:57",
  "message":"MyCompany\\MyPluginName\\Setup::handleRouteBefore( \\core\\base\\Event $event )",
  "level":4
}, 
{
  "time":"2018-05-06 12:09:57",
  "message":"MyCompany\\MyPluginName\\Setup::handleRouteAfter( \\core\\base\\Event $event )",
  "level":4
}, 
{
  "time":"2018-05-06 12:09:57",
  "message":"MyCompany\\MyPluginName\\Setup::handleRouteBefore( \\core\\base\\Event $event )",
  "level":4
}, 
{
  "time":"2018-05-06 12:09:57",
  "message":"MyCompany\\MyPluginName\\Setup::handleRouteAfter( \\core\\base\\Event $event )",
  "level":4
}, 
{
  "time":"2018-05-06 12:10:05",
  "message":"MyCompany\\MyPluginName\\Setup::parseRouteBefore( \\core\\base\\Event $event )",
  "level":4
}, 
{
  "time":"2018-05-06 12:10:05",
  "message":"MyCompany\\MyPluginName\\Setup::parseRouteAfter( \\core\\base\\Event $event )",
  "level":4
}, 
{
  "time":"2018-05-06 12:10:05",
  "message":"MyCompany\\MyPluginName\\Setup::handleRouteBefore( \\core\\base\\Event $event )",
  "level":4
}, 
{
  "time":"2018-05-06 12:10:05",
  "message":"MyCompany\\MyPluginName\\Setup::handleRouteAfter( \\core\\base\\Event $event )",
  "level":4
}, 
{
  "time":"2018-05-06 12:10:05",
  "message":"MyCompany\\MyPluginName\\Setup::handleRouteBefore( \\core\\base\\Event $event )",
  "level":4
}, 
{
  "time":"2018-05-06 12:10:05",
  "message":"MyCompany\\MyPluginName\\Setup::handleRouteAfter( \\core\\base\\Event $event )",
  "level":4
}, 
{
  "time":"2018-05-06 12:10:05",
  "message":"MyCompany\\MyPluginName\\Setup::parseRouteBefore( \\core\\base\\Event $event )",
  "level":4
}, 
{
  "time":"2018-05-06 12:10:05",
  "message":"MyCompany\\MyPluginName\\Setup::parseRouteAfter( \\core\\base\\Event $event )",
  "level":4
}, 
{
  "time":"2018-05-06 12:10:05",
  "message":"MyCompany\\MyPluginName\\Setup::handleRouteBefore( \\core\\base\\Event $event )",
  "level":4
}, 
{
  "time":"2018-05-06 12:10:05",
  "message":"MyCompany\\MyPluginName\\Setup::handleRouteAfter( \\core\\base\\Event $event )",
  "level":4
}, 
{
  "time":"2018-05-06 12:10:05",
  "message":"MyCompany\\MyPluginName\\Setup::handleRouteBefore( \\core\\base\\Event $event )",
  "level":4
}, 
{
  "time":"2018-05-06 12:10:05",
  "message":"MyCompany\\MyPluginName\\Setup::handleRouteAfter( \\core\\base\\Event $event )",
  "level":4
}, 
{
  "time":"2018-05-06 12:10:38",
  "message":"MyCompany\\MyPluginName\\Setup::parseRouteBefore( \\core\\base\\Event $event )",
  "level":4
}, 
{
  "time":"2018-05-06 12:10:38",
  "message":"MyCompany\\MyPluginName\\Setup::parseRouteAfter( \\core\\base\\Event $event )",
  "level":4
}, 
{
  "time":"2018-05-06 12:10:38",
  "message":"MyCompany\\MyPluginName\\Setup::handleRouteBefore( \\core\\base\\Event $event )",
  "level":4
}, 
{
  "time":"2018-05-06 12:10:38",
  "message":"MyCompany\\MyPluginName\\Setup::handleRouteAfter( \\core\\base\\Event $event )",
  "level":4
}, 
{
  "time":"2018-05-06 12:10:38",
  "message":"MyCompany\\MyPluginName\\Setup::handleRouteBefore( \\core\\base\\Event $event )",
  "level":4
}, 
{
  "time":"2018-05-06 12:10:38",
  "message":"MyCompany\\MyPluginName\\Setup::handleRouteAfter( \\core\\base\\Event $event )",
  "level":4
}, 
{
  "time":"2018-05-06 12:10:38",
  "message":"MyCompany\\MyPluginName\\Setup::parseRouteBefore( \\core\\base\\Event $event )",
  "level":4
}, 
{
  "time":"2018-05-06 12:10:38",
  "message":"MyCompany\\MyPluginName\\Setup::parseRouteAfter( \\core\\base\\Event $event )",
  "level":4
}, 
{
  "time":"2018-05-06 12:10:38",
  "message":"MyCompany\\MyPluginName\\Setup::handleRouteBefore( \\core\\base\\Event $event )",
  "level":4
}, 
{
  "time":"2018-05-06 12:10:38",
  "message":"MyCompany\\MyPluginName\\Setup::handleRouteAfter( \\core\\base\\Event $event )",
  "level":4
}, 
{
  "time":"2018-05-06 12:10:38",
  "message":"MyCompany\\MyPluginName\\Setup::handleRouteBefore( \\core\\base\\Event $event )",
  "level":4
}, 
{
  "time":"2018-05-06 12:10:38",
  "message":"MyCompany\\MyPluginName\\Setup::handleRouteAfter( \\core\\base\\Event $event )",
  "level":4
}, 
{
  "time":"2018-05-06 12:10:51",
  "message":"MyCompany\\MyPluginName\\Setup::parseRouteBefore( \\core\\base\\Event $event )",
  "level":4
}, 
{
  "time":"2018-05-06 12:10:51",
  "message":"MyCompany\\MyPluginName\\Setup::parseRouteAfter( \\core\\base\\Event $event )",
  "level":4
}, 
{
  "time":"2018-05-06 12:10:51",
  "message":"MyCompany\\MyPluginName\\Setup::handleRouteBefore( \\core\\base\\Event $event )",
  "level":4
}, 
{
  "time":"2018-05-06 12:10:51",
  "message":"MyCompany\\MyPluginName\\Setup::handleRouteAfter( \\core\\base\\Event $event )",
  "level":4
}, 
{
  "time":"2018-05-06 12:10:51",
  "message":"MyCompany\\MyPluginName\\Setup::handleRouteBefore( \\core\\base\\Event $event )",
  "level":4
}, 
{
  "time":"2018-05-06 12:10:51",
  "message":"MyCompany\\MyPluginName\\Setup::handleRouteAfter( \\core\\base\\Event $event )",
  "level":4
}, 
{
  "time":"2018-05-06 12:10:51",
  "message":"MyCompany\\MyPluginName\\Setup::parseRouteBefore( \\core\\base\\Event $event )",
  "level":4
}, 
{
  "time":"2018-05-06 12:10:51",
  "message":"MyCompany\\MyPluginName\\Setup::parseRouteAfter( \\core\\base\\Event $event )",
  "level":4
}, 
{
  "time":"2018-05-06 12:10:51",
  "message":"MyCompany\\MyPluginName\\Setup::handleRouteBefore( \\core\\base\\Event $event )",
  "level":4
}, 
{
  "time":"2018-05-06 12:10:51",
  "message":"MyCompany\\MyPluginName\\Setup::handleRouteAfter( \\core\\base\\Event $event )",
  "level":4
}, 
{
  "time":"2018-05-06 12:10:51",
  "message":"MyCompany\\MyPluginName\\Setup::handleRouteBefore( \\core\\base\\Event $event )",
  "level":4
}, 
{
  "time":"2018-05-06 12:10:51",
  "message":"MyCompany\\MyPluginName\\Setup::handleRouteAfter( \\core\\base\\Event $event )",
  "level":4
}, 
{
  "time":"2018-05-06 12:11:01",
  "message":"MyCompany\\MyPluginName\\Setup::parseRouteBefore( \\core\\base\\Event $event )",
  "level":4
}, 
{
  "time":"2018-05-06 12:11:01",
  "message":"MyCompany\\MyPluginName\\Setup::parseRouteAfter( \\core\\base\\Event $event )",
  "level":4
}, 
{
  "time":"2018-05-06 12:11:01",
  "message":"MyCompany\\MyPluginName\\Setup::handleRouteBefore( \\core\\base\\Event $event )",
  "level":4
}, 
{
  "time":"2018-05-06 12:11:01",
  "message":"MyCompany\\MyPluginName\\Setup::handleRouteAfter( \\core\\base\\Event $event )",
  "level":4
}, 
{
  "time":"2018-05-06 12:11:01",
  "message":"MyCompany\\MyPluginName\\Setup::handleRouteBefore( \\core\\base\\Event $event )",
  "level":4
}, 
{
  "time":"2018-05-06 12:11:01",
  "message":"MyCompany\\MyPluginName\\Setup::handleRouteAfter( \\core\\base\\Event $event )",
  "level":4
}, 
{
  "time":"2018-05-06 12:11:01",
  "message":"MyCompany\\MyPluginName\\Setup::parseRouteBefore( \\core\\base\\Event $event )",
  "level":4
}, 
{
  "time":"2018-05-06 12:11:01",
  "message":"MyCompany\\MyPluginName\\Setup::parseRouteAfter( \\core\\base\\Event $event )",
  "level":4
}, 
{
  "time":"2018-05-06 12:11:01",
  "message":"MyCompany\\MyPluginName\\Setup::handleRouteBefore( \\core\\base\\Event $event )",
  "level":4
}, 
{
  "time":"2018-05-06 12:11:01",
  "message":"MyCompany\\MyPluginName\\Setup::handleRouteAfter( \\core\\base\\Event $event )",
  "level":4
}, 
{
  "time":"2018-05-06 12:11:01",
  "message":"MyCompany\\MyPluginName\\Setup::handleRouteBefore( \\core\\base\\Event $event )",
  "level":4
}, 
{
  "time":"2018-05-06 12:11:01",
  "message":"MyCompany\\MyPluginName\\Setup::handleRouteAfter( \\core\\base\\Event $event )",
  "level":4
}, 
{
  "time":"2018-05-06 12:11:32",
  "message":"MyCompany\\MyPluginName\\Setup::parseRouteBefore( \\core\\base\\Event $event )",
  "level":4
}, 
{
  "time":"2018-05-06 12:11:32",
  "message":"MyCompany\\MyPluginName\\Setup::parseRouteAfter( \\core\\base\\Event $event )",
  "level":4
}, 
{
  "time":"2018-05-06 12:11:32",
  "message":"MyCompany\\MyPluginName\\Setup::handleRouteBefore( \\core\\base\\Event $event )",
  "level":4
}, 
{
  "time":"2018-05-06 12:11:32",
  "message":"MyCompany\\MyPluginName\\Setup::handleRouteAfter( \\core\\base\\Event $event )",
  "level":4
}, 
{
  "time":"2018-05-06 12:11:32",
  "message":"MyCompany\\MyPluginName\\Setup::handleRouteBefore( \\core\\base\\Event $event )",
  "level":4
}, 
{
  "time":"2018-05-06 12:11:32",
  "message":"MyCompany\\MyPluginName\\Setup::handleRouteAfter( \\core\\base\\Event $event )",
  "level":4
}, 
{
  "time":"2018-05-06 12:11:32",
  "message":"MyCompany\\MyPluginName\\Setup::parseRouteBefore( \\core\\base\\Event $event )",
  "level":4
}, 
{
  "time":"2018-05-06 12:11:32",
  "message":"MyCompany\\MyPluginName\\Setup::parseRouteAfter( \\core\\base\\Event $event )",
  "level":4
}, 
{
  "time":"2018-05-06 12:11:32",
  "message":"MyCompany\\MyPluginName\\Setup::handleRouteBefore( \\core\\base\\Event $event )",
  "level":4
}, 
{
  "time":"2018-05-06 12:11:32",
  "message":"MyCompany\\MyPluginName\\Setup::handleRouteAfter( \\core\\base\\Event $event )",
  "level":4
}, 
{
  "time":"2018-05-06 12:11:32",
  "message":"MyCompany\\MyPluginName\\Setup::handleRouteBefore( \\core\\base\\Event $event )",
  "level":4
}, 
{
  "time":"2018-05-06 12:11:32",
  "message":"MyCompany\\MyPluginName\\Setup::handleRouteAfter( \\core\\base\\Event $event )",
  "level":4
}, 
{
  "time":"2018-05-06 12:11:41",
  "message":"MyCompany\\MyPluginName\\Setup::parseRouteBefore( \\core\\base\\Event $event )",
  "level":4
}, 
{
  "time":"2018-05-06 12:11:41",
  "message":"MyCompany\\MyPluginName\\Setup::parseRouteAfter( \\core\\base\\Event $event )",
  "level":4
}, 
{
  "time":"2018-05-06 12:11:41",
  "message":"MyCompany\\MyPluginName\\Setup::handleRouteBefore( \\core\\base\\Event $event )",
  "level":4
}, 
{
  "time":"2018-05-06 12:11:42",
  "message":"MyCompany\\MyPluginName\\Setup::handleRouteAfter( \\core\\base\\Event $event )",
  "level":4
}, 
{
  "time":"2018-05-06 12:11:42",
  "message":"MyCompany\\MyPluginName\\Setup::handleRouteBefore( \\core\\base\\Event $event )",
  "level":4
}, 
{
  "time":"2018-05-06 12:11:42",
  "message":"MyCompany\\MyPluginName\\Setup::handleRouteAfter( \\core\\base\\Event $event )",
  "level":4
}, 
{
  "time":"2018-05-06 12:11:42",
  "message":"MyCompany\\MyPluginName\\Setup::parseRouteBefore( \\core\\base\\Event $event )",
  "level":4
}, 
{
  "time":"2018-05-06 12:11:42",
  "message":"MyCompany\\MyPluginName\\Setup::parseRouteAfter( \\core\\base\\Event $event )",
  "level":4
}, 
{
  "time":"2018-05-06 12:11:42",
  "message":"MyCompany\\MyPluginName\\Setup::handleRouteBefore( \\core\\base\\Event $event )",
  "level":4
}, 
{
  "time":"2018-05-06 12:11:42",
  "message":"MyCompany\\MyPluginName\\Setup::handleRouteAfter( \\core\\base\\Event $event )",
  "level":4
}, 
{
  "time":"2018-05-06 12:11:42",
  "message":"MyCompany\\MyPluginName\\Setup::handleRouteBefore( \\core\\base\\Event $event )",
  "level":4
}, 
{
  "time":"2018-05-06 12:11:42",
  "message":"MyCompany\\MyPluginName\\Setup::handleRouteAfter( \\core\\base\\Event $event )",
  "level":4
}, 
{
  "time":"2018-05-06 12:12:04",
  "message":"MyCompany\\MyPluginName\\Setup::parseRouteBefore( \\core\\base\\Event $event )",
  "level":4
}, 
{
  "time":"2018-05-06 12:12:04",
  "message":"MyCompany\\MyPluginName\\Setup::parseRouteAfter( \\core\\base\\Event $event )",
  "level":4
}, 
{
  "time":"2018-05-06 12:12:04",
  "message":"MyCompany\\MyPluginName\\Setup::handleRouteBefore( \\core\\base\\Event $event )",
  "level":4
}, 
{
  "time":"2018-05-06 12:12:04",
  "message":"MyCompany\\MyPluginName\\Setup::handleRouteAfter( \\core\\base\\Event $event )",
  "level":4
}, 
{
  "time":"2018-05-06 12:12:04",
  "message":"MyCompany\\MyPluginName\\Setup::handleRouteBefore( \\core\\base\\Event $event )",
  "level":4
}, 
{
  "time":"2018-05-06 12:12:04",
  "message":"MyCompany\\MyPluginName\\Setup::handleRouteAfter( \\core\\base\\Event $event )",
  "level":4
}, 
{
  "time":"2018-05-06 12:12:04",
  "message":"MyCompany\\MyPluginName\\Setup::parseRouteBefore( \\core\\base\\Event $event )",
  "level":4
}, 
{
  "time":"2018-05-06 12:12:04",
  "message":"MyCompany\\MyPluginName\\Setup::parseRouteAfter( \\core\\base\\Event $event )",
  "level":4
}, 
{
  "time":"2018-05-06 12:12:04",
  "message":"MyCompany\\MyPluginName\\Setup::handleRouteBefore( \\core\\base\\Event $event )",
  "level":4
}, 
{
  "time":"2018-05-06 12:12:04",
  "message":"MyCompany\\MyPluginName\\Setup::handleRouteAfter( \\core\\base\\Event $event )",
  "level":4
}, 
{
  "time":"2018-05-06 12:12:04",
  "message":"MyCompany\\MyPluginName\\Setup::handleRouteBefore( \\core\\base\\Event $event )",
  "level":4
}, 
{
  "time":"2018-05-06 12:12:04",
  "message":"MyCompany\\MyPluginName\\Setup::handleRouteAfter( \\core\\base\\Event $event )",
  "level":4
}, 
{
  "time":"2018-05-06 12:12:08",
  "message":"MyCompany\\MyPluginName\\Setup::parseRouteBefore( \\core\\base\\Event $event )",
  "level":4
}, 
{
  "time":"2018-05-06 12:12:08",
  "message":"MyCompany\\MyPluginName\\Setup::parseRouteAfter( \\core\\base\\Event $event )",
  "level":4
}, 
{
  "time":"2018-05-06 12:12:08",
  "message":"MyCompany\\MyPluginName\\Setup::handleRouteBefore( \\core\\base\\Event $event )",
  "level":4
}, 
{
  "time":"2018-05-06 12:12:08",
  "message":"MyCompany\\MyPluginName\\Setup::handleRouteAfter( \\core\\base\\Event $event )",
  "level":4
}, 
{
  "time":"2018-05-06 12:12:08",
  "message":"MyCompany\\MyPluginName\\Setup::handleRouteBefore( \\core\\base\\Event $event )",
  "level":4
}, 
{
  "time":"2018-05-06 12:12:08",
  "message":"MyCompany\\MyPluginName\\Setup::handleRouteAfter( \\core\\base\\Event $event )",
  "level":4
}, 
{
  "time":"2018-05-06 12:12:08",
  "message":"MyCompany\\MyPluginName\\Setup::parseRouteBefore( \\core\\base\\Event $event )",
  "level":4
}, 
{
  "time":"2018-05-06 12:12:08",
  "message":"MyCompany\\MyPluginName\\Setup::parseRouteAfter( \\core\\base\\Event $event )",
  "level":4
}, 
{
  "time":"2018-05-06 12:12:08",
  "message":"MyCompany\\MyPluginName\\Setup::handleRouteBefore( \\core\\base\\Event $event )",
  "level":4
}, 
{
  "time":"2018-05-06 12:12:08",
  "message":"MyCompany\\MyPluginName\\Setup::handleRouteAfter( \\core\\base\\Event $event )",
  "level":4
}, 
{
  "time":"2018-05-06 12:12:08",
  "message":"MyCompany\\MyPluginName\\Setup::handleRouteBefore( \\core\\base\\Event $event )",
  "level":4
}, 
{
  "time":"2018-05-06 12:12:08",
  "message":"MyCompany\\MyPluginName\\Setup::handleRouteAfter( \\core\\base\\Event $event )",
  "level":4
}, 
{
  "time":"2018-05-06 12:12:36",
  "message":"MyCompany\\MyPluginName\\Setup::parseRouteBefore( \\core\\base\\Event $event )",
  "level":4
}, 
{
  "time":"2018-05-06 12:12:36",
  "message":"MyCompany\\MyPluginName\\Setup::parseRouteAfter( \\core\\base\\Event $event )",
  "level":4
}, 
{
  "time":"2018-05-06 12:12:36",
  "message":"MyCompany\\MyPluginName\\Setup::handleRouteBefore( \\core\\base\\Event $event )",
  "level":4
}, 
{
  "time":"2018-05-06 12:12:36",
  "message":"MyCompany\\MyPluginName\\Setup::handleRouteAfter( \\core\\base\\Event $event )",
  "level":4
}, 
{
  "time":"2018-05-06 12:12:36",
  "message":"MyCompany\\MyPluginName\\Setup::handleRouteBefore( \\core\\base\\Event $event )",
  "level":4
}, 
{
  "time":"2018-05-06 12:12:36",
  "message":"MyCompany\\MyPluginName\\Setup::handleRouteAfter( \\core\\base\\Event $event )",
  "level":4
}, 
{
  "time":"2018-05-06 12:12:36",
  "message":"MyCompany\\MyPluginName\\Setup::parseRouteBefore( \\core\\base\\Event $event )",
  "level":4
}, 
{
  "time":"2018-05-06 12:12:36",
  "message":"MyCompany\\MyPluginName\\Setup::parseRouteAfter( \\core\\base\\Event $event )",
  "level":4
}, 
{
  "time":"2018-05-06 12:12:36",
  "message":"MyCompany\\MyPluginName\\Setup::handleRouteBefore( \\core\\base\\Event $event )",
  "level":4
}, 
{
  "time":"2018-05-06 12:12:36",
  "message":"MyCompany\\MyPluginName\\Setup::handleRouteAfter( \\core\\base\\Event $event )",
  "level":4
}, 
{
  "time":"2018-05-06 12:12:36",
  "message":"MyCompany\\MyPluginName\\Setup::handleRouteBefore( \\core\\base\\Event $event )",
  "level":4
}, 
{
  "time":"2018-05-06 12:12:36",
  "message":"MyCompany\\MyPluginName\\Setup::handleRouteAfter( \\core\\base\\Event $event )",
  "level":4
}, 
{
  "time":"2018-05-06 12:12:45",
  "message":"MyCompany\\MyPluginName\\Setup::parseRouteBefore( \\core\\base\\Event $event )",
  "level":4
}, 
{
  "time":"2018-05-06 12:12:45",
  "message":"MyCompany\\MyPluginName\\Setup::parseRouteAfter( \\core\\base\\Event $event )",
  "level":4
}, 
{
  "time":"2018-05-06 12:12:45",
  "message":"MyCompany\\MyPluginName\\Setup::handleRouteBefore( \\core\\base\\Event $event )",
  "level":4
}, 
{
  "time":"2018-05-06 12:12:45",
  "message":"MyCompany\\MyPluginName\\Setup::handleRouteAfter( \\core\\base\\Event $event )",
  "level":4
}, 
{
  "time":"2018-05-06 12:12:45",
  "message":"MyCompany\\MyPluginName\\Setup::handleRouteBefore( \\core\\base\\Event $event )",
  "level":4
}, 
{
  "time":"2018-05-06 12:12:45",
  "message":"MyCompany\\MyPluginName\\Setup::handleRouteAfter( \\core\\base\\Event $event )",
  "level":4
}, 
{
  "time":"2018-05-06 12:12:45",
  "message":"MyCompany\\MyPluginName\\Setup::parseRouteBefore( \\core\\base\\Event $event )",
  "level":4
}, 
{
  "time":"2018-05-06 12:12:45",
  "message":"MyCompany\\MyPluginName\\Setup::parseRouteAfter( \\core\\base\\Event $event )",
  "level":4
}, 
{
  "time":"2018-05-06 12:12:45",
  "message":"MyCompany\\MyPluginName\\Setup::handleRouteBefore( \\core\\base\\Event $event )",
  "level":4
}, 
{
  "time":"2018-05-06 12:12:45",
  "message":"MyCompany\\MyPluginName\\Setup::handleRouteAfter( \\core\\base\\Event $event )",
  "level":4
}, 
{
  "time":"2018-05-06 12:12:45",
  "message":"MyCompany\\MyPluginName\\Setup::handleRouteBefore( \\core\\base\\Event $event )",
  "level":4
}, 
{
  "time":"2018-05-06 12:12:45",
  "message":"MyCompany\\MyPluginName\\Setup::handleRouteAfter( \\core\\base\\Event $event )",
  "level":4
}, 
{
  "time":"2018-05-06 12:13:03",
  "message":"MyCompany\\MyPluginName\\Setup::parseRouteBefore( \\core\\base\\Event $event )",
  "level":4
}, 
{
  "time":"2018-05-06 12:13:03",
  "message":"MyCompany\\MyPluginName\\Setup::parseRouteAfter( \\core\\base\\Event $event )",
  "level":4
}, 
{
  "time":"2018-05-06 12:13:03",
  "message":"MyCompany\\MyPluginName\\Setup::handleRouteBefore( \\core\\base\\Event $event )",
  "level":4
}, 
{
  "time":"2018-05-06 12:13:03",
  "message":"MyCompany\\MyPluginName\\Setup::handleRouteAfter( \\core\\base\\Event $event )",
  "level":4
}, 
{
  "time":"2018-05-06 12:13:03",
  "message":"MyCompany\\MyPluginName\\Setup::handleRouteBefore( \\core\\base\\Event $event )",
  "level":4
}, 
{
  "time":"2018-05-06 12:13:03",
  "message":"MyCompany\\MyPluginName\\Setup::handleRouteAfter( \\core\\base\\Event $event )",
  "level":4
}, 
{
  "time":"2018-05-06 12:13:03",
  "message":"MyCompany\\MyPluginName\\Setup::parseRouteBefore( \\core\\base\\Event $event )",
  "level":4
}, 
{
  "time":"2018-05-06 12:13:03",
  "message":"MyCompany\\MyPluginName\\Setup::parseRouteAfter( \\core\\base\\Event $event )",
  "level":4
}, 
{
  "time":"2018-05-06 12:13:03",
  "message":"MyCompany\\MyPluginName\\Setup::handleRouteBefore( \\core\\base\\Event $event )",
  "level":4
}, 
{
  "time":"2018-05-06 12:13:03",
  "message":"MyCompany\\MyPluginName\\Setup::handleRouteAfter( \\core\\base\\Event $event )",
  "level":4
}, 
{
  "time":"2018-05-06 12:13:03",
  "message":"MyCompany\\MyPluginName\\Setup::handleRouteBefore( \\core\\base\\Event $event )",
  "level":4
}, 
{
  "time":"2018-05-06 12:13:03",
  "message":"MyCompany\\MyPluginName\\Setup::handleRouteAfter( \\core\\base\\Event $event )",
  "level":4
}, 
{
  "time":"2018-05-06 12:13:20",
  "message":"MyCompany\\MyPluginName\\Setup::parseRouteBefore( \\core\\base\\Event $event )",
  "level":4
}, 
{
  "time":"2018-05-06 12:13:20",
  "message":"MyCompany\\MyPluginName\\Setup::parseRouteAfter( \\core\\base\\Event $event )",
  "level":4
}, 
{
  "time":"2018-05-06 12:13:20",
  "message":"MyCompany\\MyPluginName\\Setup::handleRouteBefore( \\core\\base\\Event $event )",
  "level":4
}, 
{
  "time":"2018-05-06 12:13:20",
  "message":"MyCompany\\MyPluginName\\Setup::handleRouteAfter( \\core\\base\\Event $event )",
  "level":4
}, 
{
  "time":"2018-05-06 12:13:20",
  "message":"MyCompany\\MyPluginName\\Setup::parseRouteBefore( \\core\\base\\Event $event )",
  "level":4
}, 
{
  "time":"2018-05-06 12:13:20",
  "message":"MyCompany\\MyPluginName\\Setup::parseRouteAfter( \\core\\base\\Event $event )",
  "level":4
}, 
{
  "time":"2018-05-06 12:13:20",
  "message":"MyCompany\\MyPluginName\\Setup::handleRouteBefore( \\core\\base\\Event $event )",
  "level":4
}, 
{
  "time":"2018-05-06 12:13:20",
  "message":"MyCompany\\MyPluginName\\Setup::handleRouteAfter( \\core\\base\\Event $event )",
  "level":4
}, 
{
  "time":"2018-05-06 12:13:34",
  "message":"MyCompany\\MyPluginName\\Setup::parseRouteBefore( \\core\\base\\Event $event )",
  "level":4
}, 
{
  "time":"2018-05-06 12:13:34",
  "message":"MyCompany\\MyPluginName\\Setup::parseRouteAfter( \\core\\base\\Event $event )",
  "level":4
}, 
{
  "time":"2018-05-06 12:13:34",
  "message":"MyCompany\\MyPluginName\\Setup::handleRouteBefore( \\core\\base\\Event $event )",
  "level":4
}, 
{
  "time":"2018-05-06 12:13:34",
  "message":"MyCompany\\MyPluginName\\Setup::handleRouteAfter( \\core\\base\\Event $event )",
  "level":4
}, 
{
  "time":"2018-05-06 12:13:35",
  "message":"MyCompany\\MyPluginName\\Setup::parseRouteBefore( \\core\\base\\Event $event )",
  "level":4
}, 
{
  "time":"2018-05-06 12:13:35",
  "message":"MyCompany\\MyPluginName\\Setup::parseRouteAfter( \\core\\base\\Event $event )",
  "level":4
}, 
{
  "time":"2018-05-06 12:13:35",
  "message":"MyCompany\\MyPluginName\\Setup::handleRouteBefore( \\core\\base\\Event $event )",
  "level":4
}, 
{
  "time":"2018-05-06 12:13:35",
  "message":"MyCompany\\MyPluginName\\Setup::handleRouteAfter( \\core\\base\\Event $event )",
  "level":4
}, 
{
  "time":"2018-05-06 12:13:40",
  "message":"MyCompany\\MyPluginName\\Setup::parseRouteBefore( \\core\\base\\Event $event )",
  "level":4
}, 
{
  "time":"2018-05-06 12:13:40",
  "message":"MyCompany\\MyPluginName\\Setup::parseRouteAfter( \\core\\base\\Event $event )",
  "level":4
}, 
{
  "time":"2018-05-06 12:13:40",
  "message":"MyCompany\\MyPluginName\\Setup::handleRouteBefore( \\core\\base\\Event $event )",
  "level":4
}, 
{
  "time":"2018-05-06 12:13:41",
  "message":"MyCompany\\MyPluginName\\Setup::handleRouteAfter( \\core\\base\\Event $event )",
  "level":4
}, 
{
  "time":"2018-05-06 12:13:41",
  "message":"MyCompany\\MyPluginName\\Setup::parseRouteBefore( \\core\\base\\Event $event )",
  "level":4
}, 
{
  "time":"2018-05-06 12:13:41",
  "message":"MyCompany\\MyPluginName\\Setup::parseRouteAfter( \\core\\base\\Event $event )",
  "level":4
}, 
{
  "time":"2018-05-06 12:13:41",
  "message":"MyCompany\\MyPluginName\\Setup::handleRouteBefore( \\core\\base\\Event $event )",
  "level":4
}, 
{
  "time":"2018-05-06 12:13:41",
  "message":"MyCompany\\MyPluginName\\Setup::handleRouteAfter( \\core\\base\\Event $event )",
  "level":4
}, 
{
  "time":"2018-05-06 12:13:52",
  "message":"MyCompany\\MyPluginName\\Setup::parseRouteBefore( \\core\\base\\Event $event )",
  "level":4
}, 
{
  "time":"2018-05-06 12:13:52",
  "message":"MyCompany\\MyPluginName\\Setup::parseRouteAfter( \\core\\base\\Event $event )",
  "level":4
}, 
{
  "time":"2018-05-06 12:13:52",
  "message":"MyCompany\\MyPluginName\\Setup::handleRouteBefore( \\core\\base\\Event $event )",
  "level":4
}, 
{
  "time":"2018-05-06 12:13:52",
  "message":"MyCompany\\MyPluginName\\Setup::handleRouteAfter( \\core\\base\\Event $event )",
  "level":4
}, 
{
  "time":"2018-05-06 12:13:52",
  "message":"MyCompany\\MyPluginName\\Setup::parseRouteBefore( \\core\\base\\Event $event )",
  "level":4
}, 
{
  "time":"2018-05-06 12:13:52",
  "message":"MyCompany\\MyPluginName\\Setup::parseRouteAfter( \\core\\base\\Event $event )",
  "level":4
}, 
{
  "time":"2018-05-06 12:13:52",
  "message":"MyCompany\\MyPluginName\\Setup::handleRouteBefore( \\core\\base\\Event $event )",
  "level":4
}, 
{
  "time":"2018-05-06 12:13:52",
  "message":"MyCompany\\MyPluginName\\Setup::handleRouteAfter( \\core\\base\\Event $event )",
  "level":4
}, 
{
  "time":"2018-05-06 12:14:31",
  "message":"MyCompany\\MyPluginName\\Setup::parseRouteBefore( \\core\\base\\Event $event )",
  "level":4
}, 
{
  "time":"2018-05-06 12:14:31",
  "message":"MyCompany\\MyPluginName\\Setup::parseRouteAfter( \\core\\base\\Event $event )",
  "level":4
}, 
{
  "time":"2018-05-06 12:14:32",
  "message":"MyCompany\\MyPluginName\\Setup::parseRouteBefore( \\core\\base\\Event $event )",
  "level":4
}, 
{
  "time":"2018-05-06 12:14:32",
  "message":"MyCompany\\MyPluginName\\Setup::parseRouteAfter( \\core\\base\\Event $event )",
  "level":4
}, 
{
  "time":"2018-05-06 12:14:36",
  "message":"MyCompany\\MyPluginName\\Setup::parseRouteBefore( \\core\\base\\Event $event )",
  "level":4
}, 
{
  "time":"2018-05-06 12:14:36",
  "message":"MyCompany\\MyPluginName\\Setup::parseRouteAfter( \\core\\base\\Event $event )",
  "level":4
}, 
{
  "time":"2018-05-06 12:14:36",
  "message":"MyCompany\\MyPluginName\\Setup::handleRouteBefore( \\core\\base\\Event $event )",
  "level":4
}, 
{
  "time":"2018-05-06 12:14:36",
  "message":"MyCompany\\MyPluginName\\Setup::handleRouteAfter( \\core\\base\\Event $event )",
  "level":4
}, 
{
  "time":"2018-05-06 12:14:36",
  "message":"MyCompany\\MyPluginName\\Setup::parseRouteBefore( \\core\\base\\Event $event )",
  "level":4
}, 
{
  "time":"2018-05-06 12:14:36",
  "message":"MyCompany\\MyPluginName\\Setup::parseRouteAfter( \\core\\base\\Event $event )",
  "level":4
}, 
{
  "time":"2018-05-06 12:14:36",
  "message":"MyCompany\\MyPluginName\\Setup::handleRouteBefore( \\core\\base\\Event $event )",
  "level":4
}, 
{
  "time":"2018-05-06 12:14:36",
  "message":"MyCompany\\MyPluginName\\Setup::handleRouteAfter( \\core\\base\\Event $event )",
  "level":4
}, 
{
  "time":"2018-05-06 12:14:41",
  "message":"MyCompany\\MyPluginName\\Setup::parseRouteBefore( \\core\\base\\Event $event )",
  "level":4
}, 
{
  "time":"2018-05-06 12:14:41",
  "message":"MyCompany\\MyPluginName\\Setup::parseRouteAfter( \\core\\base\\Event $event )",
  "level":4
}, 
{
  "time":"2018-05-06 12:14:41",
  "message":"MyCompany\\MyPluginName\\Setup::handleRouteBefore( \\core\\base\\Event $event )",
  "level":4
}, 
{
  "time":"2018-05-06 12:14:41",
  "message":"MyCompany\\MyPluginName\\Setup::handleRouteAfter( \\core\\base\\Event $event )",
  "level":4
}, 
{
  "time":"2018-05-06 12:14:41",
  "message":"MyCompany\\MyPluginName\\Setup::parseRouteBefore( \\core\\base\\Event $event )",
  "level":4
}, 
{
  "time":"2018-05-06 12:14:41",
  "message":"MyCompany\\MyPluginName\\Setup::parseRouteAfter( \\core\\base\\Event $event )",
  "level":4
}, 
{
  "time":"2018-05-06 12:14:41",
  "message":"MyCompany\\MyPluginName\\Setup::handleRouteBefore( \\core\\base\\Event $event )",
  "level":4
}, 
{
  "time":"2018-05-06 12:14:41",
  "message":"MyCompany\\MyPluginName\\Setup::handleRouteAfter( \\core\\base\\Event $event )",
  "level":4
}, 
{
  "time":"2018-05-06 12:14:54",
  "message":"MyCompany\\MyPluginName\\Setup::parseRouteBefore( \\core\\base\\Event $event )",
  "level":4
}, 
{
  "time":"2018-05-06 12:14:54",
  "message":"MyCompany\\MyPluginName\\Setup::parseRouteAfter( \\core\\base\\Event $event )",
  "level":4
}, 
{
  "time":"2018-05-06 12:14:54",
  "message":"MyCompany\\MyPluginName\\Setup::handleRouteBefore( \\core\\base\\Event $event )",
  "level":4
}, 
{
  "time":"2018-05-06 12:14:54",
  "message":"MyCompany\\MyPluginName\\Setup::handleRouteAfter( \\core\\base\\Event $event )",
  "level":4
}, 
{
  "time":"2018-05-06 12:14:54",
  "message":"MyCompany\\MyPluginName\\Setup::parseRouteBefore( \\core\\base\\Event $event )",
  "level":4
}, 
{
  "time":"2018-05-06 12:14:54",
  "message":"MyCompany\\MyPluginName\\Setup::parseRouteAfter( \\core\\base\\Event $event )",
  "level":4
}, 
{
  "time":"2018-05-06 12:14:54",
  "message":"MyCompany\\MyPluginName\\Setup::handleRouteBefore( \\core\\base\\Event $event )",
  "level":4
}, 
{
  "time":"2018-05-06 12:14:54",
  "message":"MyCompany\\MyPluginName\\Setup::handleRouteAfter( \\core\\base\\Event $event )",
  "level":4
}, 
{
  "time":"2018-05-06 12:15:18",
  "message":"MyCompany\\MyPluginName\\Setup::parseRouteBefore( \\core\\base\\Event $event )",
  "level":4
}, 
{
  "time":"2018-05-06 12:15:18",
  "message":"MyCompany\\MyPluginName\\Setup::parseRouteAfter( \\core\\base\\Event $event )",
  "level":4
}, 
{
  "time":"2018-05-06 12:15:18",
  "message":"MyCompany\\MyPluginName\\Setup::handleRouteBefore( \\core\\base\\Event $event )",
  "level":4
}, 
{
  "time":"2018-05-06 12:15:18",
  "message":"MyCompany\\MyPluginName\\Setup::handleRouteAfter( \\core\\base\\Event $event )",
  "level":4
}, 
{
  "time":"2018-05-06 12:15:18",
  "message":"MyCompany\\MyPluginName\\Setup::parseRouteBefore( \\core\\base\\Event $event )",
  "level":4
}, 
{
  "time":"2018-05-06 12:15:18",
  "message":"MyCompany\\MyPluginName\\Setup::parseRouteAfter( \\core\\base\\Event $event )",
  "level":4
}, 
{
  "time":"2018-05-06 12:15:18",
  "message":"MyCompany\\MyPluginName\\Setup::handleRouteBefore( \\core\\base\\Event $event )",
  "level":4
}, 
{
  "time":"2018-05-06 12:15:18",
  "message":"MyCompany\\MyPluginName\\Setup::handleRouteAfter( \\core\\base\\Event $event )",
  "level":4
}, 
{
  "time":"2018-05-06 12:15:24",
  "message":"MyCompany\\MyPluginName\\Setup::parseRouteBefore( \\core\\base\\Event $event )",
  "level":4
}, 
{
  "time":"2018-05-06 12:15:24",
  "message":"MyCompany\\MyPluginName\\Setup::parseRouteAfter( \\core\\base\\Event $event )",
  "level":4
}, 
{
  "time":"2018-05-06 12:15:24",
  "message":"MyCompany\\MyPluginName\\Setup::handleRouteBefore( \\core\\base\\Event $event )",
  "level":4
}, 
{
  "time":"2018-05-06 12:15:24",
  "message":"MyCompany\\MyPluginName\\Setup::handleRouteAfter( \\core\\base\\Event $event )",
  "level":4
}, 
{
  "time":"2018-05-06 12:15:24",
  "message":"MyCompany\\MyPluginName\\Setup::parseRouteBefore( \\core\\base\\Event $event )",
  "level":4
}, 
{
  "time":"2018-05-06 12:15:24",
  "message":"MyCompany\\MyPluginName\\Setup::parseRouteAfter( \\core\\base\\Event $event )",
  "level":4
}, 
{
  "time":"2018-05-06 12:15:24",
  "message":"MyCompany\\MyPluginName\\Setup::handleRouteBefore( \\core\\base\\Event $event )",
  "level":4
}, 
{
  "time":"2018-05-06 12:15:24",
  "message":"MyCompany\\MyPluginName\\Setup::handleRouteAfter( \\core\\base\\Event $event )",
  "level":4
}, 
{
  "time":"2018-05-06 12:15:30",
  "message":"MyCompany\\MyPluginName\\Setup::parseRouteBefore( \\core\\base\\Event $event )",
  "level":4
}, 
{
  "time":"2018-05-06 12:15:30",
  "message":"MyCompany\\MyPluginName\\Setup::parseRouteAfter( \\core\\base\\Event $event )",
  "level":4
}, 
{
  "time":"2018-05-06 12:15:30",
  "message":"MyCompany\\MyPluginName\\Setup::handleRouteBefore( \\core\\base\\Event $event )",
  "level":4
}, 
{
  "time":"2018-05-06 12:15:30",
  "message":"MyCompany\\MyPluginName\\Setup::handleRouteAfter( \\core\\base\\Event $event )",
  "level":4
}, 
{
  "time":"2018-05-06 12:15:30",
  "message":"MyCompany\\MyPluginName\\Setup::parseRouteBefore( \\core\\base\\Event $event )",
  "level":4
}, 
{
  "time":"2018-05-06 12:15:30",
  "message":"MyCompany\\MyPluginName\\Setup::parseRouteAfter( \\core\\base\\Event $event )",
  "level":4
}, 
{
  "time":"2018-05-06 12:15:30",
  "message":"MyCompany\\MyPluginName\\Setup::handleRouteBefore( \\core\\base\\Event $event )",
  "level":4
}, 
{
  "time":"2018-05-06 12:15:30",
  "message":"MyCompany\\MyPluginName\\Setup::handleRouteAfter( \\core\\base\\Event $event )",
  "level":4
}, 
{
  "time":"2018-05-06 12:15:50",
  "message":"MyCompany\\MyPluginName\\Setup::parseRouteBefore( \\core\\base\\Event $event )",
  "level":4
}, 
{
  "time":"2018-05-06 12:15:50",
  "message":"MyCompany\\MyPluginName\\Setup::parseRouteAfter( \\core\\base\\Event $event )",
  "level":4
}, 
{
  "time":"2018-05-06 12:15:50",
  "message":"MyCompany\\MyPluginName\\Setup::handleRouteBefore( \\core\\base\\Event $event )",
  "level":4
}, 
{
  "time":"2018-05-06 12:15:50",
  "message":"MyCompany\\MyPluginName\\Setup::handleRouteAfter( \\core\\base\\Event $event )",
  "level":4
}, 
{
  "time":"2018-05-06 12:15:50",
  "message":"MyCompany\\MyPluginName\\Setup::parseRouteBefore( \\core\\base\\Event $event )",
  "level":4
}, 
{
  "time":"2018-05-06 12:15:50",
  "message":"MyCompany\\MyPluginName\\Setup::parseRouteAfter( \\core\\base\\Event $event )",
  "level":4
}, 
{
  "time":"2018-05-06 12:15:50",
  "message":"MyCompany\\MyPluginName\\Setup::handleRouteBefore( \\core\\base\\Event $event )",
  "level":4
}, 
{
  "time":"2018-05-06 12:15:50",
  "message":"MyCompany\\MyPluginName\\Setup::handleRouteAfter( \\core\\base\\Event $event )",
  "level":4
}, 
{
  "time":"2018-05-06 12:16:10",
  "message":"MyCompany\\MyPluginName\\Setup::parseRouteBefore( \\core\\base\\Event $event )",
  "level":4
}, 
{
  "time":"2018-05-06 12:16:10",
  "message":"MyCompany\\MyPluginName\\Setup::parseRouteAfter( \\core\\base\\Event $event )",
  "level":4
}, 
{
  "time":"2018-05-06 12:16:10",
  "message":"MyCompany\\MyPluginName\\Setup::handleRouteBefore( \\core\\base\\Event $event )",
  "level":4
}, 
{
  "time":"2018-05-06 12:16:10",
  "message":"MyCompany\\MyPluginName\\Setup::parseRouteBefore( \\core\\base\\Event $event )",
  "level":4
}, 
{
  "time":"2018-05-06 12:16:10",
  "message":"MyCompany\\MyPluginName\\Setup::parseRouteAfter( \\core\\base\\Event $event )",
  "level":4
}, 
{
  "time":"2018-05-06 12:16:10",
  "message":"MyCompany\\MyPluginName\\Setup::handleRouteBefore( \\core\\base\\Event $event )",
  "level":4
}, 
{
  "time":"2018-05-06 12:16:14",
  "message":"MyCompany\\MyPluginName\\Setup::parseRouteBefore( \\core\\base\\Event $event )",
  "level":4
}, 
{
  "time":"2018-05-06 12:16:14",
  "message":"MyCompany\\MyPluginName\\Setup::parseRouteAfter( \\core\\base\\Event $event )",
  "level":4
}, 
{
  "time":"2018-05-06 12:16:14",
  "message":"MyCompany\\MyPluginName\\Setup::handleRouteBefore( \\core\\base\\Event $event )",
  "level":4
}, 
{
  "time":"2018-05-06 12:16:14",
  "message":"MyCompany\\MyPluginName\\Setup::parseRouteBefore( \\core\\base\\Event $event )",
  "level":4
}, 
{
  "time":"2018-05-06 12:16:14",
  "message":"MyCompany\\MyPluginName\\Setup::parseRouteAfter( \\core\\base\\Event $event )",
  "level":4
}, 
{
  "time":"2018-05-06 12:16:14",
  "message":"MyCompany\\MyPluginName\\Setup::handleRouteBefore( \\core\\base\\Event $event )",
  "level":4
}, 
{
  "time":"2018-05-06 12:16:41",
  "message":"MyCompany\\MyPluginName\\Setup::parseRouteBefore( \\core\\base\\Event $event )",
  "level":4
}, 
{
  "time":"2018-05-06 12:16:41",
  "message":"MyCompany\\MyPluginName\\Setup::parseRouteAfter( \\core\\base\\Event $event )",
  "level":4
}, 
{
  "time":"2018-05-06 12:16:41",
  "message":"MyCompany\\MyPluginName\\Setup::handleRouteBefore( \\core\\base\\Event $event )",
  "level":4
}, 
{
  "time":"2018-05-06 12:16:41",
  "message":"MyCompany\\MyPluginName\\Setup::handleRouteAfter( \\core\\base\\Event $event )",
  "level":4
}, 
{
  "time":"2018-05-06 12:16:41",
  "message":"MyCompany\\MyPluginName\\Setup::parseRouteBefore( \\core\\base\\Event $event )",
  "level":4
}, 
{
  "time":"2018-05-06 12:16:41",
  "message":"MyCompany\\MyPluginName\\Setup::parseRouteAfter( \\core\\base\\Event $event )",
  "level":4
}, 
{
  "time":"2018-05-06 12:16:41",
  "message":"MyCompany\\MyPluginName\\Setup::handleRouteBefore( \\core\\base\\Event $event )",
  "level":4
}, 
{
  "time":"2018-05-06 12:16:41",
  "message":"MyCompany\\MyPluginName\\Setup::handleRouteAfter( \\core\\base\\Event $event )",
  "level":4
}, 
{
  "time":"2018-05-06 12:16:58",
  "message":"MyCompany\\MyPluginName\\Setup::parseRouteBefore( \\core\\base\\Event $event )",
  "level":4
}, 
{
  "time":"2018-05-06 12:16:58",
  "message":"MyCompany\\MyPluginName\\Setup::handleRouteBefore( \\core\\base\\Event $event )",
  "level":4
}, 
{
  "time":"2018-05-06 12:16:58",
  "message":"MyCompany\\MyPluginName\\Setup::handleRouteAfter( \\core\\base\\Event $event )",
  "level":4
}, 
{
  "time":"2018-05-06 12:16:58",
  "message":"MyCompany\\MyPluginName\\Setup::parseRouteBefore( \\core\\base\\Event $event )",
  "level":4
}, 
{
  "time":"2018-05-06 12:16:58",
  "message":"MyCompany\\MyPluginName\\Setup::parseRouteAfter( \\core\\base\\Event $event )",
  "level":4
}, 
{
  "time":"2018-05-06 12:16:58",
  "message":"MyCompany\\MyPluginName\\Setup::handleRouteBefore( \\core\\base\\Event $event )",
  "level":4
}, 
{
  "time":"2018-05-06 12:16:58",
  "message":"MyCompany\\MyPluginName\\Setup::handleRouteAfter( \\core\\base\\Event $event )",
  "level":4
}, 
{
  "time":"2018-05-06 12:17:19",
  "message":"MyCompany\\MyPluginName\\Setup::parseRouteBefore( \\core\\base\\Event $event )",
  "level":4
}, 
{
  "time":"2018-05-06 12:17:19",
  "message":"MyCompany\\MyPluginName\\Setup::parseRouteAfter( \\core\\base\\Event $event )",
  "level":4
}, 
{
  "time":"2018-05-06 12:17:19",
  "message":"MyCompany\\MyPluginName\\Setup::handleRouteBefore( \\core\\base\\Event $event )",
  "level":4
}, 
{
  "time":"2018-05-06 12:17:19",
  "message":"MyCompany\\MyPluginName\\Setup::handleRouteAfter( \\core\\base\\Event $event )",
  "level":4
}, 
{
  "time":"2018-05-06 12:17:19",
  "message":"MyCompany\\MyPluginName\\Setup::handleRouteBefore( \\core\\base\\Event $event )",
  "level":4
}, 
{
  "time":"2018-05-06 12:17:19",
  "message":"MyCompany\\MyPluginName\\Setup::handleRouteAfter( \\core\\base\\Event $event )",
  "level":4
}, 
{
  "time":"2018-05-06 12:17:19",
  "message":"MyCompany\\MyPluginName\\Setup::parseRouteBefore( \\core\\base\\Event $event )",
  "level":4
}, 
{
  "time":"2018-05-06 12:17:19",
  "message":"MyCompany\\MyPluginName\\Setup::parseRouteAfter( \\core\\base\\Event $event )",
  "level":4
}, 
{
  "time":"2018-05-06 12:17:19",
  "message":"MyCompany\\MyPluginName\\Setup::handleRouteBefore( \\core\\base\\Event $event )",
  "level":4
}, 
{
  "time":"2018-05-06 12:17:19",
  "message":"MyCompany\\MyPluginName\\Setup::handleRouteAfter( \\core\\base\\Event $event )",
  "level":4
}, 
{
  "time":"2018-05-06 12:17:19",
  "message":"MyCompany\\MyPluginName\\Setup::handleRouteBefore( \\core\\base\\Event $event )",
  "level":4
}, 
{
  "time":"2018-05-06 12:17:19",
  "message":"MyCompany\\MyPluginName\\Setup::handleRouteAfter( \\core\\base\\Event $event )",
  "level":4
}, 
{
  "time":"2018-05-06 12:17:43",
  "message":"MyCompany\\MyPluginName\\Setup::parseRouteBefore( \\core\\base\\Event $event )",
  "level":4
}, 
{
  "time":"2018-05-06 12:17:43",
  "message":"MyCompany\\MyPluginName\\Setup::parseRouteAfter( \\core\\base\\Event $event )",
  "level":4
}, 
{
  "time":"2018-05-06 12:17:43",
  "message":"MyCompany\\MyPluginName\\Setup::handleRouteBefore( \\core\\base\\Event $event )",
  "level":4
}, 
{
  "time":"2018-05-06 12:17:43",
  "message":"MyCompany\\MyPluginName\\Setup::handleRouteAfter( \\core\\base\\Event $event )",
  "level":4
}, 
{
  "time":"2018-05-06 12:17:43",
  "message":"MyCompany\\MyPluginName\\Setup::handleRouteBefore( \\core\\base\\Event $event )",
  "level":4
}, 
{
  "time":"2018-05-06 12:17:43",
  "message":"MyCompany\\MyPluginName\\Setup::handleRouteAfter( \\core\\base\\Event $event )",
  "level":4
}, 
{
  "time":"2018-05-06 12:17:43",
  "message":"MyCompany\\MyPluginName\\Setup::parseRouteBefore( \\core\\base\\Event $event )",
  "level":4
}, 
{
  "time":"2018-05-06 12:17:43",
  "message":"MyCompany\\MyPluginName\\Setup::parseRouteAfter( \\core\\base\\Event $event )",
  "level":4
}, 
{
  "time":"2018-05-06 12:17:43",
  "message":"MyCompany\\MyPluginName\\Setup::handleRouteBefore( \\core\\base\\Event $event )",
  "level":4
}, 
{
  "time":"2018-05-06 12:17:43",
  "message":"MyCompany\\MyPluginName\\Setup::handleRouteAfter( \\core\\base\\Event $event )",
  "level":4
}, 
{
  "time":"2018-05-06 12:17:43",
  "message":"MyCompany\\MyPluginName\\Setup::handleRouteBefore( \\core\\base\\Event $event )",
  "level":4
}, 
{
  "time":"2018-05-06 12:17:43",
  "message":"MyCompany\\MyPluginName\\Setup::handleRouteAfter( \\core\\base\\Event $event )",
  "level":4
}, 
{
  "time":"2018-05-06 12:18:30",
  "message":"MyCompany\\MyPluginName\\Setup::parseRouteBefore( \\core\\base\\Event $event )",
  "level":4
}, 
{
  "time":"2018-05-06 12:18:30",
  "message":"MyCompany\\MyPluginName\\Setup::parseRouteAfter( \\core\\base\\Event $event )",
  "level":4
}, 
{
  "time":"2018-05-06 12:18:30",
  "message":"MyCompany\\MyPluginName\\Setup::handleRouteBefore( \\core\\base\\Event $event )",
  "level":4
}, 
{
  "time":"2018-05-06 12:18:30",
  "message":"MyCompany\\MyPluginName\\Setup::handleRouteAfter( \\core\\base\\Event $event )",
  "level":4
}, 
{
  "time":"2018-05-06 12:18:30",
  "message":"MyCompany\\MyPluginName\\Setup::handleRouteBefore( \\core\\base\\Event $event )",
  "level":4
}, 
{
  "time":"2018-05-06 12:18:30",
  "message":"MyCompany\\MyPluginName\\Setup::handleRouteAfter( \\core\\base\\Event $event )",
  "level":4
}, 
{
  "time":"2018-05-06 12:18:31",
  "message":"MyCompany\\MyPluginName\\Setup::parseRouteBefore( \\core\\base\\Event $event )",
  "level":4
}, 
{
  "time":"2018-05-06 12:18:31",
  "message":"MyCompany\\MyPluginName\\Setup::parseRouteAfter( \\core\\base\\Event $event )",
  "level":4
}, 
{
  "time":"2018-05-06 12:18:31",
  "message":"MyCompany\\MyPluginName\\Setup::handleRouteBefore( \\core\\base\\Event $event )",
  "level":4
}, 
{
  "time":"2018-05-06 12:18:31",
  "message":"MyCompany\\MyPluginName\\Setup::handleRouteAfter( \\core\\base\\Event $event )",
  "level":4
}, 
{
  "time":"2018-05-06 12:18:31",
  "message":"MyCompany\\MyPluginName\\Setup::handleRouteBefore( \\core\\base\\Event $event )",
  "level":4
}, 
{
  "time":"2018-05-06 12:18:31",
  "message":"MyCompany\\MyPluginName\\Setup::handleRouteAfter( \\core\\base\\Event $event )",
  "level":4
}, 
{
  "time":"2018-05-06 12:18:49",
  "message":"MyCompany\\MyPluginName\\Setup::parseRouteBefore( \\core\\base\\Event $event )",
  "level":4
}, 
{
  "time":"2018-05-06 12:18:49",
  "message":"MyCompany\\MyPluginName\\Setup::parseRouteAfter( \\core\\base\\Event $event )",
  "level":4
}, 
{
  "time":"2018-05-06 12:18:49",
  "message":"MyCompany\\MyPluginName\\Setup::handleRouteBefore( \\core\\base\\Event $event )",
  "level":4
}, 
{
  "time":"2018-05-06 12:18:49",
  "message":"MyCompany\\MyPluginName\\Setup::handleRouteAfter( \\core\\base\\Event $event )",
  "level":4
}, 
{
  "time":"2018-05-06 12:18:49",
  "message":"MyCompany\\MyPluginName\\Setup::handleRouteBefore( \\core\\base\\Event $event )",
  "level":4
}, 
{
  "time":"2018-05-06 12:18:49",
  "message":"MyCompany\\MyPluginName\\Setup::handleRouteAfter( \\core\\base\\Event $event )",
  "level":4
}, 
{
  "time":"2018-05-06 12:18:49",
  "message":"MyCompany\\MyPluginName\\Setup::parseRouteBefore( \\core\\base\\Event $event )",
  "level":4
}, 
