{
  "time":"2018-05-06 12:18:49",
  "message":"MyCompany\\MyPluginName\\Setup::parseRouteAfter( \\core\\base\\Event $event )",
  "level":4
}, 
{
  "time":"2018-05-06 12:18:49",
  "message":"MyCompany\\MyPluginName\\Setup::handleRouteBefore( \\core\\base\\Event $event )",
  "level":4
}, 
{
  "time":"2018-05-06 12:18:49",
  "message":"MyCompany\\MyPluginName\\Setup::handleRouteAfter( \\core\\base\\Event $event )",
  "level":4
}, 
{
  "time":"2018-05-06 12:18:49",
  "message":"MyCompany\\MyPluginName\\Setup::handleRouteBefore( \\core\\base\\Event $event )",
  "level":4
}, 
{
  "time":"2018-05-06 12:18:49",
  "message":"MyCompany\\MyPluginName\\Setup::handleRouteAfter( \\core\\base\\Event $event )",
  "level":4
}, 
{
  "time":"2018-05-06 12:18:59",
  "message":"MyCompany\\MyPluginName\\Setup::parseRouteBefore( \\core\\base\\Event $event )",
  "level":4
}, 
{
  "time":"2018-05-06 12:18:59",
  "message":"MyCompany\\MyPluginName\\Setup::parseRouteAfter( \\core\\base\\Event $event )",
  "level":4
}, 
{
  "time":"2018-05-06 12:18:59",
  "message":"MyCompany\\MyPluginName\\Setup::handleRouteBefore( \\core\\base\\Event $event )",
  "level":4
}, 
{
  "time":"2018-05-06 12:18:59",
  "message":"MyCompany\\MyPluginName\\Setup::handleRouteAfter( \\core\\base\\Event $event )",
  "level":4
}, 
{
  "time":"2018-05-06 12:18:59",
  "message":"MyCompany\\MyPluginName\\Setup::handleRouteBefore( \\core\\base\\Event $event )",
  "level":4
}, 
{
  "time":"2018-05-06 12:18:59",
  "message":"MyCompany\\MyPluginName\\Setup::handleRouteAfter( \\core\\base\\Event $event )",
  "level":4
}, 
{
  "time":"2018-05-06 12:18:59",
  "message":"MyCompany\\MyPluginName\\Setup::parseRouteBefore( \\core\\base\\Event $event )",
  "level":4
}, 
{
  "time":"2018-05-06 12:18:59",
  "message":"MyCompany\\MyPluginName\\Setup::parseRouteAfter( \\core\\base\\Event $event )",
  "level":4
}, 
{
  "time":"2018-05-06 12:18:59",
  "message":"MyCompany\\MyPluginName\\Setup::handleRouteBefore( \\core\\base\\Event $event )",
  "level":4
}, 
{
  "time":"2018-05-06 12:18:59",
  "message":"MyCompany\\MyPluginName\\Setup::handleRouteAfter( \\core\\base\\Event $event )",
  "level":4
}, 
{
  "time":"2018-05-06 12:18:59",
  "message":"MyCompany\\MyPluginName\\Setup::handleRouteBefore( \\core\\base\\Event $event )",
  "level":4
}, 
{
  "time":"2018-05-06 12:18:59",
  "message":"MyCompany\\MyPluginName\\Setup::handleRouteAfter( \\core\\base\\Event $event )",
  "level":4
}, 
{
  "time":"2018-05-06 12:19:41",
  "message":"MyCompany\\MyPluginName\\Setup::parseRouteBefore( \\core\\base\\Event $event )",
  "level":4
}, 
{
  "time":"2018-05-06 12:19:41",
  "message":"MyCompany\\MyPluginName\\Setup::parseRouteAfter( \\core\\base\\Event $event )",
  "level":4
}, 
{
  "time":"2018-05-06 12:19:41",
  "message":"MyCompany\\MyPluginName\\Setup::handleRouteBefore( \\core\\base\\Event $event )",
  "level":4
}, 
{
  "time":"2018-05-06 12:19:41",
  "message":"MyCompany\\MyPluginName\\Setup::handleRouteAfter( \\core\\base\\Event $event )",
  "level":4
}, 
{
  "time":"2018-05-06 12:19:41",
  "message":"MyCompany\\MyPluginName\\Setup::handleRouteBefore( \\core\\base\\Event $event )",
  "level":4
}, 
{
  "time":"2018-05-06 12:19:41",
  "message":"MyCompany\\MyPluginName\\Setup::handleRouteAfter( \\core\\base\\Event $event )",
  "level":4
}, 
{
  "time":"2018-05-06 12:19:41",
  "message":"MyCompany\\MyPluginName\\Setup::parseRouteBefore( \\core\\base\\Event $event )",
  "level":4
}, 
{
  "time":"2018-05-06 12:19:41",
  "message":"MyCompany\\MyPluginName\\Setup::parseRouteAfter( \\core\\base\\Event $event )",
  "level":4
}, 
{
  "time":"2018-05-06 12:19:41",
  "message":"MyCompany\\MyPluginName\\Setup::handleRouteBefore( \\core\\base\\Event $event )",
  "level":4
}, 
{
  "time":"2018-05-06 12:19:41",
  "message":"MyCompany\\MyPluginName\\Setup::handleRouteAfter( \\core\\base\\Event $event )",
  "level":4
}, 
{
  "time":"2018-05-06 12:19:41",
  "message":"MyCompany\\MyPluginName\\Setup::handleRouteBefore( \\core\\base\\Event $event )",
  "level":4
}, 
{
  "time":"2018-05-06 12:19:41",
  "message":"MyCompany\\MyPluginName\\Setup::handleRouteAfter( \\core\\base\\Event $event )",
  "level":4
}, 
{
  "time":"2018-05-06 12:19:48",
  "message":"MyCompany\\MyPluginName\\Setup::parseRouteBefore( \\core\\base\\Event $event )",
  "level":4
}, 
{
  "time":"2018-05-06 12:19:48",
  "message":"MyCompany\\MyPluginName\\Setup::parseRouteAfter( \\core\\base\\Event $event )",
  "level":4
}, 
{
  "time":"2018-05-06 12:19:48",
  "message":"MyCompany\\MyPluginName\\Setup::handleRouteBefore( \\core\\base\\Event $event )",
  "level":4
}, 
{
  "time":"2018-05-06 12:19:48",
  "message":"MyCompany\\MyPluginName\\Setup::handleRouteAfter( \\core\\base\\Event $event )",
  "level":4
}, 
{
  "time":"2018-05-06 12:19:48",
  "message":"MyCompany\\MyPluginName\\Setup::handleRouteBefore( \\core\\base\\Event $event )",
  "level":4
}, 
{
  "time":"2018-05-06 12:19:48",
  "message":"MyCompany\\MyPluginName\\Setup::handleRouteAfter( \\core\\base\\Event $event )",
  "level":4
}, 
{
  "time":"2018-05-06 12:19:49",
  "message":"MyCompany\\MyPluginName\\Setup::parseRouteBefore( \\core\\base\\Event $event )",
  "level":4
}, 
{
  "time":"2018-05-06 12:19:49",
  "message":"MyCompany\\MyPluginName\\Setup::parseRouteAfter( \\core\\base\\Event $event )",
  "level":4
}, 
{
  "time":"2018-05-06 12:19:49",
  "message":"MyCompany\\MyPluginName\\Setup::handleRouteBefore( \\core\\base\\Event $event )",
  "level":4
}, 
{
  "time":"2018-05-06 12:19:49",
  "message":"MyCompany\\MyPluginName\\Setup::handleRouteAfter( \\core\\base\\Event $event )",
  "level":4
}, 
{
  "time":"2018-05-06 12:19:49",
  "message":"MyCompany\\MyPluginName\\Setup::handleRouteBefore( \\core\\base\\Event $event )",
  "level":4
}, 
{
  "time":"2018-05-06 12:19:49",
  "message":"MyCompany\\MyPluginName\\Setup::handleRouteAfter( \\core\\base\\Event $event )",
  "level":4
}, 
{
  "time":"2018-05-06 12:19:51",
  "message":"MyCompany\\MyPluginName\\Setup::parseRouteBefore( \\core\\base\\Event $event )",
  "level":4
}, 
{
  "time":"2018-05-06 12:19:51",
  "message":"MyCompany\\MyPluginName\\Setup::parseRouteAfter( \\core\\base\\Event $event )",
  "level":4
}, 
{
  "time":"2018-05-06 12:19:51",
  "message":"MyCompany\\MyPluginName\\Setup::handleRouteBefore( \\core\\base\\Event $event )",
  "level":4
}, 
{
  "time":"2018-05-06 12:19:51",
  "message":"MyCompany\\MyPluginName\\Setup::handleRouteAfter( \\core\\base\\Event $event )",
  "level":4
}, 
{
  "time":"2018-05-06 12:19:51",
  "message":"MyCompany\\MyPluginName\\Setup::handleRouteBefore( \\core\\base\\Event $event )",
  "level":4
}, 
{
  "time":"2018-05-06 12:19:51",
  "message":"MyCompany\\MyPluginName\\Setup::handleRouteAfter( \\core\\base\\Event $event )",
  "level":4
}, 
{
  "time":"2018-05-06 12:19:51",
  "message":"MyCompany\\MyPluginName\\Setup::parseRouteBefore( \\core\\base\\Event $event )",
  "level":4
}, 
{
  "time":"2018-05-06 12:19:51",
  "message":"MyCompany\\MyPluginName\\Setup::parseRouteAfter( \\core\\base\\Event $event )",
  "level":4
}, 
{
  "time":"2018-05-06 12:19:51",
  "message":"MyCompany\\MyPluginName\\Setup::handleRouteBefore( \\core\\base\\Event $event )",
  "level":4
}, 
{
  "time":"2018-05-06 12:19:51",
  "message":"MyCompany\\MyPluginName\\Setup::handleRouteAfter( \\core\\base\\Event $event )",
  "level":4
}, 
{
  "time":"2018-05-06 12:19:51",
  "message":"MyCompany\\MyPluginName\\Setup::handleRouteBefore( \\core\\base\\Event $event )",
  "level":4
}, 
{
  "time":"2018-05-06 12:19:51",
  "message":"MyCompany\\MyPluginName\\Setup::handleRouteAfter( \\core\\base\\Event $event )",
  "level":4
}, 
{
  "time":"2018-05-06 12:20:04",
  "message":"MyCompany\\MyPluginName\\Setup::parseRouteBefore( \\core\\base\\Event $event )",
  "level":4
}, 
{
  "time":"2018-05-06 12:20:04",
  "message":"MyCompany\\MyPluginName\\Setup::parseRouteAfter( \\core\\base\\Event $event )",
  "level":4
}, 
{
  "time":"2018-05-06 12:20:04",
  "message":"MyCompany\\MyPluginName\\Setup::handleRouteBefore( \\core\\base\\Event $event )",
  "level":4
}, 
{
  "time":"2018-05-06 12:20:04",
  "message":"MyCompany\\MyPluginName\\Setup::handleRouteAfter( \\core\\base\\Event $event )",
  "level":4
}, 
{
  "time":"2018-05-06 12:20:04",
  "message":"MyCompany\\MyPluginName\\Setup::parseRouteBefore( \\core\\base\\Event $event )",
  "level":4
}, 
{
  "time":"2018-05-06 12:20:04",
  "message":"MyCompany\\MyPluginName\\Setup::parseRouteAfter( \\core\\base\\Event $event )",
  "level":4
}, 
{
  "time":"2018-05-06 12:20:04",
  "message":"MyCompany\\MyPluginName\\Setup::handleRouteBefore( \\core\\base\\Event $event )",
  "level":4
}, 
{
  "time":"2018-05-06 12:20:04",
  "message":"MyCompany\\MyPluginName\\Setup::handleRouteAfter( \\core\\base\\Event $event )",
  "level":4
}, 
{
  "time":"2018-05-06 12:20:19",
  "message":"MyCompany\\MyPluginName\\Setup::parseRouteBefore( \\core\\base\\Event $event )",
  "level":4
}, 
{
  "time":"2018-05-06 12:20:19",
  "message":"MyCompany\\MyPluginName\\Setup::parseRouteAfter( \\core\\base\\Event $event )",
  "level":4
}, 
{
  "time":"2018-05-06 12:20:20",
  "message":"MyCompany\\MyPluginName\\Setup::parseRouteBefore( \\core\\base\\Event $event )",
  "level":4
}, 
{
  "time":"2018-05-06 12:20:20",
  "message":"MyCompany\\MyPluginName\\Setup::parseRouteAfter( \\core\\base\\Event $event )",
  "level":4
}, 
{
  "time":"2018-05-06 12:20:22",
  "message":"MyCompany\\MyPluginName\\Setup::parseRouteBefore( \\core\\base\\Event $event )",
  "level":4
}, 
{
  "time":"2018-05-06 12:20:23",
  "message":"MyCompany\\MyPluginName\\Setup::parseRouteAfter( \\core\\base\\Event $event )",
  "level":4
}, 
{
  "time":"2018-05-06 12:20:23",
  "message":"MyCompany\\MyPluginName\\Setup::parseRouteBefore( \\core\\base\\Event $event )",
  "level":4
}, 
{
  "time":"2018-05-06 12:20:23",
  "message":"MyCompany\\MyPluginName\\Setup::parseRouteAfter( \\core\\base\\Event $event )",
  "level":4
}, 
{
  "time":"2018-05-06 12:20:28",
  "message":"MyCompany\\MyPluginName\\Setup::parseRouteBefore( \\core\\base\\Event $event )",
  "level":4
}, 
{
  "time":"2018-05-06 12:20:28",
  "message":"MyCompany\\MyPluginName\\Setup::parseRouteAfter( \\core\\base\\Event $event )",
  "level":4
}, 
{
  "time":"2018-05-06 12:20:28",
  "message":"MyCompany\\MyPluginName\\Setup::handleRouteBefore( \\core\\base\\Event $event )",
  "level":4
}, 
{
  "time":"2018-05-06 12:20:28",
  "message":"MyCompany\\MyPluginName\\Setup::handleRouteAfter( \\core\\base\\Event $event )",
  "level":4
}, 
{
  "time":"2018-05-06 12:20:28",
  "message":"MyCompany\\MyPluginName\\Setup::handleRouteBefore( \\core\\base\\Event $event )",
  "level":4
}, 
{
  "time":"2018-05-06 12:20:28",
  "message":"MyCompany\\MyPluginName\\Setup::handleRouteAfter( \\core\\base\\Event $event )",
  "level":4
}, 
{
  "time":"2018-05-06 12:20:28",
  "message":"MyCompany\\MyPluginName\\Setup::parseRouteBefore( \\core\\base\\Event $event )",
  "level":4
}, 
{
  "time":"2018-05-06 12:20:28",
  "message":"MyCompany\\MyPluginName\\Setup::parseRouteAfter( \\core\\base\\Event $event )",
  "level":4
}, 
{
  "time":"2018-05-06 12:20:28",
  "message":"MyCompany\\MyPluginName\\Setup::handleRouteBefore( \\core\\base\\Event $event )",
  "level":4
}, 
{
  "time":"2018-05-06 12:20:28",
  "message":"MyCompany\\MyPluginName\\Setup::handleRouteAfter( \\core\\base\\Event $event )",
  "level":4
}, 
{
  "time":"2018-05-06 12:20:28",
  "message":"MyCompany\\MyPluginName\\Setup::handleRouteBefore( \\core\\base\\Event $event )",
  "level":4
}, 
{
  "time":"2018-05-06 12:20:28",
  "message":"MyCompany\\MyPluginName\\Setup::handleRouteAfter( \\core\\base\\Event $event )",
  "level":4
}, 
{
  "time":"2018-05-06 12:20:33",
  "message":"MyCompany\\MyPluginName\\Setup::parseRouteBefore( \\core\\base\\Event $event )",
  "level":4
}, 
{
  "time":"2018-05-06 12:20:33",
  "message":"MyCompany\\MyPluginName\\Setup::parseRouteAfter( \\core\\base\\Event $event )",
  "level":4
}, 
{
  "time":"2018-05-06 12:20:33",
  "message":"MyCompany\\MyPluginName\\Setup::handleRouteBefore( \\core\\base\\Event $event )",
  "level":4
}, 
{
  "time":"2018-05-06 12:20:33",
  "message":"MyCompany\\MyPluginName\\Setup::handleRouteAfter( \\core\\base\\Event $event )",
  "level":4
}, 
{
  "time":"2018-05-06 12:20:33",
  "message":"MyCompany\\MyPluginName\\Setup::handleRouteBefore( \\core\\base\\Event $event )",
  "level":4
}, 
{
  "time":"2018-05-06 12:20:33",
  "message":"MyCompany\\MyPluginName\\Setup::handleRouteAfter( \\core\\base\\Event $event )",
  "level":4
}, 
{
  "time":"2018-05-06 12:20:33",
  "message":"MyCompany\\MyPluginName\\Setup::parseRouteBefore( \\core\\base\\Event $event )",
  "level":4
}, 
{
  "time":"2018-05-06 12:20:33",
  "message":"MyCompany\\MyPluginName\\Setup::parseRouteAfter( \\core\\base\\Event $event )",
  "level":4
}, 
{
  "time":"2018-05-06 12:20:33",
  "message":"MyCompany\\MyPluginName\\Setup::handleRouteBefore( \\core\\base\\Event $event )",
  "level":4
}, 
{
  "time":"2018-05-06 12:20:33",
  "message":"MyCompany\\MyPluginName\\Setup::handleRouteAfter( \\core\\base\\Event $event )",
  "level":4
}, 
{
  "time":"2018-05-06 12:20:33",
  "message":"MyCompany\\MyPluginName\\Setup::handleRouteBefore( \\core\\base\\Event $event )",
  "level":4
}, 
{
  "time":"2018-05-06 12:20:33",
  "message":"MyCompany\\MyPluginName\\Setup::handleRouteAfter( \\core\\base\\Event $event )",
  "level":4
}, 
{
  "time":"2018-05-06 12:20:49",
  "message":"MyCompany\\MyPluginName\\Setup::parseRouteBefore( \\core\\base\\Event $event )",
  "level":4
}, 
{
  "time":"2018-05-06 12:20:49",
  "message":"MyCompany\\MyPluginName\\Setup::parseRouteAfter( \\core\\base\\Event $event )",
  "level":4
}, 
{
  "time":"2018-05-06 12:20:49",
  "message":"MyCompany\\MyPluginName\\Setup::handleRouteBefore( \\core\\base\\Event $event )",
  "level":4
}, 
{
  "time":"2018-05-06 12:20:49",
  "message":"MyCompany\\MyPluginName\\Setup::handleRouteAfter( \\core\\base\\Event $event )",
  "level":4
}, 
{
  "time":"2018-05-06 12:20:49",
  "message":"MyCompany\\MyPluginName\\Setup::handleRouteBefore( \\core\\base\\Event $event )",
  "level":4
}, 
{
  "time":"2018-05-06 12:20:49",
  "message":"MyCompany\\MyPluginName\\Setup::handleRouteAfter( \\core\\base\\Event $event )",
  "level":4
}, 
{
  "time":"2018-05-06 12:20:49",
  "message":"MyCompany\\MyPluginName\\Setup::parseRouteBefore( \\core\\base\\Event $event )",
  "level":4
}, 
{
  "time":"2018-05-06 12:20:49",
  "message":"MyCompany\\MyPluginName\\Setup::parseRouteAfter( \\core\\base\\Event $event )",
  "level":4
}, 
{
  "time":"2018-05-06 12:20:49",
  "message":"MyCompany\\MyPluginName\\Setup::handleRouteBefore( \\core\\base\\Event $event )",
  "level":4
}, 
{
  "time":"2018-05-06 12:20:49",
  "message":"MyCompany\\MyPluginName\\Setup::handleRouteAfter( \\core\\base\\Event $event )",
  "level":4
}, 
{
  "time":"2018-05-06 12:20:49",
  "message":"MyCompany\\MyPluginName\\Setup::handleRouteBefore( \\core\\base\\Event $event )",
  "level":4
}, 
{
  "time":"2018-05-06 12:20:49",
  "message":"MyCompany\\MyPluginName\\Setup::handleRouteAfter( \\core\\base\\Event $event )",
  "level":4
}, 
{
  "time":"2018-05-06 12:20:59",
  "message":"MyCompany\\MyPluginName\\Setup::parseRouteBefore( \\core\\base\\Event $event )",
  "level":4
}, 
{
  "time":"2018-05-06 12:20:59",
  "message":"MyCompany\\MyPluginName\\Setup::parseRouteAfter( \\core\\base\\Event $event )",
  "level":4
}, 
{
  "time":"2018-05-06 12:20:59",
  "message":"MyCompany\\MyPluginName\\Setup::handleRouteBefore( \\core\\base\\Event $event )",
  "level":4
}, 
{
  "time":"2018-05-06 12:20:59",
  "message":"MyCompany\\MyPluginName\\Setup::handleRouteAfter( \\core\\base\\Event $event )",
  "level":4
}, 
{
  "time":"2018-05-06 12:20:59",
  "message":"MyCompany\\MyPluginName\\Setup::handleRouteBefore( \\core\\base\\Event $event )",
  "level":4
}, 
{
  "time":"2018-05-06 12:20:59",
  "message":"MyCompany\\MyPluginName\\Setup::handleRouteAfter( \\core\\base\\Event $event )",
  "level":4
}, 
{
  "time":"2018-05-06 12:20:59",
  "message":"MyCompany\\MyPluginName\\Setup::parseRouteBefore( \\core\\base\\Event $event )",
  "level":4
}, 
{
  "time":"2018-05-06 12:20:59",
  "message":"MyCompany\\MyPluginName\\Setup::parseRouteAfter( \\core\\base\\Event $event )",
  "level":4
}, 
{
  "time":"2018-05-06 12:20:59",
  "message":"MyCompany\\MyPluginName\\Setup::handleRouteBefore( \\core\\base\\Event $event )",
  "level":4
}, 
{
  "time":"2018-05-06 12:20:59",
  "message":"MyCompany\\MyPluginName\\Setup::handleRouteAfter( \\core\\base\\Event $event )",
  "level":4
}, 
{
  "time":"2018-05-06 12:20:59",
  "message":"MyCompany\\MyPluginName\\Setup::handleRouteBefore( \\core\\base\\Event $event )",
  "level":4
}, 
{
  "time":"2018-05-06 12:20:59",
  "message":"MyCompany\\MyPluginName\\Setup::handleRouteAfter( \\core\\base\\Event $event )",
  "level":4
}, 
{
  "time":"2018-05-06 12:21:29",
  "message":"MyCompany\\MyPluginName\\Setup::parseRouteBefore( \\core\\base\\Event $event )",
  "level":4
}, 
{
  "time":"2018-05-06 12:21:29",
  "message":"MyCompany\\MyPluginName\\Setup::parseRouteAfter( \\core\\base\\Event $event )",
  "level":4
}, 
{
  "time":"2018-05-06 12:21:29",
  "message":"MyCompany\\MyPluginName\\Setup::handleRouteBefore( \\core\\base\\Event $event )",
  "level":4
}, 
{
  "time":"2018-05-06 12:21:29",
  "message":"MyCompany\\MyPluginName\\Setup::handleRouteAfter( \\core\\base\\Event $event )",
  "level":4
}, 
{
  "time":"2018-05-06 12:21:29",
  "message":"MyCompany\\MyPluginName\\Setup::handleRouteBefore( \\core\\base\\Event $event )",
  "level":4
}, 
{
  "time":"2018-05-06 12:21:29",
  "message":"MyCompany\\MyPluginName\\Setup::handleRouteAfter( \\core\\base\\Event $event )",
  "level":4
}, 
{
  "time":"2018-05-06 12:21:29",
  "message":"MyCompany\\MyPluginName\\Setup::parseRouteBefore( \\core\\base\\Event $event )",
  "level":4
}, 
{
  "time":"2018-05-06 12:21:29",
  "message":"MyCompany\\MyPluginName\\Setup::parseRouteAfter( \\core\\base\\Event $event )",
  "level":4
}, 
{
  "time":"2018-05-06 12:21:29",
  "message":"MyCompany\\MyPluginName\\Setup::handleRouteBefore( \\core\\base\\Event $event )",
  "level":4
}, 
{
  "time":"2018-05-06 12:21:29",
  "message":"MyCompany\\MyPluginName\\Setup::handleRouteAfter( \\core\\base\\Event $event )",
  "level":4
}, 
{
  "time":"2018-05-06 12:21:29",
  "message":"MyCompany\\MyPluginName\\Setup::handleRouteBefore( \\core\\base\\Event $event )",
  "level":4
}, 
{
  "time":"2018-05-06 12:21:29",
  "message":"MyCompany\\MyPluginName\\Setup::handleRouteAfter( \\core\\base\\Event $event )",
  "level":4
}, 
{
  "time":"2018-05-06 12:21:34",
  "message":"MyCompany\\MyPluginName\\Setup::parseRouteBefore( \\core\\base\\Event $event )",
  "level":4
}, 
{
  "time":"2018-05-06 12:21:34",
  "message":"MyCompany\\MyPluginName\\Setup::parseRouteAfter( \\core\\base\\Event $event )",
  "level":4
}, 
{
  "time":"2018-05-06 12:21:34",
  "message":"MyCompany\\MyPluginName\\Setup::handleRouteBefore( \\core\\base\\Event $event )",
  "level":4
}, 
{
  "time":"2018-05-06 12:21:34",
  "message":"MyCompany\\MyPluginName\\Setup::handleRouteAfter( \\core\\base\\Event $event )",
  "level":4
}, 
{
  "time":"2018-05-06 12:21:34",
  "message":"MyCompany\\MyPluginName\\Setup::parseRouteBefore( \\core\\base\\Event $event )",
  "level":4
}, 
{
  "time":"2018-05-06 12:21:34",
  "message":"MyCompany\\MyPluginName\\Setup::parseRouteAfter( \\core\\base\\Event $event )",
  "level":4
}, 
{
  "time":"2018-05-06 12:21:34",
  "message":"MyCompany\\MyPluginName\\Setup::handleRouteBefore( \\core\\base\\Event $event )",
  "level":4
}, 
{
  "time":"2018-05-06 12:21:34",
  "message":"MyCompany\\MyPluginName\\Setup::handleRouteAfter( \\core\\base\\Event $event )",
  "level":4
}, 
{
  "time":"2018-05-06 12:21:50",
  "message":"MyCompany\\MyPluginName\\Setup::parseRouteBefore( \\core\\base\\Event $event )",
  "level":4
}, 
{
  "time":"2018-05-06 12:21:50",
  "message":"MyCompany\\MyPluginName\\Setup::parseRouteAfter( \\core\\base\\Event $event )",
  "level":4
}, 
{
  "time":"2018-05-06 12:21:50",
  "message":"MyCompany\\MyPluginName\\Setup::handleRouteBefore( \\core\\base\\Event $event )",
  "level":4
}, 
{
  "time":"2018-05-06 12:21:50",
  "message":"MyCompany\\MyPluginName\\Setup::handleRouteAfter( \\core\\base\\Event $event )",
  "level":4
}, 
{
  "time":"2018-05-06 12:21:50",
  "message":"MyCompany\\MyPluginName\\Setup::handleRouteBefore( \\core\\base\\Event $event )",
  "level":4
}, 
{
  "time":"2018-05-06 12:21:50",
  "message":"MyCompany\\MyPluginName\\Setup::handleRouteAfter( \\core\\base\\Event $event )",
  "level":4
}, 
{
  "time":"2018-05-06 12:21:51",
  "message":"MyCompany\\MyPluginName\\Setup::parseRouteBefore( \\core\\base\\Event $event )",
  "level":4
}, 
{
  "time":"2018-05-06 12:21:51",
  "message":"MyCompany\\MyPluginName\\Setup::parseRouteAfter( \\core\\base\\Event $event )",
  "level":4
}, 
{
  "time":"2018-05-06 12:21:51",
  "message":"MyCompany\\MyPluginName\\Setup::handleRouteBefore( \\core\\base\\Event $event )",
  "level":4
}, 
{
  "time":"2018-05-06 12:21:51",
  "message":"MyCompany\\MyPluginName\\Setup::handleRouteAfter( \\core\\base\\Event $event )",
  "level":4
}, 
{
  "time":"2018-05-06 12:21:51",
  "message":"MyCompany\\MyPluginName\\Setup::handleRouteBefore( \\core\\base\\Event $event )",
  "level":4
}, 
{
  "time":"2018-05-06 12:21:51",
  "message":"MyCompany\\MyPluginName\\Setup::handleRouteAfter( \\core\\base\\Event $event )",
  "level":4
}, 
{
  "time":"2018-05-06 12:21:58",
  "message":"MyCompany\\MyPluginName\\Setup::parseRouteBefore( \\core\\base\\Event $event )",
  "level":4
}, 
{
  "time":"2018-05-06 12:21:58",
  "message":"MyCompany\\MyPluginName\\Setup::parseRouteAfter( \\core\\base\\Event $event )",
  "level":4
}, 
{
  "time":"2018-05-06 12:21:58",
  "message":"MyCompany\\MyPluginName\\Setup::handleRouteBefore( \\core\\base\\Event $event )",
  "level":4
}, 
{
  "time":"2018-05-06 12:21:58",
  "message":"MyCompany\\MyPluginName\\Setup::handleRouteAfter( \\core\\base\\Event $event )",
  "level":4
}, 
{
  "time":"2018-05-06 12:21:58",
  "message":"MyCompany\\MyPluginName\\Setup::handleRouteBefore( \\core\\base\\Event $event )",
  "level":4
}, 
{
  "time":"2018-05-06 12:21:58",
  "message":"MyCompany\\MyPluginName\\Setup::handleRouteAfter( \\core\\base\\Event $event )",
  "level":4
}, 
{
  "time":"2018-05-06 12:21:58",
  "message":"MyCompany\\MyPluginName\\Setup::parseRouteBefore( \\core\\base\\Event $event )",
  "level":4
}, 
{
  "time":"2018-05-06 12:21:58",
  "message":"MyCompany\\MyPluginName\\Setup::parseRouteAfter( \\core\\base\\Event $event )",
  "level":4
}, 
{
  "time":"2018-05-06 12:21:58",
  "message":"MyCompany\\MyPluginName\\Setup::handleRouteBefore( \\core\\base\\Event $event )",
  "level":4
}, 
{
  "time":"2018-05-06 12:21:58",
  "message":"MyCompany\\MyPluginName\\Setup::handleRouteAfter( \\core\\base\\Event $event )",
  "level":4
}, 
{
  "time":"2018-05-06 12:21:58",
  "message":"MyCompany\\MyPluginName\\Setup::handleRouteBefore( \\core\\base\\Event $event )",
  "level":4
}, 
{
  "time":"2018-05-06 12:21:58",
  "message":"MyCompany\\MyPluginName\\Setup::handleRouteAfter( \\core\\base\\Event $event )",
  "level":4
}, 
{
  "time":"2018-05-06 12:22:23",
  "message":"MyCompany\\MyPluginName\\Setup::parseRouteBefore( \\core\\base\\Event $event )",
  "level":4
}, 
{
  "time":"2018-05-06 12:22:23",
  "message":"MyCompany\\MyPluginName\\Setup::parseRouteAfter( \\core\\base\\Event $event )",
  "level":4
}, 
{
  "time":"2018-05-06 12:22:23",
  "message":"MyCompany\\MyPluginName\\Setup::handleRouteBefore( \\core\\base\\Event $event )",
  "level":4
}, 
{
  "time":"2018-05-06 12:22:23",
  "message":"MyCompany\\MyPluginName\\Setup::handleRouteAfter( \\core\\base\\Event $event )",
  "level":4
}, 
{
  "time":"2018-05-06 12:22:23",
  "message":"MyCompany\\MyPluginName\\Setup::handleRouteBefore( \\core\\base\\Event $event )",
  "level":4
}, 
{
  "time":"2018-05-06 12:22:23",
  "message":"MyCompany\\MyPluginName\\Setup::handleRouteAfter( \\core\\base\\Event $event )",
  "level":4
}, 
{
  "time":"2018-05-06 12:22:23",
  "message":"MyCompany\\MyPluginName\\Setup::parseRouteBefore( \\core\\base\\Event $event )",
  "level":4
}, 
{
  "time":"2018-05-06 12:22:23",
  "message":"MyCompany\\MyPluginName\\Setup::parseRouteAfter( \\core\\base\\Event $event )",
  "level":4
}, 
{
  "time":"2018-05-06 12:22:23",
  "message":"MyCompany\\MyPluginName\\Setup::handleRouteBefore( \\core\\base\\Event $event )",
  "level":4
}, 
{
  "time":"2018-05-06 12:22:23",
  "message":"MyCompany\\MyPluginName\\Setup::handleRouteAfter( \\core\\base\\Event $event )",
  "level":4
}, 
{
  "time":"2018-05-06 12:22:23",
  "message":"MyCompany\\MyPluginName\\Setup::handleRouteBefore( \\core\\base\\Event $event )",
  "level":4
}, 
{
  "time":"2018-05-06 12:22:23",
  "message":"MyCompany\\MyPluginName\\Setup::handleRouteAfter( \\core\\base\\Event $event )",
  "level":4
}, 
{
  "time":"2018-05-06 12:22:33",
  "message":"MyCompany\\MyPluginName\\Setup::parseRouteBefore( \\core\\base\\Event $event )",
  "level":4
}, 
{
  "time":"2018-05-06 12:22:33",
  "message":"MyCompany\\MyPluginName\\Setup::parseRouteAfter( \\core\\base\\Event $event )",
  "level":4
}, 
{
  "time":"2018-05-06 12:22:33",
  "message":"MyCompany\\MyPluginName\\Setup::handleRouteBefore( \\core\\base\\Event $event )",
  "level":4
}, 
{
  "time":"2018-05-06 12:22:33",
  "message":"MyCompany\\MyPluginName\\Setup::handleRouteAfter( \\core\\base\\Event $event )",
  "level":4
}, 
{
  "time":"2018-05-06 12:22:33",
  "message":"MyCompany\\MyPluginName\\Setup::handleRouteBefore( \\core\\base\\Event $event )",
  "level":4
}, 
{
  "time":"2018-05-06 12:22:33",
  "message":"MyCompany\\MyPluginName\\Setup::handleRouteAfter( \\core\\base\\Event $event )",
  "level":4
}, 
{
  "time":"2018-05-06 12:22:33",
  "message":"MyCompany\\MyPluginName\\Setup::parseRouteBefore( \\core\\base\\Event $event )",
  "level":4
}, 
{
  "time":"2018-05-06 12:22:33",
  "message":"MyCompany\\MyPluginName\\Setup::parseRouteAfter( \\core\\base\\Event $event )",
  "level":4
}, 
{
  "time":"2018-05-06 12:22:33",
  "message":"MyCompany\\MyPluginName\\Setup::handleRouteBefore( \\core\\base\\Event $event )",
  "level":4
}, 
{
  "time":"2018-05-06 12:22:33",
  "message":"MyCompany\\MyPluginName\\Setup::handleRouteAfter( \\core\\base\\Event $event )",
  "level":4
}, 
{
  "time":"2018-05-06 12:22:33",
  "message":"MyCompany\\MyPluginName\\Setup::handleRouteBefore( \\core\\base\\Event $event )",
  "level":4
}, 
{
  "time":"2018-05-06 12:22:33",
  "message":"MyCompany\\MyPluginName\\Setup::handleRouteAfter( \\core\\base\\Event $event )",
  "level":4
}, 
{
  "time":"2018-05-06 12:23:03",
  "message":"MyCompany\\MyPluginName\\Setup::parseRouteBefore( \\core\\base\\Event $event )",
  "level":4
}, 
{
  "time":"2018-05-06 12:23:03",
  "message":"MyCompany\\MyPluginName\\Setup::parseRouteAfter( \\core\\base\\Event $event )",
  "level":4
}, 
{
  "time":"2018-05-06 12:23:03",
  "message":"MyCompany\\MyPluginName\\Setup::handleRouteBefore( \\core\\base\\Event $event )",
  "level":4
}, 
{
  "time":"2018-05-06 12:23:03",
  "message":"MyCompany\\MyPluginName\\Setup::handleRouteAfter( \\core\\base\\Event $event )",
  "level":4
}, 
{
  "time":"2018-05-06 12:23:04",
  "message":"MyCompany\\MyPluginName\\Setup::handleRouteBefore( \\core\\base\\Event $event )",
  "level":4
}, 
{
  "time":"2018-05-06 12:23:04",
  "message":"MyCompany\\MyPluginName\\Setup::handleRouteAfter( \\core\\base\\Event $event )",
  "level":4
}, 
{
  "time":"2018-05-06 12:23:04",
  "message":"MyCompany\\MyPluginName\\Setup::parseRouteBefore( \\core\\base\\Event $event )",
  "level":4
}, 
{
  "time":"2018-05-06 12:23:04",
  "message":"MyCompany\\MyPluginName\\Setup::parseRouteAfter( \\core\\base\\Event $event )",
  "level":4
}, 
{
  "time":"2018-05-06 12:23:04",
  "message":"MyCompany\\MyPluginName\\Setup::handleRouteBefore( \\core\\base\\Event $event )",
  "level":4
}, 
{
  "time":"2018-05-06 12:23:04",
  "message":"MyCompany\\MyPluginName\\Setup::handleRouteAfter( \\core\\base\\Event $event )",
  "level":4
}, 
{
  "time":"2018-05-06 12:23:04",
  "message":"MyCompany\\MyPluginName\\Setup::handleRouteBefore( \\core\\base\\Event $event )",
  "level":4
}, 
{
  "time":"2018-05-06 12:23:04",
  "message":"MyCompany\\MyPluginName\\Setup::handleRouteAfter( \\core\\base\\Event $event )",
  "level":4
}, 
{
  "time":"2018-05-06 12:23:10",
  "message":"MyCompany\\MyPluginName\\Setup::parseRouteBefore( \\core\\base\\Event $event )",
  "level":4
}, 
{
  "time":"2018-05-06 12:23:10",
  "message":"MyCompany\\MyPluginName\\Setup::parseRouteAfter( \\core\\base\\Event $event )",
  "level":4
}, 
{
  "time":"2018-05-06 12:23:10",
  "message":"MyCompany\\MyPluginName\\Setup::handleRouteBefore( \\core\\base\\Event $event )",
  "level":4
}, 
{
  "time":"2018-05-06 12:23:10",
  "message":"MyCompany\\MyPluginName\\Setup::handleRouteAfter( \\core\\base\\Event $event )",
  "level":4
}, 
{
  "time":"2018-05-06 12:23:10",
  "message":"MyCompany\\MyPluginName\\Setup::handleRouteBefore( \\core\\base\\Event $event )",
  "level":4
}, 
{
  "time":"2018-05-06 12:23:10",
  "message":"MyCompany\\MyPluginName\\Setup::handleRouteAfter( \\core\\base\\Event $event )",
  "level":4
}, 
{
  "time":"2018-05-06 12:23:11",
  "message":"MyCompany\\MyPluginName\\Setup::parseRouteBefore( \\core\\base\\Event $event )",
  "level":4
}, 
{
  "time":"2018-05-06 12:23:11",
  "message":"MyCompany\\MyPluginName\\Setup::parseRouteAfter( \\core\\base\\Event $event )",
  "level":4
}, 
{
  "time":"2018-05-06 12:23:11",
  "message":"MyCompany\\MyPluginName\\Setup::handleRouteBefore( \\core\\base\\Event $event )",
  "level":4
}, 
{
  "time":"2018-05-06 12:23:11",
  "message":"MyCompany\\MyPluginName\\Setup::handleRouteAfter( \\core\\base\\Event $event )",
  "level":4
}, 
{
  "time":"2018-05-06 12:23:11",
  "message":"MyCompany\\MyPluginName\\Setup::handleRouteBefore( \\core\\base\\Event $event )",
  "level":4
}, 
{
  "time":"2018-05-06 12:23:11",
  "message":"MyCompany\\MyPluginName\\Setup::handleRouteAfter( \\core\\base\\Event $event )",
  "level":4
}, 
{
  "time":"2018-05-06 12:23:40",
  "message":"MyCompany\\MyPluginName\\Setup::parseRouteBefore( \\core\\base\\Event $event )",
  "level":4
}, 
{
  "time":"2018-05-06 12:23:40",
  "message":"MyCompany\\MyPluginName\\Setup::parseRouteAfter( \\core\\base\\Event $event )",
  "level":4
}, 
{
  "time":"2018-05-06 12:23:40",
  "message":"MyCompany\\MyPluginName\\Setup::handleRouteBefore( \\core\\base\\Event $event )",
  "level":4
}, 
{
  "time":"2018-05-06 12:23:40",
  "message":"MyCompany\\MyPluginName\\Setup::handleRouteAfter( \\core\\base\\Event $event )",
  "level":4
}, 
{
  "time":"2018-05-06 12:23:40",
  "message":"MyCompany\\MyPluginName\\Setup::handleRouteBefore( \\core\\base\\Event $event )",
  "level":4
}, 
{
  "time":"2018-05-06 12:23:40",
  "message":"MyCompany\\MyPluginName\\Setup::handleRouteAfter( \\core\\base\\Event $event )",
  "level":4
}, 
{
  "time":"2018-05-06 12:23:40",
  "message":"MyCompany\\MyPluginName\\Setup::parseRouteBefore( \\core\\base\\Event $event )",
  "level":4
}, 
{
  "time":"2018-05-06 12:23:40",
  "message":"MyCompany\\MyPluginName\\Setup::parseRouteAfter( \\core\\base\\Event $event )",
  "level":4
}, 
{
  "time":"2018-05-06 12:23:40",
  "message":"MyCompany\\MyPluginName\\Setup::handleRouteBefore( \\core\\base\\Event $event )",
  "level":4
}, 
{
  "time":"2018-05-06 12:23:40",
  "message":"MyCompany\\MyPluginName\\Setup::handleRouteAfter( \\core\\base\\Event $event )",
  "level":4
}, 
{
  "time":"2018-05-06 12:23:40",
  "message":"MyCompany\\MyPluginName\\Setup::handleRouteBefore( \\core\\base\\Event $event )",
  "level":4
}, 
{
  "time":"2018-05-06 12:23:40",
  "message":"MyCompany\\MyPluginName\\Setup::handleRouteAfter( \\core\\base\\Event $event )",
  "level":4
}, 
{
  "time":"2018-05-06 12:24:40",
  "message":"MyCompany\\MyPluginName\\Setup::parseRouteBefore( \\core\\base\\Event $event )",
  "level":4
}, 
{
  "time":"2018-05-06 12:24:40",
  "message":"MyCompany\\MyPluginName\\Setup::parseRouteAfter( \\core\\base\\Event $event )",
  "level":4
}, 
{
  "time":"2018-05-06 12:24:40",
  "message":"MyCompany\\MyPluginName\\Setup::handleRouteBefore( \\core\\base\\Event $event )",
  "level":4
}, 
{
  "time":"2018-05-06 12:24:40",
  "message":"MyCompany\\MyPluginName\\Setup::handleRouteAfter( \\core\\base\\Event $event )",
  "level":4
}, 
{
  "time":"2018-05-06 12:24:40",
  "message":"MyCompany\\MyPluginName\\Setup::parseRouteBefore( \\core\\base\\Event $event )",
  "level":4
}, 
{
  "time":"2018-05-06 12:24:40",
  "message":"MyCompany\\MyPluginName\\Setup::parseRouteAfter( \\core\\base\\Event $event )",
  "level":4
}, 
{
  "time":"2018-05-06 12:24:40",
  "message":"MyCompany\\MyPluginName\\Setup::handleRouteBefore( \\core\\base\\Event $event )",
  "level":4
}, 
{
  "time":"2018-05-06 12:24:40",
  "message":"MyCompany\\MyPluginName\\Setup::handleRouteAfter( \\core\\base\\Event $event )",
  "level":4
}, 
{
  "time":"2018-05-06 12:24:53",
  "message":"MyCompany\\MyPluginName\\Setup::parseRouteBefore( \\core\\base\\Event $event )",
  "level":4
}, 
{
  "time":"2018-05-06 12:24:53",
  "message":"MyCompany\\MyPluginName\\Setup::parseRouteAfter( \\core\\base\\Event $event )",
  "level":4
}, 
{
  "time":"2018-05-06 12:24:53",
  "message":"MyCompany\\MyPluginName\\Setup::handleRouteBefore( \\core\\base\\Event $event )",
  "level":4
}, 
{
  "time":"2018-05-06 12:24:53",
  "message":"MyCompany\\MyPluginName\\Setup::handleRouteAfter( \\core\\base\\Event $event )",
  "level":4
}, 
{
  "time":"2018-05-06 12:24:53",
  "message":"MyCompany\\MyPluginName\\Setup::parseRouteBefore( \\core\\base\\Event $event )",
  "level":4
}, 
{
  "time":"2018-05-06 12:24:53",
  "message":"MyCompany\\MyPluginName\\Setup::parseRouteAfter( \\core\\base\\Event $event )",
  "level":4
}, 
{
  "time":"2018-05-06 12:24:53",
  "message":"MyCompany\\MyPluginName\\Setup::handleRouteBefore( \\core\\base\\Event $event )",
  "level":4
}, 
{
  "time":"2018-05-06 12:24:53",
  "message":"MyCompany\\MyPluginName\\Setup::handleRouteAfter( \\core\\base\\Event $event )",
  "level":4
}, 
{
  "time":"2018-05-06 12:24:56",
  "message":"MyCompany\\MyPluginName\\Setup::parseRouteBefore( \\core\\base\\Event $event )",
  "level":4
}, 
{
  "time":"2018-05-06 12:24:56",
  "message":"MyCompany\\MyPluginName\\Setup::parseRouteAfter( \\core\\base\\Event $event )",
  "level":4
}, 
{
  "time":"2018-05-06 12:24:56",
  "message":"MyCompany\\MyPluginName\\Setup::handleRouteBefore( \\core\\base\\Event $event )",
  "level":4
}, 
{
  "time":"2018-05-06 12:24:56",
  "message":"MyCompany\\MyPluginName\\Setup::handleRouteAfter( \\core\\base\\Event $event )",
  "level":4
}, 
{
  "time":"2018-05-06 12:24:57",
  "message":"MyCompany\\MyPluginName\\Setup::parseRouteBefore( \\core\\base\\Event $event )",
  "level":4
}, 
{
  "time":"2018-05-06 12:24:57",
  "message":"MyCompany\\MyPluginName\\Setup::parseRouteAfter( \\core\\base\\Event $event )",
  "level":4
}, 
{
  "time":"2018-05-06 12:24:57",
  "message":"MyCompany\\MyPluginName\\Setup::handleRouteBefore( \\core\\base\\Event $event )",
  "level":4
}, 
{
  "time":"2018-05-06 12:24:57",
  "message":"MyCompany\\MyPluginName\\Setup::handleRouteAfter( \\core\\base\\Event $event )",
  "level":4
}, 
{
  "time":"2018-05-06 12:25:23",
  "message":"MyCompany\\MyPluginName\\Setup::parseRouteBefore( \\core\\base\\Event $event )",
  "level":4
}, 
{
  "time":"2018-05-06 12:25:23",
  "message":"MyCompany\\MyPluginName\\Setup::parseRouteAfter( \\core\\base\\Event $event )",
  "level":4
}, 
{
  "time":"2018-05-06 12:25:23",
  "message":"MyCompany\\MyPluginName\\Setup::parseRouteBefore( \\core\\base\\Event $event )",
  "level":4
}, 
{
  "time":"2018-05-06 12:25:23",
  "message":"MyCompany\\MyPluginName\\Setup::parseRouteAfter( \\core\\base\\Event $event )",
  "level":4
}, 
{
  "time":"2018-05-06 12:26:36",
  "message":"MyCompany\\MyPluginName\\Setup::parseRouteBefore( \\core\\base\\Event $event )",
  "level":4
}, 
{
  "time":"2018-05-06 12:26:36",
  "message":"MyCompany\\MyPluginName\\Setup::parseRouteAfter( \\core\\base\\Event $event )",
  "level":4
}, 
{
  "time":"2018-05-06 12:26:37",
  "message":"MyCompany\\MyPluginName\\Setup::parseRouteBefore( \\core\\base\\Event $event )",
  "level":4
}, 
{
  "time":"2018-05-06 12:26:37",
  "message":"MyCompany\\MyPluginName\\Setup::parseRouteAfter( \\core\\base\\Event $event )",
  "level":4
}, 
{
  "time":"2018-05-06 12:27:04",
  "message":"MyCompany\\MyPluginName\\Setup::parseRouteBefore( \\core\\base\\Event $event )",
  "level":4
}, 
{
  "time":"2018-05-06 12:27:04",
  "message":"MyCompany\\MyPluginName\\Setup::parseRouteAfter( \\core\\base\\Event $event )",
  "level":4
}, 
{
  "time":"2018-05-06 12:27:04",
  "message":"MyCompany\\MyPluginName\\Setup::parseRouteBefore( \\core\\base\\Event $event )",
  "level":4
}, 
{
  "time":"2018-05-06 12:27:04",
  "message":"MyCompany\\MyPluginName\\Setup::parseRouteAfter( \\core\\base\\Event $event )",
  "level":4
}, 
{
  "time":"2018-05-06 12:27:45",
  "message":"MyCompany\\MyPluginName\\Setup::parseRouteBefore( \\core\\base\\Event $event )",
  "level":4
}, 
{
  "time":"2018-05-06 12:27:45",
  "message":"MyCompany\\MyPluginName\\Setup::parseRouteAfter( \\core\\base\\Event $event )",
  "level":4
}, 
{
  "time":"2018-05-06 12:27:46",
  "message":"MyCompany\\MyPluginName\\Setup::parseRouteBefore( \\core\\base\\Event $event )",
  "level":4
}, 
{
  "time":"2018-05-06 12:27:46",
  "message":"MyCompany\\MyPluginName\\Setup::parseRouteAfter( \\core\\base\\Event $event )",
  "level":4
}, 
{
  "time":"2018-05-06 12:27:49",
  "message":"MyCompany\\MyPluginName\\Setup::parseRouteBefore( \\core\\base\\Event $event )",
  "level":4
}, 
{
  "time":"2018-05-06 12:27:49",
  "message":"MyCompany\\MyPluginName\\Setup::parseRouteAfter( \\core\\base\\Event $event )",
  "level":4
}, 
{
  "time":"2018-05-06 12:27:49",
  "message":"MyCompany\\MyPluginName\\Setup::parseRouteBefore( \\core\\base\\Event $event )",
  "level":4
}, 
{
  "time":"2018-05-06 12:27:49",
  "message":"MyCompany\\MyPluginName\\Setup::parseRouteAfter( \\core\\base\\Event $event )",
  "level":4
}, 
{
  "time":"2018-05-06 12:28:05",
  "message":"MyCompany\\MyPluginName\\Setup::parseRouteBefore( \\core\\base\\Event $event )",
  "level":4
}, 
{
  "time":"2018-05-06 12:28:05",
  "message":"MyCompany\\MyPluginName\\Setup::parseRouteAfter( \\core\\base\\Event $event )",
  "level":4
}, 
{
  "time":"2018-05-06 12:28:05",
  "message":"MyCompany\\MyPluginName\\Setup::handleRouteBefore( \\core\\base\\Event $event )",
  "level":4
}, 
{
  "time":"2018-05-06 12:28:05",
  "message":"MyCompany\\MyPluginName\\Setup::handleRouteAfter( \\core\\base\\Event $event )",
  "level":4
}, 
{
  "time":"2018-05-06 12:28:05",
  "message":"MyCompany\\MyPluginName\\Setup::parseRouteBefore( \\core\\base\\Event $event )",
  "level":4
}, 
{
  "time":"2018-05-06 12:28:05",
  "message":"MyCompany\\MyPluginName\\Setup::parseRouteAfter( \\core\\base\\Event $event )",
  "level":4
}, 
{
  "time":"2018-05-06 12:28:05",
  "message":"MyCompany\\MyPluginName\\Setup::handleRouteBefore( \\core\\base\\Event $event )",
  "level":4
}, 
{
  "time":"2018-05-06 12:28:05",
  "message":"MyCompany\\MyPluginName\\Setup::handleRouteAfter( \\core\\base\\Event $event )",
  "level":4
}, 
{
  "time":"2018-05-06 12:28:23",
  "message":"MyCompany\\MyPluginName\\Setup::parseRouteBefore( \\core\\base\\Event $event )",
  "level":4
}, 
{
  "time":"2018-05-06 12:28:23",
  "message":"MyCompany\\MyPluginName\\Setup::handleRouteBefore( \\core\\base\\Event $event )",
  "level":4
}, 
{
  "time":"2018-05-06 12:28:23",
  "message":"MyCompany\\MyPluginName\\Setup::handleRouteAfter( \\core\\base\\Event $event )",
  "level":4
}, 
{
  "time":"2018-05-06 12:28:23",
  "message":"MyCompany\\MyPluginName\\Setup::parseRouteBefore( \\core\\base\\Event $event )",
  "level":4
}, 
{
  "time":"2018-05-06 12:28:23",
  "message":"MyCompany\\MyPluginName\\Setup::handleRouteBefore( \\core\\base\\Event $event )",
  "level":4
}, 
{
  "time":"2018-05-06 12:28:23",
  "message":"MyCompany\\MyPluginName\\Setup::handleRouteAfter( \\core\\base\\Event $event )",
  "level":4
}, 
{
  "time":"2018-05-06 12:28:38",
  "message":"MyCompany\\MyPluginName\\Setup::parseRouteBefore( \\core\\base\\Event $event )",
  "level":4
}, 
{
  "time":"2018-05-06 12:28:38",
  "message":"MyCompany\\MyPluginName\\Setup::parseRouteAfter( \\core\\base\\Event $event )",
  "level":4
}, 
{
  "time":"2018-05-06 12:28:38",
  "message":"MyCompany\\MyPluginName\\Setup::handleRouteBefore( \\core\\base\\Event $event )",
  "level":4
}, 
{
  "time":"2018-05-06 12:28:38",
  "message":"MyCompany\\MyPluginName\\Setup::handleRouteAfter( \\core\\base\\Event $event )",
  "level":4
}, 
{
  "time":"2018-05-06 12:28:38",
  "message":"MyCompany\\MyPluginName\\Setup::parseRouteBefore( \\core\\base\\Event $event )",
  "level":4
}, 
{
  "time":"2018-05-06 12:28:38",
  "message":"MyCompany\\MyPluginName\\Setup::parseRouteAfter( \\core\\base\\Event $event )",
  "level":4
}, 
{
  "time":"2018-05-06 12:28:38",
  "message":"MyCompany\\MyPluginName\\Setup::handleRouteBefore( \\core\\base\\Event $event )",
  "level":4
}, 
{
  "time":"2018-05-06 12:28:38",
  "message":"MyCompany\\MyPluginName\\Setup::handleRouteAfter( \\core\\base\\Event $event )",
  "level":4
}, 
{
  "time":"2018-05-06 12:28:49",
  "message":"MyCompany\\MyPluginName\\Setup::parseRouteBefore( \\core\\base\\Event $event )",
  "level":4
}, 
{
  "time":"2018-05-06 12:28:49",
  "message":"MyCompany\\MyPluginName\\Setup::parseRouteAfter( \\core\\base\\Event $event )",
  "level":4
}, 
{
  "time":"2018-05-06 12:28:49",
  "message":"MyCompany\\MyPluginName\\Setup::handleRouteBefore( \\core\\base\\Event $event )",
  "level":4
}, 
{
  "time":"2018-05-06 12:28:49",
  "message":"MyCompany\\MyPluginName\\Setup::handleRouteAfter( \\core\\base\\Event $event )",
  "level":4
}, 
{
  "time":"2018-05-06 12:28:49",
  "message":"MyCompany\\MyPluginName\\Setup::parseRouteBefore( \\core\\base\\Event $event )",
  "level":4
}, 
{
  "time":"2018-05-06 12:28:49",
  "message":"MyCompany\\MyPluginName\\Setup::parseRouteAfter( \\core\\base\\Event $event )",
  "level":4
}, 
{
  "time":"2018-05-06 12:28:49",
  "message":"MyCompany\\MyPluginName\\Setup::handleRouteBefore( \\core\\base\\Event $event )",
  "level":4
}, 
{
  "time":"2018-05-06 12:28:49",
  "message":"MyCompany\\MyPluginName\\Setup::handleRouteAfter( \\core\\base\\Event $event )",
  "level":4
}, 
{
  "time":"2018-05-06 12:28:58",
  "message":"MyCompany\\MyPluginName\\Setup::parseRouteBefore( \\core\\base\\Event $event )",
  "level":4
}, 
{
  "time":"2018-05-06 12:28:58",
  "message":"MyCompany\\MyPluginName\\Setup::parseRouteAfter( \\core\\base\\Event $event )",
  "level":4
}, 
{
  "time":"2018-05-06 12:28:58",
  "message":"MyCompany\\MyPluginName\\Setup::handleRouteBefore( \\core\\base\\Event $event )",
  "level":4
}, 
{
  "time":"2018-05-06 12:28:58",
  "message":"MyCompany\\MyPluginName\\Setup::handleRouteAfter( \\core\\base\\Event $event )",
  "level":4
}, 
{
  "time":"2018-05-06 12:28:59",
  "message":"MyCompany\\MyPluginName\\Setup::parseRouteBefore( \\core\\base\\Event $event )",
  "level":4
}, 
{
  "time":"2018-05-06 12:28:59",
  "message":"MyCompany\\MyPluginName\\Setup::parseRouteAfter( \\core\\base\\Event $event )",
  "level":4
}, 
{
  "time":"2018-05-06 12:28:59",
  "message":"MyCompany\\MyPluginName\\Setup::handleRouteBefore( \\core\\base\\Event $event )",
  "level":4
}, 
{
  "time":"2018-05-06 12:28:59",
  "message":"MyCompany\\MyPluginName\\Setup::handleRouteAfter( \\core\\base\\Event $event )",
  "level":4
}, 
{
  "time":"2018-05-06 12:29:05",
  "message":"MyCompany\\MyPluginName\\Setup::parseRouteBefore( \\core\\base\\Event $event )",
  "level":4
}, 
{
  "time":"2018-05-06 12:29:05",
  "message":"MyCompany\\MyPluginName\\Setup::parseRouteAfter( \\core\\base\\Event $event )",
  "level":4
}, 
{
  "time":"2018-05-06 12:29:05",
  "message":"MyCompany\\MyPluginName\\Setup::handleRouteBefore( \\core\\base\\Event $event )",
  "level":4
}, 
{
  "time":"2018-05-06 12:29:05",
  "message":"MyCompany\\MyPluginName\\Setup::handleRouteAfter( \\core\\base\\Event $event )",
  "level":4
}, 
{
  "time":"2018-05-06 12:29:05",
  "message":"MyCompany\\MyPluginName\\Setup::parseRouteBefore( \\core\\base\\Event $event )",
  "level":4
}, 
{
  "time":"2018-05-06 12:29:05",
  "message":"MyCompany\\MyPluginName\\Setup::parseRouteAfter( \\core\\base\\Event $event )",
  "level":4
}, 
{
  "time":"2018-05-06 12:29:05",
  "message":"MyCompany\\MyPluginName\\Setup::handleRouteBefore( \\core\\base\\Event $event )",
  "level":4
}, 
{
  "time":"2018-05-06 12:29:05",
  "message":"MyCompany\\MyPluginName\\Setup::handleRouteAfter( \\core\\base\\Event $event )",
  "level":4
}, 
{
  "time":"2018-05-06 12:29:12",
  "message":"MyCompany\\MyPluginName\\Setup::parseRouteBefore( \\core\\base\\Event $event )",
  "level":4
}, 
{
  "time":"2018-05-06 12:29:12",
  "message":"MyCompany\\MyPluginName\\Setup::parseRouteAfter( \\core\\base\\Event $event )",
  "level":4
}, 
{
  "time":"2018-05-06 12:29:12",
  "message":"MyCompany\\MyPluginName\\Setup::handleRouteBefore( \\core\\base\\Event $event )",
  "level":4
}, 
{
  "time":"2018-05-06 12:29:12",
  "message":"MyCompany\\MyPluginName\\Setup::handleRouteAfter( \\core\\base\\Event $event )",
  "level":4
}, 
{
  "time":"2018-05-06 12:29:12",
  "message":"MyCompany\\MyPluginName\\Setup::parseRouteBefore( \\core\\base\\Event $event )",
  "level":4
}, 
{
  "time":"2018-05-06 12:29:12",
  "message":"MyCompany\\MyPluginName\\Setup::parseRouteAfter( \\core\\base\\Event $event )",
  "level":4
}, 
{
  "time":"2018-05-06 12:29:12",
  "message":"MyCompany\\MyPluginName\\Setup::handleRouteBefore( \\core\\base\\Event $event )",
  "level":4
}, 
{
  "time":"2018-05-06 12:29:12",
  "message":"MyCompany\\MyPluginName\\Setup::handleRouteAfter( \\core\\base\\Event $event )",
  "level":4
}, 
{
  "time":"2018-05-06 12:30:03",
  "message":"MyCompany\\MyPluginName\\Setup::parseRouteBefore( \\core\\base\\Event $event )",
  "level":4
}, 
{
  "time":"2018-05-06 12:30:03",
  "message":"MyCompany\\MyPluginName\\Setup::parseRouteAfter( \\core\\base\\Event $event )",
  "level":4
}, 
{
  "time":"2018-05-06 12:30:03",
  "message":"MyCompany\\MyPluginName\\Setup::handleRouteBefore( \\core\\base\\Event $event )",
  "level":4
}, 
{
  "time":"2018-05-06 12:30:03",
  "message":"MyCompany\\MyPluginName\\Setup::handleRouteAfter( \\core\\base\\Event $event )",
  "level":4
}, 
{
  "time":"2018-05-06 12:30:03",
  "message":"MyCompany\\MyPluginName\\Setup::parseRouteBefore( \\core\\base\\Event $event )",
  "level":4
}, 
{
  "time":"2018-05-06 12:30:03",
  "message":"MyCompany\\MyPluginName\\Setup::parseRouteAfter( \\core\\base\\Event $event )",
  "level":4
}, 
{
  "time":"2018-05-06 12:30:03",
  "message":"MyCompany\\MyPluginName\\Setup::handleRouteBefore( \\core\\base\\Event $event )",
  "level":4
}, 
{
  "time":"2018-05-06 12:30:03",
  "message":"MyCompany\\MyPluginName\\Setup::handleRouteAfter( \\core\\base\\Event $event )",
  "level":4
}, 
{
  "time":"2018-05-06 12:30:17",
  "message":"MyCompany\\MyPluginName\\Setup::parseRouteBefore( \\core\\base\\Event $event )",
  "level":4
}, 
{
  "time":"2018-05-06 12:30:17",
  "message":"MyCompany\\MyPluginName\\Setup::parseRouteAfter( \\core\\base\\Event $event )",
  "level":4
}, 
{
  "time":"2018-05-06 12:30:17",
  "message":"MyCompany\\MyPluginName\\Setup::handleRouteBefore( \\core\\base\\Event $event )",
  "level":4
}, 
{
  "time":"2018-05-06 12:30:17",
  "message":"MyCompany\\MyPluginName\\Setup::handleRouteAfter( \\core\\base\\Event $event )",
  "level":4
}, 
{
  "time":"2018-05-06 12:30:17",
  "message":"MyCompany\\MyPluginName\\Setup::parseRouteBefore( \\core\\base\\Event $event )",
  "level":4
}, 
{
  "time":"2018-05-06 12:30:17",
  "message":"MyCompany\\MyPluginName\\Setup::parseRouteAfter( \\core\\base\\Event $event )",
  "level":4
}, 
{
  "time":"2018-05-06 12:30:17",
  "message":"MyCompany\\MyPluginName\\Setup::handleRouteBefore( \\core\\base\\Event $event )",
  "level":4
}, 
{
  "time":"2018-05-06 12:30:17",
  "message":"MyCompany\\MyPluginName\\Setup::handleRouteAfter( \\core\\base\\Event $event )",
  "level":4
}, 
{
  "time":"2018-05-06 12:30:24",
  "message":"MyCompany\\MyPluginName\\Setup::parseRouteBefore( \\core\\base\\Event $event )",
  "level":4
}, 
{
  "time":"2018-05-06 12:30:24",
  "message":"MyCompany\\MyPluginName\\Setup::parseRouteAfter( \\core\\base\\Event $event )",
  "level":4
}, 
{
  "time":"2018-05-06 12:30:24",
  "message":"MyCompany\\MyPluginName\\Setup::handleRouteBefore( \\core\\base\\Event $event )",
  "level":4
}, 
{
  "time":"2018-05-06 12:30:24",
  "message":"MyCompany\\MyPluginName\\Setup::handleRouteAfter( \\core\\base\\Event $event )",
  "level":4
}, 
{
  "time":"2018-05-06 12:30:24",
  "message":"MyCompany\\MyPluginName\\Setup::parseRouteBefore( \\core\\base\\Event $event )",
  "level":4
}, 
{
  "time":"2018-05-06 12:30:24",
  "message":"MyCompany\\MyPluginName\\Setup::parseRouteAfter( \\core\\base\\Event $event )",
  "level":4
}, 
{
  "time":"2018-05-06 12:30:24",
  "message":"MyCompany\\MyPluginName\\Setup::handleRouteBefore( \\core\\base\\Event $event )",
  "level":4
}, 
{
  "time":"2018-05-06 12:30:24",
  "message":"MyCompany\\MyPluginName\\Setup::handleRouteAfter( \\core\\base\\Event $event )",
  "level":4
}, 
{
  "time":"2018-05-06 12:30:44",
  "message":"MyCompany\\MyPluginName\\Setup::parseRouteBefore( \\core\\base\\Event $event )",
  "level":4
}, 
{
  "time":"2018-05-06 12:30:44",
  "message":"MyCompany\\MyPluginName\\Setup::parseRouteAfter( \\core\\base\\Event $event )",
  "level":4
}, 
{
  "time":"2018-05-06 12:30:44",
  "message":"MyCompany\\MyPluginName\\Setup::handleRouteBefore( \\core\\base\\Event $event )",
  "level":4
}, 
{
  "time":"2018-05-06 12:30:44",
  "message":"MyCompany\\MyPluginName\\Setup::handleRouteAfter( \\core\\base\\Event $event )",
  "level":4
}, 
{
  "time":"2018-05-06 12:30:45",
  "message":"MyCompany\\MyPluginName\\Setup::parseRouteBefore( \\core\\base\\Event $event )",
  "level":4
}, 
{
  "time":"2018-05-06 12:30:45",
  "message":"MyCompany\\MyPluginName\\Setup::parseRouteAfter( \\core\\base\\Event $event )",
  "level":4
}, 
{
  "time":"2018-05-06 12:30:45",
  "message":"MyCompany\\MyPluginName\\Setup::handleRouteBefore( \\core\\base\\Event $event )",
  "level":4
}, 
{
  "time":"2018-05-06 12:30:45",
  "message":"MyCompany\\MyPluginName\\Setup::handleRouteAfter( \\core\\base\\Event $event )",
  "level":4
}, 
{
  "time":"2018-05-06 12:31:17",
  "message":"MyCompany\\MyPluginName\\Setup::parseRouteBefore( \\core\\base\\Event $event )",
  "level":4
}, 
{
  "time":"2018-05-06 12:31:17",
  "message":"MyCompany\\MyPluginName\\Setup::parseRouteAfter( \\core\\base\\Event $event )",
  "level":4
}, 
{
  "time":"2018-05-06 12:31:17",
  "message":"MyCompany\\MyPluginName\\Setup::handleRouteBefore( \\core\\base\\Event $event )",
  "level":4
}, 
{
  "time":"2018-05-06 12:31:17",
  "message":"MyCompany\\MyPluginName\\Setup::handleRouteAfter( \\core\\base\\Event $event )",
  "level":4
}, 
{
  "time":"2018-05-06 12:31:17",
  "message":"MyCompany\\MyPluginName\\Setup::parseRouteBefore( \\core\\base\\Event $event )",
  "level":4
}, 
{
  "time":"2018-05-06 12:31:17",
  "message":"MyCompany\\MyPluginName\\Setup::parseRouteAfter( \\core\\base\\Event $event )",
  "level":4
}, 
{
  "time":"2018-05-06 12:31:17",
  "message":"MyCompany\\MyPluginName\\Setup::handleRouteBefore( \\core\\base\\Event $event )",
  "level":4
}, 
{
  "time":"2018-05-06 12:31:17",
  "message":"MyCompany\\MyPluginName\\Setup::handleRouteAfter( \\core\\base\\Event $event )",
  "level":4
}, 
{
  "time":"2018-05-06 12:31:43",
  "message":"MyCompany\\MyPluginName\\Setup::parseRouteBefore( \\core\\base\\Event $event )",
  "level":4
}, 
{
  "time":"2018-05-06 12:31:43",
  "message":"MyCompany\\MyPluginName\\Setup::parseRouteAfter( \\core\\base\\Event $event )",
  "level":4
}, 
{
  "time":"2018-05-06 12:31:43",
  "message":"MyCompany\\MyPluginName\\Setup::handleRouteBefore( \\core\\base\\Event $event )",
  "level":4
}, 
{
  "time":"2018-05-06 12:31:43",
  "message":"MyCompany\\MyPluginName\\Setup::handleRouteAfter( \\core\\base\\Event $event )",
  "level":4
}, 
{
  "time":"2018-05-06 12:31:43",
  "message":"MyCompany\\MyPluginName\\Setup::parseRouteBefore( \\core\\base\\Event $event )",
  "level":4
}, 
{
  "time":"2018-05-06 12:31:43",
  "message":"MyCompany\\MyPluginName\\Setup::parseRouteAfter( \\core\\base\\Event $event )",
  "level":4
}, 
{
  "time":"2018-05-06 12:31:43",
  "message":"MyCompany\\MyPluginName\\Setup::handleRouteBefore( \\core\\base\\Event $event )",
  "level":4
}, 
{
  "time":"2018-05-06 12:31:43",
  "message":"MyCompany\\MyPluginName\\Setup::handleRouteAfter( \\core\\base\\Event $event )",
  "level":4
}, 
{
  "time":"2018-05-06 12:32:32",
  "message":"MyCompany\\MyPluginName\\Setup::parseRouteBefore( \\core\\base\\Event $event )",
  "level":4
}, 
{
  "time":"2018-05-06 12:32:32",
  "message":"MyCompany\\MyPluginName\\Setup::parseRouteAfter( \\core\\base\\Event $event )",
  "level":4
}, 
{
  "time":"2018-05-06 12:32:32",
  "message":"MyCompany\\MyPluginName\\Setup::handleRouteBefore( \\core\\base\\Event $event )",
  "level":4
}, 
{
  "time":"2018-05-06 12:32:32",
  "message":"MyCompany\\MyPluginName\\Setup::handleRouteAfter( \\core\\base\\Event $event )",
  "level":4
}, 
{
  "time":"2018-05-06 12:32:32",
  "message":"MyCompany\\MyPluginName\\Setup::parseRouteBefore( \\core\\base\\Event $event )",
  "level":4
}, 
{
  "time":"2018-05-06 12:32:32",
  "message":"MyCompany\\MyPluginName\\Setup::parseRouteAfter( \\core\\base\\Event $event )",
  "level":4
}, 
{
  "time":"2018-05-06 12:32:32",
  "message":"MyCompany\\MyPluginName\\Setup::handleRouteBefore( \\core\\base\\Event $event )",
  "level":4
}, 
{
  "time":"2018-05-06 12:32:32",
  "message":"MyCompany\\MyPluginName\\Setup::handleRouteAfter( \\core\\base\\Event $event )",
  "level":4
}, 
{
  "time":"2018-05-06 12:32:56",
  "message":"MyCompany\\MyPluginName\\Setup::parseRouteBefore( \\core\\base\\Event $event )",
  "level":4
}, 
{
  "time":"2018-05-06 12:32:56",
  "message":"MyCompany\\MyPluginName\\Setup::parseRouteAfter( \\core\\base\\Event $event )",
  "level":4
}, 
{
  "time":"2018-05-06 12:32:56",
  "message":"MyCompany\\MyPluginName\\Setup::handleRouteBefore( \\core\\base\\Event $event )",
  "level":4
}, 
{
  "time":"2018-05-06 12:32:56",
  "message":"MyCompany\\MyPluginName\\Setup::handleRouteAfter( \\core\\base\\Event $event )",
  "level":4
}, 
{
  "time":"2018-05-06 12:32:56",
  "message":"MyCompany\\MyPluginName\\Setup::parseRouteBefore( \\core\\base\\Event $event )",
  "level":4
}, 
{
  "time":"2018-05-06 12:32:56",
  "message":"MyCompany\\MyPluginName\\Setup::parseRouteAfter( \\core\\base\\Event $event )",
  "level":4
}, 
{
  "time":"2018-05-06 12:32:56",
  "message":"MyCompany\\MyPluginName\\Setup::handleRouteBefore( \\core\\base\\Event $event )",
  "level":4
}, 
{
  "time":"2018-05-06 12:32:56",
  "message":"MyCompany\\MyPluginName\\Setup::handleRouteAfter( \\core\\base\\Event $event )",
  "level":4
}, 
{
  "time":"2018-05-06 12:33:01",
  "message":"MyCompany\\MyPluginName\\Setup::parseRouteBefore( \\core\\base\\Event $event )",
  "level":4
}, 
{
  "time":"2018-05-06 12:33:01",
  "message":"MyCompany\\MyPluginName\\Setup::parseRouteAfter( \\core\\base\\Event $event )",
  "level":4
}, 
{
  "time":"2018-05-06 12:33:01",
  "message":"MyCompany\\MyPluginName\\Setup::handleRouteBefore( \\core\\base\\Event $event )",
  "level":4
}, 
{
  "time":"2018-05-06 12:33:01",
  "message":"MyCompany\\MyPluginName\\Setup::handleRouteAfter( \\core\\base\\Event $event )",
  "level":4
}, 
{
  "time":"2018-05-06 12:33:01",
  "message":"MyCompany\\MyPluginName\\Setup::parseRouteBefore( \\core\\base\\Event $event )",
  "level":4
}, 
{
  "time":"2018-05-06 12:33:01",
  "message":"MyCompany\\MyPluginName\\Setup::parseRouteAfter( \\core\\base\\Event $event )",
  "level":4
}, 
{
  "time":"2018-05-06 12:33:01",
  "message":"MyCompany\\MyPluginName\\Setup::handleRouteBefore( \\core\\base\\Event $event )",
  "level":4
}, 
{
  "time":"2018-05-06 12:33:01",
  "message":"MyCompany\\MyPluginName\\Setup::handleRouteAfter( \\core\\base\\Event $event )",
  "level":4
}, 
{
  "time":"2018-05-06 12:33:18",
  "message":"MyCompany\\MyPluginName\\Setup::parseRouteBefore( \\core\\base\\Event $event )",
  "level":4
}, 
{
  "time":"2018-05-06 12:33:18",
  "message":"MyCompany\\MyPluginName\\Setup::parseRouteAfter( \\core\\base\\Event $event )",
  "level":4
}, 
{
  "time":"2018-05-06 12:33:18",
  "message":"MyCompany\\MyPluginName\\Setup::handleRouteBefore( \\core\\base\\Event $event )",
  "level":4
}, 
{
  "time":"2018-05-06 12:33:18",
  "message":"MyCompany\\MyPluginName\\Setup::handleRouteAfter( \\core\\base\\Event $event )",
  "level":4
}, 
{
  "time":"2018-05-06 12:33:18",
  "message":"MyCompany\\MyPluginName\\Setup::parseRouteBefore( \\core\\base\\Event $event )",
  "level":4
}, 
{
  "time":"2018-05-06 12:33:18",
  "message":"MyCompany\\MyPluginName\\Setup::parseRouteAfter( \\core\\base\\Event $event )",
  "level":4
}, 
{
  "time":"2018-05-06 12:33:18",
  "message":"MyCompany\\MyPluginName\\Setup::handleRouteBefore( \\core\\base\\Event $event )",
  "level":4
}, 
{
  "time":"2018-05-06 12:33:18",
  "message":"MyCompany\\MyPluginName\\Setup::handleRouteAfter( \\core\\base\\Event $event )",
  "level":4
}, 
{
  "time":"2018-05-06 12:34:54",
  "message":"MyCompany\\MyPluginName\\Setup::parseRouteBefore( \\core\\base\\Event $event )",
  "level":4
}, 
{
  "time":"2018-05-06 12:34:54",
  "message":"MyCompany\\MyPluginName\\Setup::parseRouteAfter( \\core\\base\\Event $event )",
  "level":4
}, 
{
  "time":"2018-05-06 12:34:54",
  "message":"MyCompany\\MyPluginName\\Setup::handleRouteBefore( \\core\\base\\Event $event )",
  "level":4
}, 
{
  "time":"2018-05-06 12:34:54",
  "message":"MyCompany\\MyPluginName\\Setup::handleRouteAfter( \\core\\base\\Event $event )",
  "level":4
}, 
{
  "time":"2018-05-06 12:34:54",
  "message":"MyCompany\\MyPluginName\\Setup::parseRouteBefore( \\core\\base\\Event $event )",
  "level":4
}, 
{
  "time":"2018-05-06 12:34:54",
  "message":"MyCompany\\MyPluginName\\Setup::parseRouteAfter( \\core\\base\\Event $event )",
  "level":4
}, 
{
  "time":"2018-05-06 12:34:54",
  "message":"MyCompany\\MyPluginName\\Setup::handleRouteBefore( \\core\\base\\Event $event )",
  "level":4
}, 
{
  "time":"2018-05-06 12:34:54",
  "message":"MyCompany\\MyPluginName\\Setup::handleRouteAfter( \\core\\base\\Event $event )",
  "level":4
}, 
{
  "time":"2018-05-06 12:35:19",
  "message":"MyCompany\\MyPluginName\\Setup::parseRouteBefore( \\core\\base\\Event $event )",
  "level":4
}, 
{
  "time":"2018-05-06 12:35:19",
  "message":"MyCompany\\MyPluginName\\Setup::parseRouteAfter( \\core\\base\\Event $event )",
  "level":4
}, 
{
  "time":"2018-05-06 12:35:19",
  "message":"MyCompany\\MyPluginName\\Setup::parseRouteBefore( \\core\\base\\Event $event )",
  "level":4
}, 
{
  "time":"2018-05-06 12:35:19",
  "message":"MyCompany\\MyPluginName\\Setup::parseRouteAfter( \\core\\base\\Event $event )",
  "level":4
}, 
{
  "time":"2018-05-06 12:35:23",
  "message":"MyCompany\\MyPluginName\\Setup::parseRouteBefore( \\core\\base\\Event $event )",
  "level":4
}, 
{
  "time":"2018-05-06 12:35:23",
  "message":"MyCompany\\MyPluginName\\Setup::parseRouteAfter( \\core\\base\\Event $event )",
  "level":4
}, 
{
  "time":"2018-05-06 12:35:23",
  "message":"MyCompany\\MyPluginName\\Setup::handleRouteBefore( \\core\\base\\Event $event )",
  "level":4
}, 
{
  "time":"2018-05-06 12:35:23",
  "message":"MyCompany\\MyPluginName\\Setup::handleRouteAfter( \\core\\base\\Event $event )",
  "level":4
}, 
{
  "time":"2018-05-06 12:35:23",
  "message":"MyCompany\\MyPluginName\\Setup::parseRouteBefore( \\core\\base\\Event $event )",
  "level":4
}, 
{
  "time":"2018-05-06 12:35:23",
  "message":"MyCompany\\MyPluginName\\Setup::parseRouteAfter( \\core\\base\\Event $event )",
  "level":4
}, 
{
  "time":"2018-05-06 12:35:23",
  "message":"MyCompany\\MyPluginName\\Setup::handleRouteBefore( \\core\\base\\Event $event )",
  "level":4
}, 
{
  "time":"2018-05-06 12:35:23",
  "message":"MyCompany\\MyPluginName\\Setup::handleRouteAfter( \\core\\base\\Event $event )",
  "level":4
}, 
{
  "time":"2018-05-06 12:35:36",
  "message":"MyCompany\\MyPluginName\\Setup::parseRouteBefore( \\core\\base\\Event $event )",
  "level":4
}, 
{
  "time":"2018-05-06 12:35:36",
  "message":"MyCompany\\MyPluginName\\Setup::parseRouteAfter( \\core\\base\\Event $event )",
  "level":4
}, 
{
  "time":"2018-05-06 12:35:36",
  "message":"MyCompany\\MyPluginName\\Setup::handleRouteBefore( \\core\\base\\Event $event )",
  "level":4
}, 
{
  "time":"2018-05-06 12:35:36",
  "message":"MyCompany\\MyPluginName\\Setup::handleRouteAfter( \\core\\base\\Event $event )",
  "level":4
}, 
{
  "time":"2018-05-06 12:35:36",
  "message":"MyCompany\\MyPluginName\\Setup::parseRouteBefore( \\core\\base\\Event $event )",
  "level":4
}, 
{
  "time":"2018-05-06 12:35:36",
  "message":"MyCompany\\MyPluginName\\Setup::parseRouteAfter( \\core\\base\\Event $event )",
  "level":4
}, 
{
  "time":"2018-05-06 12:35:36",
  "message":"MyCompany\\MyPluginName\\Setup::handleRouteBefore( \\core\\base\\Event $event )",
  "level":4
}, 
{
  "time":"2018-05-06 12:35:36",
  "message":"MyCompany\\MyPluginName\\Setup::handleRouteAfter( \\core\\base\\Event $event )",
  "level":4
}, 
{
  "time":"2018-05-06 12:35:36",
  "message":"MyCompany\\MyPluginName\\Setup::parseRouteBefore( \\core\\base\\Event $event )",
  "level":4
}, 
{
  "time":"2018-05-06 12:35:36",
  "message":"MyCompany\\MyPluginName\\Setup::parseRouteAfter( \\core\\base\\Event $event )",
  "level":4
}, 
{
  "time":"2018-05-06 12:35:36",
  "message":"MyCompany\\MyPluginName\\Setup::handleRouteBefore( \\core\\base\\Event $event )",
  "level":4
}, 
{
  "time":"2018-05-06 12:35:36",
  "message":"MyCompany\\MyPluginName\\Setup::handleRouteAfter( \\core\\base\\Event $event )",
  "level":4
}, 
{
  "time":"2018-05-06 12:35:37",
  "message":"MyCompany\\MyPluginName\\Setup::parseRouteBefore( \\core\\base\\Event $event )",
  "level":4
}, 
{
  "time":"2018-05-06 12:35:37",
  "message":"MyCompany\\MyPluginName\\Setup::parseRouteAfter( \\core\\base\\Event $event )",
  "level":4
}, 
{
  "time":"2018-05-06 12:35:37",
  "message":"MyCompany\\MyPluginName\\Setup::handleRouteBefore( \\core\\base\\Event $event )",
  "level":4
}, 
{
  "time":"2018-05-06 12:35:37",
  "message":"MyCompany\\MyPluginName\\Setup::handleRouteAfter( \\core\\base\\Event $event )",
  "level":4
}, 
{
  "time":"2018-05-06 12:36:05",
  "message":"MyCompany\\MyPluginName\\Setup::parseRouteBefore( \\core\\base\\Event $event )",
  "level":4
}, 
{
  "time":"2018-05-06 12:36:05",
  "message":"MyCompany\\MyPluginName\\Setup::parseRouteAfter( \\core\\base\\Event $event )",
  "level":4
}, 
{
  "time":"2018-05-06 12:36:06",
  "message":"MyCompany\\MyPluginName\\Setup::parseRouteBefore( \\core\\base\\Event $event )",
  "level":4
}, 
{
  "time":"2018-05-06 12:36:06",
  "message":"MyCompany\\MyPluginName\\Setup::parseRouteAfter( \\core\\base\\Event $event )",
  "level":4
}, 
{
  "time":"2018-05-06 12:36:09",
  "message":"MyCompany\\MyPluginName\\Setup::parseRouteBefore( \\core\\base\\Event $event )",
  "level":4
}, 
{
  "time":"2018-05-06 12:36:09",
  "message":"MyCompany\\MyPluginName\\Setup::parseRouteAfter( \\core\\base\\Event $event )",
  "level":4
}, 
{
  "time":"2018-05-06 12:36:09",
  "message":"MyCompany\\MyPluginName\\Setup::handleRouteBefore( \\core\\base\\Event $event )",
  "level":4
}, 
{
  "time":"2018-05-06 12:36:09",
  "message":"MyCompany\\MyPluginName\\Setup::handleRouteAfter( \\core\\base\\Event $event )",
  "level":4
}, 
{
  "time":"2018-05-06 12:36:10",
  "message":"MyCompany\\MyPluginName\\Setup::parseRouteBefore( \\core\\base\\Event $event )",
  "level":4
}, 
{
  "time":"2018-05-06 12:36:10",
  "message":"MyCompany\\MyPluginName\\Setup::parseRouteAfter( \\core\\base\\Event $event )",
  "level":4
}, 
{
  "time":"2018-05-06 12:36:10",
  "message":"MyCompany\\MyPluginName\\Setup::handleRouteBefore( \\core\\base\\Event $event )",
  "level":4
}, 
{
  "time":"2018-05-06 12:36:10",
  "message":"MyCompany\\MyPluginName\\Setup::handleRouteAfter( \\core\\base\\Event $event )",
  "level":4
}, 
{
  "time":"2018-05-06 12:36:31",
  "message":"MyCompany\\MyPluginName\\Setup::parseRouteBefore( \\core\\base\\Event $event )",
  "level":4
}, 
{
  "time":"2018-05-06 12:36:31",
  "message":"MyCompany\\MyPluginName\\Setup::parseRouteAfter( \\core\\base\\Event $event )",
  "level":4
}, 
{
  "time":"2018-05-06 12:36:31",
  "message":"MyCompany\\MyPluginName\\Setup::handleRouteBefore( \\core\\base\\Event $event )",
  "level":4
}, 
{
  "time":"2018-05-06 12:36:31",
  "message":"MyCompany\\MyPluginName\\Setup::handleRouteAfter( \\core\\base\\Event $event )",
  "level":4
}, 
{
  "time":"2018-05-06 12:36:31",
  "message":"MyCompany\\MyPluginName\\Setup::parseRouteBefore( \\core\\base\\Event $event )",
  "level":4
}, 
{
  "time":"2018-05-06 12:36:31",
  "message":"MyCompany\\MyPluginName\\Setup::parseRouteAfter( \\core\\base\\Event $event )",
  "level":4
}, 
{
  "time":"2018-05-06 12:36:31",
  "message":"MyCompany\\MyPluginName\\Setup::handleRouteBefore( \\core\\base\\Event $event )",
  "level":4
}, 
{
  "time":"2018-05-06 12:36:31",
  "message":"MyCompany\\MyPluginName\\Setup::handleRouteAfter( \\core\\base\\Event $event )",
  "level":4
}, 
{
  "time":"2018-05-06 12:37:10",
  "message":"MyCompany\\MyPluginName\\Setup::parseRouteBefore( \\core\\base\\Event $event )",
  "level":4
}, 
{
  "time":"2018-05-06 12:37:10",
  "message":"MyCompany\\MyPluginName\\Setup::parseRouteAfter( \\core\\base\\Event $event )",
  "level":4
}, 
{
  "time":"2018-05-06 12:37:10",
  "message":"MyCompany\\MyPluginName\\Setup::handleRouteBefore( \\core\\base\\Event $event )",
  "level":4
}, 
{
  "time":"2018-05-06 12:37:10",
  "message":"MyCompany\\MyPluginName\\Setup::handleRouteAfter( \\core\\base\\Event $event )",
  "level":4
}, 
{
  "time":"2018-05-06 12:37:11",
  "message":"MyCompany\\MyPluginName\\Setup::parseRouteBefore( \\core\\base\\Event $event )",
  "level":4
}, 
{
  "time":"2018-05-06 12:37:11",
  "message":"MyCompany\\MyPluginName\\Setup::parseRouteAfter( \\core\\base\\Event $event )",
  "level":4
}, 
{
  "time":"2018-05-06 12:37:11",
  "message":"MyCompany\\MyPluginName\\Setup::handleRouteBefore( \\core\\base\\Event $event )",
  "level":4
}, 
{
  "time":"2018-05-06 12:37:11",
  "message":"MyCompany\\MyPluginName\\Setup::handleRouteAfter( \\core\\base\\Event $event )",
  "level":4
}, 
{
  "time":"2018-05-06 12:38:27",
  "message":"MyCompany\\MyPluginName\\Setup::parseRouteBefore( \\core\\base\\Event $event )",
  "level":4
}, 
{
  "time":"2018-05-06 12:38:27",
  "message":"MyCompany\\MyPluginName\\Setup::parseRouteAfter( \\core\\base\\Event $event )",
  "level":4
}, 
{
  "time":"2018-05-06 12:38:27",
  "message":"MyCompany\\MyPluginName\\Setup::handleRouteBefore( \\core\\base\\Event $event )",
  "level":4
}, 
{
  "time":"2018-05-06 12:38:27",
  "message":"MyCompany\\MyPluginName\\Setup::handleRouteAfter( \\core\\base\\Event $event )",
  "level":4
}, 
{
  "time":"2018-05-06 12:38:27",
  "message":"MyCompany\\MyPluginName\\Setup::parseRouteBefore( \\core\\base\\Event $event )",
  "level":4
}, 
{
  "time":"2018-05-06 12:38:27",
  "message":"MyCompany\\MyPluginName\\Setup::parseRouteAfter( \\core\\base\\Event $event )",
  "level":4
}, 
{
  "time":"2018-05-06 12:38:27",
  "message":"MyCompany\\MyPluginName\\Setup::handleRouteBefore( \\core\\base\\Event $event )",
  "level":4
}, 
{
  "time":"2018-05-06 12:38:27",
  "message":"MyCompany\\MyPluginName\\Setup::handleRouteAfter( \\core\\base\\Event $event )",
  "level":4
}, 
{
  "time":"2018-05-06 12:38:35",
  "message":"MyCompany\\MyPluginName\\Setup::parseRouteBefore( \\core\\base\\Event $event )",
  "level":4
}, 
{
  "time":"2018-05-06 12:38:35",
  "message":"MyCompany\\MyPluginName\\Setup::parseRouteAfter( \\core\\base\\Event $event )",
  "level":4
}, 
{
  "time":"2018-05-06 12:38:35",
  "message":"MyCompany\\MyPluginName\\Setup::handleRouteBefore( \\core\\base\\Event $event )",
  "level":4
}, 
{
  "time":"2018-05-06 12:38:35",
  "message":"MyCompany\\MyPluginName\\Setup::handleRouteAfter( \\core\\base\\Event $event )",
  "level":4
}, 
{
  "time":"2018-05-06 12:38:36",
  "message":"MyCompany\\MyPluginName\\Setup::parseRouteBefore( \\core\\base\\Event $event )",
  "level":4
}, 
{
  "time":"2018-05-06 12:38:36",
  "message":"MyCompany\\MyPluginName\\Setup::parseRouteAfter( \\core\\base\\Event $event )",
  "level":4
}, 
{
  "time":"2018-05-06 12:38:36",
  "message":"MyCompany\\MyPluginName\\Setup::handleRouteBefore( \\core\\base\\Event $event )",
  "level":4
}, 
{
  "time":"2018-05-06 12:38:36",
  "message":"MyCompany\\MyPluginName\\Setup::handleRouteAfter( \\core\\base\\Event $event )",
  "level":4
}, 
{
  "time":"2018-05-06 12:38:39",
  "message":"MyCompany\\MyPluginName\\Setup::parseRouteBefore( \\core\\base\\Event $event )",
  "level":4
}, 
{
  "time":"2018-05-06 12:38:39",
  "message":"MyCompany\\MyPluginName\\Setup::parseRouteAfter( \\core\\base\\Event $event )",
  "level":4
}, 
{
  "time":"2018-05-06 12:38:39",
  "message":"MyCompany\\MyPluginName\\Setup::handleRouteBefore( \\core\\base\\Event $event )",
  "level":4
}, 
{
  "time":"2018-05-06 12:38:39",
  "message":"MyCompany\\MyPluginName\\Setup::handleRouteAfter( \\core\\base\\Event $event )",
  "level":4
}, 
{
  "time":"2018-05-06 12:38:39",
  "message":"MyCompany\\MyPluginName\\Setup::parseRouteBefore( \\core\\base\\Event $event )",
  "level":4
}, 
{
  "time":"2018-05-06 12:38:39",
  "message":"MyCompany\\MyPluginName\\Setup::parseRouteAfter( \\core\\base\\Event $event )",
  "level":4
}, 
{
  "time":"2018-05-06 12:38:39",
  "message":"MyCompany\\MyPluginName\\Setup::handleRouteBefore( \\core\\base\\Event $event )",
  "level":4
}, 
{
  "time":"2018-05-06 12:38:39",
  "message":"MyCompany\\MyPluginName\\Setup::handleRouteAfter( \\core\\base\\Event $event )",
  "level":4
}, 
{
  "time":"2018-05-06 12:39:02",
  "message":"MyCompany\\MyPluginName\\Setup::parseRouteBefore( \\core\\base\\Event $event )",
  "level":4
}, 
{
  "time":"2018-05-06 12:39:02",
  "message":"MyCompany\\MyPluginName\\Setup::parseRouteAfter( \\core\\base\\Event $event )",
  "level":4
}, 
{
  "time":"2018-05-06 12:39:02",
  "message":"MyCompany\\MyPluginName\\Setup::handleRouteBefore( \\core\\base\\Event $event )",
  "level":4
}, 
{
  "time":"2018-05-06 12:39:02",
  "message":"MyCompany\\MyPluginName\\Setup::handleRouteAfter( \\core\\base\\Event $event )",
  "level":4
}, 
{
  "time":"2018-05-06 12:39:02",
  "message":"MyCompany\\MyPluginName\\Setup::parseRouteBefore( \\core\\base\\Event $event )",
  "level":4
}, 
{
  "time":"2018-05-06 12:39:02",
  "message":"MyCompany\\MyPluginName\\Setup::parseRouteAfter( \\core\\base\\Event $event )",
  "level":4
}, 
{
  "time":"2018-05-06 12:39:02",
  "message":"MyCompany\\MyPluginName\\Setup::handleRouteBefore( \\core\\base\\Event $event )",
  "level":4
}, 
{
  "time":"2018-05-06 12:39:02",
  "message":"MyCompany\\MyPluginName\\Setup::handleRouteAfter( \\core\\base\\Event $event )",
  "level":4
}, 
{
  "time":"2018-05-06 12:39:14",
  "message":"MyCompany\\MyPluginName\\Setup::parseRouteBefore( \\core\\base\\Event $event )",
  "level":4
}, 
{
  "time":"2018-05-06 12:39:15",
  "message":"MyCompany\\MyPluginName\\Setup::parseRouteAfter( \\core\\base\\Event $event )",
  "level":4
}, 
{
  "time":"2018-05-06 12:39:15",
  "message":"MyCompany\\MyPluginName\\Setup::handleRouteBefore( \\core\\base\\Event $event )",
  "level":4
}, 
{
  "time":"2018-05-06 12:39:15",
  "message":"MyCompany\\MyPluginName\\Setup::handleRouteAfter( \\core\\base\\Event $event )",
  "level":4
}, 
{
  "time":"2018-05-06 12:39:15",
  "message":"MyCompany\\MyPluginName\\Setup::parseRouteBefore( \\core\\base\\Event $event )",
  "level":4
}, 
{
  "time":"2018-05-06 12:39:15",
  "message":"MyCompany\\MyPluginName\\Setup::parseRouteAfter( \\core\\base\\Event $event )",
  "level":4
}, 
{
  "time":"2018-05-06 12:39:15",
  "message":"MyCompany\\MyPluginName\\Setup::handleRouteBefore( \\core\\base\\Event $event )",
  "level":4
}, 
{
  "time":"2018-05-06 12:39:15",
  "message":"MyCompany\\MyPluginName\\Setup::handleRouteAfter( \\core\\base\\Event $event )",
  "level":4
}, 
{
  "time":"2018-05-06 12:40:11",
  "message":"MyCompany\\MyPluginName\\Setup::parseRouteBefore( \\core\\base\\Event $event )",
  "level":4
}, 
{
  "time":"2018-05-06 12:40:11",
  "message":"MyCompany\\MyPluginName\\Setup::parseRouteAfter( \\core\\base\\Event $event )",
  "level":4
}, 
{
  "time":"2018-05-06 12:40:11",
  "message":"MyCompany\\MyPluginName\\Setup::handleRouteBefore( \\core\\base\\Event $event )",
  "level":4
}, 
{
  "time":"2018-05-06 12:40:11",
  "message":"MyCompany\\MyPluginName\\Setup::handleRouteAfter( \\core\\base\\Event $event )",
  "level":4
}, 
{
  "time":"2018-05-06 12:40:11",
  "message":"MyCompany\\MyPluginName\\Setup::parseRouteBefore( \\core\\base\\Event $event )",
  "level":4
}, 
{
  "time":"2018-05-06 12:40:11",
  "message":"MyCompany\\MyPluginName\\Setup::parseRouteAfter( \\core\\base\\Event $event )",
  "level":4
}, 
{
  "time":"2018-05-06 12:40:11",
  "message":"MyCompany\\MyPluginName\\Setup::handleRouteBefore( \\core\\base\\Event $event )",
  "level":4
}, 
{
  "time":"2018-05-06 12:40:11",
  "message":"MyCompany\\MyPluginName\\Setup::handleRouteAfter( \\core\\base\\Event $event )",
  "level":4
}, 
{
  "time":"2018-05-06 12:40:23",
  "message":"MyCompany\\MyPluginName\\Setup::parseRouteBefore( \\core\\base\\Event $event )",
  "level":4
}, 
{
  "time":"2018-05-06 12:40:23",
  "message":"MyCompany\\MyPluginName\\Setup::parseRouteAfter( \\core\\base\\Event $event )",
  "level":4
}, 
{
  "time":"2018-05-06 12:40:23",
  "message":"MyCompany\\MyPluginName\\Setup::handleRouteBefore( \\core\\base\\Event $event )",
  "level":4
}, 
{
  "time":"2018-05-06 12:40:23",
  "message":"MyCompany\\MyPluginName\\Setup::handleRouteAfter( \\core\\base\\Event $event )",
  "level":4
}, 
{
  "time":"2018-05-06 12:40:23",
  "message":"MyCompany\\MyPluginName\\Setup::parseRouteBefore( \\core\\base\\Event $event )",
  "level":4
}, 
{
  "time":"2018-05-06 12:40:23",
  "message":"MyCompany\\MyPluginName\\Setup::parseRouteAfter( \\core\\base\\Event $event )",
  "level":4
}, 
{
  "time":"2018-05-06 12:40:23",
  "message":"MyCompany\\MyPluginName\\Setup::handleRouteBefore( \\core\\base\\Event $event )",
  "level":4
}, 
{
  "time":"2018-05-06 12:40:23",
  "message":"MyCompany\\MyPluginName\\Setup::handleRouteAfter( \\core\\base\\Event $event )",
  "level":4
}, 
{
  "time":"2018-05-06 12:42:06",
  "message":"MyCompany\\MyPluginName\\Setup::parseRouteBefore( \\core\\base\\Event $event )",
  "level":4
}, 
{
  "time":"2018-05-06 12:42:06",
  "message":"MyCompany\\MyPluginName\\Setup::parseRouteAfter( \\core\\base\\Event $event )",
  "level":4
}, 
{
  "time":"2018-05-06 12:42:06",
  "message":"MyCompany\\MyPluginName\\Setup::handleRouteBefore( \\core\\base\\Event $event )",
  "level":4
}, 
{
  "time":"2018-05-06 12:42:06",
  "message":"MyCompany\\MyPluginName\\Setup::handleRouteAfter( \\core\\base\\Event $event )",
  "level":4
}, 
{
  "time":"2018-05-06 12:42:06",
  "message":"MyCompany\\MyPluginName\\Setup::parseRouteBefore( \\core\\base\\Event $event )",
  "level":4
}, 
{
  "time":"2018-05-06 12:42:06",
  "message":"MyCompany\\MyPluginName\\Setup::parseRouteAfter( \\core\\base\\Event $event )",
  "level":4
}, 
{
  "time":"2018-05-06 12:42:06",
  "message":"MyCompany\\MyPluginName\\Setup::handleRouteBefore( \\core\\base\\Event $event )",
  "level":4
}, 
{
  "time":"2018-05-06 12:42:06",
  "message":"MyCompany\\MyPluginName\\Setup::handleRouteAfter( \\core\\base\\Event $event )",
  "level":4
}, 
{
  "time":"2018-05-06 12:42:23",
  "message":"MyCompany\\MyPluginName\\Setup::parseRouteBefore( \\core\\base\\Event $event )",
  "level":4
}, 
{
  "time":"2018-05-06 12:42:23",
  "message":"MyCompany\\MyPluginName\\Setup::parseRouteAfter( \\core\\base\\Event $event )",
  "level":4
}, 
{
  "time":"2018-05-06 12:42:23",
  "message":"MyCompany\\MyPluginName\\Setup::handleRouteBefore( \\core\\base\\Event $event )",
  "level":4
}, 
{
  "time":"2018-05-06 12:42:23",
  "message":"MyCompany\\MyPluginName\\Setup::handleRouteAfter( \\core\\base\\Event $event )",
  "level":4
}, 
{
  "time":"2018-05-06 12:42:23",
  "message":"MyCompany\\MyPluginName\\Setup::parseRouteBefore( \\core\\base\\Event $event )",
  "level":4
}, 
{
  "time":"2018-05-06 12:42:23",
  "message":"MyCompany\\MyPluginName\\Setup::parseRouteAfter( \\core\\base\\Event $event )",
  "level":4
}, 
{
  "time":"2018-05-06 12:42:23",
  "message":"MyCompany\\MyPluginName\\Setup::handleRouteBefore( \\core\\base\\Event $event )",
  "level":4
}, 
{
  "time":"2018-05-06 12:42:23",
  "message":"MyCompany\\MyPluginName\\Setup::handleRouteAfter( \\core\\base\\Event $event )",
  "level":4
}, 
{
  "time":"2018-05-06 12:43:41",
  "message":"MyCompany\\MyPluginName\\Setup::parseRouteBefore( \\core\\base\\Event $event )",
  "level":4
}, 
{
  "time":"2018-05-06 12:43:41",
  "message":"MyCompany\\MyPluginName\\Setup::parseRouteAfter( \\core\\base\\Event $event )",
  "level":4
}, 
{
  "time":"2018-05-06 12:43:42",
  "message":"MyCompany\\MyPluginName\\Setup::handleRouteBefore( \\core\\base\\Event $event )",
  "level":4
}, 
{
  "time":"2018-05-06 12:43:42",
  "message":"MyCompany\\MyPluginName\\Setup::handleRouteAfter( \\core\\base\\Event $event )",
  "level":4
}, 
{
  "time":"2018-05-06 12:43:42",
  "message":"MyCompany\\MyPluginName\\Setup::parseRouteBefore( \\core\\base\\Event $event )",
  "level":4
}, 
{
  "time":"2018-05-06 12:43:42",
  "message":"MyCompany\\MyPluginName\\Setup::parseRouteAfter( \\core\\base\\Event $event )",
  "level":4
}, 
{
  "time":"2018-05-06 12:43:42",
  "message":"MyCompany\\MyPluginName\\Setup::handleRouteBefore( \\core\\base\\Event $event )",
  "level":4
}, 
{
  "time":"2018-05-06 12:43:42",
  "message":"MyCompany\\MyPluginName\\Setup::handleRouteAfter( \\core\\base\\Event $event )",
  "level":4
}, 
{
  "time":"2018-05-06 12:44:06",
  "message":"MyCompany\\MyPluginName\\Setup::parseRouteBefore( \\core\\base\\Event $event )",
  "level":4
}, 
{
  "time":"2018-05-06 12:44:06",
  "message":"MyCompany\\MyPluginName\\Setup::parseRouteAfter( \\core\\base\\Event $event )",
  "level":4
}, 
{
  "time":"2018-05-06 12:44:06",
  "message":"MyCompany\\MyPluginName\\Setup::handleRouteBefore( \\core\\base\\Event $event )",
  "level":4
}, 
{
  "time":"2018-05-06 12:44:06",
  "message":"MyCompany\\MyPluginName\\Setup::handleRouteAfter( \\core\\base\\Event $event )",
  "level":4
}, 
{
  "time":"2018-05-06 12:44:06",
  "message":"MyCompany\\MyPluginName\\Setup::parseRouteBefore( \\core\\base\\Event $event )",
  "level":4
}, 
{
  "time":"2018-05-06 12:44:07",
  "message":"MyCompany\\MyPluginName\\Setup::parseRouteAfter( \\core\\base\\Event $event )",
  "level":4
}, 
{
  "time":"2018-05-06 12:44:07",
  "message":"MyCompany\\MyPluginName\\Setup::handleRouteBefore( \\core\\base\\Event $event )",
  "level":4
}, 
{
  "time":"2018-05-06 12:44:07",
  "message":"MyCompany\\MyPluginName\\Setup::handleRouteAfter( \\core\\base\\Event $event )",
  "level":4
}, 
{
  "time":"2018-05-06 12:45:04",
  "message":"MyCompany\\MyPluginName\\Setup::parseRouteBefore( \\core\\base\\Event $event )",
  "level":4
}, 
{
  "time":"2018-05-06 12:45:04",
  "message":"MyCompany\\MyPluginName\\Setup::parseRouteAfter( \\core\\base\\Event $event )",
  "level":4
}, 
{
  "time":"2018-05-06 12:45:04",
  "message":"MyCompany\\MyPluginName\\Setup::handleRouteBefore( \\core\\base\\Event $event )",
  "level":4
}, 
{
  "time":"2018-05-06 12:45:04",
  "message":"MyCompany\\MyPluginName\\Setup::handleRouteAfter( \\core\\base\\Event $event )",
  "level":4
}, 
{
  "time":"2018-05-06 12:45:04",
  "message":"MyCompany\\MyPluginName\\Setup::parseRouteBefore( \\core\\base\\Event $event )",
  "level":4
}, 
{
  "time":"2018-05-06 12:45:04",
  "message":"MyCompany\\MyPluginName\\Setup::parseRouteAfter( \\core\\base\\Event $event )",
  "level":4
}, 
{
  "time":"2018-05-06 12:45:04",
  "message":"MyCompany\\MyPluginName\\Setup::handleRouteBefore( \\core\\base\\Event $event )",
  "level":4
}, 
{
  "time":"2018-05-06 12:45:04",
  "message":"MyCompany\\MyPluginName\\Setup::handleRouteAfter( \\core\\base\\Event $event )",
  "level":4
}, 
{
  "time":"2018-05-06 12:45:42",
  "message":"MyCompany\\MyPluginName\\Setup::parseRouteBefore( \\core\\base\\Event $event )",
  "level":4
}, 
{
  "time":"2018-05-06 12:45:42",
  "message":"MyCompany\\MyPluginName\\Setup::parseRouteAfter( \\core\\base\\Event $event )",
  "level":4
}, 
{
  "time":"2018-05-06 12:45:43",
  "message":"MyCompany\\MyPluginName\\Setup::handleRouteBefore( \\core\\base\\Event $event )",
  "level":4
}, 
{
  "time":"2018-05-06 12:45:43",
  "message":"MyCompany\\MyPluginName\\Setup::handleRouteAfter( \\core\\base\\Event $event )",
  "level":4
}, 
{
  "time":"2018-05-06 12:45:43",
  "message":"MyCompany\\MyPluginName\\Setup::parseRouteBefore( \\core\\base\\Event $event )",
  "level":4
}, 
{
  "time":"2018-05-06 12:45:43",
  "message":"MyCompany\\MyPluginName\\Setup::parseRouteAfter( \\core\\base\\Event $event )",
  "level":4
}, 
{
  "time":"2018-05-06 12:45:43",
  "message":"MyCompany\\MyPluginName\\Setup::handleRouteBefore( \\core\\base\\Event $event )",
  "level":4
}, 
{
  "time":"2018-05-06 12:45:43",
  "message":"MyCompany\\MyPluginName\\Setup::handleRouteAfter( \\core\\base\\Event $event )",
  "level":4
}, 
{
  "time":"2018-05-06 12:46:53",
  "message":"MyCompany\\MyPluginName\\Setup::parseRouteBefore( \\core\\base\\Event $event )",
  "level":4
}, 
{
  "time":"2018-05-06 12:46:53",
  "message":"MyCompany\\MyPluginName\\Setup::parseRouteAfter( \\core\\base\\Event $event )",
  "level":4
}, 
{
  "time":"2018-05-06 12:46:53",
  "message":"MyCompany\\MyPluginName\\Setup::handleRouteBefore( \\core\\base\\Event $event )",
  "level":4
}, 
{
  "time":"2018-05-06 12:46:53",
  "message":"MyCompany\\MyPluginName\\Setup::handleRouteAfter( \\core\\base\\Event $event )",
  "level":4
}, 
{
  "time":"2018-05-06 12:46:53",
  "message":"MyCompany\\MyPluginName\\Setup::parseRouteBefore( \\core\\base\\Event $event )",
  "level":4
}, 
{
  "time":"2018-05-06 12:46:53",
  "message":"MyCompany\\MyPluginName\\Setup::parseRouteAfter( \\core\\base\\Event $event )",
  "level":4
}, 
{
  "time":"2018-05-06 12:46:53",
  "message":"MyCompany\\MyPluginName\\Setup::handleRouteBefore( \\core\\base\\Event $event )",
  "level":4
}, 
{
  "time":"2018-05-06 12:46:53",
  "message":"MyCompany\\MyPluginName\\Setup::handleRouteAfter( \\core\\base\\Event $event )",
  "level":4
}, 
{
  "time":"2018-05-06 12:47:19",
  "message":"MyCompany\\MyPluginName\\Setup::parseRouteBefore( \\core\\base\\Event $event )",
  "level":4
}, 
{
  "time":"2018-05-06 12:47:19",
  "message":"MyCompany\\MyPluginName\\Setup::parseRouteAfter( \\core\\base\\Event $event )",
  "level":4
}, 
{
  "time":"2018-05-06 12:47:19",
  "message":"MyCompany\\MyPluginName\\Setup::handleRouteBefore( \\core\\base\\Event $event )",
  "level":4
}, 
{
  "time":"2018-05-06 12:47:19",
  "message":"MyCompany\\MyPluginName\\Setup::handleRouteAfter( \\core\\base\\Event $event )",
  "level":4
}, 
{
  "time":"2018-05-06 12:47:19",
  "message":"MyCompany\\MyPluginName\\Setup::parseRouteBefore( \\core\\base\\Event $event )",
  "level":4
}, 
{
  "time":"2018-05-06 12:47:19",
  "message":"MyCompany\\MyPluginName\\Setup::parseRouteAfter( \\core\\base\\Event $event )",
  "level":4
}, 
{
  "time":"2018-05-06 12:47:20",
  "message":"MyCompany\\MyPluginName\\Setup::handleRouteBefore( \\core\\base\\Event $event )",
  "level":4
}, 
{
  "time":"2018-05-06 12:47:20",
  "message":"MyCompany\\MyPluginName\\Setup::handleRouteAfter( \\core\\base\\Event $event )",
  "level":4
}, 
{
  "time":"2018-05-06 12:47:31",
  "message":"MyCompany\\MyPluginName\\Setup::parseRouteBefore( \\core\\base\\Event $event )",
  "level":4
}, 
{
  "time":"2018-05-06 12:47:31",
  "message":"MyCompany\\MyPluginName\\Setup::parseRouteAfter( \\core\\base\\Event $event )",
  "level":4
}, 
{
  "time":"2018-05-06 12:47:31",
  "message":"MyCompany\\MyPluginName\\Setup::handleRouteBefore( \\core\\base\\Event $event )",
  "level":4
}, 
{
  "time":"2018-05-06 12:47:31",
  "message":"MyCompany\\MyPluginName\\Setup::handleRouteAfter( \\core\\base\\Event $event )",
  "level":4
}, 
{
  "time":"2018-05-06 12:47:31",
  "message":"MyCompany\\MyPluginName\\Setup::parseRouteBefore( \\core\\base\\Event $event )",
  "level":4
}, 
{
  "time":"2018-05-06 12:47:31",
  "message":"MyCompany\\MyPluginName\\Setup::parseRouteAfter( \\core\\base\\Event $event )",
  "level":4
}, 
{
  "time":"2018-05-06 12:47:31",
  "message":"MyCompany\\MyPluginName\\Setup::handleRouteBefore( \\core\\base\\Event $event )",
  "level":4
}, 
{
  "time":"2018-05-06 12:47:31",
  "message":"MyCompany\\MyPluginName\\Setup::handleRouteAfter( \\core\\base\\Event $event )",
  "level":4
}, 
{
  "time":"2018-05-06 12:48:03",
  "message":"MyCompany\\MyPluginName\\Setup::parseRouteBefore( \\core\\base\\Event $event )",
  "level":4
}, 
{
  "time":"2018-05-06 12:48:03",
  "message":"MyCompany\\MyPluginName\\Setup::parseRouteAfter( \\core\\base\\Event $event )",
  "level":4
}, 
{
  "time":"2018-05-06 12:48:03",
  "message":"MyCompany\\MyPluginName\\Setup::handleRouteBefore( \\core\\base\\Event $event )",
  "level":4
}, 
{
  "time":"2018-05-06 12:48:03",
  "message":"MyCompany\\MyPluginName\\Setup::handleRouteAfter( \\core\\base\\Event $event )",
  "level":4
}, 
{
  "time":"2018-05-06 12:48:03",
  "message":"MyCompany\\MyPluginName\\Setup::parseRouteBefore( \\core\\base\\Event $event )",
  "level":4
}, 
{
  "time":"2018-05-06 12:48:03",
  "message":"MyCompany\\MyPluginName\\Setup::parseRouteAfter( \\core\\base\\Event $event )",
  "level":4
}, 
{
  "time":"2018-05-06 12:48:03",
  "message":"MyCompany\\MyPluginName\\Setup::handleRouteBefore( \\core\\base\\Event $event )",
  "level":4
}, 
{
  "time":"2018-05-06 12:48:03",
  "message":"MyCompany\\MyPluginName\\Setup::handleRouteAfter( \\core\\base\\Event $event )",
  "level":4
}, 
{
  "time":"2018-05-06 12:48:10",
  "message":"MyCompany\\MyPluginName\\Setup::parseRouteBefore( \\core\\base\\Event $event )",
  "level":4
}, 
{
  "time":"2018-05-06 12:48:10",
  "message":"MyCompany\\MyPluginName\\Setup::parseRouteAfter( \\core\\base\\Event $event )",
  "level":4
}, 
{
  "time":"2018-05-06 12:48:10",
  "message":"MyCompany\\MyPluginName\\Setup::handleRouteBefore( \\core\\base\\Event $event )",
  "level":4
}, 
{
  "time":"2018-05-06 12:48:10",
  "message":"MyCompany\\MyPluginName\\Setup::handleRouteAfter( \\core\\base\\Event $event )",
  "level":4
}, 
{
  "time":"2018-05-06 12:48:10",
  "message":"MyCompany\\MyPluginName\\Setup::parseRouteBefore( \\core\\base\\Event $event )",
  "level":4
}, 
{
  "time":"2018-05-06 12:48:10",
  "message":"MyCompany\\MyPluginName\\Setup::parseRouteAfter( \\core\\base\\Event $event )",
  "level":4
}, 
{
  "time":"2018-05-06 12:48:10",
  "message":"MyCompany\\MyPluginName\\Setup::handleRouteBefore( \\core\\base\\Event $event )",
  "level":4
}, 
{
  "time":"2018-05-06 12:48:10",
  "message":"MyCompany\\MyPluginName\\Setup::handleRouteAfter( \\core\\base\\Event $event )",
  "level":4
}, 
{
  "time":"2018-05-06 12:50:19",
  "message":"MyCompany\\MyPluginName\\Setup::parseRouteBefore( \\core\\base\\Event $event )",
  "level":4
}, 
{
  "time":"2018-05-06 12:50:19",
  "message":"MyCompany\\MyPluginName\\Setup::parseRouteAfter( \\core\\base\\Event $event )",
  "level":4
}, 
{
  "time":"2018-05-06 12:50:19",
  "message":"MyCompany\\MyPluginName\\Setup::handleRouteBefore( \\core\\base\\Event $event )",
  "level":4
}, 
{
  "time":"2018-05-06 12:50:19",
  "message":"MyCompany\\MyPluginName\\Setup::handleRouteAfter( \\core\\base\\Event $event )",
  "level":4
}, 
{
  "time":"2018-05-06 12:50:19",
  "message":"MyCompany\\MyPluginName\\Setup::parseRouteBefore( \\core\\base\\Event $event )",
  "level":4
}, 
{
  "time":"2018-05-06 12:50:19",
  "message":"MyCompany\\MyPluginName\\Setup::parseRouteAfter( \\core\\base\\Event $event )",
  "level":4
}, 
{
  "time":"2018-05-06 12:50:19",
  "message":"MyCompany\\MyPluginName\\Setup::handleRouteBefore( \\core\\base\\Event $event )",
  "level":4
}, 
{
  "time":"2018-05-06 12:50:19",
  "message":"MyCompany\\MyPluginName\\Setup::handleRouteAfter( \\core\\base\\Event $event )",
  "level":4
}, 
{
  "time":"2018-05-06 12:50:33",
  "message":"MyCompany\\MyPluginName\\Setup::parseRouteBefore( \\core\\base\\Event $event )",
  "level":4
}, 
{
  "time":"2018-05-06 12:50:33",
  "message":"MyCompany\\MyPluginName\\Setup::parseRouteAfter( \\core\\base\\Event $event )",
  "level":4
}, 
{
  "time":"2018-05-06 12:50:33",
  "message":"MyCompany\\MyPluginName\\Setup::handleRouteBefore( \\core\\base\\Event $event )",
  "level":4
}, 
{
  "time":"2018-05-06 12:50:33",
  "message":"MyCompany\\MyPluginName\\Setup::handleRouteAfter( \\core\\base\\Event $event )",
  "level":4
}, 
{
  "time":"2018-05-06 12:50:33",
  "message":"MyCompany\\MyPluginName\\Setup::parseRouteBefore( \\core\\base\\Event $event )",
  "level":4
}, 
{
  "time":"2018-05-06 12:50:33",
  "message":"MyCompany\\MyPluginName\\Setup::parseRouteAfter( \\core\\base\\Event $event )",
  "level":4
}, 
{
  "time":"2018-05-06 12:50:33",
  "message":"MyCompany\\MyPluginName\\Setup::handleRouteBefore( \\core\\base\\Event $event )",
  "level":4
}, 
{
  "time":"2018-05-06 12:50:33",
  "message":"MyCompany\\MyPluginName\\Setup::handleRouteAfter( \\core\\base\\Event $event )",
  "level":4
}, 
{
  "time":"2018-05-06 12:50:38",
  "message":"MyCompany\\MyPluginName\\Setup::parseRouteBefore( \\core\\base\\Event $event )",
  "level":4
}, 
{
  "time":"2018-05-06 12:50:38",
  "message":"MyCompany\\MyPluginName\\Setup::parseRouteAfter( \\core\\base\\Event $event )",
  "level":4
}, 
{
  "time":"2018-05-06 12:50:38",
  "message":"MyCompany\\MyPluginName\\Setup::handleRouteBefore( \\core\\base\\Event $event )",
  "level":4
}, 
{
  "time":"2018-05-06 12:50:38",
  "message":"MyCompany\\MyPluginName\\Setup::handleRouteAfter( \\core\\base\\Event $event )",
  "level":4
}, 
{
  "time":"2018-05-06 12:50:39",
  "message":"MyCompany\\MyPluginName\\Setup::parseRouteBefore( \\core\\base\\Event $event )",
  "level":4
}, 
{
  "time":"2018-05-06 12:50:39",
  "message":"MyCompany\\MyPluginName\\Setup::parseRouteAfter( \\core\\base\\Event $event )",
  "level":4
}, 
{
  "time":"2018-05-06 12:50:39",
  "message":"MyCompany\\MyPluginName\\Setup::handleRouteBefore( \\core\\base\\Event $event )",
  "level":4
}, 
{
  "time":"2018-05-06 12:50:39",
  "message":"MyCompany\\MyPluginName\\Setup::handleRouteAfter( \\core\\base\\Event $event )",
  "level":4
}, 
{
  "time":"2018-05-06 12:50:46",
  "message":"MyCompany\\MyPluginName\\Setup::parseRouteBefore( \\core\\base\\Event $event )",
  "level":4
}, 
{
  "time":"2018-05-06 12:50:46",
  "message":"MyCompany\\MyPluginName\\Setup::parseRouteAfter( \\core\\base\\Event $event )",
  "level":4
}, 
{
  "time":"2018-05-06 12:50:47",
  "message":"MyCompany\\MyPluginName\\Setup::handleRouteBefore( \\core\\base\\Event $event )",
  "level":4
}, 
{
  "time":"2018-05-06 12:50:47",
  "message":"MyCompany\\MyPluginName\\Setup::handleRouteAfter( \\core\\base\\Event $event )",
  "level":4
}, 
{
  "time":"2018-05-06 12:50:47",
  "message":"MyCompany\\MyPluginName\\Setup::parseRouteBefore( \\core\\base\\Event $event )",
  "level":4
}, 
{
  "time":"2018-05-06 12:50:47",
  "message":"MyCompany\\MyPluginName\\Setup::parseRouteAfter( \\core\\base\\Event $event )",
  "level":4
}, 
{
  "time":"2018-05-06 12:50:47",
  "message":"MyCompany\\MyPluginName\\Setup::handleRouteBefore( \\core\\base\\Event $event )",
  "level":4
}, 
{
  "time":"2018-05-06 12:50:47",
  "message":"MyCompany\\MyPluginName\\Setup::handleRouteAfter( \\core\\base\\Event $event )",
  "level":4
}, 
{
  "time":"2018-05-06 12:51:25",
  "message":"MyCompany\\MyPluginName\\Setup::parseRouteBefore( \\core\\base\\Event $event )",
  "level":4
}, 
{
  "time":"2018-05-06 12:51:25",
  "message":"MyCompany\\MyPluginName\\Setup::parseRouteAfter( \\core\\base\\Event $event )",
  "level":4
}, 
{
  "time":"2018-05-06 12:51:25",
  "message":"MyCompany\\MyPluginName\\Setup::handleRouteBefore( \\core\\base\\Event $event )",
  "level":4
}, 
{
  "time":"2018-05-06 12:51:25",
  "message":"MyCompany\\MyPluginName\\Setup::handleRouteAfter( \\core\\base\\Event $event )",
  "level":4
}, 
{
  "time":"2018-05-06 12:51:25",
  "message":"MyCompany\\MyPluginName\\Setup::parseRouteBefore( \\core\\base\\Event $event )",
  "level":4
}, 
{
  "time":"2018-05-06 12:51:25",
  "message":"MyCompany\\MyPluginName\\Setup::parseRouteAfter( \\core\\base\\Event $event )",
  "level":4
}, 
{
  "time":"2018-05-06 12:51:25",
  "message":"MyCompany\\MyPluginName\\Setup::handleRouteBefore( \\core\\base\\Event $event )",
  "level":4
}, 
{
  "time":"2018-05-06 12:51:25",
  "message":"MyCompany\\MyPluginName\\Setup::handleRouteAfter( \\core\\base\\Event $event )",
  "level":4
}, 
{
  "time":"2018-05-06 12:51:32",
  "message":"MyCompany\\MyPluginName\\Setup::parseRouteBefore( \\core\\base\\Event $event )",
  "level":4
}, 
{
  "time":"2018-05-06 12:51:32",
  "message":"MyCompany\\MyPluginName\\Setup::parseRouteAfter( \\core\\base\\Event $event )",
  "level":4
}, 
{
  "time":"2018-05-06 12:51:32",
  "message":"MyCompany\\MyPluginName\\Setup::handleRouteBefore( \\core\\base\\Event $event )",
  "level":4
}, 
{
  "time":"2018-05-06 12:51:32",
  "message":"MyCompany\\MyPluginName\\Setup::handleRouteAfter( \\core\\base\\Event $event )",
  "level":4
}, 
{
  "time":"2018-05-06 12:51:32",
  "message":"MyCompany\\MyPluginName\\Setup::parseRouteBefore( \\core\\base\\Event $event )",
  "level":4
}, 
{
  "time":"2018-05-06 12:51:32",
  "message":"MyCompany\\MyPluginName\\Setup::parseRouteAfter( \\core\\base\\Event $event )",
  "level":4
}, 
{
  "time":"2018-05-06 12:51:32",
  "message":"MyCompany\\MyPluginName\\Setup::handleRouteBefore( \\core\\base\\Event $event )",
  "level":4
}, 
{
  "time":"2018-05-06 12:51:32",
  "message":"MyCompany\\MyPluginName\\Setup::handleRouteAfter( \\core\\base\\Event $event )",
  "level":4
}, 
{
  "time":"2018-05-06 12:51:51",
  "message":"MyCompany\\MyPluginName\\Setup::parseRouteBefore( \\core\\base\\Event $event )",
  "level":4
}, 
{
  "time":"2018-05-06 12:51:51",
  "message":"MyCompany\\MyPluginName\\Setup::parseRouteAfter( \\core\\base\\Event $event )",
  "level":4
}, 
{
  "time":"2018-05-06 12:51:51",
  "message":"MyCompany\\MyPluginName\\Setup::handleRouteBefore( \\core\\base\\Event $event )",
  "level":4
}, 
{
  "time":"2018-05-06 12:51:51",
  "message":"MyCompany\\MyPluginName\\Setup::handleRouteAfter( \\core\\base\\Event $event )",
  "level":4
}, 
{
  "time":"2018-05-06 12:51:51",
  "message":"MyCompany\\MyPluginName\\Setup::parseRouteBefore( \\core\\base\\Event $event )",
  "level":4
}, 
{
  "time":"2018-05-06 12:51:51",
  "message":"MyCompany\\MyPluginName\\Setup::parseRouteAfter( \\core\\base\\Event $event )",
  "level":4
}, 
{
  "time":"2018-05-06 12:51:51",
  "message":"MyCompany\\MyPluginName\\Setup::handleRouteBefore( \\core\\base\\Event $event )",
  "level":4
}, 
{
  "time":"2018-05-06 12:51:51",
  "message":"MyCompany\\MyPluginName\\Setup::handleRouteAfter( \\core\\base\\Event $event )",
  "level":4
}, 
{
  "time":"2018-05-06 12:52:08",
  "message":"MyCompany\\MyPluginName\\Setup::parseRouteBefore( \\core\\base\\Event $event )",
  "level":4
}, 
{
  "time":"2018-05-06 12:52:08",
  "message":"MyCompany\\MyPluginName\\Setup::parseRouteAfter( \\core\\base\\Event $event )",
  "level":4
}, 
{
  "time":"2018-05-06 12:52:08",
  "message":"MyCompany\\MyPluginName\\Setup::handleRouteBefore( \\core\\base\\Event $event )",
  "level":4
}, 
{
  "time":"2018-05-06 12:52:08",
  "message":"MyCompany\\MyPluginName\\Setup::handleRouteAfter( \\core\\base\\Event $event )",
  "level":4
}, 
{
  "time":"2018-05-06 12:52:09",
  "message":"MyCompany\\MyPluginName\\Setup::parseRouteBefore( \\core\\base\\Event $event )",
  "level":4
}, 
{
  "time":"2018-05-06 12:52:09",
  "message":"MyCompany\\MyPluginName\\Setup::parseRouteAfter( \\core\\base\\Event $event )",
  "level":4
}, 
{
  "time":"2018-05-06 12:52:09",
  "message":"MyCompany\\MyPluginName\\Setup::handleRouteBefore( \\core\\base\\Event $event )",
  "level":4
}, 
{
  "time":"2018-05-06 12:52:09",
  "message":"MyCompany\\MyPluginName\\Setup::handleRouteAfter( \\core\\base\\Event $event )",
  "level":4
}, 
{
  "time":"2018-05-06 12:52:18",
  "message":"MyCompany\\MyPluginName\\Setup::parseRouteBefore( \\core\\base\\Event $event )",
  "level":4
}, 
