{
  "time":"2018-05-06 12:52:18",
  "message":"MyCompany\\MyPluginName\\Setup::parseRouteAfter( \\core\\base\\Event $event )",
  "level":4
}, 
{
  "time":"2018-05-06 12:52:18",
  "message":"MyCompany\\MyPluginName\\Setup::handleRouteBefore( \\core\\base\\Event $event )",
  "level":4
}, 
{
  "time":"2018-05-06 12:52:18",
  "message":"MyCompany\\MyPluginName\\Setup::handleRouteAfter( \\core\\base\\Event $event )",
  "level":4
}, 
{
  "time":"2018-05-06 12:52:19",
  "message":"MyCompany\\MyPluginName\\Setup::parseRouteBefore( \\core\\base\\Event $event )",
  "level":4
}, 
{
  "time":"2018-05-06 12:52:19",
  "message":"MyCompany\\MyPluginName\\Setup::parseRouteAfter( \\core\\base\\Event $event )",
  "level":4
}, 
{
  "time":"2018-05-06 12:52:19",
  "message":"MyCompany\\MyPluginName\\Setup::handleRouteBefore( \\core\\base\\Event $event )",
  "level":4
}, 
{
  "time":"2018-05-06 12:52:19",
  "message":"MyCompany\\MyPluginName\\Setup::handleRouteAfter( \\core\\base\\Event $event )",
  "level":4
}, 
{
  "time":"2018-05-06 12:52:47",
  "message":"MyCompany\\MyPluginName\\Setup::parseRouteBefore( \\core\\base\\Event $event )",
  "level":4
}, 
{
  "time":"2018-05-06 12:52:47",
  "message":"MyCompany\\MyPluginName\\Setup::parseRouteAfter( \\core\\base\\Event $event )",
  "level":4
}, 
{
  "time":"2018-05-06 12:52:47",
  "message":"MyCompany\\MyPluginName\\Setup::handleRouteBefore( \\core\\base\\Event $event )",
  "level":4
}, 
{
  "time":"2018-05-06 12:52:47",
  "message":"MyCompany\\MyPluginName\\Setup::handleRouteAfter( \\core\\base\\Event $event )",
  "level":4
}, 
{
  "time":"2018-05-06 12:52:47",
  "message":"MyCompany\\MyPluginName\\Setup::parseRouteBefore( \\core\\base\\Event $event )",
  "level":4
}, 
{
  "time":"2018-05-06 12:52:47",
  "message":"MyCompany\\MyPluginName\\Setup::parseRouteAfter( \\core\\base\\Event $event )",
  "level":4
}, 
{
  "time":"2018-05-06 12:52:47",
  "message":"MyCompany\\MyPluginName\\Setup::handleRouteBefore( \\core\\base\\Event $event )",
  "level":4
}, 
{
  "time":"2018-05-06 12:52:47",
  "message":"MyCompany\\MyPluginName\\Setup::handleRouteAfter( \\core\\base\\Event $event )",
  "level":4
}, 
{
  "time":"2018-05-06 12:52:56",
  "message":"MyCompany\\MyPluginName\\Setup::parseRouteBefore( \\core\\base\\Event $event )",
  "level":4
}, 
{
  "time":"2018-05-06 12:52:56",
  "message":"MyCompany\\MyPluginName\\Setup::parseRouteAfter( \\core\\base\\Event $event )",
  "level":4
}, 
{
  "time":"2018-05-06 12:52:56",
  "message":"MyCompany\\MyPluginName\\Setup::handleRouteBefore( \\core\\base\\Event $event )",
  "level":4
}, 
{
  "time":"2018-05-06 12:52:56",
  "message":"MyCompany\\MyPluginName\\Setup::handleRouteAfter( \\core\\base\\Event $event )",
  "level":4
}, 
{
  "time":"2018-05-06 12:52:56",
  "message":"MyCompany\\MyPluginName\\Setup::parseRouteBefore( \\core\\base\\Event $event )",
  "level":4
}, 
{
  "time":"2018-05-06 12:52:56",
  "message":"MyCompany\\MyPluginName\\Setup::parseRouteAfter( \\core\\base\\Event $event )",
  "level":4
}, 
{
  "time":"2018-05-06 12:52:56",
  "message":"MyCompany\\MyPluginName\\Setup::handleRouteBefore( \\core\\base\\Event $event )",
  "level":4
}, 
{
  "time":"2018-05-06 12:52:56",
  "message":"MyCompany\\MyPluginName\\Setup::handleRouteAfter( \\core\\base\\Event $event )",
  "level":4
}, 
{
  "time":"2018-05-06 12:53:56",
  "message":"MyCompany\\MyPluginName\\Setup::parseRouteBefore( \\core\\base\\Event $event )",
  "level":4
}, 
{
  "time":"2018-05-06 12:53:56",
  "message":"MyCompany\\MyPluginName\\Setup::parseRouteAfter( \\core\\base\\Event $event )",
  "level":4
}, 
{
  "time":"2018-05-06 12:53:56",
  "message":"MyCompany\\MyPluginName\\Setup::handleRouteBefore( \\core\\base\\Event $event )",
  "level":4
}, 
{
  "time":"2018-05-06 12:53:56",
  "message":"MyCompany\\MyPluginName\\Setup::handleRouteAfter( \\core\\base\\Event $event )",
  "level":4
}, 
{
  "time":"2018-05-06 12:53:57",
  "message":"MyCompany\\MyPluginName\\Setup::parseRouteBefore( \\core\\base\\Event $event )",
  "level":4
}, 
{
  "time":"2018-05-06 12:53:57",
  "message":"MyCompany\\MyPluginName\\Setup::parseRouteAfter( \\core\\base\\Event $event )",
  "level":4
}, 
{
  "time":"2018-05-06 12:53:57",
  "message":"MyCompany\\MyPluginName\\Setup::handleRouteBefore( \\core\\base\\Event $event )",
  "level":4
}, 
{
  "time":"2018-05-06 12:53:57",
  "message":"MyCompany\\MyPluginName\\Setup::handleRouteAfter( \\core\\base\\Event $event )",
  "level":4
}, 
{
  "time":"2018-05-06 12:54:44",
  "message":"MyCompany\\MyPluginName\\Setup::parseRouteBefore( \\core\\base\\Event $event )",
  "level":4
}, 
{
  "time":"2018-05-06 12:54:44",
  "message":"MyCompany\\MyPluginName\\Setup::parseRouteAfter( \\core\\base\\Event $event )",
  "level":4
}, 
{
  "time":"2018-05-06 12:54:44",
  "message":"MyCompany\\MyPluginName\\Setup::handleRouteBefore( \\core\\base\\Event $event )",
  "level":4
}, 
{
  "time":"2018-05-06 12:54:44",
  "message":"MyCompany\\MyPluginName\\Setup::handleRouteAfter( \\core\\base\\Event $event )",
  "level":4
}, 
{
  "time":"2018-05-06 12:54:44",
  "message":"MyCompany\\MyPluginName\\Setup::parseRouteBefore( \\core\\base\\Event $event )",
  "level":4
}, 
{
  "time":"2018-05-06 12:54:44",
  "message":"MyCompany\\MyPluginName\\Setup::parseRouteAfter( \\core\\base\\Event $event )",
  "level":4
}, 
{
  "time":"2018-05-06 12:54:44",
  "message":"MyCompany\\MyPluginName\\Setup::handleRouteBefore( \\core\\base\\Event $event )",
  "level":4
}, 
{
  "time":"2018-05-06 12:54:44",
  "message":"MyCompany\\MyPluginName\\Setup::handleRouteAfter( \\core\\base\\Event $event )",
  "level":4
}, 
{
  "time":"2018-05-06 12:54:57",
  "message":"MyCompany\\MyPluginName\\Setup::parseRouteBefore( \\core\\base\\Event $event )",
  "level":4
}, 
{
  "time":"2018-05-06 12:54:57",
  "message":"MyCompany\\MyPluginName\\Setup::parseRouteAfter( \\core\\base\\Event $event )",
  "level":4
}, 
{
  "time":"2018-05-06 12:54:57",
  "message":"MyCompany\\MyPluginName\\Setup::handleRouteBefore( \\core\\base\\Event $event )",
  "level":4
}, 
{
  "time":"2018-05-06 12:54:57",
  "message":"MyCompany\\MyPluginName\\Setup::handleRouteAfter( \\core\\base\\Event $event )",
  "level":4
}, 
{
  "time":"2018-05-06 12:54:57",
  "message":"MyCompany\\MyPluginName\\Setup::parseRouteBefore( \\core\\base\\Event $event )",
  "level":4
}, 
{
  "time":"2018-05-06 12:54:57",
  "message":"MyCompany\\MyPluginName\\Setup::parseRouteAfter( \\core\\base\\Event $event )",
  "level":4
}, 
{
  "time":"2018-05-06 12:54:57",
  "message":"MyCompany\\MyPluginName\\Setup::handleRouteBefore( \\core\\base\\Event $event )",
  "level":4
}, 
{
  "time":"2018-05-06 12:54:57",
  "message":"MyCompany\\MyPluginName\\Setup::handleRouteAfter( \\core\\base\\Event $event )",
  "level":4
}, 
{
  "time":"2018-05-06 12:55:11",
  "message":"MyCompany\\MyPluginName\\Setup::parseRouteBefore( \\core\\base\\Event $event )",
  "level":4
}, 
{
  "time":"2018-05-06 12:55:11",
  "message":"MyCompany\\MyPluginName\\Setup::parseRouteAfter( \\core\\base\\Event $event )",
  "level":4
}, 
{
  "time":"2018-05-06 12:55:11",
  "message":"MyCompany\\MyPluginName\\Setup::handleRouteBefore( \\core\\base\\Event $event )",
  "level":4
}, 
{
  "time":"2018-05-06 12:55:11",
  "message":"MyCompany\\MyPluginName\\Setup::handleRouteAfter( \\core\\base\\Event $event )",
  "level":4
}, 
{
  "time":"2018-05-06 12:55:11",
  "message":"MyCompany\\MyPluginName\\Setup::parseRouteBefore( \\core\\base\\Event $event )",
  "level":4
}, 
{
  "time":"2018-05-06 12:55:11",
  "message":"MyCompany\\MyPluginName\\Setup::parseRouteAfter( \\core\\base\\Event $event )",
  "level":4
}, 
{
  "time":"2018-05-06 12:55:11",
  "message":"MyCompany\\MyPluginName\\Setup::handleRouteBefore( \\core\\base\\Event $event )",
  "level":4
}, 
{
  "time":"2018-05-06 12:55:11",
  "message":"MyCompany\\MyPluginName\\Setup::handleRouteAfter( \\core\\base\\Event $event )",
  "level":4
}, 
{
  "time":"2018-05-06 12:55:45",
  "message":"MyCompany\\MyPluginName\\Setup::parseRouteBefore( \\core\\base\\Event $event )",
  "level":4
}, 
{
  "time":"2018-05-06 12:55:45",
  "message":"MyCompany\\MyPluginName\\Setup::parseRouteAfter( \\core\\base\\Event $event )",
  "level":4
}, 
{
  "time":"2018-05-06 12:55:45",
  "message":"MyCompany\\MyPluginName\\Setup::handleRouteBefore( \\core\\base\\Event $event )",
  "level":4
}, 
{
  "time":"2018-05-06 12:55:45",
  "message":"MyCompany\\MyPluginName\\Setup::handleRouteAfter( \\core\\base\\Event $event )",
  "level":4
}, 
{
  "time":"2018-05-06 12:55:46",
  "message":"MyCompany\\MyPluginName\\Setup::parseRouteBefore( \\core\\base\\Event $event )",
  "level":4
}, 
{
  "time":"2018-05-06 12:55:46",
  "message":"MyCompany\\MyPluginName\\Setup::parseRouteAfter( \\core\\base\\Event $event )",
  "level":4
}, 
{
  "time":"2018-05-06 12:55:46",
  "message":"MyCompany\\MyPluginName\\Setup::handleRouteBefore( \\core\\base\\Event $event )",
  "level":4
}, 
{
  "time":"2018-05-06 12:55:46",
  "message":"MyCompany\\MyPluginName\\Setup::handleRouteAfter( \\core\\base\\Event $event )",
  "level":4
}, 
{
  "time":"2018-05-06 12:55:56",
  "message":"MyCompany\\MyPluginName\\Setup::parseRouteBefore( \\core\\base\\Event $event )",
  "level":4
}, 
{
  "time":"2018-05-06 12:55:56",
  "message":"MyCompany\\MyPluginName\\Setup::parseRouteAfter( \\core\\base\\Event $event )",
  "level":4
}, 
{
  "time":"2018-05-06 12:55:56",
  "message":"MyCompany\\MyPluginName\\Setup::handleRouteBefore( \\core\\base\\Event $event )",
  "level":4
}, 
{
  "time":"2018-05-06 12:55:56",
  "message":"MyCompany\\MyPluginName\\Setup::handleRouteAfter( \\core\\base\\Event $event )",
  "level":4
}, 
{
  "time":"2018-05-06 12:55:56",
  "message":"MyCompany\\MyPluginName\\Setup::parseRouteBefore( \\core\\base\\Event $event )",
  "level":4
}, 
{
  "time":"2018-05-06 12:55:56",
  "message":"MyCompany\\MyPluginName\\Setup::parseRouteAfter( \\core\\base\\Event $event )",
  "level":4
}, 
{
  "time":"2018-05-06 12:55:56",
  "message":"MyCompany\\MyPluginName\\Setup::handleRouteBefore( \\core\\base\\Event $event )",
  "level":4
}, 
{
  "time":"2018-05-06 12:55:56",
  "message":"MyCompany\\MyPluginName\\Setup::handleRouteAfter( \\core\\base\\Event $event )",
  "level":4
}, 
{
  "time":"2018-05-06 12:56:05",
  "message":"MyCompany\\MyPluginName\\Setup::parseRouteBefore( \\core\\base\\Event $event )",
  "level":4
}, 
{
  "time":"2018-05-06 12:56:05",
  "message":"MyCompany\\MyPluginName\\Setup::parseRouteAfter( \\core\\base\\Event $event )",
  "level":4
}, 
{
  "time":"2018-05-06 12:56:05",
  "message":"MyCompany\\MyPluginName\\Setup::handleRouteBefore( \\core\\base\\Event $event )",
  "level":4
}, 
{
  "time":"2018-05-06 12:56:05",
  "message":"MyCompany\\MyPluginName\\Setup::handleRouteAfter( \\core\\base\\Event $event )",
  "level":4
}, 
{
  "time":"2018-05-06 12:56:05",
  "message":"MyCompany\\MyPluginName\\Setup::parseRouteBefore( \\core\\base\\Event $event )",
  "level":4
}, 
{
  "time":"2018-05-06 12:56:05",
  "message":"MyCompany\\MyPluginName\\Setup::parseRouteAfter( \\core\\base\\Event $event )",
  "level":4
}, 
{
  "time":"2018-05-06 12:56:05",
  "message":"MyCompany\\MyPluginName\\Setup::handleRouteBefore( \\core\\base\\Event $event )",
  "level":4
}, 
{
  "time":"2018-05-06 12:56:05",
  "message":"MyCompany\\MyPluginName\\Setup::handleRouteAfter( \\core\\base\\Event $event )",
  "level":4
}, 
{
  "time":"2018-05-06 12:56:17",
  "message":"MyCompany\\MyPluginName\\Setup::parseRouteBefore( \\core\\base\\Event $event )",
  "level":4
}, 
{
  "time":"2018-05-06 12:56:17",
  "message":"MyCompany\\MyPluginName\\Setup::parseRouteAfter( \\core\\base\\Event $event )",
  "level":4
}, 
{
  "time":"2018-05-06 12:56:17",
  "message":"MyCompany\\MyPluginName\\Setup::handleRouteBefore( \\core\\base\\Event $event )",
  "level":4
}, 
{
  "time":"2018-05-06 12:56:17",
  "message":"MyCompany\\MyPluginName\\Setup::handleRouteAfter( \\core\\base\\Event $event )",
  "level":4
}, 
{
  "time":"2018-05-06 12:56:17",
  "message":"MyCompany\\MyPluginName\\Setup::parseRouteBefore( \\core\\base\\Event $event )",
  "level":4
}, 
{
  "time":"2018-05-06 12:56:17",
  "message":"MyCompany\\MyPluginName\\Setup::parseRouteAfter( \\core\\base\\Event $event )",
  "level":4
}, 
{
  "time":"2018-05-06 12:56:17",
  "message":"MyCompany\\MyPluginName\\Setup::handleRouteBefore( \\core\\base\\Event $event )",
  "level":4
}, 
{
  "time":"2018-05-06 12:56:17",
  "message":"MyCompany\\MyPluginName\\Setup::handleRouteAfter( \\core\\base\\Event $event )",
  "level":4
}, 
{
  "time":"2018-05-06 12:56:22",
  "message":"MyCompany\\MyPluginName\\Setup::parseRouteBefore( \\core\\base\\Event $event )",
  "level":4
}, 
{
  "time":"2018-05-06 12:56:22",
  "message":"MyCompany\\MyPluginName\\Setup::parseRouteAfter( \\core\\base\\Event $event )",
  "level":4
}, 
{
  "time":"2018-05-06 12:56:22",
  "message":"MyCompany\\MyPluginName\\Setup::handleRouteBefore( \\core\\base\\Event $event )",
  "level":4
}, 
{
  "time":"2018-05-06 12:56:22",
  "message":"MyCompany\\MyPluginName\\Setup::handleRouteAfter( \\core\\base\\Event $event )",
  "level":4
}, 
{
  "time":"2018-05-06 12:56:23",
  "message":"MyCompany\\MyPluginName\\Setup::parseRouteBefore( \\core\\base\\Event $event )",
  "level":4
}, 
{
  "time":"2018-05-06 12:56:23",
  "message":"MyCompany\\MyPluginName\\Setup::parseRouteAfter( \\core\\base\\Event $event )",
  "level":4
}, 
{
  "time":"2018-05-06 12:56:23",
  "message":"MyCompany\\MyPluginName\\Setup::handleRouteBefore( \\core\\base\\Event $event )",
  "level":4
}, 
{
  "time":"2018-05-06 12:56:23",
  "message":"MyCompany\\MyPluginName\\Setup::handleRouteAfter( \\core\\base\\Event $event )",
  "level":4
}, 
{
  "time":"2018-05-06 12:56:43",
  "message":"MyCompany\\MyPluginName\\Setup::parseRouteBefore( \\core\\base\\Event $event )",
  "level":4
}, 
{
  "time":"2018-05-06 12:56:43",
  "message":"MyCompany\\MyPluginName\\Setup::parseRouteAfter( \\core\\base\\Event $event )",
  "level":4
}, 
{
  "time":"2018-05-06 12:56:43",
  "message":"MyCompany\\MyPluginName\\Setup::handleRouteBefore( \\core\\base\\Event $event )",
  "level":4
}, 
{
  "time":"2018-05-06 12:56:43",
  "message":"MyCompany\\MyPluginName\\Setup::handleRouteAfter( \\core\\base\\Event $event )",
  "level":4
}, 
{
  "time":"2018-05-06 12:56:44",
  "message":"MyCompany\\MyPluginName\\Setup::parseRouteBefore( \\core\\base\\Event $event )",
  "level":4
}, 
{
  "time":"2018-05-06 12:56:44",
  "message":"MyCompany\\MyPluginName\\Setup::parseRouteAfter( \\core\\base\\Event $event )",
  "level":4
}, 
{
  "time":"2018-05-06 12:56:44",
  "message":"MyCompany\\MyPluginName\\Setup::handleRouteBefore( \\core\\base\\Event $event )",
  "level":4
}, 
{
  "time":"2018-05-06 12:56:44",
  "message":"MyCompany\\MyPluginName\\Setup::handleRouteAfter( \\core\\base\\Event $event )",
  "level":4
}, 
{
  "time":"2018-05-06 12:57:41",
  "message":"MyCompany\\MyPluginName\\Setup::parseRouteBefore( \\core\\base\\Event $event )",
  "level":4
}, 
{
  "time":"2018-05-06 12:57:41",
  "message":"MyCompany\\MyPluginName\\Setup::parseRouteAfter( \\core\\base\\Event $event )",
  "level":4
}, 
{
  "time":"2018-05-06 12:57:41",
  "message":"MyCompany\\MyPluginName\\Setup::handleRouteBefore( \\core\\base\\Event $event )",
  "level":4
}, 
{
  "time":"2018-05-06 12:57:41",
  "message":"MyCompany\\MyPluginName\\Setup::handleRouteAfter( \\core\\base\\Event $event )",
  "level":4
}, 
{
  "time":"2018-05-06 12:57:41",
  "message":"MyCompany\\MyPluginName\\Setup::parseRouteBefore( \\core\\base\\Event $event )",
  "level":4
}, 
{
  "time":"2018-05-06 12:57:41",
  "message":"MyCompany\\MyPluginName\\Setup::parseRouteAfter( \\core\\base\\Event $event )",
  "level":4
}, 
{
  "time":"2018-05-06 12:57:41",
  "message":"MyCompany\\MyPluginName\\Setup::handleRouteBefore( \\core\\base\\Event $event )",
  "level":4
}, 
{
  "time":"2018-05-06 12:57:41",
  "message":"MyCompany\\MyPluginName\\Setup::handleRouteAfter( \\core\\base\\Event $event )",
  "level":4
}, 
{
  "time":"2018-05-06 12:59:24",
  "message":"MyCompany\\MyPluginName\\Setup::parseRouteBefore( \\core\\base\\Event $event )",
  "level":4
}, 
{
  "time":"2018-05-06 12:59:24",
  "message":"MyCompany\\MyPluginName\\Setup::parseRouteAfter( \\core\\base\\Event $event )",
  "level":4
}, 
{
  "time":"2018-05-06 12:59:24",
  "message":"MyCompany\\MyPluginName\\Setup::handleRouteBefore( \\core\\base\\Event $event )",
  "level":4
}, 
{
  "time":"2018-05-06 12:59:24",
  "message":"MyCompany\\MyPluginName\\Setup::handleRouteAfter( \\core\\base\\Event $event )",
  "level":4
}, 
{
  "time":"2018-05-06 12:59:24",
  "message":"MyCompany\\MyPluginName\\Setup::parseRouteBefore( \\core\\base\\Event $event )",
  "level":4
}, 
{
  "time":"2018-05-06 12:59:24",
  "message":"MyCompany\\MyPluginName\\Setup::parseRouteAfter( \\core\\base\\Event $event )",
  "level":4
}, 
{
  "time":"2018-05-06 12:59:24",
  "message":"MyCompany\\MyPluginName\\Setup::handleRouteBefore( \\core\\base\\Event $event )",
  "level":4
}, 
{
  "time":"2018-05-06 12:59:24",
  "message":"MyCompany\\MyPluginName\\Setup::handleRouteAfter( \\core\\base\\Event $event )",
  "level":4
}, 
{
  "time":"2018-05-06 12:59:29",
  "message":"MyCompany\\MyPluginName\\Setup::parseRouteBefore( \\core\\base\\Event $event )",
  "level":4
}, 
{
  "time":"2018-05-06 12:59:29",
  "message":"MyCompany\\MyPluginName\\Setup::parseRouteAfter( \\core\\base\\Event $event )",
  "level":4
}, 
{
  "time":"2018-05-06 12:59:29",
  "message":"MyCompany\\MyPluginName\\Setup::handleRouteBefore( \\core\\base\\Event $event )",
  "level":4
}, 
{
  "time":"2018-05-06 12:59:29",
  "message":"MyCompany\\MyPluginName\\Setup::handleRouteAfter( \\core\\base\\Event $event )",
  "level":4
}, 
{
  "time":"2018-05-06 12:59:30",
  "message":"MyCompany\\MyPluginName\\Setup::parseRouteBefore( \\core\\base\\Event $event )",
  "level":4
}, 
{
  "time":"2018-05-06 12:59:30",
  "message":"MyCompany\\MyPluginName\\Setup::parseRouteAfter( \\core\\base\\Event $event )",
  "level":4
}, 
{
  "time":"2018-05-06 12:59:30",
  "message":"MyCompany\\MyPluginName\\Setup::handleRouteBefore( \\core\\base\\Event $event )",
  "level":4
}, 
{
  "time":"2018-05-06 12:59:30",
  "message":"MyCompany\\MyPluginName\\Setup::handleRouteAfter( \\core\\base\\Event $event )",
  "level":4
}, 
{
  "time":"2018-05-06 12:59:35",
  "message":"MyCompany\\MyPluginName\\Setup::parseRouteBefore( \\core\\base\\Event $event )",
  "level":4
}, 
{
  "time":"2018-05-06 12:59:35",
  "message":"MyCompany\\MyPluginName\\Setup::parseRouteAfter( \\core\\base\\Event $event )",
  "level":4
}, 
{
  "time":"2018-05-06 12:59:35",
  "message":"MyCompany\\MyPluginName\\Setup::handleRouteBefore( \\core\\base\\Event $event )",
  "level":4
}, 
{
  "time":"2018-05-06 12:59:35",
  "message":"MyCompany\\MyPluginName\\Setup::handleRouteAfter( \\core\\base\\Event $event )",
  "level":4
}, 
{
  "time":"2018-05-06 12:59:35",
  "message":"MyCompany\\MyPluginName\\Setup::parseRouteBefore( \\core\\base\\Event $event )",
  "level":4
}, 
{
  "time":"2018-05-06 12:59:35",
  "message":"MyCompany\\MyPluginName\\Setup::parseRouteAfter( \\core\\base\\Event $event )",
  "level":4
}, 
{
  "time":"2018-05-06 12:59:35",
  "message":"MyCompany\\MyPluginName\\Setup::handleRouteBefore( \\core\\base\\Event $event )",
  "level":4
}, 
{
  "time":"2018-05-06 12:59:35",
  "message":"MyCompany\\MyPluginName\\Setup::handleRouteAfter( \\core\\base\\Event $event )",
  "level":4
}, 
{
  "time":"2018-05-06 01:00:19",
  "message":"MyCompany\\MyPluginName\\Setup::parseRouteBefore( \\core\\base\\Event $event )",
  "level":4
}, 
{
  "time":"2018-05-06 01:00:19",
  "message":"MyCompany\\MyPluginName\\Setup::parseRouteAfter( \\core\\base\\Event $event )",
  "level":4
}, 
{
  "time":"2018-05-06 01:00:19",
  "message":"MyCompany\\MyPluginName\\Setup::handleRouteBefore( \\core\\base\\Event $event )",
  "level":4
}, 
{
  "time":"2018-05-06 01:00:19",
  "message":"MyCompany\\MyPluginName\\Setup::handleRouteAfter( \\core\\base\\Event $event )",
  "level":4
}, 
{
  "time":"2018-05-06 01:00:20",
  "message":"MyCompany\\MyPluginName\\Setup::parseRouteBefore( \\core\\base\\Event $event )",
  "level":4
}, 
{
  "time":"2018-05-06 01:00:20",
  "message":"MyCompany\\MyPluginName\\Setup::parseRouteAfter( \\core\\base\\Event $event )",
  "level":4
}, 
{
  "time":"2018-05-06 01:00:20",
  "message":"MyCompany\\MyPluginName\\Setup::handleRouteBefore( \\core\\base\\Event $event )",
  "level":4
}, 
{
  "time":"2018-05-06 01:00:20",
  "message":"MyCompany\\MyPluginName\\Setup::handleRouteAfter( \\core\\base\\Event $event )",
  "level":4
}, 
{
  "time":"2018-05-06 01:00:51",
  "message":"MyCompany\\MyPluginName\\Setup::parseRouteBefore( \\core\\base\\Event $event )",
  "level":4
}, 
{
  "time":"2018-05-06 01:00:51",
  "message":"MyCompany\\MyPluginName\\Setup::parseRouteAfter( \\core\\base\\Event $event )",
  "level":4
}, 
{
  "time":"2018-05-06 01:00:51",
  "message":"MyCompany\\MyPluginName\\Setup::handleRouteBefore( \\core\\base\\Event $event )",
  "level":4
}, 
{
  "time":"2018-05-06 01:00:51",
  "message":"MyCompany\\MyPluginName\\Setup::handleRouteAfter( \\core\\base\\Event $event )",
  "level":4
}, 
{
  "time":"2018-05-06 01:00:52",
  "message":"MyCompany\\MyPluginName\\Setup::parseRouteBefore( \\core\\base\\Event $event )",
  "level":4
}, 
{
  "time":"2018-05-06 01:00:52",
  "message":"MyCompany\\MyPluginName\\Setup::parseRouteAfter( \\core\\base\\Event $event )",
  "level":4
}, 
{
  "time":"2018-05-06 01:00:52",
  "message":"MyCompany\\MyPluginName\\Setup::handleRouteBefore( \\core\\base\\Event $event )",
  "level":4
}, 
{
  "time":"2018-05-06 01:00:52",
  "message":"MyCompany\\MyPluginName\\Setup::handleRouteAfter( \\core\\base\\Event $event )",
  "level":4
}, 
{
  "time":"2018-05-06 01:01:00",
  "message":"MyCompany\\MyPluginName\\Setup::parseRouteBefore( \\core\\base\\Event $event )",
  "level":4
}, 
{
  "time":"2018-05-06 01:01:00",
  "message":"MyCompany\\MyPluginName\\Setup::parseRouteAfter( \\core\\base\\Event $event )",
  "level":4
}, 
{
  "time":"2018-05-06 01:01:00",
  "message":"MyCompany\\MyPluginName\\Setup::handleRouteBefore( \\core\\base\\Event $event )",
  "level":4
}, 
{
  "time":"2018-05-06 01:01:00",
  "message":"MyCompany\\MyPluginName\\Setup::handleRouteAfter( \\core\\base\\Event $event )",
  "level":4
}, 
{
  "time":"2018-05-06 01:01:00",
  "message":"MyCompany\\MyPluginName\\Setup::parseRouteBefore( \\core\\base\\Event $event )",
  "level":4
}, 
{
  "time":"2018-05-06 01:01:00",
  "message":"MyCompany\\MyPluginName\\Setup::parseRouteAfter( \\core\\base\\Event $event )",
  "level":4
}, 
{
  "time":"2018-05-06 01:01:00",
  "message":"MyCompany\\MyPluginName\\Setup::handleRouteBefore( \\core\\base\\Event $event )",
  "level":4
}, 
{
  "time":"2018-05-06 01:01:00",
  "message":"MyCompany\\MyPluginName\\Setup::handleRouteAfter( \\core\\base\\Event $event )",
  "level":4
}, 
{
  "time":"2018-05-06 01:01:11",
  "message":"MyCompany\\MyPluginName\\Setup::parseRouteBefore( \\core\\base\\Event $event )",
  "level":4
}, 
{
  "time":"2018-05-06 01:01:11",
  "message":"MyCompany\\MyPluginName\\Setup::parseRouteAfter( \\core\\base\\Event $event )",
  "level":4
}, 
{
  "time":"2018-05-06 01:01:11",
  "message":"MyCompany\\MyPluginName\\Setup::handleRouteBefore( \\core\\base\\Event $event )",
  "level":4
}, 
{
  "time":"2018-05-06 01:01:11",
  "message":"MyCompany\\MyPluginName\\Setup::handleRouteAfter( \\core\\base\\Event $event )",
  "level":4
}, 
{
  "time":"2018-05-06 01:01:11",
  "message":"MyCompany\\MyPluginName\\Setup::parseRouteBefore( \\core\\base\\Event $event )",
  "level":4
}, 
{
  "time":"2018-05-06 01:01:11",
  "message":"MyCompany\\MyPluginName\\Setup::parseRouteAfter( \\core\\base\\Event $event )",
  "level":4
}, 
{
  "time":"2018-05-06 01:01:11",
  "message":"MyCompany\\MyPluginName\\Setup::handleRouteBefore( \\core\\base\\Event $event )",
  "level":4
}, 
{
  "time":"2018-05-06 01:01:11",
  "message":"MyCompany\\MyPluginName\\Setup::handleRouteAfter( \\core\\base\\Event $event )",
  "level":4
}, 
{
  "time":"2018-05-06 01:01:15",
  "message":"MyCompany\\MyPluginName\\Setup::parseRouteBefore( \\core\\base\\Event $event )",
  "level":4
}, 
{
  "time":"2018-05-06 01:01:15",
  "message":"MyCompany\\MyPluginName\\Setup::parseRouteAfter( \\core\\base\\Event $event )",
  "level":4
}, 
{
  "time":"2018-05-06 01:01:15",
  "message":"MyCompany\\MyPluginName\\Setup::handleRouteBefore( \\core\\base\\Event $event )",
  "level":4
}, 
{
  "time":"2018-05-06 01:01:15",
  "message":"MyCompany\\MyPluginName\\Setup::handleRouteAfter( \\core\\base\\Event $event )",
  "level":4
}, 
{
  "time":"2018-05-06 01:01:15",
  "message":"MyCompany\\MyPluginName\\Setup::parseRouteBefore( \\core\\base\\Event $event )",
  "level":4
}, 
{
  "time":"2018-05-06 01:01:15",
  "message":"MyCompany\\MyPluginName\\Setup::parseRouteAfter( \\core\\base\\Event $event )",
  "level":4
}, 
{
  "time":"2018-05-06 01:01:15",
  "message":"MyCompany\\MyPluginName\\Setup::handleRouteBefore( \\core\\base\\Event $event )",
  "level":4
}, 
{
  "time":"2018-05-06 01:01:15",
  "message":"MyCompany\\MyPluginName\\Setup::handleRouteAfter( \\core\\base\\Event $event )",
  "level":4
}, 
{
  "time":"2018-05-06 01:01:44",
  "message":"MyCompany\\MyPluginName\\Setup::parseRouteBefore( \\core\\base\\Event $event )",
  "level":4
}, 
{
  "time":"2018-05-06 01:01:44",
  "message":"MyCompany\\MyPluginName\\Setup::parseRouteAfter( \\core\\base\\Event $event )",
  "level":4
}, 
{
  "time":"2018-05-06 01:01:44",
  "message":"MyCompany\\MyPluginName\\Setup::handleRouteBefore( \\core\\base\\Event $event )",
  "level":4
}, 
{
  "time":"2018-05-06 01:01:44",
  "message":"MyCompany\\MyPluginName\\Setup::handleRouteAfter( \\core\\base\\Event $event )",
  "level":4
}, 
{
  "time":"2018-05-06 01:01:45",
  "message":"MyCompany\\MyPluginName\\Setup::parseRouteBefore( \\core\\base\\Event $event )",
  "level":4
}, 
{
  "time":"2018-05-06 01:01:45",
  "message":"MyCompany\\MyPluginName\\Setup::parseRouteAfter( \\core\\base\\Event $event )",
  "level":4
}, 
{
  "time":"2018-05-06 01:01:45",
  "message":"MyCompany\\MyPluginName\\Setup::handleRouteBefore( \\core\\base\\Event $event )",
  "level":4
}, 
{
  "time":"2018-05-06 01:01:45",
  "message":"MyCompany\\MyPluginName\\Setup::handleRouteAfter( \\core\\base\\Event $event )",
  "level":4
}, 
{
  "time":"2018-05-06 01:02:02",
  "message":"MyCompany\\MyPluginName\\Setup::parseRouteBefore( \\core\\base\\Event $event )",
  "level":4
}, 
{
  "time":"2018-05-06 01:02:02",
  "message":"MyCompany\\MyPluginName\\Setup::parseRouteAfter( \\core\\base\\Event $event )",
  "level":4
}, 
{
  "time":"2018-05-06 01:02:02",
  "message":"MyCompany\\MyPluginName\\Setup::handleRouteBefore( \\core\\base\\Event $event )",
  "level":4
}, 
{
  "time":"2018-05-06 01:02:02",
  "message":"MyCompany\\MyPluginName\\Setup::handleRouteAfter( \\core\\base\\Event $event )",
  "level":4
}, 
{
  "time":"2018-05-06 01:02:02",
  "message":"MyCompany\\MyPluginName\\Setup::parseRouteBefore( \\core\\base\\Event $event )",
  "level":4
}, 
{
  "time":"2018-05-06 01:02:02",
  "message":"MyCompany\\MyPluginName\\Setup::parseRouteAfter( \\core\\base\\Event $event )",
  "level":4
}, 
{
  "time":"2018-05-06 01:02:02",
  "message":"MyCompany\\MyPluginName\\Setup::handleRouteBefore( \\core\\base\\Event $event )",
  "level":4
}, 
{
  "time":"2018-05-06 01:02:02",
  "message":"MyCompany\\MyPluginName\\Setup::handleRouteAfter( \\core\\base\\Event $event )",
  "level":4
}, 
{
  "time":"2018-05-06 01:02:28",
  "message":"MyCompany\\MyPluginName\\Setup::parseRouteBefore( \\core\\base\\Event $event )",
  "level":4
}, 
{
  "time":"2018-05-06 01:02:28",
  "message":"MyCompany\\MyPluginName\\Setup::parseRouteAfter( \\core\\base\\Event $event )",
  "level":4
}, 
{
  "time":"2018-05-06 01:02:28",
  "message":"MyCompany\\MyPluginName\\Setup::handleRouteBefore( \\core\\base\\Event $event )",
  "level":4
}, 
{
  "time":"2018-05-06 01:02:28",
  "message":"MyCompany\\MyPluginName\\Setup::handleRouteAfter( \\core\\base\\Event $event )",
  "level":4
}, 
{
  "time":"2018-05-06 01:02:28",
  "message":"MyCompany\\MyPluginName\\Setup::parseRouteBefore( \\core\\base\\Event $event )",
  "level":4
}, 
{
  "time":"2018-05-06 01:02:28",
  "message":"MyCompany\\MyPluginName\\Setup::parseRouteAfter( \\core\\base\\Event $event )",
  "level":4
}, 
{
  "time":"2018-05-06 01:02:28",
  "message":"MyCompany\\MyPluginName\\Setup::handleRouteBefore( \\core\\base\\Event $event )",
  "level":4
}, 
{
  "time":"2018-05-06 01:02:28",
  "message":"MyCompany\\MyPluginName\\Setup::handleRouteAfter( \\core\\base\\Event $event )",
  "level":4
}, 
{
  "time":"2018-05-06 01:02:48",
  "message":"MyCompany\\MyPluginName\\Setup::parseRouteBefore( \\core\\base\\Event $event )",
  "level":4
}, 
{
  "time":"2018-05-06 01:02:48",
  "message":"MyCompany\\MyPluginName\\Setup::parseRouteAfter( \\core\\base\\Event $event )",
  "level":4
}, 
{
  "time":"2018-05-06 01:02:48",
  "message":"MyCompany\\MyPluginName\\Setup::handleRouteBefore( \\core\\base\\Event $event )",
  "level":4
}, 
{
  "time":"2018-05-06 01:02:48",
  "message":"MyCompany\\MyPluginName\\Setup::handleRouteAfter( \\core\\base\\Event $event )",
  "level":4
}, 
{
  "time":"2018-05-06 01:02:48",
  "message":"MyCompany\\MyPluginName\\Setup::parseRouteBefore( \\core\\base\\Event $event )",
  "level":4
}, 
{
  "time":"2018-05-06 01:02:48",
  "message":"MyCompany\\MyPluginName\\Setup::parseRouteAfter( \\core\\base\\Event $event )",
  "level":4
}, 
{
  "time":"2018-05-06 01:02:48",
  "message":"MyCompany\\MyPluginName\\Setup::handleRouteBefore( \\core\\base\\Event $event )",
  "level":4
}, 
{
  "time":"2018-05-06 01:02:48",
  "message":"MyCompany\\MyPluginName\\Setup::handleRouteAfter( \\core\\base\\Event $event )",
  "level":4
}, 
{
  "time":"2018-05-06 01:04:48",
  "message":"MyCompany\\MyPluginName\\Setup::parseRouteBefore( \\core\\base\\Event $event )",
  "level":4
}, 
{
  "time":"2018-05-06 01:04:48",
  "message":"MyCompany\\MyPluginName\\Setup::parseRouteAfter( \\core\\base\\Event $event )",
  "level":4
}, 
{
  "time":"2018-05-06 01:04:48",
  "message":"MyCompany\\MyPluginName\\Setup::handleRouteBefore( \\core\\base\\Event $event )",
  "level":4
}, 
{
  "time":"2018-05-06 01:04:48",
  "message":"MyCompany\\MyPluginName\\Setup::handleRouteAfter( \\core\\base\\Event $event )",
  "level":4
}, 
{
  "time":"2018-05-06 01:04:48",
  "message":"MyCompany\\MyPluginName\\Setup::parseRouteBefore( \\core\\base\\Event $event )",
  "level":4
}, 
{
  "time":"2018-05-06 01:04:48",
  "message":"MyCompany\\MyPluginName\\Setup::parseRouteAfter( \\core\\base\\Event $event )",
  "level":4
}, 
{
  "time":"2018-05-06 01:04:48",
  "message":"MyCompany\\MyPluginName\\Setup::handleRouteBefore( \\core\\base\\Event $event )",
  "level":4
}, 
{
  "time":"2018-05-06 01:04:48",
  "message":"MyCompany\\MyPluginName\\Setup::handleRouteAfter( \\core\\base\\Event $event )",
  "level":4
}, 
{
  "time":"2018-05-06 01:05:02",
  "message":"MyCompany\\MyPluginName\\Setup::parseRouteBefore( \\core\\base\\Event $event )",
  "level":4
}, 
{
  "time":"2018-05-06 01:05:02",
  "message":"MyCompany\\MyPluginName\\Setup::parseRouteAfter( \\core\\base\\Event $event )",
  "level":4
}, 
{
  "time":"2018-05-06 01:05:02",
  "message":"MyCompany\\MyPluginName\\Setup::handleRouteBefore( \\core\\base\\Event $event )",
  "level":4
}, 
{
  "time":"2018-05-06 01:05:02",
  "message":"MyCompany\\MyPluginName\\Setup::handleRouteAfter( \\core\\base\\Event $event )",
  "level":4
}, 
{
  "time":"2018-05-06 01:05:02",
  "message":"MyCompany\\MyPluginName\\Setup::parseRouteBefore( \\core\\base\\Event $event )",
  "level":4
}, 
{
  "time":"2018-05-06 01:05:02",
  "message":"MyCompany\\MyPluginName\\Setup::parseRouteAfter( \\core\\base\\Event $event )",
  "level":4
}, 
{
  "time":"2018-05-06 01:05:02",
  "message":"MyCompany\\MyPluginName\\Setup::handleRouteBefore( \\core\\base\\Event $event )",
  "level":4
}, 
{
  "time":"2018-05-06 01:05:02",
  "message":"MyCompany\\MyPluginName\\Setup::handleRouteAfter( \\core\\base\\Event $event )",
  "level":4
}, 
{
  "time":"2018-05-06 01:05:06",
  "message":"MyCompany\\MyPluginName\\Setup::parseRouteBefore( \\core\\base\\Event $event )",
  "level":4
}, 
{
  "time":"2018-05-06 01:05:06",
  "message":"MyCompany\\MyPluginName\\Setup::parseRouteAfter( \\core\\base\\Event $event )",
  "level":4
}, 
{
  "time":"2018-05-06 01:05:07",
  "message":"MyCompany\\MyPluginName\\Setup::handleRouteBefore( \\core\\base\\Event $event )",
  "level":4
}, 
{
  "time":"2018-05-06 01:05:07",
  "message":"MyCompany\\MyPluginName\\Setup::handleRouteAfter( \\core\\base\\Event $event )",
  "level":4
}, 
{
  "time":"2018-05-06 01:05:07",
  "message":"MyCompany\\MyPluginName\\Setup::parseRouteBefore( \\core\\base\\Event $event )",
  "level":4
}, 
{
  "time":"2018-05-06 01:05:07",
  "message":"MyCompany\\MyPluginName\\Setup::parseRouteAfter( \\core\\base\\Event $event )",
  "level":4
}, 
{
  "time":"2018-05-06 01:05:07",
  "message":"MyCompany\\MyPluginName\\Setup::handleRouteBefore( \\core\\base\\Event $event )",
  "level":4
}, 
{
  "time":"2018-05-06 01:05:07",
  "message":"MyCompany\\MyPluginName\\Setup::handleRouteAfter( \\core\\base\\Event $event )",
  "level":4
}, 
{
  "time":"2018-05-06 01:05:13",
  "message":"MyCompany\\MyPluginName\\Setup::parseRouteBefore( \\core\\base\\Event $event )",
  "level":4
}, 
{
  "time":"2018-05-06 01:05:13",
  "message":"MyCompany\\MyPluginName\\Setup::parseRouteAfter( \\core\\base\\Event $event )",
  "level":4
}, 
{
  "time":"2018-05-06 01:05:13",
  "message":"MyCompany\\MyPluginName\\Setup::handleRouteBefore( \\core\\base\\Event $event )",
  "level":4
}, 
{
  "time":"2018-05-06 01:05:13",
  "message":"MyCompany\\MyPluginName\\Setup::handleRouteAfter( \\core\\base\\Event $event )",
  "level":4
}, 
{
  "time":"2018-05-06 01:05:14",
  "message":"MyCompany\\MyPluginName\\Setup::parseRouteBefore( \\core\\base\\Event $event )",
  "level":4
}, 
{
  "time":"2018-05-06 01:05:14",
  "message":"MyCompany\\MyPluginName\\Setup::parseRouteAfter( \\core\\base\\Event $event )",
  "level":4
}, 
{
  "time":"2018-05-06 01:05:14",
  "message":"MyCompany\\MyPluginName\\Setup::handleRouteBefore( \\core\\base\\Event $event )",
  "level":4
}, 
{
  "time":"2018-05-06 01:05:14",
  "message":"MyCompany\\MyPluginName\\Setup::handleRouteAfter( \\core\\base\\Event $event )",
  "level":4
}, 
{
  "time":"2018-05-06 01:05:45",
  "message":"MyCompany\\MyPluginName\\Setup::parseRouteBefore( \\core\\base\\Event $event )",
  "level":4
}, 
{
  "time":"2018-05-06 01:05:45",
  "message":"MyCompany\\MyPluginName\\Setup::parseRouteAfter( \\core\\base\\Event $event )",
  "level":4
}, 
{
  "time":"2018-05-06 01:05:45",
  "message":"MyCompany\\MyPluginName\\Setup::handleRouteBefore( \\core\\base\\Event $event )",
  "level":4
}, 
{
  "time":"2018-05-06 01:05:45",
  "message":"MyCompany\\MyPluginName\\Setup::handleRouteAfter( \\core\\base\\Event $event )",
  "level":4
}, 
{
  "time":"2018-05-06 01:05:45",
  "message":"MyCompany\\MyPluginName\\Setup::parseRouteBefore( \\core\\base\\Event $event )",
  "level":4
}, 
{
  "time":"2018-05-06 01:05:45",
  "message":"MyCompany\\MyPluginName\\Setup::parseRouteAfter( \\core\\base\\Event $event )",
  "level":4
}, 
{
  "time":"2018-05-06 01:05:45",
  "message":"MyCompany\\MyPluginName\\Setup::handleRouteBefore( \\core\\base\\Event $event )",
  "level":4
}, 
{
  "time":"2018-05-06 01:05:45",
  "message":"MyCompany\\MyPluginName\\Setup::handleRouteAfter( \\core\\base\\Event $event )",
  "level":4
}, 
{
  "time":"2018-05-06 01:05:54",
  "message":"MyCompany\\MyPluginName\\Setup::parseRouteBefore( \\core\\base\\Event $event )",
  "level":4
}, 
{
  "time":"2018-05-06 01:05:54",
  "message":"MyCompany\\MyPluginName\\Setup::parseRouteAfter( \\core\\base\\Event $event )",
  "level":4
}, 
{
  "time":"2018-05-06 01:05:54",
  "message":"MyCompany\\MyPluginName\\Setup::handleRouteBefore( \\core\\base\\Event $event )",
  "level":4
}, 
{
  "time":"2018-05-06 01:05:54",
  "message":"MyCompany\\MyPluginName\\Setup::handleRouteAfter( \\core\\base\\Event $event )",
  "level":4
}, 
{
  "time":"2018-05-06 01:05:54",
  "message":"MyCompany\\MyPluginName\\Setup::parseRouteBefore( \\core\\base\\Event $event )",
  "level":4
}, 
{
  "time":"2018-05-06 01:05:54",
  "message":"MyCompany\\MyPluginName\\Setup::parseRouteAfter( \\core\\base\\Event $event )",
  "level":4
}, 
{
  "time":"2018-05-06 01:05:54",
  "message":"MyCompany\\MyPluginName\\Setup::handleRouteBefore( \\core\\base\\Event $event )",
  "level":4
}, 
{
  "time":"2018-05-06 01:05:54",
  "message":"MyCompany\\MyPluginName\\Setup::handleRouteAfter( \\core\\base\\Event $event )",
  "level":4
}, 
{
  "time":"2018-05-06 01:06:41",
  "message":"MyCompany\\MyPluginName\\Setup::parseRouteBefore( \\core\\base\\Event $event )",
  "level":4
}, 
{
  "time":"2018-05-06 01:06:41",
  "message":"MyCompany\\MyPluginName\\Setup::parseRouteAfter( \\core\\base\\Event $event )",
  "level":4
}, 
{
  "time":"2018-05-06 01:06:41",
  "message":"MyCompany\\MyPluginName\\Setup::handleRouteBefore( \\core\\base\\Event $event )",
  "level":4
}, 
{
  "time":"2018-05-06 01:06:41",
  "message":"MyCompany\\MyPluginName\\Setup::handleRouteAfter( \\core\\base\\Event $event )",
  "level":4
}, 
{
  "time":"2018-05-06 01:06:41",
  "message":"MyCompany\\MyPluginName\\Setup::parseRouteBefore( \\core\\base\\Event $event )",
  "level":4
}, 
{
  "time":"2018-05-06 01:06:41",
  "message":"MyCompany\\MyPluginName\\Setup::parseRouteAfter( \\core\\base\\Event $event )",
  "level":4
}, 
{
  "time":"2018-05-06 01:06:41",
  "message":"MyCompany\\MyPluginName\\Setup::handleRouteBefore( \\core\\base\\Event $event )",
  "level":4
}, 
{
  "time":"2018-05-06 01:06:41",
  "message":"MyCompany\\MyPluginName\\Setup::handleRouteAfter( \\core\\base\\Event $event )",
  "level":4
}, 
{
  "time":"2018-05-06 01:06:55",
  "message":"MyCompany\\MyPluginName\\Setup::parseRouteBefore( \\core\\base\\Event $event )",
  "level":4
}, 
{
  "time":"2018-05-06 01:06:55",
  "message":"MyCompany\\MyPluginName\\Setup::parseRouteAfter( \\core\\base\\Event $event )",
  "level":4
}, 
{
  "time":"2018-05-06 01:06:55",
  "message":"MyCompany\\MyPluginName\\Setup::handleRouteBefore( \\core\\base\\Event $event )",
  "level":4
}, 
{
  "time":"2018-05-06 01:06:55",
  "message":"MyCompany\\MyPluginName\\Setup::handleRouteAfter( \\core\\base\\Event $event )",
  "level":4
}, 
{
  "time":"2018-05-06 01:06:55",
  "message":"MyCompany\\MyPluginName\\Setup::parseRouteBefore( \\core\\base\\Event $event )",
  "level":4
}, 
{
  "time":"2018-05-06 01:06:55",
  "message":"MyCompany\\MyPluginName\\Setup::parseRouteAfter( \\core\\base\\Event $event )",
  "level":4
}, 
{
  "time":"2018-05-06 01:06:55",
  "message":"MyCompany\\MyPluginName\\Setup::handleRouteBefore( \\core\\base\\Event $event )",
  "level":4
}, 
{
  "time":"2018-05-06 01:06:55",
  "message":"MyCompany\\MyPluginName\\Setup::handleRouteAfter( \\core\\base\\Event $event )",
  "level":4
}, 
{
  "time":"2018-05-06 01:07:21",
  "message":"MyCompany\\MyPluginName\\Setup::parseRouteBefore( \\core\\base\\Event $event )",
  "level":4
}, 
{
  "time":"2018-05-06 01:07:21",
  "message":"MyCompany\\MyPluginName\\Setup::parseRouteAfter( \\core\\base\\Event $event )",
  "level":4
}, 
{
  "time":"2018-05-06 01:07:21",
  "message":"MyCompany\\MyPluginName\\Setup::handleRouteBefore( \\core\\base\\Event $event )",
  "level":4
}, 
{
  "time":"2018-05-06 01:07:21",
  "message":"MyCompany\\MyPluginName\\Setup::handleRouteAfter( \\core\\base\\Event $event )",
  "level":4
}, 
{
  "time":"2018-05-06 01:07:21",
  "message":"MyCompany\\MyPluginName\\Setup::parseRouteBefore( \\core\\base\\Event $event )",
  "level":4
}, 
{
  "time":"2018-05-06 01:07:21",
  "message":"MyCompany\\MyPluginName\\Setup::parseRouteAfter( \\core\\base\\Event $event )",
  "level":4
}, 
{
  "time":"2018-05-06 01:07:21",
  "message":"MyCompany\\MyPluginName\\Setup::handleRouteBefore( \\core\\base\\Event $event )",
  "level":4
}, 
{
  "time":"2018-05-06 01:07:21",
  "message":"MyCompany\\MyPluginName\\Setup::handleRouteAfter( \\core\\base\\Event $event )",
  "level":4
}, 
{
  "time":"2018-05-06 01:07:35",
  "message":"MyCompany\\MyPluginName\\Setup::parseRouteBefore( \\core\\base\\Event $event )",
  "level":4
}, 
{
  "time":"2018-05-06 01:07:35",
  "message":"MyCompany\\MyPluginName\\Setup::parseRouteAfter( \\core\\base\\Event $event )",
  "level":4
}, 
{
  "time":"2018-05-06 01:07:35",
  "message":"MyCompany\\MyPluginName\\Setup::handleRouteBefore( \\core\\base\\Event $event )",
  "level":4
}, 
{
  "time":"2018-05-06 01:07:35",
  "message":"MyCompany\\MyPluginName\\Setup::handleRouteAfter( \\core\\base\\Event $event )",
  "level":4
}, 
{
  "time":"2018-05-06 01:07:35",
  "message":"MyCompany\\MyPluginName\\Setup::parseRouteBefore( \\core\\base\\Event $event )",
  "level":4
}, 
{
  "time":"2018-05-06 01:07:35",
  "message":"MyCompany\\MyPluginName\\Setup::parseRouteAfter( \\core\\base\\Event $event )",
  "level":4
}, 
{
  "time":"2018-05-06 01:07:35",
  "message":"MyCompany\\MyPluginName\\Setup::handleRouteBefore( \\core\\base\\Event $event )",
  "level":4
}, 
{
  "time":"2018-05-06 01:07:35",
  "message":"MyCompany\\MyPluginName\\Setup::handleRouteAfter( \\core\\base\\Event $event )",
  "level":4
}, 
{
  "time":"2018-05-06 01:08:08",
  "message":"MyCompany\\MyPluginName\\Setup::parseRouteBefore( \\core\\base\\Event $event )",
  "level":4
}, 
{
  "time":"2018-05-06 01:08:08",
  "message":"MyCompany\\MyPluginName\\Setup::parseRouteAfter( \\core\\base\\Event $event )",
  "level":4
}, 
{
  "time":"2018-05-06 01:08:08",
  "message":"MyCompany\\MyPluginName\\Setup::handleRouteBefore( \\core\\base\\Event $event )",
  "level":4
}, 
{
  "time":"2018-05-06 01:08:08",
  "message":"MyCompany\\MyPluginName\\Setup::handleRouteAfter( \\core\\base\\Event $event )",
  "level":4
}, 
{
  "time":"2018-05-06 01:08:08",
  "message":"MyCompany\\MyPluginName\\Setup::parseRouteBefore( \\core\\base\\Event $event )",
  "level":4
}, 
{
  "time":"2018-05-06 01:08:08",
  "message":"MyCompany\\MyPluginName\\Setup::parseRouteAfter( \\core\\base\\Event $event )",
  "level":4
}, 
{
  "time":"2018-05-06 01:08:08",
  "message":"MyCompany\\MyPluginName\\Setup::handleRouteBefore( \\core\\base\\Event $event )",
  "level":4
}, 
{
  "time":"2018-05-06 01:08:08",
  "message":"MyCompany\\MyPluginName\\Setup::handleRouteAfter( \\core\\base\\Event $event )",
  "level":4
}, 
{
  "time":"2018-05-06 01:08:11",
  "message":"MyCompany\\MyPluginName\\Setup::parseRouteBefore( \\core\\base\\Event $event )",
  "level":4
}, 
{
  "time":"2018-05-06 01:08:11",
  "message":"MyCompany\\MyPluginName\\Setup::parseRouteAfter( \\core\\base\\Event $event )",
  "level":4
}, 
{
  "time":"2018-05-06 01:08:11",
  "message":"MyCompany\\MyPluginName\\Setup::handleRouteBefore( \\core\\base\\Event $event )",
  "level":4
}, 
{
  "time":"2018-05-06 01:08:11",
  "message":"MyCompany\\MyPluginName\\Setup::handleRouteAfter( \\core\\base\\Event $event )",
  "level":4
}, 
{
  "time":"2018-05-06 01:08:11",
  "message":"MyCompany\\MyPluginName\\Setup::parseRouteBefore( \\core\\base\\Event $event )",
  "level":4
}, 
{
  "time":"2018-05-06 01:08:11",
  "message":"MyCompany\\MyPluginName\\Setup::parseRouteAfter( \\core\\base\\Event $event )",
  "level":4
}, 
{
  "time":"2018-05-06 01:08:11",
  "message":"MyCompany\\MyPluginName\\Setup::handleRouteBefore( \\core\\base\\Event $event )",
  "level":4
}, 
{
  "time":"2018-05-06 01:08:11",
  "message":"MyCompany\\MyPluginName\\Setup::handleRouteAfter( \\core\\base\\Event $event )",
  "level":4
}, 
{
  "time":"2018-05-06 01:08:33",
  "message":"MyCompany\\MyPluginName\\Setup::parseRouteBefore( \\core\\base\\Event $event )",
  "level":4
}, 
{
  "time":"2018-05-06 01:08:33",
  "message":"MyCompany\\MyPluginName\\Setup::parseRouteAfter( \\core\\base\\Event $event )",
  "level":4
}, 
{
  "time":"2018-05-06 01:08:33",
  "message":"MyCompany\\MyPluginName\\Setup::handleRouteBefore( \\core\\base\\Event $event )",
  "level":4
}, 
{
  "time":"2018-05-06 01:08:33",
  "message":"MyCompany\\MyPluginName\\Setup::handleRouteAfter( \\core\\base\\Event $event )",
  "level":4
}, 
{
  "time":"2018-05-06 01:08:33",
  "message":"MyCompany\\MyPluginName\\Setup::parseRouteBefore( \\core\\base\\Event $event )",
  "level":4
}, 
{
  "time":"2018-05-06 01:08:33",
  "message":"MyCompany\\MyPluginName\\Setup::parseRouteAfter( \\core\\base\\Event $event )",
  "level":4
}, 
{
  "time":"2018-05-06 01:08:33",
  "message":"MyCompany\\MyPluginName\\Setup::handleRouteBefore( \\core\\base\\Event $event )",
  "level":4
}, 
{
  "time":"2018-05-06 01:08:33",
  "message":"MyCompany\\MyPluginName\\Setup::handleRouteAfter( \\core\\base\\Event $event )",
  "level":4
}, 
{
  "time":"2018-05-06 01:08:55",
  "message":"MyCompany\\MyPluginName\\Setup::parseRouteBefore( \\core\\base\\Event $event )",
  "level":4
}, 
{
  "time":"2018-05-06 01:08:55",
  "message":"MyCompany\\MyPluginName\\Setup::handleRouteBefore( \\core\\base\\Event $event )",
  "level":4
}, 
{
  "time":"2018-05-06 01:08:55",
  "message":"MyCompany\\MyPluginName\\Setup::handleRouteAfter( \\core\\base\\Event $event )",
  "level":4
}, 
{
  "time":"2018-05-06 01:08:55",
  "message":"MyCompany\\MyPluginName\\Setup::parseRouteBefore( \\core\\base\\Event $event )",
  "level":4
}, 
{
  "time":"2018-05-06 01:08:55",
  "message":"MyCompany\\MyPluginName\\Setup::parseRouteAfter( \\core\\base\\Event $event )",
  "level":4
}, 
{
  "time":"2018-05-06 01:08:55",
  "message":"MyCompany\\MyPluginName\\Setup::handleRouteBefore( \\core\\base\\Event $event )",
  "level":4
}, 
{
  "time":"2018-05-06 01:08:55",
  "message":"MyCompany\\MyPluginName\\Setup::handleRouteAfter( \\core\\base\\Event $event )",
  "level":4
}, 
{
  "time":"2018-05-06 01:08:58",
  "message":"MyCompany\\MyPluginName\\Setup::parseRouteBefore( \\core\\base\\Event $event )",
  "level":4
}, 
{
  "time":"2018-05-06 01:08:58",
  "message":"MyCompany\\MyPluginName\\Setup::parseRouteAfter( \\core\\base\\Event $event )",
  "level":4
}, 
{
  "time":"2018-05-06 01:08:58",
  "message":"MyCompany\\MyPluginName\\Setup::handleRouteBefore( \\core\\base\\Event $event )",
  "level":4
}, 
{
  "time":"2018-05-06 01:08:58",
  "message":"MyCompany\\MyPluginName\\Setup::handleRouteAfter( \\core\\base\\Event $event )",
  "level":4
}, 
{
  "time":"2018-05-06 01:08:58",
  "message":"MyCompany\\MyPluginName\\Setup::parseRouteBefore( \\core\\base\\Event $event )",
  "level":4
}, 
{
  "time":"2018-05-06 01:08:58",
  "message":"MyCompany\\MyPluginName\\Setup::parseRouteAfter( \\core\\base\\Event $event )",
  "level":4
}, 
{
  "time":"2018-05-06 01:08:58",
  "message":"MyCompany\\MyPluginName\\Setup::handleRouteBefore( \\core\\base\\Event $event )",
  "level":4
}, 
{
  "time":"2018-05-06 01:08:58",
  "message":"MyCompany\\MyPluginName\\Setup::handleRouteAfter( \\core\\base\\Event $event )",
  "level":4
}, 
{
  "time":"2018-05-06 01:09:00",
  "message":"MyCompany\\MyPluginName\\Setup::parseRouteBefore( \\core\\base\\Event $event )",
  "level":4
}, 
{
  "time":"2018-05-06 01:09:00",
  "message":"MyCompany\\MyPluginName\\Setup::parseRouteAfter( \\core\\base\\Event $event )",
  "level":4
}, 
{
  "time":"2018-05-06 01:09:00",
  "message":"MyCompany\\MyPluginName\\Setup::handleRouteBefore( \\core\\base\\Event $event )",
  "level":4
}, 
{
  "time":"2018-05-06 01:09:00",
  "message":"MyCompany\\MyPluginName\\Setup::handleRouteAfter( \\core\\base\\Event $event )",
  "level":4
}, 
{
  "time":"2018-05-06 01:10:32",
  "message":"MyCompany\\MyPluginName\\Setup::parseRouteBefore( \\core\\base\\Event $event )",
  "level":4
}, 
{
  "time":"2018-05-06 01:10:32",
  "message":"MyCompany\\MyPluginName\\Setup::handleRouteBefore( \\core\\base\\Event $event )",
  "level":4
}, 
{
  "time":"2018-05-06 01:10:32",
  "message":"MyCompany\\MyPluginName\\Setup::handleRouteAfter( \\core\\base\\Event $event )",
  "level":4
}, 
{
  "time":"2018-05-06 01:10:32",
  "message":"MyCompany\\MyPluginName\\Setup::parseRouteBefore( \\core\\base\\Event $event )",
  "level":4
}, 
{
  "time":"2018-05-06 01:10:32",
  "message":"MyCompany\\MyPluginName\\Setup::parseRouteAfter( \\core\\base\\Event $event )",
  "level":4
}, 
{
  "time":"2018-05-06 01:10:32",
  "message":"MyCompany\\MyPluginName\\Setup::handleRouteBefore( \\core\\base\\Event $event )",
  "level":4
}, 
{
  "time":"2018-05-06 01:10:32",
  "message":"MyCompany\\MyPluginName\\Setup::handleRouteAfter( \\core\\base\\Event $event )",
  "level":4
}, 
{
  "time":"2018-05-06 01:11:15",
  "message":"MyCompany\\MyPluginName\\Setup::parseRouteBefore( \\core\\base\\Event $event )",
  "level":4
}, 
{
  "time":"2018-05-06 01:11:15",
  "message":"MyCompany\\MyPluginName\\Setup::handleRouteBefore( \\core\\base\\Event $event )",
  "level":4
}, 
{
  "time":"2018-05-06 01:11:15",
  "message":"MyCompany\\MyPluginName\\Setup::handleRouteAfter( \\core\\base\\Event $event )",
  "level":4
}, 
{
  "time":"2018-05-06 01:11:15",
  "message":"MyCompany\\MyPluginName\\Setup::parseRouteBefore( \\core\\base\\Event $event )",
  "level":4
}, 
{
  "time":"2018-05-06 01:11:15",
  "message":"MyCompany\\MyPluginName\\Setup::parseRouteAfter( \\core\\base\\Event $event )",
  "level":4
}, 
{
  "time":"2018-05-06 01:11:15",
  "message":"MyCompany\\MyPluginName\\Setup::handleRouteBefore( \\core\\base\\Event $event )",
  "level":4
}, 
{
  "time":"2018-05-06 01:11:15",
  "message":"MyCompany\\MyPluginName\\Setup::handleRouteAfter( \\core\\base\\Event $event )",
  "level":4
}, 
{
  "time":"2018-05-06 01:11:16",
  "message":"MyCompany\\MyPluginName\\Setup::parseRouteBefore( \\core\\base\\Event $event )",
  "level":4
}, 
{
  "time":"2018-05-06 01:11:16",
  "message":"MyCompany\\MyPluginName\\Setup::handleRouteBefore( \\core\\base\\Event $event )",
  "level":4
}, 
{
  "time":"2018-05-06 01:11:16",
  "message":"MyCompany\\MyPluginName\\Setup::handleRouteAfter( \\core\\base\\Event $event )",
  "level":4
}, 
{
  "time":"2018-05-06 01:11:16",
  "message":"MyCompany\\MyPluginName\\Setup::parseRouteBefore( \\core\\base\\Event $event )",
  "level":4
}, 
{
  "time":"2018-05-06 01:11:16",
  "message":"MyCompany\\MyPluginName\\Setup::parseRouteAfter( \\core\\base\\Event $event )",
  "level":4
}, 
{
  "time":"2018-05-06 01:11:16",
  "message":"MyCompany\\MyPluginName\\Setup::handleRouteBefore( \\core\\base\\Event $event )",
  "level":4
}, 
{
  "time":"2018-05-06 01:11:16",
  "message":"MyCompany\\MyPluginName\\Setup::handleRouteAfter( \\core\\base\\Event $event )",
  "level":4
}, 
{
  "time":"2018-05-06 01:11:17",
  "message":"MyCompany\\MyPluginName\\Setup::parseRouteBefore( \\core\\base\\Event $event )",
  "level":4
}, 
{
  "time":"2018-05-06 01:11:17",
  "message":"MyCompany\\MyPluginName\\Setup::handleRouteBefore( \\core\\base\\Event $event )",
  "level":4
}, 
{
  "time":"2018-05-06 01:11:17",
  "message":"MyCompany\\MyPluginName\\Setup::handleRouteAfter( \\core\\base\\Event $event )",
  "level":4
}, 
{
  "time":"2018-05-06 01:11:17",
  "message":"MyCompany\\MyPluginName\\Setup::parseRouteBefore( \\core\\base\\Event $event )",
  "level":4
}, 
{
  "time":"2018-05-06 01:11:17",
  "message":"MyCompany\\MyPluginName\\Setup::parseRouteAfter( \\core\\base\\Event $event )",
  "level":4
}, 
{
  "time":"2018-05-06 01:11:17",
  "message":"MyCompany\\MyPluginName\\Setup::handleRouteBefore( \\core\\base\\Event $event )",
  "level":4
}, 
{
  "time":"2018-05-06 01:11:17",
  "message":"MyCompany\\MyPluginName\\Setup::handleRouteAfter( \\core\\base\\Event $event )",
  "level":4
}, 
{
  "time":"2018-05-06 01:11:18",
  "message":"MyCompany\\MyPluginName\\Setup::parseRouteBefore( \\core\\base\\Event $event )",
  "level":4
}, 
{
  "time":"2018-05-06 01:11:18",
  "message":"MyCompany\\MyPluginName\\Setup::handleRouteBefore( \\core\\base\\Event $event )",
  "level":4
}, 
{
  "time":"2018-05-06 01:11:18",
  "message":"MyCompany\\MyPluginName\\Setup::handleRouteAfter( \\core\\base\\Event $event )",
  "level":4
}, 
{
  "time":"2018-05-06 01:11:18",
  "message":"MyCompany\\MyPluginName\\Setup::parseRouteBefore( \\core\\base\\Event $event )",
  "level":4
}, 
{
  "time":"2018-05-06 01:11:18",
  "message":"MyCompany\\MyPluginName\\Setup::parseRouteAfter( \\core\\base\\Event $event )",
  "level":4
}, 
{
  "time":"2018-05-06 01:11:18",
  "message":"MyCompany\\MyPluginName\\Setup::handleRouteBefore( \\core\\base\\Event $event )",
  "level":4
}, 
{
  "time":"2018-05-06 01:11:18",
  "message":"MyCompany\\MyPluginName\\Setup::handleRouteAfter( \\core\\base\\Event $event )",
  "level":4
}, 
{
  "time":"2018-05-06 01:11:19",
  "message":"MyCompany\\MyPluginName\\Setup::parseRouteBefore( \\core\\base\\Event $event )",
  "level":4
}, 
{
  "time":"2018-05-06 01:11:19",
  "message":"MyCompany\\MyPluginName\\Setup::handleRouteBefore( \\core\\base\\Event $event )",
  "level":4
}, 
{
  "time":"2018-05-06 01:11:19",
  "message":"MyCompany\\MyPluginName\\Setup::handleRouteAfter( \\core\\base\\Event $event )",
  "level":4
}, 
{
  "time":"2018-05-06 01:11:20",
  "message":"MyCompany\\MyPluginName\\Setup::parseRouteBefore( \\core\\base\\Event $event )",
  "level":4
}, 
{
  "time":"2018-05-06 01:11:20",
  "message":"MyCompany\\MyPluginName\\Setup::parseRouteAfter( \\core\\base\\Event $event )",
  "level":4
}, 
{
  "time":"2018-05-06 01:11:20",
  "message":"MyCompany\\MyPluginName\\Setup::handleRouteBefore( \\core\\base\\Event $event )",
  "level":4
}, 
{
  "time":"2018-05-06 01:11:20",
  "message":"MyCompany\\MyPluginName\\Setup::handleRouteAfter( \\core\\base\\Event $event )",
  "level":4
}, 
{
  "time":"2018-05-06 01:11:20",
  "message":"MyCompany\\MyPluginName\\Setup::parseRouteBefore( \\core\\base\\Event $event )",
  "level":4
}, 
{
  "time":"2018-05-06 01:11:20",
  "message":"MyCompany\\MyPluginName\\Setup::handleRouteBefore( \\core\\base\\Event $event )",
  "level":4
}, 
{
  "time":"2018-05-06 01:11:20",
  "message":"MyCompany\\MyPluginName\\Setup::handleRouteAfter( \\core\\base\\Event $event )",
  "level":4
}, 
{
  "time":"2018-05-06 01:11:20",
  "message":"MyCompany\\MyPluginName\\Setup::parseRouteBefore( \\core\\base\\Event $event )",
  "level":4
}, 
{
  "time":"2018-05-06 01:11:20",
  "message":"MyCompany\\MyPluginName\\Setup::parseRouteAfter( \\core\\base\\Event $event )",
  "level":4
}, 
{
  "time":"2018-05-06 01:11:20",
  "message":"MyCompany\\MyPluginName\\Setup::handleRouteBefore( \\core\\base\\Event $event )",
  "level":4
}, 
{
  "time":"2018-05-06 01:11:20",
  "message":"MyCompany\\MyPluginName\\Setup::handleRouteAfter( \\core\\base\\Event $event )",
  "level":4
}, 
{
  "time":"2018-05-06 01:11:22",
  "message":"MyCompany\\MyPluginName\\Setup::parseRouteBefore( \\core\\base\\Event $event )",
  "level":4
}, 
{
  "time":"2018-05-06 01:11:22",
  "message":"MyCompany\\MyPluginName\\Setup::handleRouteBefore( \\core\\base\\Event $event )",
  "level":4
}, 
{
  "time":"2018-05-06 01:11:22",
  "message":"MyCompany\\MyPluginName\\Setup::handleRouteAfter( \\core\\base\\Event $event )",
  "level":4
}, 
{
  "time":"2018-05-06 01:11:22",
  "message":"MyCompany\\MyPluginName\\Setup::parseRouteBefore( \\core\\base\\Event $event )",
  "level":4
}, 
{
  "time":"2018-05-06 01:11:22",
  "message":"MyCompany\\MyPluginName\\Setup::parseRouteAfter( \\core\\base\\Event $event )",
  "level":4
}, 
{
  "time":"2018-05-06 01:11:22",
  "message":"MyCompany\\MyPluginName\\Setup::handleRouteBefore( \\core\\base\\Event $event )",
  "level":4
}, 
{
  "time":"2018-05-06 01:11:22",
  "message":"MyCompany\\MyPluginName\\Setup::handleRouteAfter( \\core\\base\\Event $event )",
  "level":4
}, 
{
  "time":"2018-05-06 01:11:24",
  "message":"MyCompany\\MyPluginName\\Setup::parseRouteBefore( \\core\\base\\Event $event )",
  "level":4
}, 
{
  "time":"2018-05-06 01:11:24",
  "message":"MyCompany\\MyPluginName\\Setup::handleRouteBefore( \\core\\base\\Event $event )",
  "level":4
}, 
{
  "time":"2018-05-06 01:11:24",
  "message":"MyCompany\\MyPluginName\\Setup::handleRouteAfter( \\core\\base\\Event $event )",
  "level":4
}, 
{
  "time":"2018-05-06 01:11:24",
  "message":"MyCompany\\MyPluginName\\Setup::parseRouteBefore( \\core\\base\\Event $event )",
  "level":4
}, 
{
  "time":"2018-05-06 01:11:24",
  "message":"MyCompany\\MyPluginName\\Setup::parseRouteAfter( \\core\\base\\Event $event )",
  "level":4
}, 
{
  "time":"2018-05-06 01:11:24",
  "message":"MyCompany\\MyPluginName\\Setup::handleRouteBefore( \\core\\base\\Event $event )",
  "level":4
}, 
{
  "time":"2018-05-06 01:11:24",
  "message":"MyCompany\\MyPluginName\\Setup::handleRouteAfter( \\core\\base\\Event $event )",
  "level":4
}, 
{
  "time":"2018-05-06 01:11:26",
  "message":"MyCompany\\MyPluginName\\Setup::parseRouteBefore( \\core\\base\\Event $event )",
  "level":4
}, 
{
  "time":"2018-05-06 01:11:26",
  "message":"MyCompany\\MyPluginName\\Setup::handleRouteBefore( \\core\\base\\Event $event )",
  "level":4
}, 
{
  "time":"2018-05-06 01:11:26",
  "message":"MyCompany\\MyPluginName\\Setup::handleRouteAfter( \\core\\base\\Event $event )",
  "level":4
}, 
{
  "time":"2018-05-06 01:11:26",
  "message":"MyCompany\\MyPluginName\\Setup::parseRouteBefore( \\core\\base\\Event $event )",
  "level":4
}, 
{
  "time":"2018-05-06 01:11:26",
  "message":"MyCompany\\MyPluginName\\Setup::parseRouteAfter( \\core\\base\\Event $event )",
  "level":4
}, 
{
  "time":"2018-05-06 01:11:26",
  "message":"MyCompany\\MyPluginName\\Setup::handleRouteBefore( \\core\\base\\Event $event )",
  "level":4
}, 
{
  "time":"2018-05-06 01:11:26",
  "message":"MyCompany\\MyPluginName\\Setup::handleRouteAfter( \\core\\base\\Event $event )",
  "level":4
}, 
{
  "time":"2018-05-06 01:11:27",
  "message":"MyCompany\\MyPluginName\\Setup::parseRouteBefore( \\core\\base\\Event $event )",
  "level":4
}, 
{
  "time":"2018-05-06 01:11:27",
  "message":"MyCompany\\MyPluginName\\Setup::handleRouteBefore( \\core\\base\\Event $event )",
  "level":4
}, 
{
  "time":"2018-05-06 01:11:27",
  "message":"MyCompany\\MyPluginName\\Setup::handleRouteAfter( \\core\\base\\Event $event )",
  "level":4
}, 
{
  "time":"2018-05-06 01:11:27",
  "message":"MyCompany\\MyPluginName\\Setup::parseRouteBefore( \\core\\base\\Event $event )",
  "level":4
}, 
{
  "time":"2018-05-06 01:11:27",
  "message":"MyCompany\\MyPluginName\\Setup::parseRouteAfter( \\core\\base\\Event $event )",
  "level":4
}, 
{
  "time":"2018-05-06 01:11:27",
  "message":"MyCompany\\MyPluginName\\Setup::handleRouteBefore( \\core\\base\\Event $event )",
  "level":4
}, 
{
  "time":"2018-05-06 01:11:27",
  "message":"MyCompany\\MyPluginName\\Setup::handleRouteAfter( \\core\\base\\Event $event )",
  "level":4
}, 
{
  "time":"2018-05-06 01:11:30",
  "message":"MyCompany\\MyPluginName\\Setup::parseRouteBefore( \\core\\base\\Event $event )",
  "level":4
}, 
{
  "time":"2018-05-06 01:11:30",
  "message":"MyCompany\\MyPluginName\\Setup::handleRouteBefore( \\core\\base\\Event $event )",
  "level":4
}, 
{
  "time":"2018-05-06 01:11:30",
  "message":"MyCompany\\MyPluginName\\Setup::handleRouteAfter( \\core\\base\\Event $event )",
  "level":4
}, 
{
  "time":"2018-05-06 01:11:30",
  "message":"MyCompany\\MyPluginName\\Setup::parseRouteBefore( \\core\\base\\Event $event )",
  "level":4
}, 
{
  "time":"2018-05-06 01:11:30",
  "message":"MyCompany\\MyPluginName\\Setup::parseRouteAfter( \\core\\base\\Event $event )",
  "level":4
}, 
{
  "time":"2018-05-06 01:11:30",
  "message":"MyCompany\\MyPluginName\\Setup::handleRouteBefore( \\core\\base\\Event $event )",
  "level":4
}, 
{
  "time":"2018-05-06 01:11:30",
  "message":"MyCompany\\MyPluginName\\Setup::handleRouteAfter( \\core\\base\\Event $event )",
  "level":4
}, 
{
  "time":"2018-05-06 01:18:31",
  "message":"MyCompany\\MyPluginName\\Setup::parseRouteBefore( \\core\\base\\Event $event )",
  "level":4
}, 
{
  "time":"2018-05-06 01:18:31",
  "message":"MyCompany\\MyPluginName\\Setup::parseRouteAfter( \\core\\base\\Event $event )",
  "level":4
}, 
{
  "time":"2018-05-06 01:18:31",
  "message":"MyCompany\\MyPluginName\\Setup::handleRouteBefore( \\core\\base\\Event $event )",
  "level":4
}, 
{
  "time":"2018-05-06 01:18:31",
  "message":"MyCompany\\MyPluginName\\Setup::handleRouteAfter( \\core\\base\\Event $event )",
  "level":4
}, 
{
  "time":"2018-05-06 01:18:31",
  "message":"MyCompany\\MyPluginName\\Setup::parseRouteBefore( \\core\\base\\Event $event )",
  "level":4
}, 
{
  "time":"2018-05-06 01:18:31",
  "message":"MyCompany\\MyPluginName\\Setup::parseRouteAfter( \\core\\base\\Event $event )",
  "level":4
}, 
{
  "time":"2018-05-06 01:18:31",
  "message":"MyCompany\\MyPluginName\\Setup::handleRouteBefore( \\core\\base\\Event $event )",
  "level":4
}, 
{
  "time":"2018-05-06 01:18:31",
  "message":"MyCompany\\MyPluginName\\Setup::handleRouteAfter( \\core\\base\\Event $event )",
  "level":4
}, 
{
  "time":"2018-05-06 01:18:44",
  "message":"MyCompany\\MyPluginName\\Setup::parseRouteBefore( \\core\\base\\Event $event )",
  "level":4
}, 
{
  "time":"2018-05-06 01:18:44",
  "message":"MyCompany\\MyPluginName\\Setup::parseRouteAfter( \\core\\base\\Event $event )",
  "level":4
}, 
{
  "time":"2018-05-06 01:18:44",
  "message":"MyCompany\\MyPluginName\\Setup::handleRouteBefore( \\core\\base\\Event $event )",
  "level":4
}, 
{
  "time":"2018-05-06 01:18:44",
  "message":"MyCompany\\MyPluginName\\Setup::handleRouteAfter( \\core\\base\\Event $event )",
  "level":4
}, 
{
  "time":"2018-05-06 01:18:44",
  "message":"MyCompany\\MyPluginName\\Setup::parseRouteBefore( \\core\\base\\Event $event )",
  "level":4
}, 
{
  "time":"2018-05-06 01:18:44",
  "message":"MyCompany\\MyPluginName\\Setup::parseRouteAfter( \\core\\base\\Event $event )",
  "level":4
}, 
{
  "time":"2018-05-06 01:18:44",
  "message":"MyCompany\\MyPluginName\\Setup::handleRouteBefore( \\core\\base\\Event $event )",
  "level":4
}, 
{
  "time":"2018-05-06 01:18:44",
  "message":"MyCompany\\MyPluginName\\Setup::handleRouteAfter( \\core\\base\\Event $event )",
  "level":4
}, 
{
  "time":"2018-05-06 01:18:48",
  "message":"MyCompany\\MyPluginName\\Setup::parseRouteBefore( \\core\\base\\Event $event )",
  "level":4
}, 
{
  "time":"2018-05-06 01:18:48",
  "message":"MyCompany\\MyPluginName\\Setup::parseRouteAfter( \\core\\base\\Event $event )",
  "level":4
}, 
{
  "time":"2018-05-06 01:18:48",
  "message":"MyCompany\\MyPluginName\\Setup::handleRouteBefore( \\core\\base\\Event $event )",
  "level":4
}, 
{
  "time":"2018-05-06 01:18:48",
  "message":"MyCompany\\MyPluginName\\Setup::handleRouteAfter( \\core\\base\\Event $event )",
  "level":4
}, 
{
  "time":"2018-05-06 01:18:48",
  "message":"MyCompany\\MyPluginName\\Setup::parseRouteBefore( \\core\\base\\Event $event )",
  "level":4
}, 
{
  "time":"2018-05-06 01:18:48",
  "message":"MyCompany\\MyPluginName\\Setup::parseRouteAfter( \\core\\base\\Event $event )",
  "level":4
}, 
{
  "time":"2018-05-06 01:18:48",
  "message":"MyCompany\\MyPluginName\\Setup::handleRouteBefore( \\core\\base\\Event $event )",
  "level":4
}, 
{
  "time":"2018-05-06 01:18:48",
  "message":"MyCompany\\MyPluginName\\Setup::handleRouteAfter( \\core\\base\\Event $event )",
  "level":4
}, 
{
  "time":"2018-05-06 01:19:08",
  "message":"MyCompany\\MyPluginName\\Setup::parseRouteBefore( \\core\\base\\Event $event )",
  "level":4
}, 
{
  "time":"2018-05-06 01:19:08",
  "message":"MyCompany\\MyPluginName\\Setup::parseRouteAfter( \\core\\base\\Event $event )",
  "level":4
}, 
{
  "time":"2018-05-06 01:19:08",
  "message":"MyCompany\\MyPluginName\\Setup::handleRouteBefore( \\core\\base\\Event $event )",
  "level":4
}, 
{
  "time":"2018-05-06 01:19:08",
  "message":"MyCompany\\MyPluginName\\Setup::handleRouteAfter( \\core\\base\\Event $event )",
  "level":4
}, 
{
  "time":"2018-05-06 01:19:09",
  "message":"MyCompany\\MyPluginName\\Setup::parseRouteBefore( \\core\\base\\Event $event )",
  "level":4
}, 
{
  "time":"2018-05-06 01:19:09",
  "message":"MyCompany\\MyPluginName\\Setup::parseRouteAfter( \\core\\base\\Event $event )",
  "level":4
}, 
{
  "time":"2018-05-06 01:19:09",
  "message":"MyCompany\\MyPluginName\\Setup::handleRouteBefore( \\core\\base\\Event $event )",
  "level":4
}, 
{
  "time":"2018-05-06 01:19:09",
  "message":"MyCompany\\MyPluginName\\Setup::handleRouteAfter( \\core\\base\\Event $event )",
  "level":4
}, 
{
  "time":"2018-05-06 01:19:21",
  "message":"MyCompany\\MyPluginName\\Setup::parseRouteBefore( \\core\\base\\Event $event )",
  "level":4
}, 
{
  "time":"2018-05-06 01:19:21",
  "message":"MyCompany\\MyPluginName\\Setup::parseRouteAfter( \\core\\base\\Event $event )",
  "level":4
}, 
{
  "time":"2018-05-06 01:19:21",
  "message":"MyCompany\\MyPluginName\\Setup::handleRouteBefore( \\core\\base\\Event $event )",
  "level":4
}, 
{
  "time":"2018-05-06 01:19:21",
  "message":"MyCompany\\MyPluginName\\Setup::handleRouteAfter( \\core\\base\\Event $event )",
  "level":4
}, 
{
  "time":"2018-05-06 01:19:21",
  "message":"MyCompany\\MyPluginName\\Setup::parseRouteBefore( \\core\\base\\Event $event )",
  "level":4
}, 
{
  "time":"2018-05-06 01:19:21",
  "message":"MyCompany\\MyPluginName\\Setup::parseRouteAfter( \\core\\base\\Event $event )",
  "level":4
}, 
{
  "time":"2018-05-06 01:19:21",
  "message":"MyCompany\\MyPluginName\\Setup::handleRouteBefore( \\core\\base\\Event $event )",
  "level":4
}, 
{
  "time":"2018-05-06 01:19:21",
  "message":"MyCompany\\MyPluginName\\Setup::handleRouteAfter( \\core\\base\\Event $event )",
  "level":4
}, 
{
  "time":"2018-05-06 01:19:25",
  "message":"MyCompany\\MyPluginName\\Setup::parseRouteBefore( \\core\\base\\Event $event )",
  "level":4
}, 
{
  "time":"2018-05-06 01:19:25",
  "message":"MyCompany\\MyPluginName\\Setup::parseRouteAfter( \\core\\base\\Event $event )",
  "level":4
}, 
{
  "time":"2018-05-06 01:19:25",
  "message":"MyCompany\\MyPluginName\\Setup::handleRouteBefore( \\core\\base\\Event $event )",
  "level":4
}, 
{
  "time":"2018-05-06 01:19:25",
  "message":"MyCompany\\MyPluginName\\Setup::handleRouteAfter( \\core\\base\\Event $event )",
  "level":4
}, 
{
  "time":"2018-05-06 01:19:25",
  "message":"MyCompany\\MyPluginName\\Setup::parseRouteBefore( \\core\\base\\Event $event )",
  "level":4
}, 
{
  "time":"2018-05-06 01:19:25",
  "message":"MyCompany\\MyPluginName\\Setup::parseRouteAfter( \\core\\base\\Event $event )",
  "level":4
}, 
{
  "time":"2018-05-06 01:19:25",
  "message":"MyCompany\\MyPluginName\\Setup::handleRouteBefore( \\core\\base\\Event $event )",
  "level":4
}, 
{
  "time":"2018-05-06 01:19:25",
  "message":"MyCompany\\MyPluginName\\Setup::handleRouteAfter( \\core\\base\\Event $event )",
  "level":4
}, 
{
  "time":"2018-05-06 01:19:37",
  "message":"MyCompany\\MyPluginName\\Setup::parseRouteBefore( \\core\\base\\Event $event )",
  "level":4
}, 
{
  "time":"2018-05-06 01:19:37",
  "message":"MyCompany\\MyPluginName\\Setup::parseRouteAfter( \\core\\base\\Event $event )",
  "level":4
}, 
{
  "time":"2018-05-06 01:19:37",
  "message":"MyCompany\\MyPluginName\\Setup::handleRouteBefore( \\core\\base\\Event $event )",
  "level":4
}, 
{
  "time":"2018-05-06 01:19:37",
  "message":"MyCompany\\MyPluginName\\Setup::handleRouteAfter( \\core\\base\\Event $event )",
  "level":4
}, 
{
  "time":"2018-05-06 01:19:37",
  "message":"MyCompany\\MyPluginName\\Setup::parseRouteBefore( \\core\\base\\Event $event )",
  "level":4
}, 
{
  "time":"2018-05-06 01:19:37",
  "message":"MyCompany\\MyPluginName\\Setup::parseRouteAfter( \\core\\base\\Event $event )",
  "level":4
}, 
{
  "time":"2018-05-06 01:19:37",
  "message":"MyCompany\\MyPluginName\\Setup::handleRouteBefore( \\core\\base\\Event $event )",
  "level":4
}, 
{
  "time":"2018-05-06 01:19:37",
  "message":"MyCompany\\MyPluginName\\Setup::handleRouteAfter( \\core\\base\\Event $event )",
  "level":4
}, 
{
  "time":"2018-05-06 01:19:44",
  "message":"MyCompany\\MyPluginName\\Setup::parseRouteBefore( \\core\\base\\Event $event )",
  "level":4
}, 
{
  "time":"2018-05-06 01:19:44",
  "message":"MyCompany\\MyPluginName\\Setup::parseRouteAfter( \\core\\base\\Event $event )",
  "level":4
}, 
{
  "time":"2018-05-06 01:19:44",
  "message":"MyCompany\\MyPluginName\\Setup::handleRouteBefore( \\core\\base\\Event $event )",
  "level":4
}, 
{
  "time":"2018-05-06 01:19:44",
  "message":"MyCompany\\MyPluginName\\Setup::handleRouteAfter( \\core\\base\\Event $event )",
  "level":4
}, 
{
  "time":"2018-05-06 01:19:44",
  "message":"MyCompany\\MyPluginName\\Setup::parseRouteBefore( \\core\\base\\Event $event )",
  "level":4
}, 
{
  "time":"2018-05-06 01:19:44",
  "message":"MyCompany\\MyPluginName\\Setup::parseRouteAfter( \\core\\base\\Event $event )",
  "level":4
}, 
{
  "time":"2018-05-06 01:19:44",
  "message":"MyCompany\\MyPluginName\\Setup::handleRouteBefore( \\core\\base\\Event $event )",
  "level":4
}, 
{
  "time":"2018-05-06 01:19:44",
  "message":"MyCompany\\MyPluginName\\Setup::handleRouteAfter( \\core\\base\\Event $event )",
  "level":4
}, 
{
  "time":"2018-05-06 01:20:03",
  "message":"MyCompany\\MyPluginName\\Setup::parseRouteBefore( \\core\\base\\Event $event )",
  "level":4
}, 
{
  "time":"2018-05-06 01:20:03",
  "message":"MyCompany\\MyPluginName\\Setup::parseRouteAfter( \\core\\base\\Event $event )",
  "level":4
}, 
{
  "time":"2018-05-06 01:20:03",
  "message":"MyCompany\\MyPluginName\\Setup::handleRouteBefore( \\core\\base\\Event $event )",
  "level":4
}, 
{
  "time":"2018-05-06 01:20:03",
  "message":"MyCompany\\MyPluginName\\Setup::handleRouteAfter( \\core\\base\\Event $event )",
  "level":4
}, 
{
  "time":"2018-05-06 01:20:03",
  "message":"MyCompany\\MyPluginName\\Setup::parseRouteBefore( \\core\\base\\Event $event )",
  "level":4
}, 
{
  "time":"2018-05-06 01:20:03",
  "message":"MyCompany\\MyPluginName\\Setup::parseRouteAfter( \\core\\base\\Event $event )",
  "level":4
}, 
{
  "time":"2018-05-06 01:20:03",
  "message":"MyCompany\\MyPluginName\\Setup::handleRouteBefore( \\core\\base\\Event $event )",
  "level":4
}, 
{
  "time":"2018-05-06 01:20:03",
  "message":"MyCompany\\MyPluginName\\Setup::handleRouteAfter( \\core\\base\\Event $event )",
  "level":4
}, 
{
  "time":"2018-05-06 01:20:13",
  "message":"MyCompany\\MyPluginName\\Setup::parseRouteBefore( \\core\\base\\Event $event )",
  "level":4
}, 
{
  "time":"2018-05-06 01:20:13",
  "message":"MyCompany\\MyPluginName\\Setup::parseRouteAfter( \\core\\base\\Event $event )",
  "level":4
}, 
{
  "time":"2018-05-06 01:20:13",
  "message":"MyCompany\\MyPluginName\\Setup::handleRouteBefore( \\core\\base\\Event $event )",
  "level":4
}, 
{
  "time":"2018-05-06 01:20:13",
  "message":"MyCompany\\MyPluginName\\Setup::handleRouteAfter( \\core\\base\\Event $event )",
  "level":4
}, 
{
  "time":"2018-05-06 01:20:13",
  "message":"MyCompany\\MyPluginName\\Setup::parseRouteBefore( \\core\\base\\Event $event )",
  "level":4
}, 
{
  "time":"2018-05-06 01:20:13",
  "message":"MyCompany\\MyPluginName\\Setup::parseRouteAfter( \\core\\base\\Event $event )",
  "level":4
}, 
{
  "time":"2018-05-06 01:20:13",
  "message":"MyCompany\\MyPluginName\\Setup::handleRouteBefore( \\core\\base\\Event $event )",
  "level":4
}, 
{
  "time":"2018-05-06 01:20:13",
  "message":"MyCompany\\MyPluginName\\Setup::handleRouteAfter( \\core\\base\\Event $event )",
  "level":4
}, 
{
  "time":"2018-05-06 01:20:33",
  "message":"MyCompany\\MyPluginName\\Setup::parseRouteBefore( \\core\\base\\Event $event )",
  "level":4
}, 
{
  "time":"2018-05-06 01:20:33",
  "message":"MyCompany\\MyPluginName\\Setup::parseRouteAfter( \\core\\base\\Event $event )",
  "level":4
}, 
{
  "time":"2018-05-06 01:20:33",
  "message":"MyCompany\\MyPluginName\\Setup::handleRouteBefore( \\core\\base\\Event $event )",
  "level":4
}, 
{
  "time":"2018-05-06 01:20:33",
  "message":"MyCompany\\MyPluginName\\Setup::handleRouteAfter( \\core\\base\\Event $event )",
  "level":4
}, 
{
  "time":"2018-05-06 01:20:33",
  "message":"MyCompany\\MyPluginName\\Setup::parseRouteBefore( \\core\\base\\Event $event )",
  "level":4
}, 
{
  "time":"2018-05-06 01:20:33",
  "message":"MyCompany\\MyPluginName\\Setup::parseRouteAfter( \\core\\base\\Event $event )",
  "level":4
}, 
{
  "time":"2018-05-06 01:20:33",
  "message":"MyCompany\\MyPluginName\\Setup::handleRouteBefore( \\core\\base\\Event $event )",
  "level":4
}, 
{
  "time":"2018-05-06 01:20:33",
  "message":"MyCompany\\MyPluginName\\Setup::handleRouteAfter( \\core\\base\\Event $event )",
  "level":4
}, 
{
  "time":"2018-05-06 01:20:41",
  "message":"MyCompany\\MyPluginName\\Setup::parseRouteBefore( \\core\\base\\Event $event )",
  "level":4
}, 
{
  "time":"2018-05-06 01:20:41",
  "message":"MyCompany\\MyPluginName\\Setup::parseRouteAfter( \\core\\base\\Event $event )",
  "level":4
}, 
{
  "time":"2018-05-06 01:20:41",
  "message":"MyCompany\\MyPluginName\\Setup::handleRouteBefore( \\core\\base\\Event $event )",
  "level":4
}, 
{
  "time":"2018-05-06 01:20:41",
  "message":"MyCompany\\MyPluginName\\Setup::handleRouteAfter( \\core\\base\\Event $event )",
  "level":4
}, 
{
  "time":"2018-05-06 01:20:41",
  "message":"MyCompany\\MyPluginName\\Setup::parseRouteBefore( \\core\\base\\Event $event )",
  "level":4
}, 
{
  "time":"2018-05-06 01:20:41",
  "message":"MyCompany\\MyPluginName\\Setup::parseRouteAfter( \\core\\base\\Event $event )",
  "level":4
}, 
{
  "time":"2018-05-06 01:20:41",
  "message":"MyCompany\\MyPluginName\\Setup::handleRouteBefore( \\core\\base\\Event $event )",
  "level":4
}, 
{
  "time":"2018-05-06 01:20:41",
  "message":"MyCompany\\MyPluginName\\Setup::handleRouteAfter( \\core\\base\\Event $event )",
  "level":4
}, 
{
  "time":"2018-05-06 01:20:49",
  "message":"MyCompany\\MyPluginName\\Setup::parseRouteBefore( \\core\\base\\Event $event )",
  "level":4
}, 
{
  "time":"2018-05-06 01:20:49",
  "message":"MyCompany\\MyPluginName\\Setup::parseRouteAfter( \\core\\base\\Event $event )",
  "level":4
}, 
{
  "time":"2018-05-06 01:20:49",
  "message":"MyCompany\\MyPluginName\\Setup::handleRouteBefore( \\core\\base\\Event $event )",
  "level":4
}, 
{
  "time":"2018-05-06 01:20:49",
  "message":"MyCompany\\MyPluginName\\Setup::handleRouteAfter( \\core\\base\\Event $event )",
  "level":4
}, 
{
  "time":"2018-05-06 01:20:50",
  "message":"MyCompany\\MyPluginName\\Setup::parseRouteBefore( \\core\\base\\Event $event )",
  "level":4
}, 
{
  "time":"2018-05-06 01:20:50",
  "message":"MyCompany\\MyPluginName\\Setup::parseRouteAfter( \\core\\base\\Event $event )",
  "level":4
}, 
{
  "time":"2018-05-06 01:20:50",
  "message":"MyCompany\\MyPluginName\\Setup::handleRouteBefore( \\core\\base\\Event $event )",
  "level":4
}, 
{
  "time":"2018-05-06 01:20:50",
  "message":"MyCompany\\MyPluginName\\Setup::handleRouteAfter( \\core\\base\\Event $event )",
  "level":4
}, 
{
  "time":"2018-05-06 01:21:08",
  "message":"MyCompany\\MyPluginName\\Setup::parseRouteBefore( \\core\\base\\Event $event )",
  "level":4
}, 
{
  "time":"2018-05-06 01:21:08",
  "message":"MyCompany\\MyPluginName\\Setup::parseRouteAfter( \\core\\base\\Event $event )",
  "level":4
}, 
{
  "time":"2018-05-06 01:21:08",
  "message":"MyCompany\\MyPluginName\\Setup::handleRouteBefore( \\core\\base\\Event $event )",
  "level":4
}, 
{
  "time":"2018-05-06 01:21:08",
  "message":"MyCompany\\MyPluginName\\Setup::handleRouteAfter( \\core\\base\\Event $event )",
  "level":4
}, 
{
  "time":"2018-05-06 01:21:08",
  "message":"MyCompany\\MyPluginName\\Setup::parseRouteBefore( \\core\\base\\Event $event )",
  "level":4
}, 
{
  "time":"2018-05-06 01:21:08",
  "message":"MyCompany\\MyPluginName\\Setup::parseRouteAfter( \\core\\base\\Event $event )",
  "level":4
}, 
{
  "time":"2018-05-06 01:21:08",
  "message":"MyCompany\\MyPluginName\\Setup::handleRouteBefore( \\core\\base\\Event $event )",
  "level":4
}, 
{
  "time":"2018-05-06 01:21:08",
  "message":"MyCompany\\MyPluginName\\Setup::handleRouteAfter( \\core\\base\\Event $event )",
  "level":4
}, 
{
  "time":"2018-05-06 01:22:17",
  "message":"MyCompany\\MyPluginName\\Setup::parseRouteBefore( \\core\\base\\Event $event )",
  "level":4
}, 
{
  "time":"2018-05-06 01:22:17",
  "message":"MyCompany\\MyPluginName\\Setup::parseRouteAfter( \\core\\base\\Event $event )",
  "level":4
}, 
{
  "time":"2018-05-06 01:22:17",
  "message":"MyCompany\\MyPluginName\\Setup::handleRouteBefore( \\core\\base\\Event $event )",
  "level":4
}, 
{
  "time":"2018-05-06 01:22:17",
  "message":"MyCompany\\MyPluginName\\Setup::handleRouteAfter( \\core\\base\\Event $event )",
  "level":4
}, 
{
  "time":"2018-05-06 01:22:17",
  "message":"MyCompany\\MyPluginName\\Setup::parseRouteBefore( \\core\\base\\Event $event )",
  "level":4
}, 
{
  "time":"2018-05-06 01:22:17",
  "message":"MyCompany\\MyPluginName\\Setup::parseRouteAfter( \\core\\base\\Event $event )",
  "level":4
}, 
{
  "time":"2018-05-06 01:22:17",
  "message":"MyCompany\\MyPluginName\\Setup::handleRouteBefore( \\core\\base\\Event $event )",
  "level":4
}, 
{
  "time":"2018-05-06 01:22:17",
  "message":"MyCompany\\MyPluginName\\Setup::handleRouteAfter( \\core\\base\\Event $event )",
  "level":4
}, 
{
  "time":"2018-05-06 01:22:37",
  "message":"MyCompany\\MyPluginName\\Setup::parseRouteBefore( \\core\\base\\Event $event )",
  "level":4
}, 
{
  "time":"2018-05-06 01:22:37",
  "message":"MyCompany\\MyPluginName\\Setup::parseRouteAfter( \\core\\base\\Event $event )",
  "level":4
}, 
{
  "time":"2018-05-06 01:22:37",
  "message":"MyCompany\\MyPluginName\\Setup::handleRouteBefore( \\core\\base\\Event $event )",
  "level":4
}, 
{
  "time":"2018-05-06 01:22:37",
  "message":"MyCompany\\MyPluginName\\Setup::handleRouteAfter( \\core\\base\\Event $event )",
  "level":4
}, 
{
  "time":"2018-05-06 01:22:37",
  "message":"MyCompany\\MyPluginName\\Setup::parseRouteBefore( \\core\\base\\Event $event )",
  "level":4
}, 
{
  "time":"2018-05-06 01:22:37",
  "message":"MyCompany\\MyPluginName\\Setup::parseRouteAfter( \\core\\base\\Event $event )",
  "level":4
}, 
{
  "time":"2018-05-06 01:22:37",
  "message":"MyCompany\\MyPluginName\\Setup::handleRouteBefore( \\core\\base\\Event $event )",
  "level":4
}, 
{
  "time":"2018-05-06 01:22:37",
  "message":"MyCompany\\MyPluginName\\Setup::handleRouteAfter( \\core\\base\\Event $event )",
  "level":4
}, 
{
  "time":"2018-05-06 01:22:44",
  "message":"MyCompany\\MyPluginName\\Setup::parseRouteBefore( \\core\\base\\Event $event )",
  "level":4
}, 
{
  "time":"2018-05-06 01:22:44",
  "message":"MyCompany\\MyPluginName\\Setup::parseRouteAfter( \\core\\base\\Event $event )",
  "level":4
}, 
{
  "time":"2018-05-06 01:22:44",
  "message":"MyCompany\\MyPluginName\\Setup::handleRouteBefore( \\core\\base\\Event $event )",
  "level":4
}, 
{
  "time":"2018-05-06 01:22:44",
  "message":"MyCompany\\MyPluginName\\Setup::handleRouteAfter( \\core\\base\\Event $event )",
  "level":4
}, 
{
  "time":"2018-05-06 01:22:44",
  "message":"MyCompany\\MyPluginName\\Setup::parseRouteBefore( \\core\\base\\Event $event )",
  "level":4
}, 
{
  "time":"2018-05-06 01:22:44",
  "message":"MyCompany\\MyPluginName\\Setup::parseRouteAfter( \\core\\base\\Event $event )",
  "level":4
}, 
{
  "time":"2018-05-06 01:22:44",
  "message":"MyCompany\\MyPluginName\\Setup::handleRouteBefore( \\core\\base\\Event $event )",
  "level":4
}, 
{
  "time":"2018-05-06 01:22:44",
  "message":"MyCompany\\MyPluginName\\Setup::handleRouteAfter( \\core\\base\\Event $event )",
  "level":4
}, 
{
  "time":"2018-05-06 01:22:48",
  "message":"MyCompany\\MyPluginName\\Setup::parseRouteBefore( \\core\\base\\Event $event )",
  "level":4
}, 
{
  "time":"2018-05-06 01:22:48",
  "message":"MyCompany\\MyPluginName\\Setup::parseRouteAfter( \\core\\base\\Event $event )",
  "level":4
}, 
{
  "time":"2018-05-06 01:22:48",
  "message":"MyCompany\\MyPluginName\\Setup::handleRouteBefore( \\core\\base\\Event $event )",
  "level":4
}, 
{
  "time":"2018-05-06 01:22:48",
  "message":"MyCompany\\MyPluginName\\Setup::handleRouteAfter( \\core\\base\\Event $event )",
  "level":4
}, 
{
  "time":"2018-05-06 01:22:49",
  "message":"MyCompany\\MyPluginName\\Setup::parseRouteBefore( \\core\\base\\Event $event )",
  "level":4
}, 
{
  "time":"2018-05-06 01:22:49",
  "message":"MyCompany\\MyPluginName\\Setup::parseRouteAfter( \\core\\base\\Event $event )",
  "level":4
}, 
{
  "time":"2018-05-06 01:22:49",
  "message":"MyCompany\\MyPluginName\\Setup::handleRouteBefore( \\core\\base\\Event $event )",
  "level":4
}, 
{
  "time":"2018-05-06 01:22:49",
  "message":"MyCompany\\MyPluginName\\Setup::handleRouteAfter( \\core\\base\\Event $event )",
  "level":4
}, 
{
  "time":"2018-05-06 01:23:13",
  "message":"MyCompany\\MyPluginName\\Setup::parseRouteBefore( \\core\\base\\Event $event )",
  "level":4
}, 
{
  "time":"2018-05-06 01:23:13",
  "message":"MyCompany\\MyPluginName\\Setup::parseRouteAfter( \\core\\base\\Event $event )",
  "level":4
}, 
{
  "time":"2018-05-06 01:23:13",
  "message":"MyCompany\\MyPluginName\\Setup::handleRouteBefore( \\core\\base\\Event $event )",
  "level":4
}, 
{
  "time":"2018-05-06 01:23:13",
  "message":"MyCompany\\MyPluginName\\Setup::handleRouteAfter( \\core\\base\\Event $event )",
  "level":4
}, 
{
  "time":"2018-05-06 01:23:13",
  "message":"MyCompany\\MyPluginName\\Setup::parseRouteBefore( \\core\\base\\Event $event )",
  "level":4
}, 
{
  "time":"2018-05-06 01:23:13",
  "message":"MyCompany\\MyPluginName\\Setup::parseRouteAfter( \\core\\base\\Event $event )",
  "level":4
}, 
{
  "time":"2018-05-06 01:23:13",
  "message":"MyCompany\\MyPluginName\\Setup::handleRouteBefore( \\core\\base\\Event $event )",
  "level":4
}, 
{
  "time":"2018-05-06 01:23:13",
  "message":"MyCompany\\MyPluginName\\Setup::handleRouteAfter( \\core\\base\\Event $event )",
  "level":4
}, 
{
  "time":"2018-05-06 01:23:42",
  "message":"MyCompany\\MyPluginName\\Setup::parseRouteBefore( \\core\\base\\Event $event )",
  "level":4
}, 
{
  "time":"2018-05-06 01:23:42",
  "message":"MyCompany\\MyPluginName\\Setup::parseRouteAfter( \\core\\base\\Event $event )",
  "level":4
}, 
{
  "time":"2018-05-06 01:23:42",
  "message":"MyCompany\\MyPluginName\\Setup::handleRouteBefore( \\core\\base\\Event $event )",
  "level":4
}, 
{
  "time":"2018-05-06 01:23:42",
  "message":"MyCompany\\MyPluginName\\Setup::handleRouteAfter( \\core\\base\\Event $event )",
  "level":4
}, 
{
  "time":"2018-05-06 01:23:42",
  "message":"MyCompany\\MyPluginName\\Setup::parseRouteBefore( \\core\\base\\Event $event )",
  "level":4
}, 
{
  "time":"2018-05-06 01:23:42",
  "message":"MyCompany\\MyPluginName\\Setup::parseRouteAfter( \\core\\base\\Event $event )",
  "level":4
}, 
{
  "time":"2018-05-06 01:23:42",
  "message":"MyCompany\\MyPluginName\\Setup::handleRouteBefore( \\core\\base\\Event $event )",
  "level":4
}, 
{
  "time":"2018-05-06 01:23:42",
  "message":"MyCompany\\MyPluginName\\Setup::handleRouteAfter( \\core\\base\\Event $event )",
  "level":4
}, 
{
  "time":"2018-05-06 01:23:47",
  "message":"MyCompany\\MyPluginName\\Setup::parseRouteBefore( \\core\\base\\Event $event )",
  "level":4
}, 
{
  "time":"2018-05-06 01:23:47",
  "message":"MyCompany\\MyPluginName\\Setup::parseRouteAfter( \\core\\base\\Event $event )",
  "level":4
}, 
{
  "time":"2018-05-06 01:23:47",
  "message":"MyCompany\\MyPluginName\\Setup::handleRouteBefore( \\core\\base\\Event $event )",
  "level":4
}, 
{
  "time":"2018-05-06 01:23:47",
  "message":"MyCompany\\MyPluginName\\Setup::handleRouteAfter( \\core\\base\\Event $event )",
  "level":4
}, 
{
  "time":"2018-05-06 01:23:47",
  "message":"MyCompany\\MyPluginName\\Setup::parseRouteBefore( \\core\\base\\Event $event )",
  "level":4
}, 
{
  "time":"2018-05-06 01:23:47",
  "message":"MyCompany\\MyPluginName\\Setup::parseRouteAfter( \\core\\base\\Event $event )",
  "level":4
}, 
{
  "time":"2018-05-06 01:23:47",
  "message":"MyCompany\\MyPluginName\\Setup::handleRouteBefore( \\core\\base\\Event $event )",
  "level":4
}, 
{
  "time":"2018-05-06 01:23:47",
  "message":"MyCompany\\MyPluginName\\Setup::handleRouteAfter( \\core\\base\\Event $event )",
  "level":4
}, 
{
  "time":"2018-05-06 01:25:16",
  "message":"MyCompany\\MyPluginName\\Setup::parseRouteBefore( \\core\\base\\Event $event )",
  "level":4
}, 
{
  "time":"2018-05-06 01:25:16",
  "message":"MyCompany\\MyPluginName\\Setup::parseRouteAfter( \\core\\base\\Event $event )",
  "level":4
}, 
{
  "time":"2018-05-06 01:25:16",
  "message":"MyCompany\\MyPluginName\\Setup::handleRouteBefore( \\core\\base\\Event $event )",
  "level":4
}, 
{
  "time":"2018-05-06 01:25:16",
  "message":"MyCompany\\MyPluginName\\Setup::handleRouteAfter( \\core\\base\\Event $event )",
  "level":4
}, 
{
  "time":"2018-05-06 01:25:16",
  "message":"MyCompany\\MyPluginName\\Setup::parseRouteBefore( \\core\\base\\Event $event )",
  "level":4
}, 
{
  "time":"2018-05-06 01:25:16",
  "message":"MyCompany\\MyPluginName\\Setup::parseRouteAfter( \\core\\base\\Event $event )",
  "level":4
}, 
{
  "time":"2018-05-06 01:25:16",
  "message":"MyCompany\\MyPluginName\\Setup::handleRouteBefore( \\core\\base\\Event $event )",
  "level":4
}, 
{
  "time":"2018-05-06 01:25:16",
  "message":"MyCompany\\MyPluginName\\Setup::handleRouteAfter( \\core\\base\\Event $event )",
  "level":4
}, 
{
  "time":"2018-05-06 01:25:27",
  "message":"MyCompany\\MyPluginName\\Setup::parseRouteBefore( \\core\\base\\Event $event )",
  "level":4
}, 
{
  "time":"2018-05-06 01:25:27",
  "message":"MyCompany\\MyPluginName\\Setup::parseRouteAfter( \\core\\base\\Event $event )",
  "level":4
}, 
{
  "time":"2018-05-06 01:25:27",
  "message":"MyCompany\\MyPluginName\\Setup::handleRouteBefore( \\core\\base\\Event $event )",
  "level":4
}, 
{
  "time":"2018-05-06 01:25:27",
  "message":"MyCompany\\MyPluginName\\Setup::handleRouteAfter( \\core\\base\\Event $event )",
  "level":4
}, 
{
  "time":"2018-05-06 01:25:27",
  "message":"MyCompany\\MyPluginName\\Setup::parseRouteBefore( \\core\\base\\Event $event )",
  "level":4
}, 
{
  "time":"2018-05-06 01:25:27",
  "message":"MyCompany\\MyPluginName\\Setup::parseRouteAfter( \\core\\base\\Event $event )",
  "level":4
}, 
{
  "time":"2018-05-06 01:25:27",
  "message":"MyCompany\\MyPluginName\\Setup::handleRouteBefore( \\core\\base\\Event $event )",
  "level":4
}, 
{
  "time":"2018-05-06 01:25:27",
  "message":"MyCompany\\MyPluginName\\Setup::handleRouteAfter( \\core\\base\\Event $event )",
  "level":4
}, 
{
  "time":"2018-05-06 01:26:54",
  "message":"MyCompany\\MyPluginName\\Setup::parseRouteBefore( \\core\\base\\Event $event )",
  "level":4
}, 
{
  "time":"2018-05-06 01:26:54",
  "message":"MyCompany\\MyPluginName\\Setup::parseRouteAfter( \\core\\base\\Event $event )",
  "level":4
}, 
{
  "time":"2018-05-06 01:26:54",
  "message":"MyCompany\\MyPluginName\\Setup::handleRouteBefore( \\core\\base\\Event $event )",
  "level":4
}, 
{
  "time":"2018-05-06 01:26:54",
  "message":"MyCompany\\MyPluginName\\Setup::handleRouteAfter( \\core\\base\\Event $event )",
  "level":4
}, 
{
  "time":"2018-05-06 01:26:54",
  "message":"MyCompany\\MyPluginName\\Setup::parseRouteBefore( \\core\\base\\Event $event )",
  "level":4
}, 
{
  "time":"2018-05-06 01:26:54",
  "message":"MyCompany\\MyPluginName\\Setup::parseRouteAfter( \\core\\base\\Event $event )",
  "level":4
}, 
{
  "time":"2018-05-06 01:26:54",
  "message":"MyCompany\\MyPluginName\\Setup::handleRouteBefore( \\core\\base\\Event $event )",
  "level":4
}, 
{
  "time":"2018-05-06 01:26:54",
  "message":"MyCompany\\MyPluginName\\Setup::handleRouteAfter( \\core\\base\\Event $event )",
  "level":4
}, 
{
  "time":"2018-05-06 01:27:11",
  "message":"MyCompany\\MyPluginName\\Setup::parseRouteBefore( \\core\\base\\Event $event )",
  "level":4
}, 
{
  "time":"2018-05-06 01:27:11",
  "message":"MyCompany\\MyPluginName\\Setup::parseRouteAfter( \\core\\base\\Event $event )",
  "level":4
}, 
{
  "time":"2018-05-06 01:27:11",
  "message":"MyCompany\\MyPluginName\\Setup::handleRouteBefore( \\core\\base\\Event $event )",
  "level":4
}, 
{
  "time":"2018-05-06 01:27:11",
  "message":"MyCompany\\MyPluginName\\Setup::handleRouteAfter( \\core\\base\\Event $event )",
  "level":4
}, 
{
  "time":"2018-05-06 01:27:11",
  "message":"MyCompany\\MyPluginName\\Setup::parseRouteBefore( \\core\\base\\Event $event )",
  "level":4
}, 
{
  "time":"2018-05-06 01:27:11",
  "message":"MyCompany\\MyPluginName\\Setup::parseRouteAfter( \\core\\base\\Event $event )",
  "level":4
}, 
{
  "time":"2018-05-06 01:27:11",
  "message":"MyCompany\\MyPluginName\\Setup::handleRouteBefore( \\core\\base\\Event $event )",
  "level":4
}, 
{
  "time":"2018-05-06 01:27:11",
  "message":"MyCompany\\MyPluginName\\Setup::handleRouteAfter( \\core\\base\\Event $event )",
  "level":4
}, 
{
  "time":"2018-05-06 01:27:23",
  "message":"MyCompany\\MyPluginName\\Setup::parseRouteBefore( \\core\\base\\Event $event )",
  "level":4
}, 
{
  "time":"2018-05-06 01:27:23",
  "message":"MyCompany\\MyPluginName\\Setup::parseRouteAfter( \\core\\base\\Event $event )",
  "level":4
}, 
{
  "time":"2018-05-06 01:27:23",
  "message":"MyCompany\\MyPluginName\\Setup::handleRouteBefore( \\core\\base\\Event $event )",
  "level":4
}, 
{
  "time":"2018-05-06 01:27:23",
  "message":"MyCompany\\MyPluginName\\Setup::handleRouteAfter( \\core\\base\\Event $event )",
  "level":4
}, 
{
  "time":"2018-05-06 01:27:23",
  "message":"MyCompany\\MyPluginName\\Setup::parseRouteBefore( \\core\\base\\Event $event )",
  "level":4
}, 
{
  "time":"2018-05-06 01:27:23",
  "message":"MyCompany\\MyPluginName\\Setup::parseRouteAfter( \\core\\base\\Event $event )",
  "level":4
}, 
{
  "time":"2018-05-06 01:27:23",
  "message":"MyCompany\\MyPluginName\\Setup::handleRouteBefore( \\core\\base\\Event $event )",
  "level":4
}, 
{
  "time":"2018-05-06 01:27:23",
  "message":"MyCompany\\MyPluginName\\Setup::handleRouteAfter( \\core\\base\\Event $event )",
  "level":4
}, 
{
  "time":"2018-05-06 01:27:25",
  "message":"MyCompany\\MyPluginName\\Setup::parseRouteBefore( \\core\\base\\Event $event )",
  "level":4
}, 
{
  "time":"2018-05-06 01:27:25",
  "message":"MyCompany\\MyPluginName\\Setup::parseRouteAfter( \\core\\base\\Event $event )",
  "level":4
}, 
{
  "time":"2018-05-06 01:27:25",
  "message":"MyCompany\\MyPluginName\\Setup::handleRouteBefore( \\core\\base\\Event $event )",
  "level":4
}, 
{
  "time":"2018-05-06 01:27:25",
  "message":"MyCompany\\MyPluginName\\Setup::handleRouteAfter( \\core\\base\\Event $event )",
  "level":4
}, 
{
  "time":"2018-05-06 01:27:25",
  "message":"MyCompany\\MyPluginName\\Setup::parseRouteBefore( \\core\\base\\Event $event )",
  "level":4
}, 
{
  "time":"2018-05-06 01:27:25",
  "message":"MyCompany\\MyPluginName\\Setup::parseRouteAfter( \\core\\base\\Event $event )",
  "level":4
}, 
{
  "time":"2018-05-06 01:27:25",
  "message":"MyCompany\\MyPluginName\\Setup::handleRouteBefore( \\core\\base\\Event $event )",
  "level":4
}, 
{
  "time":"2018-05-06 01:27:25",
  "message":"MyCompany\\MyPluginName\\Setup::handleRouteAfter( \\core\\base\\Event $event )",
  "level":4
}, 
{
  "time":"2018-05-06 01:28:34",
  "message":"MyCompany\\MyPluginName\\Setup::parseRouteBefore( \\core\\base\\Event $event )",
  "level":4
}, 
{
  "time":"2018-05-06 01:28:34",
  "message":"MyCompany\\MyPluginName\\Setup::parseRouteAfter( \\core\\base\\Event $event )",
  "level":4
}, 
{
  "time":"2018-05-06 01:28:34",
  "message":"MyCompany\\MyPluginName\\Setup::handleRouteBefore( \\core\\base\\Event $event )",
  "level":4
}, 
{
  "time":"2018-05-06 01:28:34",
  "message":"MyCompany\\MyPluginName\\Setup::handleRouteAfter( \\core\\base\\Event $event )",
  "level":4
}, 
{
  "time":"2018-05-06 01:29:12",
  "message":"MyCompany\\MyPluginName\\Setup::parseRouteBefore( \\core\\base\\Event $event )",
  "level":4
}, 
{
  "time":"2018-05-06 01:29:12",
  "message":"MyCompany\\MyPluginName\\Setup::parseRouteAfter( \\core\\base\\Event $event )",
  "level":4
}, 
{
  "time":"2018-05-06 01:29:12",
  "message":"MyCompany\\MyPluginName\\Setup::handleRouteBefore( \\core\\base\\Event $event )",
  "level":4
}, 
{
  "time":"2018-05-06 01:29:12",
  "message":"MyCompany\\MyPluginName\\Setup::handleRouteAfter( \\core\\base\\Event $event )",
  "level":4
}, 
{
  "time":"2018-05-06 01:29:12",
  "message":"MyCompany\\MyPluginName\\Setup::parseRouteBefore( \\core\\base\\Event $event )",
  "level":4
}, 
{
  "time":"2018-05-06 01:29:12",
  "message":"MyCompany\\MyPluginName\\Setup::parseRouteAfter( \\core\\base\\Event $event )",
  "level":4
}, 
{
  "time":"2018-05-06 01:29:12",
  "message":"MyCompany\\MyPluginName\\Setup::handleRouteBefore( \\core\\base\\Event $event )",
  "level":4
}, 
{
  "time":"2018-05-06 01:29:12",
  "message":"MyCompany\\MyPluginName\\Setup::handleRouteAfter( \\core\\base\\Event $event )",
  "level":4
}, 
{
  "time":"2018-05-06 01:29:14",
  "message":"MyCompany\\MyPluginName\\Setup::parseRouteBefore( \\core\\base\\Event $event )",
  "level":4
}, 
{
  "time":"2018-05-06 01:29:14",
  "message":"MyCompany\\MyPluginName\\Setup::handleRouteBefore( \\core\\base\\Event $event )",
  "level":4
}, 
{
  "time":"2018-05-06 01:29:14",
  "message":"MyCompany\\MyPluginName\\Setup::handleRouteAfter( \\core\\base\\Event $event )",
  "level":4
}, 
{
  "time":"2018-05-06 01:29:14",
  "message":"MyCompany\\MyPluginName\\Setup::parseRouteBefore( \\core\\base\\Event $event )",
  "level":4
}, 
{
  "time":"2018-05-06 01:29:14",
  "message":"MyCompany\\MyPluginName\\Setup::parseRouteAfter( \\core\\base\\Event $event )",
  "level":4
}, 
{
  "time":"2018-05-06 01:29:14",
  "message":"MyCompany\\MyPluginName\\Setup::handleRouteBefore( \\core\\base\\Event $event )",
  "level":4
}, 
{
  "time":"2018-05-06 01:29:14",
  "message":"MyCompany\\MyPluginName\\Setup::handleRouteAfter( \\core\\base\\Event $event )",
  "level":4
}, 
{
  "time":"2018-05-06 01:29:16",
  "message":"MyCompany\\MyPluginName\\Setup::parseRouteBefore( \\core\\base\\Event $event )",
  "level":4
}, 
{
  "time":"2018-05-06 01:29:16",
  "message":"MyCompany\\MyPluginName\\Setup::parseRouteAfter( \\core\\base\\Event $event )",
  "level":4
}, 
{
  "time":"2018-05-06 01:29:16",
  "message":"MyCompany\\MyPluginName\\Setup::handleRouteBefore( \\core\\base\\Event $event )",
  "level":4
}, 
{
  "time":"2018-05-06 01:29:16",
  "message":"MyCompany\\MyPluginName\\Setup::handleRouteAfter( \\core\\base\\Event $event )",
  "level":4
}, 
{
  "time":"2018-05-06 01:30:25",
  "message":"MyCompany\\MyPluginName\\Setup::parseRouteBefore( \\core\\base\\Event $event )",
  "level":4
}, 
{
  "time":"2018-05-06 01:30:25",
  "message":"MyCompany\\MyPluginName\\Setup::parseRouteAfter( \\core\\base\\Event $event )",
  "level":4
}, 
{
  "time":"2018-05-06 01:30:25",
  "message":"MyCompany\\MyPluginName\\Setup::handleRouteBefore( \\core\\base\\Event $event )",
  "level":4
}, 
{
  "time":"2018-05-06 01:30:25",
  "message":"MyCompany\\MyPluginName\\Setup::handleRouteAfter( \\core\\base\\Event $event )",
  "level":4
}, 
{
  "time":"2018-05-06 01:30:25",
  "message":"MyCompany\\MyPluginName\\Setup::parseRouteBefore( \\core\\base\\Event $event )",
  "level":4
}, 
{
  "time":"2018-05-06 01:30:25",
  "message":"MyCompany\\MyPluginName\\Setup::parseRouteAfter( \\core\\base\\Event $event )",
  "level":4
}, 
{
  "time":"2018-05-06 01:30:25",
  "message":"MyCompany\\MyPluginName\\Setup::handleRouteBefore( \\core\\base\\Event $event )",
  "level":4
}, 
{
  "time":"2018-05-06 01:30:25",
  "message":"MyCompany\\MyPluginName\\Setup::handleRouteAfter( \\core\\base\\Event $event )",
  "level":4
}, 
{
  "time":"2018-05-06 01:30:27",
  "message":"MyCompany\\MyPluginName\\Setup::parseRouteBefore( \\core\\base\\Event $event )",
  "level":4
}, 
{
  "time":"2018-05-06 01:30:27",
  "message":"MyCompany\\MyPluginName\\Setup::handleRouteBefore( \\core\\base\\Event $event )",
  "level":4
}, 
{
  "time":"2018-05-06 01:30:27",
  "message":"MyCompany\\MyPluginName\\Setup::handleRouteAfter( \\core\\base\\Event $event )",
  "level":4
}, 
{
  "time":"2018-05-06 01:30:27",
  "message":"MyCompany\\MyPluginName\\Setup::parseRouteBefore( \\core\\base\\Event $event )",
  "level":4
}, 
{
  "time":"2018-05-06 01:30:27",
  "message":"MyCompany\\MyPluginName\\Setup::parseRouteAfter( \\core\\base\\Event $event )",
  "level":4
}, 
{
  "time":"2018-05-06 01:30:27",
  "message":"MyCompany\\MyPluginName\\Setup::handleRouteBefore( \\core\\base\\Event $event )",
  "level":4
}, 
{
  "time":"2018-05-06 01:30:27",
  "message":"MyCompany\\MyPluginName\\Setup::handleRouteAfter( \\core\\base\\Event $event )",
  "level":4
}, 
{
  "time":"2018-05-06 01:30:31",
  "message":"MyCompany\\MyPluginName\\Setup::parseRouteBefore( \\core\\base\\Event $event )",
  "level":4
}, 
{
  "time":"2018-05-06 01:30:31",
  "message":"MyCompany\\MyPluginName\\Setup::handleRouteBefore( \\core\\base\\Event $event )",
  "level":4
}, 
{
  "time":"2018-05-06 01:30:31",
  "message":"MyCompany\\MyPluginName\\Setup::handleRouteAfter( \\core\\base\\Event $event )",
  "level":4
}, 
{
  "time":"2018-05-06 01:30:31",
  "message":"MyCompany\\MyPluginName\\Setup::parseRouteBefore( \\core\\base\\Event $event )",
  "level":4
}, 
