{
  "time":"2018-05-06 08:30:55",
  "message":"MyCompany\\MyPluginName\\Setup::handleRouteBefore( \\core\\base\\Event $event )",
  "level":4
}, 
{
  "time":"2018-05-06 08:30:55",
  "message":"MyCompany\\MyPluginName\\Setup::handleRouteAfter( \\core\\base\\Event $event )",
  "level":4
}, 
{
  "time":"2018-05-06 08:31:13",
  "message":"MyCompany\\MyPluginName\\Setup::parseRouteBefore( \\core\\base\\Event $event )",
  "level":4
}, 
{
  "time":"2018-05-06 08:31:13",
  "message":"MyCompany\\MyPluginName\\Setup::handleRouteBefore( \\core\\base\\Event $event )",
  "level":4
}, 
{
  "time":"2018-05-06 08:31:13",
  "message":"MyCompany\\MyPluginName\\Setup::handleRouteAfter( \\core\\base\\Event $event )",
  "level":4
}, 
{
  "time":"2018-05-06 08:31:13",
  "message":"MyCompany\\MyPluginName\\Setup::parseRouteBefore( \\core\\base\\Event $event )",
  "level":4
}, 
{
  "time":"2018-05-06 08:31:13",
  "message":"MyCompany\\MyPluginName\\Setup::parseRouteAfter( \\core\\base\\Event $event )",
  "level":4
}, 
{
  "time":"2018-05-06 08:31:13",
  "message":"MyCompany\\MyPluginName\\Setup::handleRouteBefore( \\core\\base\\Event $event )",
  "level":4
}, 
{
  "time":"2018-05-06 08:31:13",
  "message":"MyCompany\\MyPluginName\\Setup::handleRouteAfter( \\core\\base\\Event $event )",
  "level":4
}, 
{
  "time":"2018-05-06 08:31:17",
  "message":"MyCompany\\MyPluginName\\Setup::parseRouteBefore( \\core\\base\\Event $event )",
  "level":4
}, 
{
  "time":"2018-05-06 08:31:17",
  "message":"MyCompany\\MyPluginName\\Setup::handleRouteBefore( \\core\\base\\Event $event )",
  "level":4
}, 
{
  "time":"2018-05-06 08:31:17",
  "message":"MyCompany\\MyPluginName\\Setup::handleRouteAfter( \\core\\base\\Event $event )",
  "level":4
}, 
{
  "time":"2018-05-06 08:31:17",
  "message":"MyCompany\\MyPluginName\\Setup::parseRouteBefore( \\core\\base\\Event $event )",
  "level":4
}, 
{
  "time":"2018-05-06 08:31:17",
  "message":"MyCompany\\MyPluginName\\Setup::parseRouteAfter( \\core\\base\\Event $event )",
  "level":4
}, 
{
  "time":"2018-05-06 08:31:17",
  "message":"MyCompany\\MyPluginName\\Setup::handleRouteBefore( \\core\\base\\Event $event )",
  "level":4
}, 
{
  "time":"2018-05-06 08:31:17",
  "message":"MyCompany\\MyPluginName\\Setup::handleRouteAfter( \\core\\base\\Event $event )",
  "level":4
}, 
{
  "time":"2018-05-06 08:31:37",
  "message":"MyCompany\\MyPluginName\\Setup::parseRouteBefore( \\core\\base\\Event $event )",
  "level":4
}, 
{
  "time":"2018-05-06 08:31:37",
  "message":"MyCompany\\MyPluginName\\Setup::handleRouteBefore( \\core\\base\\Event $event )",
  "level":4
}, 
{
  "time":"2018-05-06 08:31:37",
  "message":"MyCompany\\MyPluginName\\Setup::handleRouteAfter( \\core\\base\\Event $event )",
  "level":4
}, 
{
  "time":"2018-05-06 08:31:38",
  "message":"MyCompany\\MyPluginName\\Setup::parseRouteBefore( \\core\\base\\Event $event )",
  "level":4
}, 
{
  "time":"2018-05-06 08:31:38",
  "message":"MyCompany\\MyPluginName\\Setup::parseRouteAfter( \\core\\base\\Event $event )",
  "level":4
}, 
{
  "time":"2018-05-06 08:31:38",
  "message":"MyCompany\\MyPluginName\\Setup::handleRouteBefore( \\core\\base\\Event $event )",
  "level":4
}, 
{
  "time":"2018-05-06 08:31:38",
  "message":"MyCompany\\MyPluginName\\Setup::handleRouteAfter( \\core\\base\\Event $event )",
  "level":4
}, 
{
  "time":"2018-05-06 08:31:43",
  "message":"MyCompany\\MyPluginName\\Setup::parseRouteBefore( \\core\\base\\Event $event )",
  "level":4
}, 
{
  "time":"2018-05-06 08:31:43",
  "message":"MyCompany\\MyPluginName\\Setup::handleRouteBefore( \\core\\base\\Event $event )",
  "level":4
}, 
{
  "time":"2018-05-06 08:31:43",
  "message":"MyCompany\\MyPluginName\\Setup::handleRouteAfter( \\core\\base\\Event $event )",
  "level":4
}, 
{
  "time":"2018-05-06 08:31:43",
  "message":"MyCompany\\MyPluginName\\Setup::parseRouteBefore( \\core\\base\\Event $event )",
  "level":4
}, 
{
  "time":"2018-05-06 08:31:43",
  "message":"MyCompany\\MyPluginName\\Setup::parseRouteAfter( \\core\\base\\Event $event )",
  "level":4
}, 
{
  "time":"2018-05-06 08:31:43",
  "message":"MyCompany\\MyPluginName\\Setup::handleRouteBefore( \\core\\base\\Event $event )",
  "level":4
}, 
{
  "time":"2018-05-06 08:31:43",
  "message":"MyCompany\\MyPluginName\\Setup::handleRouteAfter( \\core\\base\\Event $event )",
  "level":4
}, 
{
  "time":"2018-05-06 08:31:49",
  "message":"MyCompany\\MyPluginName\\Setup::parseRouteBefore( \\core\\base\\Event $event )",
  "level":4
}, 
{
  "time":"2018-05-06 08:31:49",
  "message":"MyCompany\\MyPluginName\\Setup::handleRouteBefore( \\core\\base\\Event $event )",
  "level":4
}, 
{
  "time":"2018-05-06 08:31:49",
  "message":"MyCompany\\MyPluginName\\Setup::handleRouteAfter( \\core\\base\\Event $event )",
  "level":4
}, 
{
  "time":"2018-05-06 08:31:49",
  "message":"MyCompany\\MyPluginName\\Setup::parseRouteBefore( \\core\\base\\Event $event )",
  "level":4
}, 
{
  "time":"2018-05-06 08:31:49",
  "message":"MyCompany\\MyPluginName\\Setup::parseRouteAfter( \\core\\base\\Event $event )",
  "level":4
}, 
{
  "time":"2018-05-06 08:31:49",
  "message":"MyCompany\\MyPluginName\\Setup::handleRouteBefore( \\core\\base\\Event $event )",
  "level":4
}, 
{
  "time":"2018-05-06 08:31:49",
  "message":"MyCompany\\MyPluginName\\Setup::handleRouteAfter( \\core\\base\\Event $event )",
  "level":4
}, 
{
  "time":"2018-05-06 08:32:07",
  "message":"MyCompany\\MyPluginName\\Setup::parseRouteBefore( \\core\\base\\Event $event )",
  "level":4
}, 
{
  "time":"2018-05-06 08:32:07",
  "message":"MyCompany\\MyPluginName\\Setup::handleRouteBefore( \\core\\base\\Event $event )",
  "level":4
}, 
{
  "time":"2018-05-06 08:32:07",
  "message":"MyCompany\\MyPluginName\\Setup::handleRouteAfter( \\core\\base\\Event $event )",
  "level":4
}, 
{
  "time":"2018-05-06 08:32:07",
  "message":"MyCompany\\MyPluginName\\Setup::parseRouteBefore( \\core\\base\\Event $event )",
  "level":4
}, 
{
  "time":"2018-05-06 08:32:07",
  "message":"MyCompany\\MyPluginName\\Setup::parseRouteAfter( \\core\\base\\Event $event )",
  "level":4
}, 
{
  "time":"2018-05-06 08:32:07",
  "message":"MyCompany\\MyPluginName\\Setup::handleRouteBefore( \\core\\base\\Event $event )",
  "level":4
}, 
{
  "time":"2018-05-06 08:32:07",
  "message":"MyCompany\\MyPluginName\\Setup::handleRouteAfter( \\core\\base\\Event $event )",
  "level":4
}, 
{
  "time":"2018-05-06 08:32:09",
  "message":"MyCompany\\MyPluginName\\Setup::parseRouteBefore( \\core\\base\\Event $event )",
  "level":4
}, 
{
  "time":"2018-05-06 08:32:09",
  "message":"MyCompany\\MyPluginName\\Setup::handleRouteBefore( \\core\\base\\Event $event )",
  "level":4
}, 
{
  "time":"2018-05-06 08:32:09",
  "message":"MyCompany\\MyPluginName\\Setup::handleRouteAfter( \\core\\base\\Event $event )",
  "level":4
}, 
{
  "time":"2018-05-06 08:32:09",
  "message":"MyCompany\\MyPluginName\\Setup::parseRouteBefore( \\core\\base\\Event $event )",
  "level":4
}, 
{
  "time":"2018-05-06 08:32:09",
  "message":"MyCompany\\MyPluginName\\Setup::parseRouteAfter( \\core\\base\\Event $event )",
  "level":4
}, 
{
  "time":"2018-05-06 08:32:09",
  "message":"MyCompany\\MyPluginName\\Setup::handleRouteBefore( \\core\\base\\Event $event )",
  "level":4
}, 
{
  "time":"2018-05-06 08:32:09",
  "message":"MyCompany\\MyPluginName\\Setup::handleRouteAfter( \\core\\base\\Event $event )",
  "level":4
}, 
{
  "time":"2018-05-06 08:32:10",
  "message":"MyCompany\\MyPluginName\\Setup::parseRouteBefore( \\core\\base\\Event $event )",
  "level":4
}, 
{
  "time":"2018-05-06 08:32:10",
  "message":"MyCompany\\MyPluginName\\Setup::handleRouteBefore( \\core\\base\\Event $event )",
  "level":4
}, 
{
  "time":"2018-05-06 08:32:10",
  "message":"MyCompany\\MyPluginName\\Setup::handleRouteAfter( \\core\\base\\Event $event )",
  "level":4
}, 
{
  "time":"2018-05-06 08:32:10",
  "message":"MyCompany\\MyPluginName\\Setup::parseRouteBefore( \\core\\base\\Event $event )",
  "level":4
}, 
{
  "time":"2018-05-06 08:32:10",
  "message":"MyCompany\\MyPluginName\\Setup::parseRouteAfter( \\core\\base\\Event $event )",
  "level":4
}, 
{
  "time":"2018-05-06 08:32:10",
  "message":"MyCompany\\MyPluginName\\Setup::handleRouteBefore( \\core\\base\\Event $event )",
  "level":4
}, 
{
  "time":"2018-05-06 08:32:10",
  "message":"MyCompany\\MyPluginName\\Setup::handleRouteAfter( \\core\\base\\Event $event )",
  "level":4
}, 
{
  "time":"2018-05-06 08:32:12",
  "message":"MyCompany\\MyPluginName\\Setup::parseRouteBefore( \\core\\base\\Event $event )",
  "level":4
}, 
{
  "time":"2018-05-06 08:32:12",
  "message":"MyCompany\\MyPluginName\\Setup::handleRouteBefore( \\core\\base\\Event $event )",
  "level":4
}, 
{
  "time":"2018-05-06 08:32:12",
  "message":"MyCompany\\MyPluginName\\Setup::handleRouteAfter( \\core\\base\\Event $event )",
  "level":4
}, 
{
  "time":"2018-05-06 08:32:12",
  "message":"MyCompany\\MyPluginName\\Setup::parseRouteBefore( \\core\\base\\Event $event )",
  "level":4
}, 
{
  "time":"2018-05-06 08:32:12",
  "message":"MyCompany\\MyPluginName\\Setup::parseRouteAfter( \\core\\base\\Event $event )",
  "level":4
}, 
{
  "time":"2018-05-06 08:32:12",
  "message":"MyCompany\\MyPluginName\\Setup::handleRouteBefore( \\core\\base\\Event $event )",
  "level":4
}, 
{
  "time":"2018-05-06 08:32:12",
  "message":"MyCompany\\MyPluginName\\Setup::handleRouteAfter( \\core\\base\\Event $event )",
  "level":4
}, 
{
  "time":"2018-05-06 08:32:14",
  "message":"MyCompany\\MyPluginName\\Setup::parseRouteBefore( \\core\\base\\Event $event )",
  "level":4
}, 
{
  "time":"2018-05-06 08:32:14",
  "message":"MyCompany\\MyPluginName\\Setup::handleRouteBefore( \\core\\base\\Event $event )",
  "level":4
}, 
{
  "time":"2018-05-06 08:32:14",
  "message":"MyCompany\\MyPluginName\\Setup::handleRouteAfter( \\core\\base\\Event $event )",
  "level":4
}, 
{
  "time":"2018-05-06 08:32:14",
  "message":"MyCompany\\MyPluginName\\Setup::parseRouteBefore( \\core\\base\\Event $event )",
  "level":4
}, 
{
  "time":"2018-05-06 08:32:14",
  "message":"MyCompany\\MyPluginName\\Setup::parseRouteAfter( \\core\\base\\Event $event )",
  "level":4
}, 
{
  "time":"2018-05-06 08:32:14",
  "message":"MyCompany\\MyPluginName\\Setup::handleRouteBefore( \\core\\base\\Event $event )",
  "level":4
}, 
{
  "time":"2018-05-06 08:32:14",
  "message":"MyCompany\\MyPluginName\\Setup::handleRouteAfter( \\core\\base\\Event $event )",
  "level":4
}, 
{
  "time":"2018-05-06 08:32:15",
  "message":"MyCompany\\MyPluginName\\Setup::parseRouteBefore( \\core\\base\\Event $event )",
  "level":4
}, 
{
  "time":"2018-05-06 08:32:15",
  "message":"MyCompany\\MyPluginName\\Setup::handleRouteBefore( \\core\\base\\Event $event )",
  "level":4
}, 
{
  "time":"2018-05-06 08:32:15",
  "message":"MyCompany\\MyPluginName\\Setup::handleRouteAfter( \\core\\base\\Event $event )",
  "level":4
}, 
{
  "time":"2018-05-06 08:32:15",
  "message":"MyCompany\\MyPluginName\\Setup::parseRouteBefore( \\core\\base\\Event $event )",
  "level":4
}, 
{
  "time":"2018-05-06 08:32:15",
  "message":"MyCompany\\MyPluginName\\Setup::parseRouteAfter( \\core\\base\\Event $event )",
  "level":4
}, 
{
  "time":"2018-05-06 08:32:15",
  "message":"MyCompany\\MyPluginName\\Setup::handleRouteBefore( \\core\\base\\Event $event )",
  "level":4
}, 
{
  "time":"2018-05-06 08:32:15",
  "message":"MyCompany\\MyPluginName\\Setup::handleRouteAfter( \\core\\base\\Event $event )",
  "level":4
}, 
{
  "time":"2018-05-06 08:32:33",
  "message":"MyCompany\\MyPluginName\\Setup::parseRouteBefore( \\core\\base\\Event $event )",
  "level":4
}, 
{
  "time":"2018-05-06 08:32:33",
  "message":"MyCompany\\MyPluginName\\Setup::handleRouteBefore( \\core\\base\\Event $event )",
  "level":4
}, 
{
  "time":"2018-05-06 08:32:33",
  "message":"MyCompany\\MyPluginName\\Setup::handleRouteAfter( \\core\\base\\Event $event )",
  "level":4
}, 
{
  "time":"2018-05-06 08:32:33",
  "message":"MyCompany\\MyPluginName\\Setup::parseRouteBefore( \\core\\base\\Event $event )",
  "level":4
}, 
{
  "time":"2018-05-06 08:32:33",
  "message":"MyCompany\\MyPluginName\\Setup::parseRouteAfter( \\core\\base\\Event $event )",
  "level":4
}, 
{
  "time":"2018-05-06 08:32:33",
  "message":"MyCompany\\MyPluginName\\Setup::handleRouteBefore( \\core\\base\\Event $event )",
  "level":4
}, 
{
  "time":"2018-05-06 08:32:33",
  "message":"MyCompany\\MyPluginName\\Setup::handleRouteAfter( \\core\\base\\Event $event )",
  "level":4
}, 
{
  "time":"2018-05-06 08:32:35",
  "message":"MyCompany\\MyPluginName\\Setup::parseRouteBefore( \\core\\base\\Event $event )",
  "level":4
}, 
{
  "time":"2018-05-06 08:32:35",
  "message":"MyCompany\\MyPluginName\\Setup::parseRouteAfter( \\core\\base\\Event $event )",
  "level":4
}, 
{
  "time":"2018-05-06 08:32:35",
  "message":"MyCompany\\MyPluginName\\Setup::handleRouteBefore( \\core\\base\\Event $event )",
  "level":4
}, 
{
  "time":"2018-05-06 08:32:35",
  "message":"MyCompany\\MyPluginName\\Setup::handleRouteAfter( \\core\\base\\Event $event )",
  "level":4
}, 
{
  "time":"2018-05-06 08:32:35",
  "message":"MyCompany\\MyPluginName\\Setup::parseRouteBefore( \\core\\base\\Event $event )",
  "level":4
}, 
{
  "time":"2018-05-06 08:32:35",
  "message":"MyCompany\\MyPluginName\\Setup::parseRouteAfter( \\core\\base\\Event $event )",
  "level":4
}, 
{
  "time":"2018-05-06 08:32:35",
  "message":"MyCompany\\MyPluginName\\Setup::handleRouteBefore( \\core\\base\\Event $event )",
  "level":4
}, 
{
  "time":"2018-05-06 08:32:35",
  "message":"MyCompany\\MyPluginName\\Setup::handleRouteAfter( \\core\\base\\Event $event )",
  "level":4
}, 
{
  "time":"2018-05-06 08:32:36",
  "message":"MyCompany\\MyPluginName\\Setup::parseRouteBefore( \\core\\base\\Event $event )",
  "level":4
}, 
{
  "time":"2018-05-06 08:32:36",
  "message":"MyCompany\\MyPluginName\\Setup::parseRouteAfter( \\core\\base\\Event $event )",
  "level":4
}, 
{
  "time":"2018-05-06 08:32:36",
  "message":"MyCompany\\MyPluginName\\Setup::handleRouteBefore( \\core\\base\\Event $event )",
  "level":4
}, 
{
  "time":"2018-05-06 08:32:36",
  "message":"MyCompany\\MyPluginName\\Setup::handleRouteAfter( \\core\\base\\Event $event )",
  "level":4
}, 
{
  "time":"2018-05-06 08:32:38",
  "message":"MyCompany\\MyPluginName\\Setup::parseRouteBefore( \\core\\base\\Event $event )",
  "level":4
}, 
{
  "time":"2018-05-06 08:32:38",
  "message":"MyCompany\\MyPluginName\\Setup::handleRouteBefore( \\core\\base\\Event $event )",
  "level":4
}, 
{
  "time":"2018-05-06 08:32:38",
  "message":"MyCompany\\MyPluginName\\Setup::handleRouteAfter( \\core\\base\\Event $event )",
  "level":4
}, 
{
  "time":"2018-05-06 08:32:38",
  "message":"MyCompany\\MyPluginName\\Setup::parseRouteBefore( \\core\\base\\Event $event )",
  "level":4
}, 
{
  "time":"2018-05-06 08:32:38",
  "message":"MyCompany\\MyPluginName\\Setup::parseRouteAfter( \\core\\base\\Event $event )",
  "level":4
}, 
{
  "time":"2018-05-06 08:32:38",
  "message":"MyCompany\\MyPluginName\\Setup::handleRouteBefore( \\core\\base\\Event $event )",
  "level":4
}, 
{
  "time":"2018-05-06 08:32:38",
  "message":"MyCompany\\MyPluginName\\Setup::handleRouteAfter( \\core\\base\\Event $event )",
  "level":4
}, 
{
  "time":"2018-05-06 08:32:42",
  "message":"MyCompany\\MyPluginName\\Setup::parseRouteBefore( \\core\\base\\Event $event )",
  "level":4
}, 
{
  "time":"2018-05-06 08:32:42",
  "message":"MyCompany\\MyPluginName\\Setup::handleRouteBefore( \\core\\base\\Event $event )",
  "level":4
}, 
{
  "time":"2018-05-06 08:32:42",
  "message":"MyCompany\\MyPluginName\\Setup::handleRouteAfter( \\core\\base\\Event $event )",
  "level":4
}, 
{
  "time":"2018-05-06 08:32:42",
  "message":"MyCompany\\MyPluginName\\Setup::parseRouteBefore( \\core\\base\\Event $event )",
  "level":4
}, 
{
  "time":"2018-05-06 08:32:42",
  "message":"MyCompany\\MyPluginName\\Setup::parseRouteAfter( \\core\\base\\Event $event )",
  "level":4
}, 
{
  "time":"2018-05-06 08:32:42",
  "message":"MyCompany\\MyPluginName\\Setup::handleRouteBefore( \\core\\base\\Event $event )",
  "level":4
}, 
{
  "time":"2018-05-06 08:32:42",
  "message":"MyCompany\\MyPluginName\\Setup::handleRouteAfter( \\core\\base\\Event $event )",
  "level":4
}, 
{
  "time":"2018-05-06 08:32:44",
  "message":"MyCompany\\MyPluginName\\Setup::parseRouteBefore( \\core\\base\\Event $event )",
  "level":4
}, 
{
  "time":"2018-05-06 08:32:44",
  "message":"MyCompany\\MyPluginName\\Setup::handleRouteBefore( \\core\\base\\Event $event )",
  "level":4
}, 
{
  "time":"2018-05-06 08:32:44",
  "message":"MyCompany\\MyPluginName\\Setup::handleRouteAfter( \\core\\base\\Event $event )",
  "level":4
}, 
{
  "time":"2018-05-06 08:32:44",
  "message":"MyCompany\\MyPluginName\\Setup::parseRouteBefore( \\core\\base\\Event $event )",
  "level":4
}, 
{
  "time":"2018-05-06 08:32:44",
  "message":"MyCompany\\MyPluginName\\Setup::parseRouteAfter( \\core\\base\\Event $event )",
  "level":4
}, 
{
  "time":"2018-05-06 08:32:44",
  "message":"MyCompany\\MyPluginName\\Setup::handleRouteBefore( \\core\\base\\Event $event )",
  "level":4
}, 
{
  "time":"2018-05-06 08:32:44",
  "message":"MyCompany\\MyPluginName\\Setup::handleRouteAfter( \\core\\base\\Event $event )",
  "level":4
}, 
{
  "time":"2018-05-06 08:32:46",
  "message":"MyCompany\\MyPluginName\\Setup::parseRouteBefore( \\core\\base\\Event $event )",
  "level":4
}, 
{
  "time":"2018-05-06 08:32:46",
  "message":"MyCompany\\MyPluginName\\Setup::handleRouteBefore( \\core\\base\\Event $event )",
  "level":4
}, 
{
  "time":"2018-05-06 08:32:46",
  "message":"MyCompany\\MyPluginName\\Setup::handleRouteAfter( \\core\\base\\Event $event )",
  "level":4
}, 
{
  "time":"2018-05-06 08:32:46",
  "message":"MyCompany\\MyPluginName\\Setup::parseRouteBefore( \\core\\base\\Event $event )",
  "level":4
}, 
{
  "time":"2018-05-06 08:32:46",
  "message":"MyCompany\\MyPluginName\\Setup::parseRouteAfter( \\core\\base\\Event $event )",
  "level":4
}, 
{
  "time":"2018-05-06 08:32:46",
  "message":"MyCompany\\MyPluginName\\Setup::handleRouteBefore( \\core\\base\\Event $event )",
  "level":4
}, 
{
  "time":"2018-05-06 08:32:46",
  "message":"MyCompany\\MyPluginName\\Setup::handleRouteAfter( \\core\\base\\Event $event )",
  "level":4
}, 
{
  "time":"2018-05-06 08:32:47",
  "message":"MyCompany\\MyPluginName\\Setup::parseRouteBefore( \\core\\base\\Event $event )",
  "level":4
}, 
{
  "time":"2018-05-06 08:32:47",
  "message":"MyCompany\\MyPluginName\\Setup::handleRouteBefore( \\core\\base\\Event $event )",
  "level":4
}, 
{
  "time":"2018-05-06 08:32:47",
  "message":"MyCompany\\MyPluginName\\Setup::handleRouteAfter( \\core\\base\\Event $event )",
  "level":4
}, 
{
  "time":"2018-05-06 08:32:47",
  "message":"MyCompany\\MyPluginName\\Setup::parseRouteBefore( \\core\\base\\Event $event )",
  "level":4
}, 
{
  "time":"2018-05-06 08:32:47",
  "message":"MyCompany\\MyPluginName\\Setup::parseRouteAfter( \\core\\base\\Event $event )",
  "level":4
}, 
{
  "time":"2018-05-06 08:32:47",
  "message":"MyCompany\\MyPluginName\\Setup::handleRouteBefore( \\core\\base\\Event $event )",
  "level":4
}, 
{
  "time":"2018-05-06 08:32:47",
  "message":"MyCompany\\MyPluginName\\Setup::handleRouteAfter( \\core\\base\\Event $event )",
  "level":4
}, 
{
  "time":"2018-05-06 08:32:49",
  "message":"MyCompany\\MyPluginName\\Setup::parseRouteBefore( \\core\\base\\Event $event )",
  "level":4
}, 
{
  "time":"2018-05-06 08:32:49",
  "message":"MyCompany\\MyPluginName\\Setup::handleRouteBefore( \\core\\base\\Event $event )",
  "level":4
}, 
{
  "time":"2018-05-06 08:32:49",
  "message":"MyCompany\\MyPluginName\\Setup::handleRouteAfter( \\core\\base\\Event $event )",
  "level":4
}, 
{
  "time":"2018-05-06 08:32:49",
  "message":"MyCompany\\MyPluginName\\Setup::parseRouteBefore( \\core\\base\\Event $event )",
  "level":4
}, 
{
  "time":"2018-05-06 08:32:49",
  "message":"MyCompany\\MyPluginName\\Setup::parseRouteAfter( \\core\\base\\Event $event )",
  "level":4
}, 
{
  "time":"2018-05-06 08:32:49",
  "message":"MyCompany\\MyPluginName\\Setup::handleRouteBefore( \\core\\base\\Event $event )",
  "level":4
}, 
{
  "time":"2018-05-06 08:32:49",
  "message":"MyCompany\\MyPluginName\\Setup::handleRouteAfter( \\core\\base\\Event $event )",
  "level":4
}, 
{
  "time":"2018-05-06 08:32:51",
  "message":"MyCompany\\MyPluginName\\Setup::parseRouteBefore( \\core\\base\\Event $event )",
  "level":4
}, 
{
  "time":"2018-05-06 08:32:51",
  "message":"MyCompany\\MyPluginName\\Setup::handleRouteBefore( \\core\\base\\Event $event )",
  "level":4
}, 
{
  "time":"2018-05-06 08:32:51",
  "message":"MyCompany\\MyPluginName\\Setup::handleRouteAfter( \\core\\base\\Event $event )",
  "level":4
}, 
{
  "time":"2018-05-06 08:32:51",
  "message":"MyCompany\\MyPluginName\\Setup::parseRouteBefore( \\core\\base\\Event $event )",
  "level":4
}, 
{
  "time":"2018-05-06 08:32:51",
  "message":"MyCompany\\MyPluginName\\Setup::parseRouteAfter( \\core\\base\\Event $event )",
  "level":4
}, 
{
  "time":"2018-05-06 08:32:51",
  "message":"MyCompany\\MyPluginName\\Setup::handleRouteBefore( \\core\\base\\Event $event )",
  "level":4
}, 
{
  "time":"2018-05-06 08:32:51",
  "message":"MyCompany\\MyPluginName\\Setup::handleRouteAfter( \\core\\base\\Event $event )",
  "level":4
}, 
{
  "time":"2018-05-06 08:32:53",
  "message":"MyCompany\\MyPluginName\\Setup::parseRouteBefore( \\core\\base\\Event $event )",
  "level":4
}, 
{
  "time":"2018-05-06 08:32:53",
  "message":"MyCompany\\MyPluginName\\Setup::handleRouteBefore( \\core\\base\\Event $event )",
  "level":4
}, 
{
  "time":"2018-05-06 08:32:53",
  "message":"MyCompany\\MyPluginName\\Setup::handleRouteAfter( \\core\\base\\Event $event )",
  "level":4
}, 
{
  "time":"2018-05-06 08:32:53",
  "message":"MyCompany\\MyPluginName\\Setup::parseRouteBefore( \\core\\base\\Event $event )",
  "level":4
}, 
{
  "time":"2018-05-06 08:32:53",
  "message":"MyCompany\\MyPluginName\\Setup::parseRouteAfter( \\core\\base\\Event $event )",
  "level":4
}, 
{
  "time":"2018-05-06 08:32:53",
  "message":"MyCompany\\MyPluginName\\Setup::handleRouteBefore( \\core\\base\\Event $event )",
  "level":4
}, 
{
  "time":"2018-05-06 08:32:53",
  "message":"MyCompany\\MyPluginName\\Setup::handleRouteAfter( \\core\\base\\Event $event )",
  "level":4
}, 
{
  "time":"2018-05-06 08:32:55",
  "message":"MyCompany\\MyPluginName\\Setup::parseRouteBefore( \\core\\base\\Event $event )",
  "level":4
}, 
{
  "time":"2018-05-06 08:32:55",
  "message":"MyCompany\\MyPluginName\\Setup::parseRouteAfter( \\core\\base\\Event $event )",
  "level":4
}, 
{
  "time":"2018-05-06 08:32:55",
  "message":"MyCompany\\MyPluginName\\Setup::handleRouteBefore( \\core\\base\\Event $event )",
  "level":4
}, 
{
  "time":"2018-05-06 08:32:55",
  "message":"MyCompany\\MyPluginName\\Setup::handleRouteAfter( \\core\\base\\Event $event )",
  "level":4
}, 
{
  "time":"2018-05-06 08:32:55",
  "message":"MyCompany\\MyPluginName\\Setup::parseRouteBefore( \\core\\base\\Event $event )",
  "level":4
}, 
{
  "time":"2018-05-06 08:32:55",
  "message":"MyCompany\\MyPluginName\\Setup::parseRouteAfter( \\core\\base\\Event $event )",
  "level":4
}, 
{
  "time":"2018-05-06 08:32:55",
  "message":"MyCompany\\MyPluginName\\Setup::handleRouteBefore( \\core\\base\\Event $event )",
  "level":4
}, 
{
  "time":"2018-05-06 08:32:55",
  "message":"MyCompany\\MyPluginName\\Setup::handleRouteAfter( \\core\\base\\Event $event )",
  "level":4
}, 
{
  "time":"2018-05-06 08:33:37",
  "message":"MyCompany\\MyPluginName\\Setup::parseRouteBefore( \\core\\base\\Event $event )",
  "level":4
}, 
{
  "time":"2018-05-06 08:33:37",
  "message":"MyCompany\\MyPluginName\\Setup::parseRouteAfter( \\core\\base\\Event $event )",
  "level":4
}, 
{
  "time":"2018-05-06 08:33:37",
  "message":"MyCompany\\MyPluginName\\Setup::handleRouteBefore( \\core\\base\\Event $event )",
  "level":4
}, 
{
  "time":"2018-05-06 08:33:37",
  "message":"MyCompany\\MyPluginName\\Setup::handleRouteAfter( \\core\\base\\Event $event )",
  "level":4
}, 
{
  "time":"2018-05-06 08:33:37",
  "message":"MyCompany\\MyPluginName\\Setup::parseRouteBefore( \\core\\base\\Event $event )",
  "level":4
}, 
{
  "time":"2018-05-06 08:33:37",
  "message":"MyCompany\\MyPluginName\\Setup::parseRouteAfter( \\core\\base\\Event $event )",
  "level":4
}, 
{
  "time":"2018-05-06 08:33:37",
  "message":"MyCompany\\MyPluginName\\Setup::handleRouteBefore( \\core\\base\\Event $event )",
  "level":4
}, 
{
  "time":"2018-05-06 08:33:37",
  "message":"MyCompany\\MyPluginName\\Setup::handleRouteAfter( \\core\\base\\Event $event )",
  "level":4
}, 
{
  "time":"2018-05-06 08:35:10",
  "message":"MyCompany\\MyPluginName\\Setup::parseRouteBefore( \\core\\base\\Event $event )",
  "level":4
}, 
{
  "time":"2018-05-06 08:35:10",
  "message":"MyCompany\\MyPluginName\\Setup::parseRouteAfter( \\core\\base\\Event $event )",
  "level":4
}, 
{
  "time":"2018-05-06 08:35:10",
  "message":"MyCompany\\MyPluginName\\Setup::handleRouteBefore( \\core\\base\\Event $event )",
  "level":4
}, 
{
  "time":"2018-05-06 08:35:10",
  "message":"MyCompany\\MyPluginName\\Setup::handleRouteAfter( \\core\\base\\Event $event )",
  "level":4
}, 
{
  "time":"2018-05-06 08:35:10",
  "message":"MyCompany\\MyPluginName\\Setup::parseRouteBefore( \\core\\base\\Event $event )",
  "level":4
}, 
{
  "time":"2018-05-06 08:35:10",
  "message":"MyCompany\\MyPluginName\\Setup::parseRouteAfter( \\core\\base\\Event $event )",
  "level":4
}, 
{
  "time":"2018-05-06 08:35:10",
  "message":"MyCompany\\MyPluginName\\Setup::handleRouteBefore( \\core\\base\\Event $event )",
  "level":4
}, 
{
  "time":"2018-05-06 08:35:10",
  "message":"MyCompany\\MyPluginName\\Setup::handleRouteAfter( \\core\\base\\Event $event )",
  "level":4
}, 
{
  "time":"2018-05-06 08:38:32",
  "message":"MyCompany\\MyPluginName\\Setup::parseRouteBefore( \\core\\base\\Event $event )",
  "level":4
}, 
{
  "time":"2018-05-06 08:38:32",
  "message":"MyCompany\\MyPluginName\\Setup::parseRouteAfter( \\core\\base\\Event $event )",
  "level":4
}, 
{
  "time":"2018-05-06 08:38:32",
  "message":"MyCompany\\MyPluginName\\Setup::handleRouteBefore( \\core\\base\\Event $event )",
  "level":4
}, 
{
  "time":"2018-05-06 08:38:32",
  "message":"MyCompany\\MyPluginName\\Setup::handleRouteAfter( \\core\\base\\Event $event )",
  "level":4
}, 
{
  "time":"2018-05-06 08:38:32",
  "message":"MyCompany\\MyPluginName\\Setup::parseRouteBefore( \\core\\base\\Event $event )",
  "level":4
}, 
{
  "time":"2018-05-06 08:38:32",
  "message":"MyCompany\\MyPluginName\\Setup::parseRouteAfter( \\core\\base\\Event $event )",
  "level":4
}, 
{
  "time":"2018-05-06 08:38:32",
  "message":"MyCompany\\MyPluginName\\Setup::handleRouteBefore( \\core\\base\\Event $event )",
  "level":4
}, 
{
  "time":"2018-05-06 08:38:32",
  "message":"MyCompany\\MyPluginName\\Setup::handleRouteAfter( \\core\\base\\Event $event )",
  "level":4
}, 
{
  "time":"2018-05-06 08:38:39",
  "message":"MyCompany\\MyPluginName\\Setup::parseRouteBefore( \\core\\base\\Event $event )",
  "level":4
}, 
{
  "time":"2018-05-06 08:38:39",
  "message":"MyCompany\\MyPluginName\\Setup::parseRouteAfter( \\core\\base\\Event $event )",
  "level":4
}, 
{
  "time":"2018-05-06 08:38:39",
  "message":"MyCompany\\MyPluginName\\Setup::handleRouteBefore( \\core\\base\\Event $event )",
  "level":4
}, 
{
  "time":"2018-05-06 08:38:39",
  "message":"MyCompany\\MyPluginName\\Setup::handleRouteAfter( \\core\\base\\Event $event )",
  "level":4
}, 
{
  "time":"2018-05-06 08:38:39",
  "message":"MyCompany\\MyPluginName\\Setup::parseRouteBefore( \\core\\base\\Event $event )",
  "level":4
}, 
{
  "time":"2018-05-06 08:38:39",
  "message":"MyCompany\\MyPluginName\\Setup::parseRouteAfter( \\core\\base\\Event $event )",
  "level":4
}, 
{
  "time":"2018-05-06 08:38:39",
  "message":"MyCompany\\MyPluginName\\Setup::handleRouteBefore( \\core\\base\\Event $event )",
  "level":4
}, 
{
  "time":"2018-05-06 08:38:39",
  "message":"MyCompany\\MyPluginName\\Setup::handleRouteAfter( \\core\\base\\Event $event )",
  "level":4
}, 
{
  "time":"2018-05-06 08:38:49",
  "message":"MyCompany\\MyPluginName\\Setup::parseRouteBefore( \\core\\base\\Event $event )",
  "level":4
}, 
{
  "time":"2018-05-06 08:38:49",
  "message":"MyCompany\\MyPluginName\\Setup::parseRouteAfter( \\core\\base\\Event $event )",
  "level":4
}, 
{
  "time":"2018-05-06 08:38:49",
  "message":"MyCompany\\MyPluginName\\Setup::handleRouteBefore( \\core\\base\\Event $event )",
  "level":4
}, 
{
  "time":"2018-05-06 08:38:49",
  "message":"MyCompany\\MyPluginName\\Setup::handleRouteAfter( \\core\\base\\Event $event )",
  "level":4
}, 
{
  "time":"2018-05-06 08:38:49",
  "message":"MyCompany\\MyPluginName\\Setup::parseRouteBefore( \\core\\base\\Event $event )",
  "level":4
}, 
{
  "time":"2018-05-06 08:38:49",
  "message":"MyCompany\\MyPluginName\\Setup::parseRouteAfter( \\core\\base\\Event $event )",
  "level":4
}, 
{
  "time":"2018-05-06 08:38:49",
  "message":"MyCompany\\MyPluginName\\Setup::handleRouteBefore( \\core\\base\\Event $event )",
  "level":4
}, 
{
  "time":"2018-05-06 08:38:49",
  "message":"MyCompany\\MyPluginName\\Setup::handleRouteAfter( \\core\\base\\Event $event )",
  "level":4
}, 
{
  "time":"2018-05-06 08:39:05",
  "message":"MyCompany\\MyPluginName\\Setup::parseRouteBefore( \\core\\base\\Event $event )",
  "level":4
}, 
{
  "time":"2018-05-06 08:39:05",
  "message":"MyCompany\\MyPluginName\\Setup::parseRouteAfter( \\core\\base\\Event $event )",
  "level":4
}, 
{
  "time":"2018-05-06 08:39:05",
  "message":"MyCompany\\MyPluginName\\Setup::handleRouteBefore( \\core\\base\\Event $event )",
  "level":4
}, 
{
  "time":"2018-05-06 08:39:05",
  "message":"MyCompany\\MyPluginName\\Setup::handleRouteAfter( \\core\\base\\Event $event )",
  "level":4
}, 
{
  "time":"2018-05-06 08:39:05",
  "message":"MyCompany\\MyPluginName\\Setup::parseRouteBefore( \\core\\base\\Event $event )",
  "level":4
}, 
{
  "time":"2018-05-06 08:39:05",
  "message":"MyCompany\\MyPluginName\\Setup::parseRouteAfter( \\core\\base\\Event $event )",
  "level":4
}, 
{
  "time":"2018-05-06 08:39:05",
  "message":"MyCompany\\MyPluginName\\Setup::handleRouteBefore( \\core\\base\\Event $event )",
  "level":4
}, 
{
  "time":"2018-05-06 08:39:05",
  "message":"MyCompany\\MyPluginName\\Setup::handleRouteAfter( \\core\\base\\Event $event )",
  "level":4
}, 
{
  "time":"2018-05-06 08:39:21",
  "message":"MyCompany\\MyPluginName\\Setup::parseRouteBefore( \\core\\base\\Event $event )",
  "level":4
}, 
{
  "time":"2018-05-06 08:39:21",
  "message":"MyCompany\\MyPluginName\\Setup::parseRouteAfter( \\core\\base\\Event $event )",
  "level":4
}, 
{
  "time":"2018-05-06 08:39:22",
  "message":"MyCompany\\MyPluginName\\Setup::handleRouteBefore( \\core\\base\\Event $event )",
  "level":4
}, 
{
  "time":"2018-05-06 08:39:22",
  "message":"MyCompany\\MyPluginName\\Setup::handleRouteAfter( \\core\\base\\Event $event )",
  "level":4
}, 
{
  "time":"2018-05-06 08:39:22",
  "message":"MyCompany\\MyPluginName\\Setup::parseRouteBefore( \\core\\base\\Event $event )",
  "level":4
}, 
{
  "time":"2018-05-06 08:39:22",
  "message":"MyCompany\\MyPluginName\\Setup::parseRouteAfter( \\core\\base\\Event $event )",
  "level":4
}, 
{
  "time":"2018-05-06 08:39:22",
  "message":"MyCompany\\MyPluginName\\Setup::handleRouteBefore( \\core\\base\\Event $event )",
  "level":4
}, 
{
  "time":"2018-05-06 08:39:22",
  "message":"MyCompany\\MyPluginName\\Setup::handleRouteAfter( \\core\\base\\Event $event )",
  "level":4
}, 
{
  "time":"2018-05-06 08:39:47",
  "message":"MyCompany\\MyPluginName\\Setup::parseRouteBefore( \\core\\base\\Event $event )",
  "level":4
}, 
{
  "time":"2018-05-06 08:39:47",
  "message":"MyCompany\\MyPluginName\\Setup::parseRouteAfter( \\core\\base\\Event $event )",
  "level":4
}, 
{
  "time":"2018-05-06 08:39:47",
  "message":"MyCompany\\MyPluginName\\Setup::handleRouteBefore( \\core\\base\\Event $event )",
  "level":4
}, 
{
  "time":"2018-05-06 08:39:47",
  "message":"MyCompany\\MyPluginName\\Setup::handleRouteAfter( \\core\\base\\Event $event )",
  "level":4
}, 
{
  "time":"2018-05-06 08:39:48",
  "message":"MyCompany\\MyPluginName\\Setup::parseRouteBefore( \\core\\base\\Event $event )",
  "level":4
}, 
{
  "time":"2018-05-06 08:39:48",
  "message":"MyCompany\\MyPluginName\\Setup::parseRouteAfter( \\core\\base\\Event $event )",
  "level":4
}, 
{
  "time":"2018-05-06 08:39:48",
  "message":"MyCompany\\MyPluginName\\Setup::handleRouteBefore( \\core\\base\\Event $event )",
  "level":4
}, 
{
  "time":"2018-05-06 08:39:48",
  "message":"MyCompany\\MyPluginName\\Setup::handleRouteAfter( \\core\\base\\Event $event )",
  "level":4
}, 
{
  "time":"2018-05-06 08:40:04",
  "message":"MyCompany\\MyPluginName\\Setup::parseRouteBefore( \\core\\base\\Event $event )",
  "level":4
}, 
{
  "time":"2018-05-06 08:40:04",
  "message":"MyCompany\\MyPluginName\\Setup::parseRouteAfter( \\core\\base\\Event $event )",
  "level":4
}, 
{
  "time":"2018-05-06 08:40:04",
  "message":"MyCompany\\MyPluginName\\Setup::handleRouteBefore( \\core\\base\\Event $event )",
  "level":4
}, 
{
  "time":"2018-05-06 08:40:04",
  "message":"MyCompany\\MyPluginName\\Setup::handleRouteAfter( \\core\\base\\Event $event )",
  "level":4
}, 
{
  "time":"2018-05-06 08:40:04",
  "message":"MyCompany\\MyPluginName\\Setup::parseRouteBefore( \\core\\base\\Event $event )",
  "level":4
}, 
{
  "time":"2018-05-06 08:40:04",
  "message":"MyCompany\\MyPluginName\\Setup::parseRouteAfter( \\core\\base\\Event $event )",
  "level":4
}, 
{
  "time":"2018-05-06 08:40:04",
  "message":"MyCompany\\MyPluginName\\Setup::handleRouteBefore( \\core\\base\\Event $event )",
  "level":4
}, 
{
  "time":"2018-05-06 08:40:04",
  "message":"MyCompany\\MyPluginName\\Setup::handleRouteAfter( \\core\\base\\Event $event )",
  "level":4
}, 
{
  "time":"2018-05-06 08:40:32",
  "message":"MyCompany\\MyPluginName\\Setup::parseRouteBefore( \\core\\base\\Event $event )",
  "level":4
}, 
{
  "time":"2018-05-06 08:40:32",
  "message":"MyCompany\\MyPluginName\\Setup::parseRouteAfter( \\core\\base\\Event $event )",
  "level":4
}, 
{
  "time":"2018-05-06 08:40:32",
  "message":"MyCompany\\MyPluginName\\Setup::handleRouteBefore( \\core\\base\\Event $event )",
  "level":4
}, 
{
  "time":"2018-05-06 08:40:32",
  "message":"MyCompany\\MyPluginName\\Setup::handleRouteAfter( \\core\\base\\Event $event )",
  "level":4
}, 
{
  "time":"2018-05-06 08:40:32",
  "message":"MyCompany\\MyPluginName\\Setup::parseRouteBefore( \\core\\base\\Event $event )",
  "level":4
}, 
{
  "time":"2018-05-06 08:40:32",
  "message":"MyCompany\\MyPluginName\\Setup::parseRouteAfter( \\core\\base\\Event $event )",
  "level":4
}, 
{
  "time":"2018-05-06 08:40:32",
  "message":"MyCompany\\MyPluginName\\Setup::handleRouteBefore( \\core\\base\\Event $event )",
  "level":4
}, 
{
  "time":"2018-05-06 08:40:32",
  "message":"MyCompany\\MyPluginName\\Setup::handleRouteAfter( \\core\\base\\Event $event )",
  "level":4
}, 
{
  "time":"2018-05-06 08:40:45",
  "message":"MyCompany\\MyPluginName\\Setup::parseRouteBefore( \\core\\base\\Event $event )",
  "level":4
}, 
{
  "time":"2018-05-06 08:40:45",
  "message":"MyCompany\\MyPluginName\\Setup::parseRouteAfter( \\core\\base\\Event $event )",
  "level":4
}, 
{
  "time":"2018-05-06 08:40:45",
  "message":"MyCompany\\MyPluginName\\Setup::handleRouteBefore( \\core\\base\\Event $event )",
  "level":4
}, 
{
  "time":"2018-05-06 08:40:45",
  "message":"MyCompany\\MyPluginName\\Setup::handleRouteAfter( \\core\\base\\Event $event )",
  "level":4
}, 
{
  "time":"2018-05-06 08:40:45",
  "message":"MyCompany\\MyPluginName\\Setup::parseRouteBefore( \\core\\base\\Event $event )",
  "level":4
}, 
{
  "time":"2018-05-06 08:40:45",
  "message":"MyCompany\\MyPluginName\\Setup::parseRouteAfter( \\core\\base\\Event $event )",
  "level":4
}, 
{
  "time":"2018-05-06 08:40:45",
  "message":"MyCompany\\MyPluginName\\Setup::handleRouteBefore( \\core\\base\\Event $event )",
  "level":4
}, 
{
  "time":"2018-05-06 08:40:45",
  "message":"MyCompany\\MyPluginName\\Setup::handleRouteAfter( \\core\\base\\Event $event )",
  "level":4
}, 
{
  "time":"2018-05-06 08:41:11",
  "message":"MyCompany\\MyPluginName\\Setup::parseRouteBefore( \\core\\base\\Event $event )",
  "level":4
}, 
{
  "time":"2018-05-06 08:41:11",
  "message":"MyCompany\\MyPluginName\\Setup::parseRouteAfter( \\core\\base\\Event $event )",
  "level":4
}, 
{
  "time":"2018-05-06 08:41:11",
  "message":"MyCompany\\MyPluginName\\Setup::handleRouteBefore( \\core\\base\\Event $event )",
  "level":4
}, 
{
  "time":"2018-05-06 08:41:11",
  "message":"MyCompany\\MyPluginName\\Setup::handleRouteAfter( \\core\\base\\Event $event )",
  "level":4
}, 
{
  "time":"2018-05-06 08:41:11",
  "message":"MyCompany\\MyPluginName\\Setup::parseRouteBefore( \\core\\base\\Event $event )",
  "level":4
}, 
{
  "time":"2018-05-06 08:41:11",
  "message":"MyCompany\\MyPluginName\\Setup::parseRouteAfter( \\core\\base\\Event $event )",
  "level":4
}, 
{
  "time":"2018-05-06 08:41:11",
  "message":"MyCompany\\MyPluginName\\Setup::handleRouteBefore( \\core\\base\\Event $event )",
  "level":4
}, 
{
  "time":"2018-05-06 08:41:11",
  "message":"MyCompany\\MyPluginName\\Setup::handleRouteAfter( \\core\\base\\Event $event )",
  "level":4
}, 
{
  "time":"2018-05-06 08:41:17",
  "message":"MyCompany\\MyPluginName\\Setup::parseRouteBefore( \\core\\base\\Event $event )",
  "level":4
}, 
{
  "time":"2018-05-06 08:41:17",
  "message":"MyCompany\\MyPluginName\\Setup::parseRouteAfter( \\core\\base\\Event $event )",
  "level":4
}, 
{
  "time":"2018-05-06 08:41:17",
  "message":"MyCompany\\MyPluginName\\Setup::handleRouteBefore( \\core\\base\\Event $event )",
  "level":4
}, 
{
  "time":"2018-05-06 08:41:17",
  "message":"MyCompany\\MyPluginName\\Setup::handleRouteAfter( \\core\\base\\Event $event )",
  "level":4
}, 
{
  "time":"2018-05-06 08:41:17",
  "message":"MyCompany\\MyPluginName\\Setup::parseRouteBefore( \\core\\base\\Event $event )",
  "level":4
}, 
{
  "time":"2018-05-06 08:41:17",
  "message":"MyCompany\\MyPluginName\\Setup::parseRouteAfter( \\core\\base\\Event $event )",
  "level":4
}, 
{
  "time":"2018-05-06 08:41:17",
  "message":"MyCompany\\MyPluginName\\Setup::handleRouteBefore( \\core\\base\\Event $event )",
  "level":4
}, 
{
  "time":"2018-05-06 08:41:17",
  "message":"MyCompany\\MyPluginName\\Setup::handleRouteAfter( \\core\\base\\Event $event )",
  "level":4
}, 
{
  "time":"2018-05-06 08:41:38",
  "message":"MyCompany\\MyPluginName\\Setup::parseRouteBefore( \\core\\base\\Event $event )",
  "level":4
}, 
{
  "time":"2018-05-06 08:41:38",
  "message":"MyCompany\\MyPluginName\\Setup::parseRouteAfter( \\core\\base\\Event $event )",
  "level":4
}, 
{
  "time":"2018-05-06 08:41:38",
  "message":"MyCompany\\MyPluginName\\Setup::handleRouteBefore( \\core\\base\\Event $event )",
  "level":4
}, 
{
  "time":"2018-05-06 08:41:38",
  "message":"MyCompany\\MyPluginName\\Setup::handleRouteAfter( \\core\\base\\Event $event )",
  "level":4
}, 
{
  "time":"2018-05-06 08:41:38",
  "message":"MyCompany\\MyPluginName\\Setup::parseRouteBefore( \\core\\base\\Event $event )",
  "level":4
}, 
{
  "time":"2018-05-06 08:41:38",
  "message":"MyCompany\\MyPluginName\\Setup::parseRouteAfter( \\core\\base\\Event $event )",
  "level":4
}, 
{
  "time":"2018-05-06 08:41:38",
  "message":"MyCompany\\MyPluginName\\Setup::handleRouteBefore( \\core\\base\\Event $event )",
  "level":4
}, 
{
  "time":"2018-05-06 08:41:38",
  "message":"MyCompany\\MyPluginName\\Setup::handleRouteAfter( \\core\\base\\Event $event )",
  "level":4
}, 
{
  "time":"2018-05-06 08:41:39",
  "message":"MyCompany\\MyPluginName\\Setup::parseRouteBefore( \\core\\base\\Event $event )",
  "level":4
}, 
{
  "time":"2018-05-06 08:41:39",
  "message":"MyCompany\\MyPluginName\\Setup::handleRouteBefore( \\core\\base\\Event $event )",
  "level":4
}, 
{
  "time":"2018-05-06 08:41:39",
  "message":"MyCompany\\MyPluginName\\Setup::handleRouteAfter( \\core\\base\\Event $event )",
  "level":4
}, 
{
  "time":"2018-05-06 08:41:39",
  "message":"MyCompany\\MyPluginName\\Setup::parseRouteBefore( \\core\\base\\Event $event )",
  "level":4
}, 
{
  "time":"2018-05-06 08:41:39",
  "message":"MyCompany\\MyPluginName\\Setup::parseRouteAfter( \\core\\base\\Event $event )",
  "level":4
}, 
{
  "time":"2018-05-06 08:41:39",
  "message":"MyCompany\\MyPluginName\\Setup::handleRouteBefore( \\core\\base\\Event $event )",
  "level":4
}, 
{
  "time":"2018-05-06 08:41:39",
  "message":"MyCompany\\MyPluginName\\Setup::handleRouteAfter( \\core\\base\\Event $event )",
  "level":4
}, 
{
  "time":"2018-05-06 08:41:41",
  "message":"MyCompany\\MyPluginName\\Setup::parseRouteBefore( \\core\\base\\Event $event )",
  "level":4
}, 
{
  "time":"2018-05-06 08:41:41",
  "message":"MyCompany\\MyPluginName\\Setup::handleRouteBefore( \\core\\base\\Event $event )",
  "level":4
}, 
{
  "time":"2018-05-06 08:41:41",
  "message":"MyCompany\\MyPluginName\\Setup::handleRouteAfter( \\core\\base\\Event $event )",
  "level":4
}, 
{
  "time":"2018-05-06 08:41:41",
  "message":"MyCompany\\MyPluginName\\Setup::parseRouteBefore( \\core\\base\\Event $event )",
  "level":4
}, 
{
  "time":"2018-05-06 08:41:41",
  "message":"MyCompany\\MyPluginName\\Setup::parseRouteAfter( \\core\\base\\Event $event )",
  "level":4
}, 
{
  "time":"2018-05-06 08:41:41",
  "message":"MyCompany\\MyPluginName\\Setup::handleRouteBefore( \\core\\base\\Event $event )",
  "level":4
}, 
{
  "time":"2018-05-06 08:41:41",
  "message":"MyCompany\\MyPluginName\\Setup::handleRouteAfter( \\core\\base\\Event $event )",
  "level":4
}, 
{
  "time":"2018-05-06 08:41:59",
  "message":"MyCompany\\MyPluginName\\Setup::parseRouteBefore( \\core\\base\\Event $event )",
  "level":4
}, 
{
  "time":"2018-05-06 08:41:59",
  "message":"MyCompany\\MyPluginName\\Setup::handleRouteBefore( \\core\\base\\Event $event )",
  "level":4
}, 
{
  "time":"2018-05-06 08:41:59",
  "message":"MyCompany\\MyPluginName\\Setup::handleRouteAfter( \\core\\base\\Event $event )",
  "level":4
}, 
{
  "time":"2018-05-06 08:42:00",
  "message":"MyCompany\\MyPluginName\\Setup::parseRouteBefore( \\core\\base\\Event $event )",
  "level":4
}, 
{
  "time":"2018-05-06 08:42:00",
  "message":"MyCompany\\MyPluginName\\Setup::parseRouteAfter( \\core\\base\\Event $event )",
  "level":4
}, 
{
  "time":"2018-05-06 08:42:00",
  "message":"MyCompany\\MyPluginName\\Setup::handleRouteBefore( \\core\\base\\Event $event )",
  "level":4
}, 
{
  "time":"2018-05-06 08:42:00",
  "message":"MyCompany\\MyPluginName\\Setup::handleRouteAfter( \\core\\base\\Event $event )",
  "level":4
}, 
{
  "time":"2018-05-06 08:42:27",
  "message":"MyCompany\\MyPluginName\\Setup::parseRouteBefore( \\core\\base\\Event $event )",
  "level":4
}, 
{
  "time":"2018-05-06 08:42:27",
  "message":"MyCompany\\MyPluginName\\Setup::handleRouteBefore( \\core\\base\\Event $event )",
  "level":4
}, 
{
  "time":"2018-05-06 08:42:27",
  "message":"MyCompany\\MyPluginName\\Setup::handleRouteAfter( \\core\\base\\Event $event )",
  "level":4
}, 
{
  "time":"2018-05-06 08:42:27",
  "message":"MyCompany\\MyPluginName\\Setup::parseRouteBefore( \\core\\base\\Event $event )",
  "level":4
}, 
{
  "time":"2018-05-06 08:42:27",
  "message":"MyCompany\\MyPluginName\\Setup::parseRouteAfter( \\core\\base\\Event $event )",
  "level":4
}, 
{
  "time":"2018-05-06 08:42:27",
  "message":"MyCompany\\MyPluginName\\Setup::handleRouteBefore( \\core\\base\\Event $event )",
  "level":4
}, 
{
  "time":"2018-05-06 08:42:27",
  "message":"MyCompany\\MyPluginName\\Setup::handleRouteAfter( \\core\\base\\Event $event )",
  "level":4
}, 
{
  "time":"2018-05-06 08:42:54",
  "message":"MyCompany\\MyPluginName\\Setup::parseRouteBefore( \\core\\base\\Event $event )",
  "level":4
}, 
{
  "time":"2018-05-06 08:42:54",
  "message":"MyCompany\\MyPluginName\\Setup::handleRouteBefore( \\core\\base\\Event $event )",
  "level":4
}, 
{
  "time":"2018-05-06 08:42:54",
  "message":"MyCompany\\MyPluginName\\Setup::handleRouteAfter( \\core\\base\\Event $event )",
  "level":4
}, 
{
  "time":"2018-05-06 08:42:54",
  "message":"MyCompany\\MyPluginName\\Setup::parseRouteBefore( \\core\\base\\Event $event )",
  "level":4
}, 
{
  "time":"2018-05-06 08:42:54",
  "message":"MyCompany\\MyPluginName\\Setup::parseRouteAfter( \\core\\base\\Event $event )",
  "level":4
}, 
{
  "time":"2018-05-06 08:42:54",
  "message":"MyCompany\\MyPluginName\\Setup::handleRouteBefore( \\core\\base\\Event $event )",
  "level":4
}, 
{
  "time":"2018-05-06 08:42:54",
  "message":"MyCompany\\MyPluginName\\Setup::handleRouteAfter( \\core\\base\\Event $event )",
  "level":4
}, 
{
  "time":"2018-05-06 08:43:03",
  "message":"MyCompany\\MyPluginName\\Setup::parseRouteBefore( \\core\\base\\Event $event )",
  "level":4
}, 
{
  "time":"2018-05-06 08:43:03",
  "message":"MyCompany\\MyPluginName\\Setup::parseRouteAfter( \\core\\base\\Event $event )",
  "level":4
}, 
{
  "time":"2018-05-06 08:43:03",
  "message":"MyCompany\\MyPluginName\\Setup::handleRouteBefore( \\core\\base\\Event $event )",
  "level":4
}, 
{
  "time":"2018-05-06 08:43:03",
  "message":"MyCompany\\MyPluginName\\Setup::handleRouteAfter( \\core\\base\\Event $event )",
  "level":4
}, 
{
  "time":"2018-05-06 08:43:03",
  "message":"MyCompany\\MyPluginName\\Setup::parseRouteBefore( \\core\\base\\Event $event )",
  "level":4
}, 
{
  "time":"2018-05-06 08:43:03",
  "message":"MyCompany\\MyPluginName\\Setup::parseRouteAfter( \\core\\base\\Event $event )",
  "level":4
}, 
{
  "time":"2018-05-06 08:43:03",
  "message":"MyCompany\\MyPluginName\\Setup::handleRouteBefore( \\core\\base\\Event $event )",
  "level":4
}, 
{
  "time":"2018-05-06 08:43:03",
  "message":"MyCompany\\MyPluginName\\Setup::handleRouteAfter( \\core\\base\\Event $event )",
  "level":4
}, 
{
  "time":"2018-05-06 08:45:43",
  "message":"MyCompany\\MyPluginName\\Setup::parseRouteBefore( \\core\\base\\Event $event )",
  "level":4
}, 
{
  "time":"2018-05-06 08:45:43",
  "message":"MyCompany\\MyPluginName\\Setup::parseRouteAfter( \\core\\base\\Event $event )",
  "level":4
}, 
{
  "time":"2018-05-06 08:45:43",
  "message":"MyCompany\\MyPluginName\\Setup::handleRouteBefore( \\core\\base\\Event $event )",
  "level":4
}, 
{
  "time":"2018-05-06 08:45:43",
  "message":"MyCompany\\MyPluginName\\Setup::handleRouteAfter( \\core\\base\\Event $event )",
  "level":4
}, 
{
  "time":"2018-05-06 08:45:44",
  "message":"MyCompany\\MyPluginName\\Setup::parseRouteBefore( \\core\\base\\Event $event )",
  "level":4
}, 
{
  "time":"2018-05-06 08:45:44",
  "message":"MyCompany\\MyPluginName\\Setup::parseRouteAfter( \\core\\base\\Event $event )",
  "level":4
}, 
{
  "time":"2018-05-06 08:45:44",
  "message":"MyCompany\\MyPluginName\\Setup::handleRouteBefore( \\core\\base\\Event $event )",
  "level":4
}, 
{
  "time":"2018-05-06 08:45:44",
  "message":"MyCompany\\MyPluginName\\Setup::handleRouteAfter( \\core\\base\\Event $event )",
  "level":4
}, 
{
  "time":"2018-05-06 08:45:54",
  "message":"MyCompany\\MyPluginName\\Setup::parseRouteBefore( \\core\\base\\Event $event )",
  "level":4
}, 
{
  "time":"2018-05-06 08:45:54",
  "message":"MyCompany\\MyPluginName\\Setup::parseRouteAfter( \\core\\base\\Event $event )",
  "level":4
}, 
{
  "time":"2018-05-06 08:45:54",
  "message":"MyCompany\\MyPluginName\\Setup::handleRouteBefore( \\core\\base\\Event $event )",
  "level":4
}, 
{
  "time":"2018-05-06 08:45:54",
  "message":"MyCompany\\MyPluginName\\Setup::handleRouteAfter( \\core\\base\\Event $event )",
  "level":4
}, 
{
  "time":"2018-05-06 08:45:54",
  "message":"MyCompany\\MyPluginName\\Setup::parseRouteBefore( \\core\\base\\Event $event )",
  "level":4
}, 
{
  "time":"2018-05-06 08:45:54",
  "message":"MyCompany\\MyPluginName\\Setup::parseRouteAfter( \\core\\base\\Event $event )",
  "level":4
}, 
{
  "time":"2018-05-06 08:45:54",
  "message":"MyCompany\\MyPluginName\\Setup::handleRouteBefore( \\core\\base\\Event $event )",
  "level":4
}, 
{
  "time":"2018-05-06 08:45:54",
  "message":"MyCompany\\MyPluginName\\Setup::handleRouteAfter( \\core\\base\\Event $event )",
  "level":4
}, 
{
  "time":"2018-05-06 08:46:21",
  "message":"MyCompany\\MyPluginName\\Setup::parseRouteBefore( \\core\\base\\Event $event )",
  "level":4
}, 
{
  "time":"2018-05-06 08:46:21",
  "message":"MyCompany\\MyPluginName\\Setup::handleRouteBefore( \\core\\base\\Event $event )",
  "level":4
}, 
{
  "time":"2018-05-06 08:46:21",
  "message":"MyCompany\\MyPluginName\\Setup::handleRouteAfter( \\core\\base\\Event $event )",
  "level":4
}, 
{
  "time":"2018-05-06 08:46:21",
  "message":"MyCompany\\MyPluginName\\Setup::parseRouteBefore( \\core\\base\\Event $event )",
  "level":4
}, 
{
  "time":"2018-05-06 08:46:21",
  "message":"MyCompany\\MyPluginName\\Setup::parseRouteAfter( \\core\\base\\Event $event )",
  "level":4
}, 
{
  "time":"2018-05-06 08:46:21",
  "message":"MyCompany\\MyPluginName\\Setup::handleRouteBefore( \\core\\base\\Event $event )",
  "level":4
}, 
{
  "time":"2018-05-06 08:46:21",
  "message":"MyCompany\\MyPluginName\\Setup::handleRouteAfter( \\core\\base\\Event $event )",
  "level":4
}, 
{
  "time":"2018-05-06 08:46:29",
  "message":"MyCompany\\MyPluginName\\Setup::parseRouteBefore( \\core\\base\\Event $event )",
  "level":4
}, 
{
  "time":"2018-05-06 08:46:29",
  "message":"MyCompany\\MyPluginName\\Setup::handleRouteBefore( \\core\\base\\Event $event )",
  "level":4
}, 
{
  "time":"2018-05-06 08:46:29",
  "message":"MyCompany\\MyPluginName\\Setup::handleRouteAfter( \\core\\base\\Event $event )",
  "level":4
}, 
{
  "time":"2018-05-06 08:46:29",
  "message":"MyCompany\\MyPluginName\\Setup::parseRouteBefore( \\core\\base\\Event $event )",
  "level":4
}, 
{
  "time":"2018-05-06 08:46:29",
  "message":"MyCompany\\MyPluginName\\Setup::parseRouteAfter( \\core\\base\\Event $event )",
  "level":4
}, 
{
  "time":"2018-05-06 08:46:29",
  "message":"MyCompany\\MyPluginName\\Setup::handleRouteBefore( \\core\\base\\Event $event )",
  "level":4
}, 
{
  "time":"2018-05-06 08:46:29",
  "message":"MyCompany\\MyPluginName\\Setup::handleRouteAfter( \\core\\base\\Event $event )",
  "level":4
}, 
{
  "time":"2018-05-06 08:46:38",
  "message":"MyCompany\\MyPluginName\\Setup::parseRouteBefore( \\core\\base\\Event $event )",
  "level":4
}, 
{
  "time":"2018-05-06 08:46:38",
  "message":"MyCompany\\MyPluginName\\Setup::parseRouteAfter( \\core\\base\\Event $event )",
  "level":4
}, 
{
  "time":"2018-05-06 08:46:38",
  "message":"MyCompany\\MyPluginName\\Setup::handleRouteBefore( \\core\\base\\Event $event )",
  "level":4
}, 
{
  "time":"2018-05-06 08:46:38",
  "message":"MyCompany\\MyPluginName\\Setup::handleRouteAfter( \\core\\base\\Event $event )",
  "level":4
}, 
{
  "time":"2018-05-06 08:46:39",
  "message":"MyCompany\\MyPluginName\\Setup::parseRouteBefore( \\core\\base\\Event $event )",
  "level":4
}, 
{
  "time":"2018-05-06 08:46:39",
  "message":"MyCompany\\MyPluginName\\Setup::parseRouteAfter( \\core\\base\\Event $event )",
  "level":4
}, 
{
  "time":"2018-05-06 08:46:39",
  "message":"MyCompany\\MyPluginName\\Setup::handleRouteBefore( \\core\\base\\Event $event )",
  "level":4
}, 
{
  "time":"2018-05-06 08:46:39",
  "message":"MyCompany\\MyPluginName\\Setup::handleRouteAfter( \\core\\base\\Event $event )",
  "level":4
}, 
{
  "time":"2018-05-06 08:46:39",
  "message":"MyCompany\\MyPluginName\\Setup::parseRouteBefore( \\core\\base\\Event $event )",
  "level":4
}, 
{
  "time":"2018-05-06 08:46:39",
  "message":"MyCompany\\MyPluginName\\Setup::parseRouteAfter( \\core\\base\\Event $event )",
  "level":4
}, 
{
  "time":"2018-05-06 08:46:39",
  "message":"MyCompany\\MyPluginName\\Setup::handleRouteBefore( \\core\\base\\Event $event )",
  "level":4
}, 
{
  "time":"2018-05-06 08:46:39",
  "message":"MyCompany\\MyPluginName\\Setup::handleRouteAfter( \\core\\base\\Event $event )",
  "level":4
}, 
{
  "time":"2018-05-06 08:46:41",
  "message":"MyCompany\\MyPluginName\\Setup::parseRouteBefore( \\core\\base\\Event $event )",
  "level":4
}, 
{
  "time":"2018-05-06 08:46:41",
  "message":"MyCompany\\MyPluginName\\Setup::parseRouteAfter( \\core\\base\\Event $event )",
  "level":4
}, 
{
  "time":"2018-05-06 08:46:41",
  "message":"MyCompany\\MyPluginName\\Setup::handleRouteBefore( \\core\\base\\Event $event )",
  "level":4
}, 
{
  "time":"2018-05-06 08:46:41",
  "message":"MyCompany\\MyPluginName\\Setup::handleRouteAfter( \\core\\base\\Event $event )",
  "level":4
}, 
{
  "time":"2018-05-06 08:46:41",
  "message":"MyCompany\\MyPluginName\\Setup::parseRouteBefore( \\core\\base\\Event $event )",
  "level":4
}, 
{
  "time":"2018-05-06 08:46:41",
  "message":"MyCompany\\MyPluginName\\Setup::parseRouteAfter( \\core\\base\\Event $event )",
  "level":4
}, 
{
  "time":"2018-05-06 08:46:41",
  "message":"MyCompany\\MyPluginName\\Setup::handleRouteBefore( \\core\\base\\Event $event )",
  "level":4
}, 
{
  "time":"2018-05-06 08:46:41",
  "message":"MyCompany\\MyPluginName\\Setup::handleRouteAfter( \\core\\base\\Event $event )",
  "level":4
}, 
{
  "time":"2018-05-06 08:46:42",
  "message":"MyCompany\\MyPluginName\\Setup::parseRouteBefore( \\core\\base\\Event $event )",
  "level":4
}, 
{
  "time":"2018-05-06 08:46:42",
  "message":"MyCompany\\MyPluginName\\Setup::parseRouteAfter( \\core\\base\\Event $event )",
  "level":4
}, 
{
  "time":"2018-05-06 08:46:42",
  "message":"MyCompany\\MyPluginName\\Setup::handleRouteBefore( \\core\\base\\Event $event )",
  "level":4
}, 
{
  "time":"2018-05-06 08:46:42",
  "message":"MyCompany\\MyPluginName\\Setup::handleRouteAfter( \\core\\base\\Event $event )",
  "level":4
}, 
{
  "time":"2018-05-06 08:46:43",
  "message":"MyCompany\\MyPluginName\\Setup::parseRouteBefore( \\core\\base\\Event $event )",
  "level":4
}, 
{
  "time":"2018-05-06 08:46:43",
  "message":"MyCompany\\MyPluginName\\Setup::handleRouteBefore( \\core\\base\\Event $event )",
  "level":4
}, 
{
  "time":"2018-05-06 08:46:43",
  "message":"MyCompany\\MyPluginName\\Setup::handleRouteAfter( \\core\\base\\Event $event )",
  "level":4
}, 
{
  "time":"2018-05-06 08:46:44",
  "message":"MyCompany\\MyPluginName\\Setup::parseRouteBefore( \\core\\base\\Event $event )",
  "level":4
}, 
{
  "time":"2018-05-06 08:46:44",
  "message":"MyCompany\\MyPluginName\\Setup::parseRouteAfter( \\core\\base\\Event $event )",
  "level":4
}, 
{
  "time":"2018-05-06 08:46:44",
  "message":"MyCompany\\MyPluginName\\Setup::handleRouteBefore( \\core\\base\\Event $event )",
  "level":4
}, 
{
  "time":"2018-05-06 08:46:44",
  "message":"MyCompany\\MyPluginName\\Setup::handleRouteAfter( \\core\\base\\Event $event )",
  "level":4
}, 
{
  "time":"2018-05-06 08:46:47",
  "message":"MyCompany\\MyPluginName\\Setup::parseRouteBefore( \\core\\base\\Event $event )",
  "level":4
}, 
{
  "time":"2018-05-06 08:46:47",
  "message":"MyCompany\\MyPluginName\\Setup::parseRouteAfter( \\core\\base\\Event $event )",
  "level":4
}, 
{
  "time":"2018-05-06 08:46:47",
  "message":"MyCompany\\MyPluginName\\Setup::handleRouteBefore( \\core\\base\\Event $event )",
  "level":4
}, 
{
  "time":"2018-05-06 08:46:47",
  "message":"MyCompany\\MyPluginName\\Setup::handleRouteAfter( \\core\\base\\Event $event )",
  "level":4
}, 
{
  "time":"2018-05-06 08:46:57",
  "message":"MyCompany\\MyPluginName\\Setup::parseRouteBefore( \\core\\base\\Event $event )",
  "level":4
}, 
{
  "time":"2018-05-06 08:46:57",
  "message":"MyCompany\\MyPluginName\\Setup::parseRouteAfter( \\core\\base\\Event $event )",
  "level":4
}, 
{
  "time":"2018-05-06 08:46:57",
  "message":"MyCompany\\MyPluginName\\Setup::handleRouteBefore( \\core\\base\\Event $event )",
  "level":4
}, 
{
  "time":"2018-05-06 08:46:57",
  "message":"MyCompany\\MyPluginName\\Setup::handleRouteAfter( \\core\\base\\Event $event )",
  "level":4
}, 
{
  "time":"2018-05-06 08:46:57",
  "message":"MyCompany\\MyPluginName\\Setup::parseRouteBefore( \\core\\base\\Event $event )",
  "level":4
}, 
{
  "time":"2018-05-06 08:46:57",
  "message":"MyCompany\\MyPluginName\\Setup::parseRouteAfter( \\core\\base\\Event $event )",
  "level":4
}, 
{
  "time":"2018-05-06 08:46:57",
  "message":"MyCompany\\MyPluginName\\Setup::handleRouteBefore( \\core\\base\\Event $event )",
  "level":4
}, 
{
  "time":"2018-05-06 08:46:57",
  "message":"MyCompany\\MyPluginName\\Setup::handleRouteAfter( \\core\\base\\Event $event )",
  "level":4
}, 
{
  "time":"2018-05-06 08:46:59",
  "message":"MyCompany\\MyPluginName\\Setup::parseRouteBefore( \\core\\base\\Event $event )",
  "level":4
}, 
{
  "time":"2018-05-06 08:46:59",
  "message":"MyCompany\\MyPluginName\\Setup::handleRouteBefore( \\core\\base\\Event $event )",
  "level":4
}, 
{
  "time":"2018-05-06 08:46:59",
  "message":"MyCompany\\MyPluginName\\Setup::handleRouteAfter( \\core\\base\\Event $event )",
  "level":4
}, 
{
  "time":"2018-05-06 08:46:59",
  "message":"MyCompany\\MyPluginName\\Setup::parseRouteBefore( \\core\\base\\Event $event )",
  "level":4
}, 
{
  "time":"2018-05-06 08:46:59",
  "message":"MyCompany\\MyPluginName\\Setup::parseRouteAfter( \\core\\base\\Event $event )",
  "level":4
}, 
{
  "time":"2018-05-06 08:46:59",
  "message":"MyCompany\\MyPluginName\\Setup::handleRouteBefore( \\core\\base\\Event $event )",
  "level":4
}, 
{
  "time":"2018-05-06 08:46:59",
  "message":"MyCompany\\MyPluginName\\Setup::handleRouteAfter( \\core\\base\\Event $event )",
  "level":4
}, 
{
  "time":"2018-05-06 08:47:01",
  "message":"MyCompany\\MyPluginName\\Setup::parseRouteBefore( \\core\\base\\Event $event )",
  "level":4
}, 
{
  "time":"2018-05-06 08:47:01",
  "message":"MyCompany\\MyPluginName\\Setup::handleRouteBefore( \\core\\base\\Event $event )",
  "level":4
}, 
{
  "time":"2018-05-06 08:47:01",
  "message":"MyCompany\\MyPluginName\\Setup::handleRouteAfter( \\core\\base\\Event $event )",
  "level":4
}, 
{
  "time":"2018-05-06 08:47:01",
  "message":"MyCompany\\MyPluginName\\Setup::parseRouteBefore( \\core\\base\\Event $event )",
  "level":4
}, 
{
  "time":"2018-05-06 08:47:01",
  "message":"MyCompany\\MyPluginName\\Setup::parseRouteAfter( \\core\\base\\Event $event )",
  "level":4
}, 
{
  "time":"2018-05-06 08:47:01",
  "message":"MyCompany\\MyPluginName\\Setup::handleRouteBefore( \\core\\base\\Event $event )",
  "level":4
}, 
{
  "time":"2018-05-06 08:47:01",
  "message":"MyCompany\\MyPluginName\\Setup::handleRouteAfter( \\core\\base\\Event $event )",
  "level":4
}, 
{
  "time":"2018-05-06 08:47:03",
  "message":"MyCompany\\MyPluginName\\Setup::parseRouteBefore( \\core\\base\\Event $event )",
  "level":4
}, 
{
  "time":"2018-05-06 08:47:03",
  "message":"MyCompany\\MyPluginName\\Setup::handleRouteBefore( \\core\\base\\Event $event )",
  "level":4
}, 
{
  "time":"2018-05-06 08:47:03",
  "message":"MyCompany\\MyPluginName\\Setup::handleRouteAfter( \\core\\base\\Event $event )",
  "level":4
}, 
{
  "time":"2018-05-06 08:47:03",
  "message":"MyCompany\\MyPluginName\\Setup::parseRouteBefore( \\core\\base\\Event $event )",
  "level":4
}, 
{
  "time":"2018-05-06 08:47:03",
  "message":"MyCompany\\MyPluginName\\Setup::parseRouteAfter( \\core\\base\\Event $event )",
  "level":4
}, 
{
  "time":"2018-05-06 08:47:03",
  "message":"MyCompany\\MyPluginName\\Setup::handleRouteBefore( \\core\\base\\Event $event )",
  "level":4
}, 
{
  "time":"2018-05-06 08:47:03",
  "message":"MyCompany\\MyPluginName\\Setup::handleRouteAfter( \\core\\base\\Event $event )",
  "level":4
}, 
{
  "time":"2018-05-06 08:47:05",
  "message":"MyCompany\\MyPluginName\\Setup::parseRouteBefore( \\core\\base\\Event $event )",
  "level":4
}, 
{
  "time":"2018-05-06 08:47:05",
  "message":"MyCompany\\MyPluginName\\Setup::handleRouteBefore( \\core\\base\\Event $event )",
  "level":4
}, 
{
  "time":"2018-05-06 08:47:05",
  "message":"MyCompany\\MyPluginName\\Setup::handleRouteAfter( \\core\\base\\Event $event )",
  "level":4
}, 
{
  "time":"2018-05-06 08:47:05",
  "message":"MyCompany\\MyPluginName\\Setup::parseRouteBefore( \\core\\base\\Event $event )",
  "level":4
}, 
{
  "time":"2018-05-06 08:47:05",
  "message":"MyCompany\\MyPluginName\\Setup::parseRouteAfter( \\core\\base\\Event $event )",
  "level":4
}, 
{
  "time":"2018-05-06 08:47:05",
  "message":"MyCompany\\MyPluginName\\Setup::handleRouteBefore( \\core\\base\\Event $event )",
  "level":4
}, 
{
  "time":"2018-05-06 08:47:05",
  "message":"MyCompany\\MyPluginName\\Setup::handleRouteAfter( \\core\\base\\Event $event )",
  "level":4
}, 
{
  "time":"2018-05-06 08:47:07",
  "message":"MyCompany\\MyPluginName\\Setup::parseRouteBefore( \\core\\base\\Event $event )",
  "level":4
}, 
{
  "time":"2018-05-06 08:47:07",
  "message":"MyCompany\\MyPluginName\\Setup::handleRouteBefore( \\core\\base\\Event $event )",
  "level":4
}, 
{
  "time":"2018-05-06 08:47:07",
  "message":"MyCompany\\MyPluginName\\Setup::handleRouteAfter( \\core\\base\\Event $event )",
  "level":4
}, 
{
  "time":"2018-05-06 08:47:07",
  "message":"MyCompany\\MyPluginName\\Setup::parseRouteBefore( \\core\\base\\Event $event )",
  "level":4
}, 
{
  "time":"2018-05-06 08:47:07",
  "message":"MyCompany\\MyPluginName\\Setup::parseRouteAfter( \\core\\base\\Event $event )",
  "level":4
}, 
{
  "time":"2018-05-06 08:47:07",
  "message":"MyCompany\\MyPluginName\\Setup::handleRouteBefore( \\core\\base\\Event $event )",
  "level":4
}, 
{
  "time":"2018-05-06 08:47:07",
  "message":"MyCompany\\MyPluginName\\Setup::handleRouteAfter( \\core\\base\\Event $event )",
  "level":4
}, 
{
  "time":"2018-05-06 08:47:09",
  "message":"MyCompany\\MyPluginName\\Setup::parseRouteBefore( \\core\\base\\Event $event )",
  "level":4
}, 
{
  "time":"2018-05-06 08:47:09",
  "message":"MyCompany\\MyPluginName\\Setup::parseRouteAfter( \\core\\base\\Event $event )",
  "level":4
}, 
{
  "time":"2018-05-06 08:47:09",
  "message":"MyCompany\\MyPluginName\\Setup::handleRouteBefore( \\core\\base\\Event $event )",
  "level":4
}, 
{
  "time":"2018-05-06 08:47:09",
  "message":"MyCompany\\MyPluginName\\Setup::handleRouteAfter( \\core\\base\\Event $event )",
  "level":4
}, 
{
  "time":"2018-05-06 08:47:09",
  "message":"MyCompany\\MyPluginName\\Setup::parseRouteBefore( \\core\\base\\Event $event )",
  "level":4
}, 
{
  "time":"2018-05-06 08:47:09",
  "message":"MyCompany\\MyPluginName\\Setup::parseRouteAfter( \\core\\base\\Event $event )",
  "level":4
}, 
{
  "time":"2018-05-06 08:47:09",
  "message":"MyCompany\\MyPluginName\\Setup::handleRouteBefore( \\core\\base\\Event $event )",
  "level":4
}, 
{
  "time":"2018-05-06 08:47:09",
  "message":"MyCompany\\MyPluginName\\Setup::handleRouteAfter( \\core\\base\\Event $event )",
  "level":4
}, 
{
  "time":"2018-05-06 08:47:10",
  "message":"MyCompany\\MyPluginName\\Setup::parseRouteBefore( \\core\\base\\Event $event )",
  "level":4
}, 
{
  "time":"2018-05-06 08:47:10",
  "message":"MyCompany\\MyPluginName\\Setup::parseRouteAfter( \\core\\base\\Event $event )",
  "level":4
}, 
{
  "time":"2018-05-06 08:47:10",
  "message":"MyCompany\\MyPluginName\\Setup::handleRouteBefore( \\core\\base\\Event $event )",
  "level":4
}, 
{
  "time":"2018-05-06 08:47:10",
  "message":"MyCompany\\MyPluginName\\Setup::handleRouteAfter( \\core\\base\\Event $event )",
  "level":4
}, 
{
  "time":"2018-05-06 08:47:15",
  "message":"MyCompany\\MyPluginName\\Setup::parseRouteBefore( \\core\\base\\Event $event )",
  "level":4
}, 
{
  "time":"2018-05-06 08:47:15",
  "message":"MyCompany\\MyPluginName\\Setup::handleRouteBefore( \\core\\base\\Event $event )",
  "level":4
}, 
{
  "time":"2018-05-06 08:47:15",
  "message":"MyCompany\\MyPluginName\\Setup::handleRouteAfter( \\core\\base\\Event $event )",
  "level":4
}, 
{
  "time":"2018-05-06 08:47:15",
  "message":"MyCompany\\MyPluginName\\Setup::parseRouteBefore( \\core\\base\\Event $event )",
  "level":4
}, 
{
  "time":"2018-05-06 08:47:15",
  "message":"MyCompany\\MyPluginName\\Setup::parseRouteAfter( \\core\\base\\Event $event )",
  "level":4
}, 
{
  "time":"2018-05-06 08:47:15",
  "message":"MyCompany\\MyPluginName\\Setup::handleRouteBefore( \\core\\base\\Event $event )",
  "level":4
}, 
{
  "time":"2018-05-06 08:47:15",
  "message":"MyCompany\\MyPluginName\\Setup::handleRouteAfter( \\core\\base\\Event $event )",
  "level":4
}, 
{
  "time":"2018-05-06 08:47:17",
  "message":"MyCompany\\MyPluginName\\Setup::parseRouteBefore( \\core\\base\\Event $event )",
  "level":4
}, 
{
  "time":"2018-05-06 08:47:17",
  "message":"MyCompany\\MyPluginName\\Setup::parseRouteAfter( \\core\\base\\Event $event )",
  "level":4
}, 
{
  "time":"2018-05-06 08:47:17",
  "message":"MyCompany\\MyPluginName\\Setup::handleRouteBefore( \\core\\base\\Event $event )",
  "level":4
}, 
{
  "time":"2018-05-06 08:47:17",
  "message":"MyCompany\\MyPluginName\\Setup::handleRouteAfter( \\core\\base\\Event $event )",
  "level":4
}, 
{
  "time":"2018-05-06 08:47:17",
  "message":"MyCompany\\MyPluginName\\Setup::parseRouteBefore( \\core\\base\\Event $event )",
  "level":4
}, 
{
  "time":"2018-05-06 08:47:17",
  "message":"MyCompany\\MyPluginName\\Setup::parseRouteAfter( \\core\\base\\Event $event )",
  "level":4
}, 
{
  "time":"2018-05-06 08:47:17",
  "message":"MyCompany\\MyPluginName\\Setup::handleRouteBefore( \\core\\base\\Event $event )",
  "level":4
}, 
{
  "time":"2018-05-06 08:47:17",
  "message":"MyCompany\\MyPluginName\\Setup::handleRouteAfter( \\core\\base\\Event $event )",
  "level":4
}, 
{
  "time":"2018-05-06 08:47:42",
  "message":"MyCompany\\MyPluginName\\Setup::parseRouteBefore( \\core\\base\\Event $event )",
  "level":4
}, 
{
  "time":"2018-05-06 08:47:42",
  "message":"MyCompany\\MyPluginName\\Setup::parseRouteAfter( \\core\\base\\Event $event )",
  "level":4
}, 
{
  "time":"2018-05-06 08:47:42",
  "message":"MyCompany\\MyPluginName\\Setup::handleRouteBefore( \\core\\base\\Event $event )",
  "level":4
}, 
{
  "time":"2018-05-06 08:47:42",
  "message":"MyCompany\\MyPluginName\\Setup::handleRouteAfter( \\core\\base\\Event $event )",
  "level":4
}, 
{
  "time":"2018-05-06 08:47:42",
  "message":"MyCompany\\MyPluginName\\Setup::parseRouteBefore( \\core\\base\\Event $event )",
  "level":4
}, 
{
  "time":"2018-05-06 08:47:42",
  "message":"MyCompany\\MyPluginName\\Setup::parseRouteAfter( \\core\\base\\Event $event )",
  "level":4
}, 
{
  "time":"2018-05-06 08:47:42",
  "message":"MyCompany\\MyPluginName\\Setup::handleRouteBefore( \\core\\base\\Event $event )",
  "level":4
}, 
{
  "time":"2018-05-06 08:47:42",
  "message":"MyCompany\\MyPluginName\\Setup::handleRouteAfter( \\core\\base\\Event $event )",
  "level":4
}, 
{
  "time":"2018-05-06 08:47:49",
  "message":"MyCompany\\MyPluginName\\Setup::parseRouteBefore( \\core\\base\\Event $event )",
  "level":4
}, 
{
  "time":"2018-05-06 08:47:50",
  "message":"MyCompany\\MyPluginName\\Setup::parseRouteBefore( \\core\\base\\Event $event )",
  "level":4
}, 
{
  "time":"2018-05-06 08:47:55",
  "message":"MyCompany\\MyPluginName\\Setup::parseRouteBefore( \\core\\base\\Event $event )",
  "level":4
}, 
{
  "time":"2018-05-06 08:47:55",
  "message":"MyCompany\\MyPluginName\\Setup::parseRouteAfter( \\core\\base\\Event $event )",
  "level":4
}, 
{
  "time":"2018-05-06 08:47:55",
  "message":"MyCompany\\MyPluginName\\Setup::handleRouteBefore( \\core\\base\\Event $event )",
  "level":4
}, 
{
  "time":"2018-05-06 08:47:55",
  "message":"MyCompany\\MyPluginName\\Setup::handleRouteAfter( \\core\\base\\Event $event )",
  "level":4
}, 
{
  "time":"2018-05-06 08:47:55",
  "message":"MyCompany\\MyPluginName\\Setup::parseRouteBefore( \\core\\base\\Event $event )",
  "level":4
}, 
{
  "time":"2018-05-06 08:47:55",
  "message":"MyCompany\\MyPluginName\\Setup::parseRouteAfter( \\core\\base\\Event $event )",
  "level":4
}, 
{
  "time":"2018-05-06 08:47:55",
  "message":"MyCompany\\MyPluginName\\Setup::handleRouteBefore( \\core\\base\\Event $event )",
  "level":4
}, 
{
  "time":"2018-05-06 08:47:55",
  "message":"MyCompany\\MyPluginName\\Setup::handleRouteAfter( \\core\\base\\Event $event )",
  "level":4
}, 
{
  "time":"2018-05-06 08:48:35",
  "message":"MyCompany\\MyPluginName\\Setup::parseRouteBefore( \\core\\base\\Event $event )",
  "level":4
}, 
{
  "time":"2018-05-06 08:48:35",
  "message":"MyCompany\\MyPluginName\\Setup::parseRouteAfter( \\core\\base\\Event $event )",
  "level":4
}, 
{
  "time":"2018-05-06 08:48:35",
  "message":"MyCompany\\MyPluginName\\Setup::parseRouteBefore( \\core\\base\\Event $event )",
  "level":4
}, 
{
  "time":"2018-05-06 08:48:35",
  "message":"MyCompany\\MyPluginName\\Setup::parseRouteAfter( \\core\\base\\Event $event )",
  "level":4
}, 
{
  "time":"2018-05-06 08:48:42",
  "message":"MyCompany\\MyPluginName\\Setup::parseRouteBefore( \\core\\base\\Event $event )",
  "level":4
}, 
{
  "time":"2018-05-06 08:48:42",
  "message":"MyCompany\\MyPluginName\\Setup::parseRouteAfter( \\core\\base\\Event $event )",
  "level":4
}, 
{
  "time":"2018-05-06 08:48:42",
  "message":"MyCompany\\MyPluginName\\Setup::parseRouteBefore( \\core\\base\\Event $event )",
  "level":4
}, 
{
  "time":"2018-05-06 08:48:42",
  "message":"MyCompany\\MyPluginName\\Setup::parseRouteAfter( \\core\\base\\Event $event )",
  "level":4
}, 
{
  "time":"2018-05-06 08:48:47",
  "message":"MyCompany\\MyPluginName\\Setup::parseRouteBefore( \\core\\base\\Event $event )",
  "level":4
}, 
{
  "time":"2018-05-06 08:48:47",
  "message":"MyCompany\\MyPluginName\\Setup::parseRouteAfter( \\core\\base\\Event $event )",
  "level":4
}, 
{
  "time":"2018-05-06 08:48:47",
  "message":"MyCompany\\MyPluginName\\Setup::parseRouteBefore( \\core\\base\\Event $event )",
  "level":4
}, 
{
  "time":"2018-05-06 08:48:47",
  "message":"MyCompany\\MyPluginName\\Setup::parseRouteAfter( \\core\\base\\Event $event )",
  "level":4
}, 
{
  "time":"2018-05-06 08:48:55",
  "message":"MyCompany\\MyPluginName\\Setup::parseRouteBefore( \\core\\base\\Event $event )",
  "level":4
}, 
{
  "time":"2018-05-06 08:48:55",
  "message":"MyCompany\\MyPluginName\\Setup::parseRouteAfter( \\core\\base\\Event $event )",
  "level":4
}, 
{
  "time":"2018-05-06 08:48:56",
  "message":"MyCompany\\MyPluginName\\Setup::parseRouteBefore( \\core\\base\\Event $event )",
  "level":4
}, 
{
  "time":"2018-05-06 08:48:56",
  "message":"MyCompany\\MyPluginName\\Setup::parseRouteAfter( \\core\\base\\Event $event )",
  "level":4
}, 
{
  "time":"2018-05-06 08:49:02",
  "message":"MyCompany\\MyPluginName\\Setup::parseRouteBefore( \\core\\base\\Event $event )",
  "level":4
}, 
{
  "time":"2018-05-06 08:49:02",
  "message":"MyCompany\\MyPluginName\\Setup::parseRouteAfter( \\core\\base\\Event $event )",
  "level":4
}, 
{
  "time":"2018-05-06 08:49:02",
  "message":"MyCompany\\MyPluginName\\Setup::parseRouteBefore( \\core\\base\\Event $event )",
  "level":4
}, 
{
  "time":"2018-05-06 08:49:02",
  "message":"MyCompany\\MyPluginName\\Setup::parseRouteAfter( \\core\\base\\Event $event )",
  "level":4
}, 
{
  "time":"2018-05-06 08:49:19",
  "message":"MyCompany\\MyPluginName\\Setup::parseRouteBefore( \\core\\base\\Event $event )",
  "level":4
}, 
{
  "time":"2018-05-06 08:49:19",
  "message":"MyCompany\\MyPluginName\\Setup::parseRouteAfter( \\core\\base\\Event $event )",
  "level":4
}, 
{
  "time":"2018-05-06 08:49:19",
  "message":"MyCompany\\MyPluginName\\Setup::handleRouteBefore( \\core\\base\\Event $event )",
  "level":4
}, 
{
  "time":"2018-05-06 08:49:19",
  "message":"MyCompany\\MyPluginName\\Setup::parseRouteBefore( \\core\\base\\Event $event )",
  "level":4
}, 
{
  "time":"2018-05-06 08:49:19",
  "message":"MyCompany\\MyPluginName\\Setup::parseRouteAfter( \\core\\base\\Event $event )",
  "level":4
}, 
{
  "time":"2018-05-06 08:49:19",
  "message":"MyCompany\\MyPluginName\\Setup::handleRouteBefore( \\core\\base\\Event $event )",
  "level":4
}, 
{
  "time":"2018-05-06 08:49:26",
  "message":"MyCompany\\MyPluginName\\Setup::parseRouteBefore( \\core\\base\\Event $event )",
  "level":4
}, 
{
  "time":"2018-05-06 08:49:26",
  "message":"MyCompany\\MyPluginName\\Setup::parseRouteAfter( \\core\\base\\Event $event )",
  "level":4
}, 
{
  "time":"2018-05-06 08:49:26",
  "message":"MyCompany\\MyPluginName\\Setup::handleRouteBefore( \\core\\base\\Event $event )",
  "level":4
}, 
{
  "time":"2018-05-06 08:49:26",
  "message":"MyCompany\\MyPluginName\\Setup::parseRouteBefore( \\core\\base\\Event $event )",
  "level":4
}, 
{
  "time":"2018-05-06 08:49:26",
  "message":"MyCompany\\MyPluginName\\Setup::parseRouteAfter( \\core\\base\\Event $event )",
  "level":4
}, 
{
  "time":"2018-05-06 08:49:26",
  "message":"MyCompany\\MyPluginName\\Setup::handleRouteBefore( \\core\\base\\Event $event )",
  "level":4
}, 
{
  "time":"2018-05-06 08:49:32",
  "message":"MyCompany\\MyPluginName\\Setup::parseRouteBefore( \\core\\base\\Event $event )",
  "level":4
}, 
{
  "time":"2018-05-06 08:49:32",
  "message":"MyCompany\\MyPluginName\\Setup::parseRouteAfter( \\core\\base\\Event $event )",
  "level":4
}, 
{
  "time":"2018-05-06 08:49:32",
  "message":"MyCompany\\MyPluginName\\Setup::handleRouteBefore( \\core\\base\\Event $event )",
  "level":4
}, 
{
  "time":"2018-05-06 08:49:32",
  "message":"MyCompany\\MyPluginName\\Setup::handleRouteAfter( \\core\\base\\Event $event )",
  "level":4
}, 
{
  "time":"2018-05-06 08:49:32",
  "message":"MyCompany\\MyPluginName\\Setup::parseRouteBefore( \\core\\base\\Event $event )",
  "level":4
}, 
{
  "time":"2018-05-06 08:49:32",
  "message":"MyCompany\\MyPluginName\\Setup::parseRouteAfter( \\core\\base\\Event $event )",
  "level":4
}, 
{
  "time":"2018-05-06 08:49:32",
  "message":"MyCompany\\MyPluginName\\Setup::handleRouteBefore( \\core\\base\\Event $event )",
  "level":4
}, 
{
  "time":"2018-05-06 08:49:32",
  "message":"MyCompany\\MyPluginName\\Setup::handleRouteAfter( \\core\\base\\Event $event )",
  "level":4
}, 
{
  "time":"2018-05-06 08:49:35",
  "message":"MyCompany\\MyPluginName\\Setup::parseRouteBefore( \\core\\base\\Event $event )",
  "level":4
}, 
{
  "time":"2018-05-06 08:49:35",
  "message":"MyCompany\\MyPluginName\\Setup::parseRouteAfter( \\core\\base\\Event $event )",
  "level":4
}, 
{
  "time":"2018-05-06 08:49:35",
  "message":"MyCompany\\MyPluginName\\Setup::handleRouteBefore( \\core\\base\\Event $event )",
  "level":4
}, 
{
  "time":"2018-05-06 08:49:35",
  "message":"MyCompany\\MyPluginName\\Setup::handleRouteAfter( \\core\\base\\Event $event )",
  "level":4
}, 
{
  "time":"2018-05-06 08:49:35",
  "message":"MyCompany\\MyPluginName\\Setup::parseRouteBefore( \\core\\base\\Event $event )",
  "level":4
}, 
{
  "time":"2018-05-06 08:49:35",
  "message":"MyCompany\\MyPluginName\\Setup::parseRouteAfter( \\core\\base\\Event $event )",
  "level":4
}, 
{
  "time":"2018-05-06 08:49:36",
  "message":"MyCompany\\MyPluginName\\Setup::handleRouteBefore( \\core\\base\\Event $event )",
  "level":4
}, 
{
  "time":"2018-05-06 08:49:36",
  "message":"MyCompany\\MyPluginName\\Setup::handleRouteAfter( \\core\\base\\Event $event )",
  "level":4
}, 
{
  "time":"2018-05-06 08:50:08",
  "message":"MyCompany\\MyPluginName\\Setup::parseRouteBefore( \\core\\base\\Event $event )",
  "level":4
}, 
{
  "time":"2018-05-06 08:50:08",
  "message":"MyCompany\\MyPluginName\\Setup::parseRouteAfter( \\core\\base\\Event $event )",
  "level":4
}, 
{
  "time":"2018-05-06 08:50:08",
  "message":"MyCompany\\MyPluginName\\Setup::handleRouteBefore( \\core\\base\\Event $event )",
  "level":4
}, 
{
  "time":"2018-05-06 08:50:08",
  "message":"MyCompany\\MyPluginName\\Setup::handleRouteAfter( \\core\\base\\Event $event )",
  "level":4
}, 
{
  "time":"2018-05-06 08:50:08",
  "message":"MyCompany\\MyPluginName\\Setup::parseRouteBefore( \\core\\base\\Event $event )",
  "level":4
}, 
{
  "time":"2018-05-06 08:50:08",
  "message":"MyCompany\\MyPluginName\\Setup::parseRouteAfter( \\core\\base\\Event $event )",
  "level":4
}, 
{
  "time":"2018-05-06 08:50:08",
  "message":"MyCompany\\MyPluginName\\Setup::handleRouteBefore( \\core\\base\\Event $event )",
  "level":4
}, 
{
  "time":"2018-05-06 08:50:08",
  "message":"MyCompany\\MyPluginName\\Setup::handleRouteAfter( \\core\\base\\Event $event )",
  "level":4
}, 
{
  "time":"2018-05-06 08:50:19",
  "message":"MyCompany\\MyPluginName\\Setup::parseRouteBefore( \\core\\base\\Event $event )",
  "level":4
}, 
{
  "time":"2018-05-06 08:50:19",
  "message":"MyCompany\\MyPluginName\\Setup::parseRouteAfter( \\core\\base\\Event $event )",
  "level":4
}, 
{
  "time":"2018-05-06 08:50:19",
  "message":"MyCompany\\MyPluginName\\Setup::handleRouteBefore( \\core\\base\\Event $event )",
  "level":4
}, 
{
  "time":"2018-05-06 08:50:19",
  "message":"MyCompany\\MyPluginName\\Setup::handleRouteAfter( \\core\\base\\Event $event )",
  "level":4
}, 
{
  "time":"2018-05-06 08:50:19",
  "message":"MyCompany\\MyPluginName\\Setup::parseRouteBefore( \\core\\base\\Event $event )",
  "level":4
}, 
{
  "time":"2018-05-06 08:50:19",
  "message":"MyCompany\\MyPluginName\\Setup::parseRouteAfter( \\core\\base\\Event $event )",
  "level":4
}, 
{
  "time":"2018-05-06 08:50:19",
  "message":"MyCompany\\MyPluginName\\Setup::handleRouteBefore( \\core\\base\\Event $event )",
  "level":4
}, 
{
  "time":"2018-05-06 08:50:19",
  "message":"MyCompany\\MyPluginName\\Setup::handleRouteAfter( \\core\\base\\Event $event )",
  "level":4
}, 
{
  "time":"2018-05-06 08:50:28",
  "message":"MyCompany\\MyPluginName\\Setup::parseRouteBefore( \\core\\base\\Event $event )",
  "level":4
}, 
{
  "time":"2018-05-06 08:50:28",
  "message":"MyCompany\\MyPluginName\\Setup::parseRouteAfter( \\core\\base\\Event $event )",
  "level":4
}, 
{
  "time":"2018-05-06 08:50:28",
  "message":"MyCompany\\MyPluginName\\Setup::handleRouteBefore( \\core\\base\\Event $event )",
  "level":4
}, 
{
  "time":"2018-05-06 08:50:28",
  "message":"MyCompany\\MyPluginName\\Setup::handleRouteAfter( \\core\\base\\Event $event )",
  "level":4
}, 
{
  "time":"2018-05-06 08:50:28",
  "message":"MyCompany\\MyPluginName\\Setup::parseRouteBefore( \\core\\base\\Event $event )",
  "level":4
}, 
{
  "time":"2018-05-06 08:50:28",
  "message":"MyCompany\\MyPluginName\\Setup::parseRouteAfter( \\core\\base\\Event $event )",
  "level":4
}, 
{
  "time":"2018-05-06 08:50:28",
  "message":"MyCompany\\MyPluginName\\Setup::handleRouteBefore( \\core\\base\\Event $event )",
  "level":4
}, 
{
  "time":"2018-05-06 08:50:28",
  "message":"MyCompany\\MyPluginName\\Setup::handleRouteAfter( \\core\\base\\Event $event )",
  "level":4
}, 
{
  "time":"2018-05-06 08:50:34",
  "message":"MyCompany\\MyPluginName\\Setup::parseRouteBefore( \\core\\base\\Event $event )",
  "level":4
}, 
{
  "time":"2018-05-06 08:50:34",
  "message":"MyCompany\\MyPluginName\\Setup::parseRouteAfter( \\core\\base\\Event $event )",
  "level":4
}, 
{
  "time":"2018-05-06 08:50:34",
  "message":"MyCompany\\MyPluginName\\Setup::handleRouteBefore( \\core\\base\\Event $event )",
  "level":4
}, 
{
  "time":"2018-05-06 08:50:34",
  "message":"MyCompany\\MyPluginName\\Setup::handleRouteAfter( \\core\\base\\Event $event )",
  "level":4
}, 
{
  "time":"2018-05-06 08:50:35",
  "message":"MyCompany\\MyPluginName\\Setup::parseRouteBefore( \\core\\base\\Event $event )",
  "level":4
}, 
{
  "time":"2018-05-06 08:50:35",
  "message":"MyCompany\\MyPluginName\\Setup::parseRouteAfter( \\core\\base\\Event $event )",
  "level":4
}, 
{
  "time":"2018-05-06 08:50:35",
  "message":"MyCompany\\MyPluginName\\Setup::handleRouteBefore( \\core\\base\\Event $event )",
  "level":4
}, 
{
  "time":"2018-05-06 08:50:35",
  "message":"MyCompany\\MyPluginName\\Setup::handleRouteAfter( \\core\\base\\Event $event )",
  "level":4
}, 
{
  "time":"2018-05-06 08:51:37",
  "message":"MyCompany\\MyPluginName\\Setup::parseRouteBefore( \\core\\base\\Event $event )",
  "level":4
}, 
{
  "time":"2018-05-06 08:51:37",
  "message":"MyCompany\\MyPluginName\\Setup::parseRouteBefore( \\core\\base\\Event $event )",
  "level":4
}, 
{
  "time":"2018-05-06 08:51:52",
  "message":"MyCompany\\MyPluginName\\Setup::parseRouteBefore( \\core\\base\\Event $event )",
  "level":4
}, 
{
  "time":"2018-05-06 08:51:52",
  "message":"MyCompany\\MyPluginName\\Setup::parseRouteAfter( \\core\\base\\Event $event )",
  "level":4
}, 
{
  "time":"2018-05-06 08:51:52",
  "message":"MyCompany\\MyPluginName\\Setup::handleRouteBefore( \\core\\base\\Event $event )",
  "level":4
}, 
{
  "time":"2018-05-06 08:51:52",
  "message":"MyCompany\\MyPluginName\\Setup::handleRouteAfter( \\core\\base\\Event $event )",
  "level":4
}, 
{
  "time":"2018-05-06 08:51:52",
  "message":"MyCompany\\MyPluginName\\Setup::parseRouteBefore( \\core\\base\\Event $event )",
  "level":4
}, 
{
  "time":"2018-05-06 08:51:52",
  "message":"MyCompany\\MyPluginName\\Setup::parseRouteAfter( \\core\\base\\Event $event )",
  "level":4
}, 
{
  "time":"2018-05-06 08:51:52",
  "message":"MyCompany\\MyPluginName\\Setup::handleRouteBefore( \\core\\base\\Event $event )",
  "level":4
}, 
{
  "time":"2018-05-06 08:51:52",
  "message":"MyCompany\\MyPluginName\\Setup::handleRouteAfter( \\core\\base\\Event $event )",
  "level":4
}, 
{
  "time":"2018-05-06 08:51:57",
  "message":"MyCompany\\MyPluginName\\Setup::parseRouteBefore( \\core\\base\\Event $event )",
  "level":4
}, 
{
  "time":"2018-05-06 08:51:57",
  "message":"MyCompany\\MyPluginName\\Setup::parseRouteAfter( \\core\\base\\Event $event )",
  "level":4
}, 
{
  "time":"2018-05-06 08:51:57",
  "message":"MyCompany\\MyPluginName\\Setup::handleRouteBefore( \\core\\base\\Event $event )",
  "level":4
}, 
{
  "time":"2018-05-06 08:51:57",
  "message":"MyCompany\\MyPluginName\\Setup::handleRouteAfter( \\core\\base\\Event $event )",
  "level":4
}, 
{
  "time":"2018-05-06 08:51:57",
  "message":"MyCompany\\MyPluginName\\Setup::parseRouteBefore( \\core\\base\\Event $event )",
  "level":4
}, 
{
  "time":"2018-05-06 08:51:57",
  "message":"MyCompany\\MyPluginName\\Setup::parseRouteAfter( \\core\\base\\Event $event )",
  "level":4
}, 
{
  "time":"2018-05-06 08:51:57",
  "message":"MyCompany\\MyPluginName\\Setup::handleRouteBefore( \\core\\base\\Event $event )",
  "level":4
}, 
{
  "time":"2018-05-06 08:51:57",
  "message":"MyCompany\\MyPluginName\\Setup::handleRouteAfter( \\core\\base\\Event $event )",
  "level":4
}, 
{
  "time":"2018-05-06 08:52:00",
  "message":"MyCompany\\MyPluginName\\Setup::parseRouteBefore( \\core\\base\\Event $event )",
  "level":4
}, 
{
  "time":"2018-05-06 08:52:00",
  "message":"MyCompany\\MyPluginName\\Setup::handleRouteBefore( \\core\\base\\Event $event )",
  "level":4
}, 
{
  "time":"2018-05-06 08:52:00",
  "message":"MyCompany\\MyPluginName\\Setup::handleRouteAfter( \\core\\base\\Event $event )",
  "level":4
}, 
{
  "time":"2018-05-06 08:52:00",
  "message":"MyCompany\\MyPluginName\\Setup::parseRouteBefore( \\core\\base\\Event $event )",
  "level":4
}, 
{
  "time":"2018-05-06 08:52:00",
  "message":"MyCompany\\MyPluginName\\Setup::parseRouteAfter( \\core\\base\\Event $event )",
  "level":4
}, 
{
  "time":"2018-05-06 08:52:00",
  "message":"MyCompany\\MyPluginName\\Setup::handleRouteBefore( \\core\\base\\Event $event )",
  "level":4
}, 
{
  "time":"2018-05-06 08:52:00",
  "message":"MyCompany\\MyPluginName\\Setup::handleRouteAfter( \\core\\base\\Event $event )",
  "level":4
}, 
{
  "time":"2018-05-06 08:52:02",
  "message":"MyCompany\\MyPluginName\\Setup::parseRouteBefore( \\core\\base\\Event $event )",
  "level":4
}, 
{
  "time":"2018-05-06 08:52:02",
  "message":"MyCompany\\MyPluginName\\Setup::handleRouteBefore( \\core\\base\\Event $event )",
  "level":4
}, 
{
  "time":"2018-05-06 08:52:02",
  "message":"MyCompany\\MyPluginName\\Setup::handleRouteAfter( \\core\\base\\Event $event )",
  "level":4
}, 
{
  "time":"2018-05-06 08:52:02",
  "message":"MyCompany\\MyPluginName\\Setup::parseRouteBefore( \\core\\base\\Event $event )",
  "level":4
}, 
{
  "time":"2018-05-06 08:52:02",
  "message":"MyCompany\\MyPluginName\\Setup::parseRouteAfter( \\core\\base\\Event $event )",
  "level":4
}, 
{
  "time":"2018-05-06 08:52:02",
  "message":"MyCompany\\MyPluginName\\Setup::handleRouteBefore( \\core\\base\\Event $event )",
  "level":4
}, 
{
  "time":"2018-05-06 08:52:02",
  "message":"MyCompany\\MyPluginName\\Setup::handleRouteAfter( \\core\\base\\Event $event )",
  "level":4
}, 
{
  "time":"2018-05-06 08:52:03",
  "message":"MyCompany\\MyPluginName\\Setup::parseRouteBefore( \\core\\base\\Event $event )",
  "level":4
}, 
{
  "time":"2018-05-06 08:52:03",
  "message":"MyCompany\\MyPluginName\\Setup::handleRouteBefore( \\core\\base\\Event $event )",
  "level":4
}, 
{
  "time":"2018-05-06 08:52:03",
  "message":"MyCompany\\MyPluginName\\Setup::handleRouteAfter( \\core\\base\\Event $event )",
  "level":4
}, 
{
  "time":"2018-05-06 08:52:04",
  "message":"MyCompany\\MyPluginName\\Setup::parseRouteBefore( \\core\\base\\Event $event )",
  "level":4
}, 
{
  "time":"2018-05-06 08:52:04",
  "message":"MyCompany\\MyPluginName\\Setup::parseRouteAfter( \\core\\base\\Event $event )",
  "level":4
}, 
{
  "time":"2018-05-06 08:52:04",
  "message":"MyCompany\\MyPluginName\\Setup::handleRouteBefore( \\core\\base\\Event $event )",
  "level":4
}, 
{
  "time":"2018-05-06 08:52:04",
  "message":"MyCompany\\MyPluginName\\Setup::handleRouteAfter( \\core\\base\\Event $event )",
  "level":4
}, 
{
  "time":"2018-05-06 08:52:05",
  "message":"MyCompany\\MyPluginName\\Setup::parseRouteBefore( \\core\\base\\Event $event )",
  "level":4
}, 
{
  "time":"2018-05-06 08:52:05",
  "message":"MyCompany\\MyPluginName\\Setup::handleRouteBefore( \\core\\base\\Event $event )",
  "level":4
}, 
{
  "time":"2018-05-06 08:52:05",
  "message":"MyCompany\\MyPluginName\\Setup::handleRouteAfter( \\core\\base\\Event $event )",
  "level":4
}, 
{
  "time":"2018-05-06 08:52:05",
  "message":"MyCompany\\MyPluginName\\Setup::parseRouteBefore( \\core\\base\\Event $event )",
  "level":4
}, 
{
  "time":"2018-05-06 08:52:05",
  "message":"MyCompany\\MyPluginName\\Setup::parseRouteAfter( \\core\\base\\Event $event )",
  "level":4
}, 
{
  "time":"2018-05-06 08:52:05",
  "message":"MyCompany\\MyPluginName\\Setup::handleRouteBefore( \\core\\base\\Event $event )",
  "level":4
}, 
{
  "time":"2018-05-06 08:52:05",
  "message":"MyCompany\\MyPluginName\\Setup::handleRouteAfter( \\core\\base\\Event $event )",
  "level":4
}, 
{
  "time":"2018-05-06 08:52:08",
  "message":"MyCompany\\MyPluginName\\Setup::parseRouteBefore( \\core\\base\\Event $event )",
  "level":4
}, 
{
  "time":"2018-05-06 08:52:08",
  "message":"MyCompany\\MyPluginName\\Setup::parseRouteAfter( \\core\\base\\Event $event )",
  "level":4
}, 
{
  "time":"2018-05-06 08:52:08",
  "message":"MyCompany\\MyPluginName\\Setup::handleRouteBefore( \\core\\base\\Event $event )",
  "level":4
}, 
{
  "time":"2018-05-06 08:52:08",
  "message":"MyCompany\\MyPluginName\\Setup::handleRouteAfter( \\core\\base\\Event $event )",
  "level":4
}, 
{
  "time":"2018-05-06 08:52:08",
  "message":"MyCompany\\MyPluginName\\Setup::parseRouteBefore( \\core\\base\\Event $event )",
  "level":4
}, 
{
  "time":"2018-05-06 08:52:08",
  "message":"MyCompany\\MyPluginName\\Setup::parseRouteAfter( \\core\\base\\Event $event )",
  "level":4
}, 
{
  "time":"2018-05-06 08:52:08",
  "message":"MyCompany\\MyPluginName\\Setup::handleRouteBefore( \\core\\base\\Event $event )",
  "level":4
}, 
{
  "time":"2018-05-06 08:52:08",
  "message":"MyCompany\\MyPluginName\\Setup::handleRouteAfter( \\core\\base\\Event $event )",
  "level":4
}, 
{
  "time":"2018-05-06 08:52:08",
  "message":"MyCompany\\MyPluginName\\Setup::parseRouteBefore( \\core\\base\\Event $event )",
  "level":4
}, 
{
  "time":"2018-05-06 08:52:08",
  "message":"MyCompany\\MyPluginName\\Setup::parseRouteAfter( \\core\\base\\Event $event )",
  "level":4
}, 
{
  "time":"2018-05-06 08:52:09",
  "message":"MyCompany\\MyPluginName\\Setup::handleRouteBefore( \\core\\base\\Event $event )",
  "level":4
}, 
{
  "time":"2018-05-06 08:52:09",
  "message":"MyCompany\\MyPluginName\\Setup::handleRouteAfter( \\core\\base\\Event $event )",
  "level":4
}, 
{
  "time":"2018-05-06 08:52:09",
  "message":"MyCompany\\MyPluginName\\Setup::parseRouteBefore( \\core\\base\\Event $event )",
  "level":4
}, 
{
  "time":"2018-05-06 08:52:10",
  "message":"MyCompany\\MyPluginName\\Setup::parseRouteAfter( \\core\\base\\Event $event )",
  "level":4
}, 
{
  "time":"2018-05-06 08:52:10",
  "message":"MyCompany\\MyPluginName\\Setup::handleRouteBefore( \\core\\base\\Event $event )",
  "level":4
}, 
{
  "time":"2018-05-06 08:52:10",
  "message":"MyCompany\\MyPluginName\\Setup::handleRouteAfter( \\core\\base\\Event $event )",
  "level":4
}, 
{
  "time":"2018-05-06 08:52:10",
  "message":"MyCompany\\MyPluginName\\Setup::parseRouteBefore( \\core\\base\\Event $event )",
  "level":4
}, 
{
  "time":"2018-05-06 08:52:10",
  "message":"MyCompany\\MyPluginName\\Setup::parseRouteAfter( \\core\\base\\Event $event )",
  "level":4
}, 
{
  "time":"2018-05-06 08:52:10",
  "message":"MyCompany\\MyPluginName\\Setup::handleRouteBefore( \\core\\base\\Event $event )",
  "level":4
}, 
{
  "time":"2018-05-06 08:52:10",
  "message":"MyCompany\\MyPluginName\\Setup::handleRouteAfter( \\core\\base\\Event $event )",
  "level":4
}, 
{
  "time":"2018-05-06 08:56:28",
  "message":"MyCompany\\MyPluginName\\Setup::parseRouteBefore( \\core\\base\\Event $event )",
  "level":4
}, 
{
  "time":"2018-05-06 08:56:28",
  "message":"MyCompany\\MyPluginName\\Setup::handleRouteBefore( \\core\\base\\Event $event )",
  "level":4
}, 
{
  "time":"2018-05-06 08:56:28",
  "message":"MyCompany\\MyPluginName\\Setup::handleRouteAfter( \\core\\base\\Event $event )",
  "level":4
}, 
{
  "time":"2018-05-06 08:56:28",
  "message":"MyCompany\\MyPluginName\\Setup::parseRouteBefore( \\core\\base\\Event $event )",
  "level":4
}, 
{
  "time":"2018-05-06 08:56:28",
  "message":"MyCompany\\MyPluginName\\Setup::parseRouteAfter( \\core\\base\\Event $event )",
  "level":4
}, 
{
  "time":"2018-05-06 08:56:28",
  "message":"MyCompany\\MyPluginName\\Setup::handleRouteBefore( \\core\\base\\Event $event )",
  "level":4
}, 
{
  "time":"2018-05-06 08:56:28",
  "message":"MyCompany\\MyPluginName\\Setup::handleRouteAfter( \\core\\base\\Event $event )",
  "level":4
}, 
{
  "time":"2018-05-06 08:57:20",
  "message":"MyCompany\\MyPluginName\\Setup::parseRouteBefore( \\core\\base\\Event $event )",
  "level":4
}, 
{
  "time":"2018-05-06 08:57:20",
  "message":"MyCompany\\MyPluginName\\Setup::handleRouteBefore( \\core\\base\\Event $event )",
  "level":4
}, 
{
  "time":"2018-05-06 08:57:20",
  "message":"MyCompany\\MyPluginName\\Setup::handleRouteAfter( \\core\\base\\Event $event )",
  "level":4
}, 
{
  "time":"2018-05-06 08:57:20",
  "message":"MyCompany\\MyPluginName\\Setup::parseRouteBefore( \\core\\base\\Event $event )",
  "level":4
}, 
{
  "time":"2018-05-06 08:57:20",
  "message":"MyCompany\\MyPluginName\\Setup::parseRouteAfter( \\core\\base\\Event $event )",
  "level":4
}, 
{
  "time":"2018-05-06 08:57:20",
  "message":"MyCompany\\MyPluginName\\Setup::handleRouteBefore( \\core\\base\\Event $event )",
  "level":4
}, 
{
  "time":"2018-05-06 08:57:20",
  "message":"MyCompany\\MyPluginName\\Setup::handleRouteAfter( \\core\\base\\Event $event )",
  "level":4
}, 
{
  "time":"2018-05-06 08:57:30",
  "message":"MyCompany\\MyPluginName\\Setup::parseRouteBefore( \\core\\base\\Event $event )",
  "level":4
}, 
{
  "time":"2018-05-06 08:57:30",
  "message":"MyCompany\\MyPluginName\\Setup::handleRouteBefore( \\core\\base\\Event $event )",
  "level":4
}, 
{
  "time":"2018-05-06 08:57:30",
  "message":"MyCompany\\MyPluginName\\Setup::handleRouteAfter( \\core\\base\\Event $event )",
  "level":4
}, 
{
  "time":"2018-05-06 08:57:30",
  "message":"MyCompany\\MyPluginName\\Setup::parseRouteBefore( \\core\\base\\Event $event )",
  "level":4
}, 
{
  "time":"2018-05-06 08:57:30",
  "message":"MyCompany\\MyPluginName\\Setup::parseRouteAfter( \\core\\base\\Event $event )",
  "level":4
}, 
{
  "time":"2018-05-06 08:57:30",
  "message":"MyCompany\\MyPluginName\\Setup::handleRouteBefore( \\core\\base\\Event $event )",
  "level":4
}, 
{
  "time":"2018-05-06 08:57:30",
  "message":"MyCompany\\MyPluginName\\Setup::handleRouteAfter( \\core\\base\\Event $event )",
  "level":4
}, 
{
  "time":"2018-05-06 08:58:42",
  "message":"MyCompany\\MyPluginName\\Setup::parseRouteBefore( \\core\\base\\Event $event )",
  "level":4
}, 
{
  "time":"2018-05-06 08:58:42",
  "message":"MyCompany\\MyPluginName\\Setup::handleRouteBefore( \\core\\base\\Event $event )",
  "level":4
}, 
{
  "time":"2018-05-06 08:58:42",
  "message":"MyCompany\\MyPluginName\\Setup::handleRouteAfter( \\core\\base\\Event $event )",
  "level":4
}, 
{
  "time":"2018-05-06 08:58:42",
  "message":"MyCompany\\MyPluginName\\Setup::parseRouteBefore( \\core\\base\\Event $event )",
  "level":4
}, 
{
  "time":"2018-05-06 08:58:42",
  "message":"MyCompany\\MyPluginName\\Setup::parseRouteAfter( \\core\\base\\Event $event )",
  "level":4
}, 
{
  "time":"2018-05-06 08:58:42",
  "message":"MyCompany\\MyPluginName\\Setup::handleRouteBefore( \\core\\base\\Event $event )",
  "level":4
}, 
{
  "time":"2018-05-06 08:58:42",
  "message":"MyCompany\\MyPluginName\\Setup::handleRouteAfter( \\core\\base\\Event $event )",
  "level":4
}, 
{
  "time":"2018-05-06 08:58:47",
  "message":"MyCompany\\MyPluginName\\Setup::parseRouteBefore( \\core\\base\\Event $event )",
  "level":4
}, 
{
  "time":"2018-05-06 08:58:47",
  "message":"MyCompany\\MyPluginName\\Setup::handleRouteBefore( \\core\\base\\Event $event )",
  "level":4
}, 
{
  "time":"2018-05-06 08:58:47",
  "message":"MyCompany\\MyPluginName\\Setup::handleRouteAfter( \\core\\base\\Event $event )",
  "level":4
}, 
{
  "time":"2018-05-06 08:58:47",
  "message":"MyCompany\\MyPluginName\\Setup::parseRouteBefore( \\core\\base\\Event $event )",
  "level":4
}, 
{
  "time":"2018-05-06 08:58:47",
  "message":"MyCompany\\MyPluginName\\Setup::parseRouteAfter( \\core\\base\\Event $event )",
  "level":4
}, 
{
  "time":"2018-05-06 08:58:47",
  "message":"MyCompany\\MyPluginName\\Setup::handleRouteBefore( \\core\\base\\Event $event )",
  "level":4
}, 
{
  "time":"2018-05-06 08:58:47",
  "message":"MyCompany\\MyPluginName\\Setup::handleRouteAfter( \\core\\base\\Event $event )",
  "level":4
}, 
{
  "time":"2018-05-06 08:58:54",
  "message":"MyCompany\\MyPluginName\\Setup::parseRouteBefore( \\core\\base\\Event $event )",
  "level":4
}, 
{
  "time":"2018-05-06 08:58:54",
  "message":"MyCompany\\MyPluginName\\Setup::handleRouteBefore( \\core\\base\\Event $event )",
  "level":4
}, 
{
  "time":"2018-05-06 08:58:54",
  "message":"MyCompany\\MyPluginName\\Setup::handleRouteAfter( \\core\\base\\Event $event )",
  "level":4
}, 
{
  "time":"2018-05-06 08:58:54",
  "message":"MyCompany\\MyPluginName\\Setup::parseRouteBefore( \\core\\base\\Event $event )",
  "level":4
}, 
{
  "time":"2018-05-06 08:58:54",
  "message":"MyCompany\\MyPluginName\\Setup::parseRouteAfter( \\core\\base\\Event $event )",
  "level":4
}, 
{
  "time":"2018-05-06 08:58:54",
  "message":"MyCompany\\MyPluginName\\Setup::handleRouteBefore( \\core\\base\\Event $event )",
  "level":4
}, 
{
  "time":"2018-05-06 08:58:54",
  "message":"MyCompany\\MyPluginName\\Setup::handleRouteAfter( \\core\\base\\Event $event )",
  "level":4
}, 
{
  "time":"2018-05-06 08:59:00",
  "message":"MyCompany\\MyPluginName\\Setup::parseRouteBefore( \\core\\base\\Event $event )",
  "level":4
}, 
{
  "time":"2018-05-06 08:59:00",
  "message":"MyCompany\\MyPluginName\\Setup::handleRouteBefore( \\core\\base\\Event $event )",
  "level":4
}, 
{
  "time":"2018-05-06 08:59:00",
  "message":"MyCompany\\MyPluginName\\Setup::handleRouteAfter( \\core\\base\\Event $event )",
  "level":4
}, 
{
  "time":"2018-05-06 08:59:00",
  "message":"MyCompany\\MyPluginName\\Setup::parseRouteBefore( \\core\\base\\Event $event )",
  "level":4
}, 
{
  "time":"2018-05-06 08:59:00",
  "message":"MyCompany\\MyPluginName\\Setup::parseRouteAfter( \\core\\base\\Event $event )",
  "level":4
}, 
{
  "time":"2018-05-06 08:59:00",
  "message":"MyCompany\\MyPluginName\\Setup::handleRouteBefore( \\core\\base\\Event $event )",
  "level":4
}, 
{
  "time":"2018-05-06 08:59:00",
  "message":"MyCompany\\MyPluginName\\Setup::handleRouteAfter( \\core\\base\\Event $event )",
  "level":4
}, 
{
  "time":"2018-05-06 09:00:04",
  "message":"MyCompany\\MyPluginName\\Setup::parseRouteBefore( \\core\\base\\Event $event )",
  "level":4
}, 
{
  "time":"2018-05-06 09:00:04",
  "message":"MyCompany\\MyPluginName\\Setup::handleRouteBefore( \\core\\base\\Event $event )",
  "level":4
}, 
{
  "time":"2018-05-06 09:00:04",
  "message":"MyCompany\\MyPluginName\\Setup::handleRouteAfter( \\core\\base\\Event $event )",
  "level":4
}, 
{
  "time":"2018-05-06 09:00:04",
  "message":"MyCompany\\MyPluginName\\Setup::parseRouteBefore( \\core\\base\\Event $event )",
  "level":4
}, 
{
  "time":"2018-05-06 09:00:04",
  "message":"MyCompany\\MyPluginName\\Setup::parseRouteAfter( \\core\\base\\Event $event )",
  "level":4
}, 
{
  "time":"2018-05-06 09:00:04",
  "message":"MyCompany\\MyPluginName\\Setup::handleRouteBefore( \\core\\base\\Event $event )",
  "level":4
}, 
