{
  "time":"2018-05-06 09:00:04",
  "message":"MyCompany\\MyPluginName\\Setup::handleRouteAfter( \\core\\base\\Event $event )",
  "level":4
}, 
{
  "time":"2018-05-06 09:00:09",
  "message":"MyCompany\\MyPluginName\\Setup::parseRouteBefore( \\core\\base\\Event $event )",
  "level":4
}, 
{
  "time":"2018-05-06 09:00:09",
  "message":"MyCompany\\MyPluginName\\Setup::handleRouteBefore( \\core\\base\\Event $event )",
  "level":4
}, 
{
  "time":"2018-05-06 09:00:09",
  "message":"MyCompany\\MyPluginName\\Setup::handleRouteAfter( \\core\\base\\Event $event )",
  "level":4
}, 
{
  "time":"2018-05-06 09:00:09",
  "message":"MyCompany\\MyPluginName\\Setup::parseRouteBefore( \\core\\base\\Event $event )",
  "level":4
}, 
{
  "time":"2018-05-06 09:00:09",
  "message":"MyCompany\\MyPluginName\\Setup::parseRouteAfter( \\core\\base\\Event $event )",
  "level":4
}, 
{
  "time":"2018-05-06 09:00:09",
  "message":"MyCompany\\MyPluginName\\Setup::handleRouteBefore( \\core\\base\\Event $event )",
  "level":4
}, 
{
  "time":"2018-05-06 09:00:09",
  "message":"MyCompany\\MyPluginName\\Setup::handleRouteAfter( \\core\\base\\Event $event )",
  "level":4
}, 
{
  "time":"2018-05-06 09:00:26",
  "message":"MyCompany\\MyPluginName\\Setup::parseRouteBefore( \\core\\base\\Event $event )",
  "level":4
}, 
{
  "time":"2018-05-06 09:00:26",
  "message":"MyCompany\\MyPluginName\\Setup::handleRouteBefore( \\core\\base\\Event $event )",
  "level":4
}, 
{
  "time":"2018-05-06 09:00:26",
  "message":"MyCompany\\MyPluginName\\Setup::handleRouteAfter( \\core\\base\\Event $event )",
  "level":4
}, 
{
  "time":"2018-05-06 09:00:26",
  "message":"MyCompany\\MyPluginName\\Setup::parseRouteBefore( \\core\\base\\Event $event )",
  "level":4
}, 
{
  "time":"2018-05-06 09:00:26",
  "message":"MyCompany\\MyPluginName\\Setup::parseRouteAfter( \\core\\base\\Event $event )",
  "level":4
}, 
{
  "time":"2018-05-06 09:00:26",
  "message":"MyCompany\\MyPluginName\\Setup::handleRouteBefore( \\core\\base\\Event $event )",
  "level":4
}, 
{
  "time":"2018-05-06 09:00:26",
  "message":"MyCompany\\MyPluginName\\Setup::handleRouteAfter( \\core\\base\\Event $event )",
  "level":4
}, 
{
  "time":"2018-05-06 09:00:32",
  "message":"MyCompany\\MyPluginName\\Setup::parseRouteBefore( \\core\\base\\Event $event )",
  "level":4
}, 
{
  "time":"2018-05-06 09:00:32",
  "message":"MyCompany\\MyPluginName\\Setup::handleRouteBefore( \\core\\base\\Event $event )",
  "level":4
}, 
{
  "time":"2018-05-06 09:00:32",
  "message":"MyCompany\\MyPluginName\\Setup::handleRouteAfter( \\core\\base\\Event $event )",
  "level":4
}, 
{
  "time":"2018-05-06 09:00:32",
  "message":"MyCompany\\MyPluginName\\Setup::parseRouteBefore( \\core\\base\\Event $event )",
  "level":4
}, 
{
  "time":"2018-05-06 09:00:32",
  "message":"MyCompany\\MyPluginName\\Setup::parseRouteAfter( \\core\\base\\Event $event )",
  "level":4
}, 
{
  "time":"2018-05-06 09:00:32",
  "message":"MyCompany\\MyPluginName\\Setup::handleRouteBefore( \\core\\base\\Event $event )",
  "level":4
}, 
{
  "time":"2018-05-06 09:00:32",
  "message":"MyCompany\\MyPluginName\\Setup::handleRouteAfter( \\core\\base\\Event $event )",
  "level":4
}, 
{
  "time":"2018-05-06 09:00:39",
  "message":"MyCompany\\MyPluginName\\Setup::parseRouteBefore( \\core\\base\\Event $event )",
  "level":4
}, 
{
  "time":"2018-05-06 09:00:39",
  "message":"MyCompany\\MyPluginName\\Setup::handleRouteBefore( \\core\\base\\Event $event )",
  "level":4
}, 
{
  "time":"2018-05-06 09:00:39",
  "message":"MyCompany\\MyPluginName\\Setup::handleRouteAfter( \\core\\base\\Event $event )",
  "level":4
}, 
{
  "time":"2018-05-06 09:00:39",
  "message":"MyCompany\\MyPluginName\\Setup::parseRouteBefore( \\core\\base\\Event $event )",
  "level":4
}, 
{
  "time":"2018-05-06 09:00:39",
  "message":"MyCompany\\MyPluginName\\Setup::parseRouteAfter( \\core\\base\\Event $event )",
  "level":4
}, 
{
  "time":"2018-05-06 09:00:39",
  "message":"MyCompany\\MyPluginName\\Setup::handleRouteBefore( \\core\\base\\Event $event )",
  "level":4
}, 
{
  "time":"2018-05-06 09:00:39",
  "message":"MyCompany\\MyPluginName\\Setup::handleRouteAfter( \\core\\base\\Event $event )",
  "level":4
}, 
{
  "time":"2018-05-06 09:00:49",
  "message":"MyCompany\\MyPluginName\\Setup::parseRouteBefore( \\core\\base\\Event $event )",
  "level":4
}, 
{
  "time":"2018-05-06 09:00:49",
  "message":"MyCompany\\MyPluginName\\Setup::handleRouteBefore( \\core\\base\\Event $event )",
  "level":4
}, 
{
  "time":"2018-05-06 09:00:49",
  "message":"MyCompany\\MyPluginName\\Setup::handleRouteAfter( \\core\\base\\Event $event )",
  "level":4
}, 
{
  "time":"2018-05-06 09:00:49",
  "message":"MyCompany\\MyPluginName\\Setup::parseRouteBefore( \\core\\base\\Event $event )",
  "level":4
}, 
{
  "time":"2018-05-06 09:00:49",
  "message":"MyCompany\\MyPluginName\\Setup::parseRouteAfter( \\core\\base\\Event $event )",
  "level":4
}, 
{
  "time":"2018-05-06 09:00:49",
  "message":"MyCompany\\MyPluginName\\Setup::handleRouteBefore( \\core\\base\\Event $event )",
  "level":4
}, 
{
  "time":"2018-05-06 09:00:49",
  "message":"MyCompany\\MyPluginName\\Setup::handleRouteAfter( \\core\\base\\Event $event )",
  "level":4
}, 
{
  "time":"2018-05-06 09:01:12",
  "message":"MyCompany\\MyPluginName\\Setup::parseRouteBefore( \\core\\base\\Event $event )",
  "level":4
}, 
{
  "time":"2018-05-06 09:01:12",
  "message":"MyCompany\\MyPluginName\\Setup::handleRouteBefore( \\core\\base\\Event $event )",
  "level":4
}, 
{
  "time":"2018-05-06 09:01:12",
  "message":"MyCompany\\MyPluginName\\Setup::handleRouteAfter( \\core\\base\\Event $event )",
  "level":4
}, 
{
  "time":"2018-05-06 09:01:12",
  "message":"MyCompany\\MyPluginName\\Setup::parseRouteBefore( \\core\\base\\Event $event )",
  "level":4
}, 
{
  "time":"2018-05-06 09:01:12",
  "message":"MyCompany\\MyPluginName\\Setup::parseRouteAfter( \\core\\base\\Event $event )",
  "level":4
}, 
{
  "time":"2018-05-06 09:01:12",
  "message":"MyCompany\\MyPluginName\\Setup::handleRouteBefore( \\core\\base\\Event $event )",
  "level":4
}, 
{
  "time":"2018-05-06 09:01:12",
  "message":"MyCompany\\MyPluginName\\Setup::handleRouteAfter( \\core\\base\\Event $event )",
  "level":4
}, 
{
  "time":"2018-05-06 09:01:17",
  "message":"MyCompany\\MyPluginName\\Setup::parseRouteBefore( \\core\\base\\Event $event )",
  "level":4
}, 
{
  "time":"2018-05-06 09:01:17",
  "message":"MyCompany\\MyPluginName\\Setup::handleRouteBefore( \\core\\base\\Event $event )",
  "level":4
}, 
{
  "time":"2018-05-06 09:01:17",
  "message":"MyCompany\\MyPluginName\\Setup::handleRouteAfter( \\core\\base\\Event $event )",
  "level":4
}, 
{
  "time":"2018-05-06 09:01:17",
  "message":"MyCompany\\MyPluginName\\Setup::parseRouteBefore( \\core\\base\\Event $event )",
  "level":4
}, 
{
  "time":"2018-05-06 09:01:17",
  "message":"MyCompany\\MyPluginName\\Setup::parseRouteAfter( \\core\\base\\Event $event )",
  "level":4
}, 
{
  "time":"2018-05-06 09:01:17",
  "message":"MyCompany\\MyPluginName\\Setup::handleRouteBefore( \\core\\base\\Event $event )",
  "level":4
}, 
{
  "time":"2018-05-06 09:01:17",
  "message":"MyCompany\\MyPluginName\\Setup::handleRouteAfter( \\core\\base\\Event $event )",
  "level":4
}, 
{
  "time":"2018-05-06 09:01:23",
  "message":"MyCompany\\MyPluginName\\Setup::parseRouteBefore( \\core\\base\\Event $event )",
  "level":4
}, 
{
  "time":"2018-05-06 09:01:23",
  "message":"MyCompany\\MyPluginName\\Setup::handleRouteBefore( \\core\\base\\Event $event )",
  "level":4
}, 
{
  "time":"2018-05-06 09:01:23",
  "message":"MyCompany\\MyPluginName\\Setup::handleRouteAfter( \\core\\base\\Event $event )",
  "level":4
}, 
{
  "time":"2018-05-06 09:01:24",
  "message":"MyCompany\\MyPluginName\\Setup::parseRouteBefore( \\core\\base\\Event $event )",
  "level":4
}, 
{
  "time":"2018-05-06 09:01:24",
  "message":"MyCompany\\MyPluginName\\Setup::parseRouteAfter( \\core\\base\\Event $event )",
  "level":4
}, 
{
  "time":"2018-05-06 09:01:24",
  "message":"MyCompany\\MyPluginName\\Setup::handleRouteBefore( \\core\\base\\Event $event )",
  "level":4
}, 
{
  "time":"2018-05-06 09:01:24",
  "message":"MyCompany\\MyPluginName\\Setup::handleRouteAfter( \\core\\base\\Event $event )",
  "level":4
}, 
{
  "time":"2018-05-06 09:02:11",
  "message":"MyCompany\\MyPluginName\\Setup::parseRouteBefore( \\core\\base\\Event $event )",
  "level":4
}, 
{
  "time":"2018-05-06 09:02:11",
  "message":"MyCompany\\MyPluginName\\Setup::handleRouteBefore( \\core\\base\\Event $event )",
  "level":4
}, 
{
  "time":"2018-05-06 09:02:11",
  "message":"MyCompany\\MyPluginName\\Setup::handleRouteAfter( \\core\\base\\Event $event )",
  "level":4
}, 
{
  "time":"2018-05-06 09:02:11",
  "message":"MyCompany\\MyPluginName\\Setup::parseRouteBefore( \\core\\base\\Event $event )",
  "level":4
}, 
{
  "time":"2018-05-06 09:02:11",
  "message":"MyCompany\\MyPluginName\\Setup::parseRouteAfter( \\core\\base\\Event $event )",
  "level":4
}, 
{
  "time":"2018-05-06 09:02:11",
  "message":"MyCompany\\MyPluginName\\Setup::handleRouteBefore( \\core\\base\\Event $event )",
  "level":4
}, 
{
  "time":"2018-05-06 09:02:11",
  "message":"MyCompany\\MyPluginName\\Setup::handleRouteAfter( \\core\\base\\Event $event )",
  "level":4
}, 
{
  "time":"2018-05-06 09:02:46",
  "message":"MyCompany\\MyPluginName\\Setup::parseRouteBefore( \\core\\base\\Event $event )",
  "level":4
}, 
{
  "time":"2018-05-06 09:02:46",
  "message":"MyCompany\\MyPluginName\\Setup::handleRouteBefore( \\core\\base\\Event $event )",
  "level":4
}, 
{
  "time":"2018-05-06 09:02:46",
  "message":"MyCompany\\MyPluginName\\Setup::handleRouteAfter( \\core\\base\\Event $event )",
  "level":4
}, 
{
  "time":"2018-05-06 09:02:46",
  "message":"MyCompany\\MyPluginName\\Setup::parseRouteBefore( \\core\\base\\Event $event )",
  "level":4
}, 
{
  "time":"2018-05-06 09:02:46",
  "message":"MyCompany\\MyPluginName\\Setup::parseRouteAfter( \\core\\base\\Event $event )",
  "level":4
}, 
{
  "time":"2018-05-06 09:02:46",
  "message":"MyCompany\\MyPluginName\\Setup::handleRouteBefore( \\core\\base\\Event $event )",
  "level":4
}, 
{
  "time":"2018-05-06 09:02:46",
  "message":"MyCompany\\MyPluginName\\Setup::handleRouteAfter( \\core\\base\\Event $event )",
  "level":4
}, 
{
  "time":"2018-05-06 09:04:51",
  "message":"MyCompany\\MyPluginName\\Setup::parseRouteBefore( \\core\\base\\Event $event )",
  "level":4
}, 
{
  "time":"2018-05-06 09:04:51",
  "message":"MyCompany\\MyPluginName\\Setup::handleRouteBefore( \\core\\base\\Event $event )",
  "level":4
}, 
{
  "time":"2018-05-06 09:04:51",
  "message":"MyCompany\\MyPluginName\\Setup::handleRouteAfter( \\core\\base\\Event $event )",
  "level":4
}, 
{
  "time":"2018-05-06 09:04:51",
  "message":"MyCompany\\MyPluginName\\Setup::parseRouteBefore( \\core\\base\\Event $event )",
  "level":4
}, 
{
  "time":"2018-05-06 09:04:51",
  "message":"MyCompany\\MyPluginName\\Setup::parseRouteAfter( \\core\\base\\Event $event )",
  "level":4
}, 
{
  "time":"2018-05-06 09:04:51",
  "message":"MyCompany\\MyPluginName\\Setup::handleRouteBefore( \\core\\base\\Event $event )",
  "level":4
}, 
{
  "time":"2018-05-06 09:04:51",
  "message":"MyCompany\\MyPluginName\\Setup::handleRouteAfter( \\core\\base\\Event $event )",
  "level":4
}, 
{
  "time":"2018-05-06 09:04:51",
  "message":"MyCompany\\MyPluginName\\Setup::parseRouteBefore( \\core\\base\\Event $event )",
  "level":4
}, 
{
  "time":"2018-05-06 09:04:51",
  "message":"MyCompany\\MyPluginName\\Setup::parseRouteAfter( \\core\\base\\Event $event )",
  "level":4
}, 
{
  "time":"2018-05-06 09:04:51",
  "message":"MyCompany\\MyPluginName\\Setup::handleRouteBefore( \\core\\base\\Event $event )",
  "level":4
}, 
{
  "time":"2018-05-06 09:04:51",
  "message":"MyCompany\\MyPluginName\\Setup::handleRouteAfter( \\core\\base\\Event $event )",
  "level":4
}, 
{
  "time":"2018-05-06 09:05:01",
  "message":"MyCompany\\MyPluginName\\Setup::parseRouteBefore( \\core\\base\\Event $event )",
  "level":4
}, 
{
  "time":"2018-05-06 09:05:01",
  "message":"MyCompany\\MyPluginName\\Setup::handleRouteBefore( \\core\\base\\Event $event )",
  "level":4
}, 
{
  "time":"2018-05-06 09:05:01",
  "message":"MyCompany\\MyPluginName\\Setup::handleRouteAfter( \\core\\base\\Event $event )",
  "level":4
}, 
{
  "time":"2018-05-06 09:05:01",
  "message":"MyCompany\\MyPluginName\\Setup::parseRouteBefore( \\core\\base\\Event $event )",
  "level":4
}, 
{
  "time":"2018-05-06 09:05:01",
  "message":"MyCompany\\MyPluginName\\Setup::parseRouteAfter( \\core\\base\\Event $event )",
  "level":4
}, 
{
  "time":"2018-05-06 09:05:01",
  "message":"MyCompany\\MyPluginName\\Setup::handleRouteBefore( \\core\\base\\Event $event )",
  "level":4
}, 
{
  "time":"2018-05-06 09:05:01",
  "message":"MyCompany\\MyPluginName\\Setup::handleRouteAfter( \\core\\base\\Event $event )",
  "level":4
}, 
{
  "time":"2018-05-06 09:05:01",
  "message":"MyCompany\\MyPluginName\\Setup::parseRouteBefore( \\core\\base\\Event $event )",
  "level":4
}, 
{
  "time":"2018-05-06 09:05:01",
  "message":"MyCompany\\MyPluginName\\Setup::parseRouteAfter( \\core\\base\\Event $event )",
  "level":4
}, 
{
  "time":"2018-05-06 09:05:01",
  "message":"MyCompany\\MyPluginName\\Setup::handleRouteBefore( \\core\\base\\Event $event )",
  "level":4
}, 
{
  "time":"2018-05-06 09:05:01",
  "message":"MyCompany\\MyPluginName\\Setup::handleRouteAfter( \\core\\base\\Event $event )",
  "level":4
}, 
{
  "time":"2018-05-06 09:05:19",
  "message":"MyCompany\\MyPluginName\\Setup::parseRouteBefore( \\core\\base\\Event $event )",
  "level":4
}, 
{
  "time":"2018-05-06 09:05:19",
  "message":"MyCompany\\MyPluginName\\Setup::handleRouteBefore( \\core\\base\\Event $event )",
  "level":4
}, 
{
  "time":"2018-05-06 09:05:19",
  "message":"MyCompany\\MyPluginName\\Setup::handleRouteAfter( \\core\\base\\Event $event )",
  "level":4
}, 
{
  "time":"2018-05-06 09:05:19",
  "message":"MyCompany\\MyPluginName\\Setup::parseRouteBefore( \\core\\base\\Event $event )",
  "level":4
}, 
{
  "time":"2018-05-06 09:05:19",
  "message":"MyCompany\\MyPluginName\\Setup::parseRouteAfter( \\core\\base\\Event $event )",
  "level":4
}, 
{
  "time":"2018-05-06 09:05:19",
  "message":"MyCompany\\MyPluginName\\Setup::handleRouteBefore( \\core\\base\\Event $event )",
  "level":4
}, 
{
  "time":"2018-05-06 09:05:19",
  "message":"MyCompany\\MyPluginName\\Setup::handleRouteAfter( \\core\\base\\Event $event )",
  "level":4
}, 
{
  "time":"2018-05-06 09:05:40",
  "message":"MyCompany\\MyPluginName\\Setup::parseRouteBefore( \\core\\base\\Event $event )",
  "level":4
}, 
{
  "time":"2018-05-06 09:05:40",
  "message":"MyCompany\\MyPluginName\\Setup::handleRouteBefore( \\core\\base\\Event $event )",
  "level":4
}, 
{
  "time":"2018-05-06 09:05:40",
  "message":"MyCompany\\MyPluginName\\Setup::handleRouteAfter( \\core\\base\\Event $event )",
  "level":4
}, 
{
  "time":"2018-05-06 09:05:40",
  "message":"MyCompany\\MyPluginName\\Setup::parseRouteBefore( \\core\\base\\Event $event )",
  "level":4
}, 
{
  "time":"2018-05-06 09:05:40",
  "message":"MyCompany\\MyPluginName\\Setup::parseRouteAfter( \\core\\base\\Event $event )",
  "level":4
}, 
{
  "time":"2018-05-06 09:05:40",
  "message":"MyCompany\\MyPluginName\\Setup::handleRouteBefore( \\core\\base\\Event $event )",
  "level":4
}, 
{
  "time":"2018-05-06 09:05:40",
  "message":"MyCompany\\MyPluginName\\Setup::handleRouteAfter( \\core\\base\\Event $event )",
  "level":4
}, 
{
  "time":"2018-05-06 09:06:22",
  "message":"MyCompany\\MyPluginName\\Setup::parseRouteBefore( \\core\\base\\Event $event )",
  "level":4
}, 
{
  "time":"2018-05-06 09:06:22",
  "message":"MyCompany\\MyPluginName\\Setup::handleRouteBefore( \\core\\base\\Event $event )",
  "level":4
}, 
{
  "time":"2018-05-06 09:06:22",
  "message":"MyCompany\\MyPluginName\\Setup::handleRouteAfter( \\core\\base\\Event $event )",
  "level":4
}, 
{
  "time":"2018-05-06 09:06:23",
  "message":"MyCompany\\MyPluginName\\Setup::parseRouteBefore( \\core\\base\\Event $event )",
  "level":4
}, 
{
  "time":"2018-05-06 09:06:23",
  "message":"MyCompany\\MyPluginName\\Setup::parseRouteAfter( \\core\\base\\Event $event )",
  "level":4
}, 
{
  "time":"2018-05-06 09:06:23",
  "message":"MyCompany\\MyPluginName\\Setup::handleRouteBefore( \\core\\base\\Event $event )",
  "level":4
}, 
{
  "time":"2018-05-06 09:06:23",
  "message":"MyCompany\\MyPluginName\\Setup::handleRouteAfter( \\core\\base\\Event $event )",
  "level":4
}, 
{
  "time":"2018-05-06 09:06:35",
  "message":"MyCompany\\MyPluginName\\Setup::parseRouteBefore( \\core\\base\\Event $event )",
  "level":4
}, 
{
  "time":"2018-05-06 09:06:35",
  "message":"MyCompany\\MyPluginName\\Setup::handleRouteBefore( \\core\\base\\Event $event )",
  "level":4
}, 
{
  "time":"2018-05-06 09:06:35",
  "message":"MyCompany\\MyPluginName\\Setup::handleRouteAfter( \\core\\base\\Event $event )",
  "level":4
}, 
{
  "time":"2018-05-06 09:06:36",
  "message":"MyCompany\\MyPluginName\\Setup::parseRouteBefore( \\core\\base\\Event $event )",
  "level":4
}, 
{
  "time":"2018-05-06 09:06:36",
  "message":"MyCompany\\MyPluginName\\Setup::parseRouteAfter( \\core\\base\\Event $event )",
  "level":4
}, 
{
  "time":"2018-05-06 09:06:36",
  "message":"MyCompany\\MyPluginName\\Setup::handleRouteBefore( \\core\\base\\Event $event )",
  "level":4
}, 
{
  "time":"2018-05-06 09:06:36",
  "message":"MyCompany\\MyPluginName\\Setup::handleRouteAfter( \\core\\base\\Event $event )",
  "level":4
}, 
{
  "time":"2018-05-06 09:07:20",
  "message":"MyCompany\\MyPluginName\\Setup::parseRouteBefore( \\core\\base\\Event $event )",
  "level":4
}, 
{
  "time":"2018-05-06 09:07:20",
  "message":"MyCompany\\MyPluginName\\Setup::handleRouteBefore( \\core\\base\\Event $event )",
  "level":4
}, 
{
  "time":"2018-05-06 09:07:20",
  "message":"MyCompany\\MyPluginName\\Setup::handleRouteAfter( \\core\\base\\Event $event )",
  "level":4
}, 
{
  "time":"2018-05-06 09:07:20",
  "message":"MyCompany\\MyPluginName\\Setup::parseRouteBefore( \\core\\base\\Event $event )",
  "level":4
}, 
{
  "time":"2018-05-06 09:07:20",
  "message":"MyCompany\\MyPluginName\\Setup::parseRouteAfter( \\core\\base\\Event $event )",
  "level":4
}, 
{
  "time":"2018-05-06 09:07:20",
  "message":"MyCompany\\MyPluginName\\Setup::handleRouteBefore( \\core\\base\\Event $event )",
  "level":4
}, 
{
  "time":"2018-05-06 09:07:20",
  "message":"MyCompany\\MyPluginName\\Setup::handleRouteAfter( \\core\\base\\Event $event )",
  "level":4
}, 
{
  "time":"2018-05-06 09:07:59",
  "message":"MyCompany\\MyPluginName\\Setup::parseRouteBefore( \\core\\base\\Event $event )",
  "level":4
}, 
{
  "time":"2018-05-06 09:07:59",
  "message":"MyCompany\\MyPluginName\\Setup::handleRouteBefore( \\core\\base\\Event $event )",
  "level":4
}, 
{
  "time":"2018-05-06 09:07:59",
  "message":"MyCompany\\MyPluginName\\Setup::handleRouteAfter( \\core\\base\\Event $event )",
  "level":4
}, 
{
  "time":"2018-05-06 09:07:59",
  "message":"MyCompany\\MyPluginName\\Setup::parseRouteBefore( \\core\\base\\Event $event )",
  "level":4
}, 
{
  "time":"2018-05-06 09:07:59",
  "message":"MyCompany\\MyPluginName\\Setup::parseRouteAfter( \\core\\base\\Event $event )",
  "level":4
}, 
{
  "time":"2018-05-06 09:07:59",
  "message":"MyCompany\\MyPluginName\\Setup::handleRouteBefore( \\core\\base\\Event $event )",
  "level":4
}, 
{
  "time":"2018-05-06 09:07:59",
  "message":"MyCompany\\MyPluginName\\Setup::handleRouteAfter( \\core\\base\\Event $event )",
  "level":4
}, 
{
  "time":"2018-05-06 09:08:36",
  "message":"MyCompany\\MyPluginName\\Setup::parseRouteBefore( \\core\\base\\Event $event )",
  "level":4
}, 
{
  "time":"2018-05-06 09:08:36",
  "message":"MyCompany\\MyPluginName\\Setup::handleRouteBefore( \\core\\base\\Event $event )",
  "level":4
}, 
{
  "time":"2018-05-06 09:08:36",
  "message":"MyCompany\\MyPluginName\\Setup::handleRouteAfter( \\core\\base\\Event $event )",
  "level":4
}, 
{
  "time":"2018-05-06 09:08:36",
  "message":"MyCompany\\MyPluginName\\Setup::parseRouteBefore( \\core\\base\\Event $event )",
  "level":4
}, 
{
  "time":"2018-05-06 09:08:36",
  "message":"MyCompany\\MyPluginName\\Setup::parseRouteAfter( \\core\\base\\Event $event )",
  "level":4
}, 
{
  "time":"2018-05-06 09:08:36",
  "message":"MyCompany\\MyPluginName\\Setup::handleRouteBefore( \\core\\base\\Event $event )",
  "level":4
}, 
{
  "time":"2018-05-06 09:08:36",
  "message":"MyCompany\\MyPluginName\\Setup::handleRouteAfter( \\core\\base\\Event $event )",
  "level":4
}, 
{
  "time":"2018-05-06 09:08:55",
  "message":"MyCompany\\MyPluginName\\Setup::parseRouteBefore( \\core\\base\\Event $event )",
  "level":4
}, 
{
  "time":"2018-05-06 09:08:55",
  "message":"MyCompany\\MyPluginName\\Setup::handleRouteBefore( \\core\\base\\Event $event )",
  "level":4
}, 
{
  "time":"2018-05-06 09:08:55",
  "message":"MyCompany\\MyPluginName\\Setup::handleRouteAfter( \\core\\base\\Event $event )",
  "level":4
}, 
{
  "time":"2018-05-06 09:08:55",
  "message":"MyCompany\\MyPluginName\\Setup::parseRouteBefore( \\core\\base\\Event $event )",
  "level":4
}, 
{
  "time":"2018-05-06 09:08:55",
  "message":"MyCompany\\MyPluginName\\Setup::parseRouteAfter( \\core\\base\\Event $event )",
  "level":4
}, 
{
  "time":"2018-05-06 09:08:55",
  "message":"MyCompany\\MyPluginName\\Setup::handleRouteBefore( \\core\\base\\Event $event )",
  "level":4
}, 
{
  "time":"2018-05-06 09:08:55",
  "message":"MyCompany\\MyPluginName\\Setup::handleRouteAfter( \\core\\base\\Event $event )",
  "level":4
}, 
{
  "time":"2018-05-06 09:10:19",
  "message":"MyCompany\\MyPluginName\\Setup::parseRouteBefore( \\core\\base\\Event $event )",
  "level":4
}, 
{
  "time":"2018-05-06 09:10:19",
  "message":"MyCompany\\MyPluginName\\Setup::handleRouteBefore( \\core\\base\\Event $event )",
  "level":4
}, 
{
  "time":"2018-05-06 09:10:19",
  "message":"MyCompany\\MyPluginName\\Setup::handleRouteAfter( \\core\\base\\Event $event )",
  "level":4
}, 
{
  "time":"2018-05-06 09:10:19",
  "message":"MyCompany\\MyPluginName\\Setup::parseRouteBefore( \\core\\base\\Event $event )",
  "level":4
}, 
{
  "time":"2018-05-06 09:10:19",
  "message":"MyCompany\\MyPluginName\\Setup::parseRouteAfter( \\core\\base\\Event $event )",
  "level":4
}, 
{
  "time":"2018-05-06 09:10:19",
  "message":"MyCompany\\MyPluginName\\Setup::handleRouteBefore( \\core\\base\\Event $event )",
  "level":4
}, 
{
  "time":"2018-05-06 09:10:19",
  "message":"MyCompany\\MyPluginName\\Setup::handleRouteAfter( \\core\\base\\Event $event )",
  "level":4
}, 
{
  "time":"2018-05-06 09:10:48",
  "message":"MyCompany\\MyPluginName\\Setup::parseRouteBefore( \\core\\base\\Event $event )",
  "level":4
}, 
{
  "time":"2018-05-06 09:10:48",
  "message":"MyCompany\\MyPluginName\\Setup::handleRouteBefore( \\core\\base\\Event $event )",
  "level":4
}, 
{
  "time":"2018-05-06 09:10:48",
  "message":"MyCompany\\MyPluginName\\Setup::handleRouteAfter( \\core\\base\\Event $event )",
  "level":4
}, 
{
  "time":"2018-05-06 09:10:48",
  "message":"MyCompany\\MyPluginName\\Setup::parseRouteBefore( \\core\\base\\Event $event )",
  "level":4
}, 
{
  "time":"2018-05-06 09:10:48",
  "message":"MyCompany\\MyPluginName\\Setup::parseRouteAfter( \\core\\base\\Event $event )",
  "level":4
}, 
{
  "time":"2018-05-06 09:10:48",
  "message":"MyCompany\\MyPluginName\\Setup::handleRouteBefore( \\core\\base\\Event $event )",
  "level":4
}, 
{
  "time":"2018-05-06 09:10:48",
  "message":"MyCompany\\MyPluginName\\Setup::handleRouteAfter( \\core\\base\\Event $event )",
  "level":4
}, 
{
  "time":"2018-05-06 09:10:54",
  "message":"MyCompany\\MyPluginName\\Setup::parseRouteBefore( \\core\\base\\Event $event )",
  "level":4
}, 
{
  "time":"2018-05-06 09:10:54",
  "message":"MyCompany\\MyPluginName\\Setup::handleRouteBefore( \\core\\base\\Event $event )",
  "level":4
}, 
{
  "time":"2018-05-06 09:10:54",
  "message":"MyCompany\\MyPluginName\\Setup::handleRouteAfter( \\core\\base\\Event $event )",
  "level":4
}, 
{
  "time":"2018-05-06 09:10:54",
  "message":"MyCompany\\MyPluginName\\Setup::parseRouteBefore( \\core\\base\\Event $event )",
  "level":4
}, 
{
  "time":"2018-05-06 09:10:54",
  "message":"MyCompany\\MyPluginName\\Setup::parseRouteAfter( \\core\\base\\Event $event )",
  "level":4
}, 
{
  "time":"2018-05-06 09:10:54",
  "message":"MyCompany\\MyPluginName\\Setup::handleRouteBefore( \\core\\base\\Event $event )",
  "level":4
}, 
{
  "time":"2018-05-06 09:10:54",
  "message":"MyCompany\\MyPluginName\\Setup::handleRouteAfter( \\core\\base\\Event $event )",
  "level":4
}, 
{
  "time":"2018-05-06 09:11:06",
  "message":"MyCompany\\MyPluginName\\Setup::parseRouteBefore( \\core\\base\\Event $event )",
  "level":4
}, 
{
  "time":"2018-05-06 09:11:06",
  "message":"MyCompany\\MyPluginName\\Setup::handleRouteBefore( \\core\\base\\Event $event )",
  "level":4
}, 
{
  "time":"2018-05-06 09:11:06",
  "message":"MyCompany\\MyPluginName\\Setup::handleRouteAfter( \\core\\base\\Event $event )",
  "level":4
}, 
{
  "time":"2018-05-06 09:11:06",
  "message":"MyCompany\\MyPluginName\\Setup::parseRouteBefore( \\core\\base\\Event $event )",
  "level":4
}, 
{
  "time":"2018-05-06 09:11:06",
  "message":"MyCompany\\MyPluginName\\Setup::parseRouteAfter( \\core\\base\\Event $event )",
  "level":4
}, 
{
  "time":"2018-05-06 09:11:06",
  "message":"MyCompany\\MyPluginName\\Setup::handleRouteBefore( \\core\\base\\Event $event )",
  "level":4
}, 
{
  "time":"2018-05-06 09:11:06",
  "message":"MyCompany\\MyPluginName\\Setup::handleRouteAfter( \\core\\base\\Event $event )",
  "level":4
}, 
{
  "time":"2018-05-06 09:11:16",
  "message":"MyCompany\\MyPluginName\\Setup::parseRouteBefore( \\core\\base\\Event $event )",
  "level":4
}, 
{
  "time":"2018-05-06 09:11:17",
  "message":"MyCompany\\MyPluginName\\Setup::handleRouteBefore( \\core\\base\\Event $event )",
  "level":4
}, 
{
  "time":"2018-05-06 09:11:17",
  "message":"MyCompany\\MyPluginName\\Setup::handleRouteAfter( \\core\\base\\Event $event )",
  "level":4
}, 
{
  "time":"2018-05-06 09:11:17",
  "message":"MyCompany\\MyPluginName\\Setup::parseRouteBefore( \\core\\base\\Event $event )",
  "level":4
}, 
{
  "time":"2018-05-06 09:11:17",
  "message":"MyCompany\\MyPluginName\\Setup::parseRouteAfter( \\core\\base\\Event $event )",
  "level":4
}, 
{
  "time":"2018-05-06 09:11:17",
  "message":"MyCompany\\MyPluginName\\Setup::handleRouteBefore( \\core\\base\\Event $event )",
  "level":4
}, 
{
  "time":"2018-05-06 09:11:17",
  "message":"MyCompany\\MyPluginName\\Setup::handleRouteAfter( \\core\\base\\Event $event )",
  "level":4
}, 
